Connecting to database specified by database.yml


Started GET "/get/4.json" for 192.168.2.8 at 2013-02-25 22:54:23 -0700
Processing by JobsController#get as JSON
  Parameters: {"task_id"=>"4", "job"=>{}}
  [1m[36mJob Load (0.9ms)[0m  [1mSELECT "jobs".* FROM "jobs" WHERE (status =0 AND task_id = '4') LIMIT 1[0m
  [1m[35mCACHE (0.0ms)[0m  SELECT "jobs".* FROM "jobs" WHERE (status =0 AND task_id = '4') LIMIT 1
  [1m[36m (0.1ms)[0m  [1mbegin transaction[0m
  [1m[35m (0.6ms)[0m  UPDATE "jobs" SET "status" = 1, "updated_at" = '2013-02-26 05:54:23.775847' WHERE "jobs"."id" = 622
  [1m[36m (2.2ms)[0m  [1mcommit transaction[0m
Completed 200 OK in 99ms (Views: 2.0ms | ActiveRecord: 5.9ms)


Started GET "/get/4.json" for 192.168.2.3 at 2013-02-25 22:54:24 -0700
Processing by JobsController#get as JSON
  Parameters: {"task_id"=>"4", "job"=>{}}
  [1m[35mJob Load (0.3ms)[0m  SELECT "jobs".* FROM "jobs" WHERE (status =0 AND task_id = '4') LIMIT 1
  [1m[36mCACHE (0.0ms)[0m  [1mSELECT "jobs".* FROM "jobs" WHERE (status =0 AND task_id = '4') LIMIT 1[0m
  [1m[35m (0.1ms)[0m  begin transaction
  [1m[36m (0.3ms)[0m  [1mUPDATE "jobs" SET "status" = 1, "updated_at" = '2013-02-26 05:54:24.037229' WHERE "jobs"."id" = 623[0m
  [1m[35m (2.2ms)[0m  commit transaction
Completed 200 OK in 8ms (Views: 0.9ms | ActiveRecord: 2.8ms)


Started PUT "/jobs/605" for 192.168.2.3 at 2013-02-25 22:54:42 -0700
Processing by JobsController#update as HTML
  Parameters: {"job"=>{"result"=>"8.85844416900229", "error"=>"0"}, "id"=>"605"}
  [1m[36mJob Load (0.3ms)[0m  [1mSELECT "jobs".* FROM "jobs" WHERE "jobs"."id" = ? LIMIT 1[0m  [["id", "605"]]
Completed 500 Internal Server Error in 2ms

ActiveRecord::RecordNotFound (Couldn't find Job with id=605):
  app/controllers/jobs_controller.rb:44:in `update'


  Rendered /usr/local/rvm/gems/ruby-1.9.3-p194/gems/actionpack-3.2.8/lib/action_dispatch/middleware/templates/rescues/_trace.erb (2.0ms)
  Rendered /usr/local/rvm/gems/ruby-1.9.3-p194/gems/actionpack-3.2.8/lib/action_dispatch/middleware/templates/rescues/_request_and_response.erb (1.6ms)
  Rendered /usr/local/rvm/gems/ruby-1.9.3-p194/gems/actionpack-3.2.8/lib/action_dispatch/middleware/templates/rescues/diagnostics.erb within rescues/layout (17.7ms)


Started GET "/get/4.json" for 192.168.2.3 at 2013-02-25 22:54:42 -0700
Processing by JobsController#get as JSON
  Parameters: {"task_id"=>"4", "job"=>{}}
  [1m[35mJob Load (0.3ms)[0m  SELECT "jobs".* FROM "jobs" WHERE (status =0 AND task_id = '4') LIMIT 1
  [1m[36mCACHE (0.0ms)[0m  [1mSELECT "jobs".* FROM "jobs" WHERE (status =0 AND task_id = '4') LIMIT 1[0m
  [1m[35m (0.1ms)[0m  begin transaction
  [1m[36m (0.3ms)[0m  [1mUPDATE "jobs" SET "status" = 1, "updated_at" = '2013-02-26 05:54:42.342332' WHERE "jobs"."id" = 624[0m
  [1m[35m (2.4ms)[0m  commit transaction
Completed 200 OK in 9ms (Views: 1.0ms | ActiveRecord: 3.1ms)


Started PUT "/jobs/622" for 192.168.2.8 at 2013-02-25 22:54:42 -0700
Processing by JobsController#update as HTML
  Parameters: {"job"=>{"result"=>"8.65235030919154", "error"=>"0"}, "id"=>"622"}
  [1m[36mJob Load (0.1ms)[0m  [1mSELECT "jobs".* FROM "jobs" WHERE "jobs"."id" = ? LIMIT 1[0m  [["id", "622"]]
  [1m[35m (0.1ms)[0m  begin transaction
  [1m[36m (0.3ms)[0m  [1mUPDATE "jobs" SET "result" = '8.65235030919154', "error" = 0, "updated_at" = '2013-02-26 05:54:42.612190' WHERE "jobs"."id" = 622[0m
  [1m[35m (2.2ms)[0m  commit transaction
  [1m[36m (0.1ms)[0m  [1mbegin transaction[0m
  [1m[35m (0.3ms)[0m  UPDATE "jobs" SET "status" = 2, "success" = 't', "updated_at" = '2013-02-26 05:54:42.616144' WHERE "jobs"."id" = 622
  [1m[36m (0.9ms)[0m  [1mcommit transaction[0m
Completed 200 OK in 8ms (Views: 0.1ms | ActiveRecord: 4.0ms)


Started GET "/get/4.json" for 192.168.2.8 at 2013-02-25 22:54:42 -0700
Processing by JobsController#get as JSON
  Parameters: {"task_id"=>"4", "job"=>{}}
  [1m[35mJob Load (0.3ms)[0m  SELECT "jobs".* FROM "jobs" WHERE (status =0 AND task_id = '4') LIMIT 1
  [1m[36mCACHE (0.0ms)[0m  [1mSELECT "jobs".* FROM "jobs" WHERE (status =0 AND task_id = '4') LIMIT 1[0m
  [1m[35m (0.1ms)[0m  begin transaction
  [1m[36m (0.3ms)[0m  [1mUPDATE "jobs" SET "status" = 1, "updated_at" = '2013-02-26 05:54:42.635989' WHERE "jobs"."id" = 625[0m
  [1m[35m (1.2ms)[0m  commit transaction
Completed 200 OK in 7ms (Views: 1.0ms | ActiveRecord: 1.9ms)


Started PUT "/jobs/625" for 192.168.2.8 at 2013-02-25 22:55:01 -0700
Processing by JobsController#update as HTML
  Parameters: {"job"=>{"result"=>"8.85844416900229", "error"=>"0"}, "id"=>"625"}
  [1m[36mJob Load (0.1ms)[0m  [1mSELECT "jobs".* FROM "jobs" WHERE "jobs"."id" = ? LIMIT 1[0m  [["id", "625"]]
  [1m[35m (0.1ms)[0m  begin transaction
  [1m[36m (0.4ms)[0m  [1mUPDATE "jobs" SET "result" = '8.85844416900229', "error" = 0, "updated_at" = '2013-02-26 05:55:01.061354' WHERE "jobs"."id" = 625[0m
  [1m[35m (2.4ms)[0m  commit transaction
  [1m[36m (0.1ms)[0m  [1mbegin transaction[0m
  [1m[35m (0.3ms)[0m  UPDATE "jobs" SET "status" = 2, "success" = 't', "updated_at" = '2013-02-26 05:55:01.066119' WHERE "jobs"."id" = 625
  [1m[36m (1.2ms)[0m  [1mcommit transaction[0m
Completed 200 OK in 9ms (Views: 0.1ms | ActiveRecord: 4.7ms)


Started GET "/get/4.json" for 192.168.2.8 at 2013-02-25 22:55:01 -0700
Processing by JobsController#get as JSON
  Parameters: {"task_id"=>"4", "job"=>{}}
  [1m[35mJob Load (0.4ms)[0m  SELECT "jobs".* FROM "jobs" WHERE (status =0 AND task_id = '4') LIMIT 1
  [1m[36mCACHE (0.0ms)[0m  [1mSELECT "jobs".* FROM "jobs" WHERE (status =0 AND task_id = '4') LIMIT 1[0m
  [1m[35m (0.1ms)[0m  begin transaction
  [1m[36m (0.6ms)[0m  [1mUPDATE "jobs" SET "status" = 1, "updated_at" = '2013-02-26 05:55:01.099112' WHERE "jobs"."id" = 626[0m
  [1m[35m (1.1ms)[0m  commit transaction
Completed 200 OK in 10ms (Views: 1.3ms | ActiveRecord: 2.3ms)


Started PUT "/jobs/626" for 192.168.2.8 at 2013-02-25 22:55:19 -0700
Processing by JobsController#update as HTML
  Parameters: {"job"=>{"result"=>"8.739000383770778", "error"=>"0"}, "id"=>"626"}
  [1m[36mJob Load (0.1ms)[0m  [1mSELECT "jobs".* FROM "jobs" WHERE "jobs"."id" = ? LIMIT 1[0m  [["id", "626"]]
  [1m[35m (0.1ms)[0m  begin transaction
  [1m[36m (0.3ms)[0m  [1mUPDATE "jobs" SET "result" = '8.739000383770778', "error" = 0, "updated_at" = '2013-02-26 05:55:19.523244' WHERE "jobs"."id" = 626[0m
  [1m[35m (2.2ms)[0m  commit transaction
  [1m[36m (0.1ms)[0m  [1mbegin transaction[0m
  [1m[35m (0.4ms)[0m  UPDATE "jobs" SET "status" = 2, "success" = 't', "updated_at" = '2013-02-26 05:55:19.527414' WHERE "jobs"."id" = 626
  [1m[36m (0.9ms)[0m  [1mcommit transaction[0m
Completed 200 OK in 8ms (Views: 0.1ms | ActiveRecord: 4.1ms)


Started GET "/get/4.json" for 192.168.2.8 at 2013-02-25 22:55:19 -0700
Processing by JobsController#get as JSON
  Parameters: {"task_id"=>"4", "job"=>{}}
  [1m[35mJob Load (0.3ms)[0m  SELECT "jobs".* FROM "jobs" WHERE (status =0 AND task_id = '4') LIMIT 1
  [1m[36mCACHE (0.0ms)[0m  [1mSELECT "jobs".* FROM "jobs" WHERE (status =0 AND task_id = '4') LIMIT 1[0m
  [1m[35m (0.0ms)[0m  begin transaction
  [1m[36m (0.4ms)[0m  [1mUPDATE "jobs" SET "status" = 1, "updated_at" = '2013-02-26 05:55:19.546903' WHERE "jobs"."id" = 627[0m
  [1m[35m (1.7ms)[0m  commit transaction
Completed 200 OK in 6ms (Views: 0.8ms | ActiveRecord: 2.4ms)


Started PUT "/jobs/623" for 192.168.2.3 at 2013-02-25 22:55:28 -0700
Processing by JobsController#update as HTML
  Parameters: {"job"=>{"result"=>"8.813771102248653", "error"=>"0"}, "id"=>"623"}
  [1m[36mJob Load (0.1ms)[0m  [1mSELECT "jobs".* FROM "jobs" WHERE "jobs"."id" = ? LIMIT 1[0m  [["id", "623"]]
  [1m[35m (0.1ms)[0m  begin transaction
  [1m[36m (0.3ms)[0m  [1mUPDATE "jobs" SET "result" = '8.813771102248653', "error" = 0, "updated_at" = '2013-02-26 05:55:28.559082' WHERE "jobs"."id" = 623[0m
  [1m[35m (23.7ms)[0m  commit transaction
  [1m[36m (0.1ms)[0m  [1mbegin transaction[0m
  [1m[35m (0.5ms)[0m  UPDATE "jobs" SET "status" = 2, "success" = 't', "updated_at" = '2013-02-26 05:55:28.585387' WHERE "jobs"."id" = 623
  [1m[36m (1.2ms)[0m  [1mcommit transaction[0m
Completed 200 OK in 31ms (Views: 0.2ms | ActiveRecord: 26.1ms)


Started GET "/get/4.json" for 192.168.2.3 at 2013-02-25 22:55:28 -0700
Processing by JobsController#get as JSON
  Parameters: {"task_id"=>"4", "job"=>{}}
  [1m[35mJob Load (0.4ms)[0m  SELECT "jobs".* FROM "jobs" WHERE (status =0 AND task_id = '4') LIMIT 1
  [1m[36mCACHE (0.0ms)[0m  [1mSELECT "jobs".* FROM "jobs" WHERE (status =0 AND task_id = '4') LIMIT 1[0m
  [1m[35m (0.1ms)[0m  begin transaction
  [1m[36m (0.3ms)[0m  [1mUPDATE "jobs" SET "status" = 1, "updated_at" = '2013-02-26 05:55:28.746105' WHERE "jobs"."id" = 628[0m
  [1m[35m (1.4ms)[0m  commit transaction
Completed 200 OK in 8ms (Views: 0.9ms | ActiveRecord: 2.3ms)


Started PUT "/jobs/627" for 192.168.2.8 at 2013-02-25 22:55:38 -0700
Processing by JobsController#update as HTML
  Parameters: {"job"=>{"result"=>"8.599194891448176", "error"=>"0"}, "id"=>"627"}
  [1m[36mJob Load (0.1ms)[0m  [1mSELECT "jobs".* FROM "jobs" WHERE "jobs"."id" = ? LIMIT 1[0m  [["id", "627"]]
  [1m[35m (0.1ms)[0m  begin transaction
  [1m[36m (0.3ms)[0m  [1mUPDATE "jobs" SET "result" = '8.599194891448176', "error" = 0, "updated_at" = '2013-02-26 05:55:38.222210' WHERE "jobs"."id" = 627[0m
  [1m[35m (16.4ms)[0m  commit transaction
  [1m[36m (0.1ms)[0m  [1mbegin transaction[0m
  [1m[35m (0.4ms)[0m  UPDATE "jobs" SET "status" = 2, "success" = 't', "updated_at" = '2013-02-26 05:55:38.240760' WHERE "jobs"."id" = 627
  [1m[36m (0.9ms)[0m  [1mcommit transaction[0m
Completed 200 OK in 23ms (Views: 0.2ms | ActiveRecord: 18.3ms)


Started GET "/get/4.json" for 192.168.2.8 at 2013-02-25 22:55:38 -0700
Processing by JobsController#get as JSON
  Parameters: {"task_id"=>"4", "job"=>{}}
  [1m[35mJob Load (0.4ms)[0m  SELECT "jobs".* FROM "jobs" WHERE (status =0 AND task_id = '4') LIMIT 1
  [1m[36mCACHE (0.0ms)[0m  [1mSELECT "jobs".* FROM "jobs" WHERE (status =0 AND task_id = '4') LIMIT 1[0m
  [1m[35m (0.1ms)[0m  begin transaction
  [1m[36m (0.5ms)[0m  [1mUPDATE "jobs" SET "status" = 1, "updated_at" = '2013-02-26 05:55:38.262078' WHERE "jobs"."id" = 629[0m
  [1m[35m (1.1ms)[0m  commit transaction
Completed 200 OK in 10ms (Views: 1.2ms | ActiveRecord: 2.1ms)


Started PUT "/jobs/624" for 192.168.2.3 at 2013-02-25 22:55:46 -0700
Processing by JobsController#update as HTML
  Parameters: {"job"=>{"result"=>"8.885408373880006", "error"=>"0"}, "id"=>"624"}
  [1m[36mJob Load (0.1ms)[0m  [1mSELECT "jobs".* FROM "jobs" WHERE "jobs"."id" = ? LIMIT 1[0m  [["id", "624"]]
  [1m[35m (0.1ms)[0m  begin transaction
  [1m[36m (0.3ms)[0m  [1mUPDATE "jobs" SET "result" = '8.885408373880006', "error" = 0, "updated_at" = '2013-02-26 05:55:46.535332' WHERE "jobs"."id" = 624[0m
  [1m[35m (2.4ms)[0m  commit transaction
  [1m[36m (0.1ms)[0m  [1mbegin transaction[0m
  [1m[35m (0.3ms)[0m  UPDATE "jobs" SET "status" = 2, "success" = 't', "updated_at" = '2013-02-26 05:55:46.539433' WHERE "jobs"."id" = 624
  [1m[36m (0.6ms)[0m  [1mcommit transaction[0m
Completed 200 OK in 8ms (Views: 0.2ms | ActiveRecord: 3.8ms)


Started GET "/get/4.json" for 192.168.2.3 at 2013-02-25 22:55:46 -0700
Processing by JobsController#get as JSON
  Parameters: {"task_id"=>"4", "job"=>{}}
  [1m[35mJob Load (0.4ms)[0m  SELECT "jobs".* FROM "jobs" WHERE (status =0 AND task_id = '4') LIMIT 1
  [1m[36mCACHE (0.0ms)[0m  [1mSELECT "jobs".* FROM "jobs" WHERE (status =0 AND task_id = '4') LIMIT 1[0m
  [1m[35m (0.1ms)[0m  begin transaction
  [1m[36m (0.3ms)[0m  [1mUPDATE "jobs" SET "status" = 1, "updated_at" = '2013-02-26 05:55:46.647171' WHERE "jobs"."id" = 630[0m
  [1m[35m (1.4ms)[0m  commit transaction
Completed 200 OK in 6ms (Views: 0.7ms | ActiveRecord: 2.2ms)


Started PUT "/jobs/629" for 192.168.2.8 at 2013-02-25 22:55:57 -0700
Processing by JobsController#update as HTML
  Parameters: {"job"=>{"result"=>"8.86401541672321", "error"=>"0"}, "id"=>"629"}
  [1m[36mJob Load (0.1ms)[0m  [1mSELECT "jobs".* FROM "jobs" WHERE "jobs"."id" = ? LIMIT 1[0m  [["id", "629"]]
  [1m[35m (0.1ms)[0m  begin transaction
  [1m[36m (0.5ms)[0m  [1mUPDATE "jobs" SET "result" = '8.86401541672321', "error" = 0, "updated_at" = '2013-02-26 05:55:57.484031' WHERE "jobs"."id" = 629[0m
  [1m[35m (2.1ms)[0m  commit transaction
  [1m[36m (0.1ms)[0m  [1mbegin transaction[0m
  [1m[35m (0.3ms)[0m  UPDATE "jobs" SET "status" = 2, "success" = 't', "updated_at" = '2013-02-26 05:55:57.488688' WHERE "jobs"."id" = 629
  [1m[36m (0.7ms)[0m  [1mcommit transaction[0m
Completed 200 OK in 9ms (Views: 0.2ms | ActiveRecord: 4.0ms)


Started GET "/get/4.json" for 192.168.2.8 at 2013-02-25 22:55:57 -0700
Processing by JobsController#get as JSON
  Parameters: {"task_id"=>"4", "job"=>{}}
  [1m[35mJob Load (0.3ms)[0m  SELECT "jobs".* FROM "jobs" WHERE (status =0 AND task_id = '4') LIMIT 1
  [1m[36mCACHE (0.0ms)[0m  [1mSELECT "jobs".* FROM "jobs" WHERE (status =0 AND task_id = '4') LIMIT 1[0m
  [1m[35m (0.1ms)[0m  begin transaction
  [1m[36m (0.3ms)[0m  [1mUPDATE "jobs" SET "status" = 1, "updated_at" = '2013-02-26 05:55:57.546451' WHERE "jobs"."id" = 631[0m
  [1m[35m (1.5ms)[0m  commit transaction
Completed 200 OK in 7ms (Views: 0.8ms | ActiveRecord: 2.2ms)


Started PUT "/jobs/631" for 192.168.2.8 at 2013-02-25 22:56:16 -0700
Processing by JobsController#update as HTML
  Parameters: {"job"=>{"result"=>"8.804537487374239", "error"=>"0"}, "id"=>"631"}
  [1m[36mJob Load (0.1ms)[0m  [1mSELECT "jobs".* FROM "jobs" WHERE "jobs"."id" = ? LIMIT 1[0m  [["id", "631"]]
  [1m[35m (0.1ms)[0m  begin transaction
  [1m[36m (0.3ms)[0m  [1mUPDATE "jobs" SET "result" = '8.804537487374239', "error" = 0, "updated_at" = '2013-02-26 05:56:16.253025' WHERE "jobs"."id" = 631[0m
  [1m[35m (2.3ms)[0m  commit transaction
  [1m[36m (0.1ms)[0m  [1mbegin transaction[0m
  [1m[35m (0.3ms)[0m  UPDATE "jobs" SET "status" = 2, "success" = 't', "updated_at" = '2013-02-26 05:56:16.257160' WHERE "jobs"."id" = 631
  [1m[36m (1.0ms)[0m  [1mcommit transaction[0m
Completed 200 OK in 8ms (Views: 0.1ms | ActiveRecord: 4.2ms)


Started GET "/get/4.json" for 192.168.2.8 at 2013-02-25 22:56:16 -0700
Processing by JobsController#get as JSON
  Parameters: {"task_id"=>"4", "job"=>{}}
  [1m[35mJob Load (0.4ms)[0m  SELECT "jobs".* FROM "jobs" WHERE (status =0 AND task_id = '4') LIMIT 1
  [1m[36mCACHE (0.0ms)[0m  [1mSELECT "jobs".* FROM "jobs" WHERE (status =0 AND task_id = '4') LIMIT 1[0m
  [1m[35m (0.1ms)[0m  begin transaction
  [1m[36m (0.4ms)[0m  [1mUPDATE "jobs" SET "status" = 1, "updated_at" = '2013-02-26 05:56:16.279369' WHERE "jobs"."id" = 632[0m
  [1m[35m (1.1ms)[0m  commit transaction
Completed 200 OK in 8ms (Views: 1.1ms | ActiveRecord: 2.0ms)


Started PUT "/jobs/628" for 192.168.2.3 at 2013-02-25 22:56:34 -0700
Processing by JobsController#update as HTML
  Parameters: {"job"=>{"result"=>"8.751136629362135", "error"=>"0"}, "id"=>"628"}
  [1m[36mJob Load (0.1ms)[0m  [1mSELECT "jobs".* FROM "jobs" WHERE "jobs"."id" = ? LIMIT 1[0m  [["id", "628"]]
  [1m[35m (0.1ms)[0m  begin transaction
  [1m[36m (0.3ms)[0m  [1mUPDATE "jobs" SET "result" = '8.751136629362135', "error" = 0, "updated_at" = '2013-02-26 05:56:34.004317' WHERE "jobs"."id" = 628[0m
  [1m[35m (2.1ms)[0m  commit transaction
  [1m[36m (0.0ms)[0m  [1mbegin transaction[0m
  [1m[35m (0.3ms)[0m  UPDATE "jobs" SET "status" = 2, "success" = 't', "updated_at" = '2013-02-26 05:56:34.008264' WHERE "jobs"."id" = 628
  [1m[36m (1.1ms)[0m  [1mcommit transaction[0m
Completed 200 OK in 8ms (Views: 0.1ms | ActiveRecord: 4.0ms)


Started GET "/get/4.json" for 192.168.2.3 at 2013-02-25 22:56:34 -0700
Processing by JobsController#get as JSON
  Parameters: {"task_id"=>"4", "job"=>{}}
  [1m[35mJob Load (0.3ms)[0m  SELECT "jobs".* FROM "jobs" WHERE (status =0 AND task_id = '4') LIMIT 1
  [1m[36mCACHE (0.0ms)[0m  [1mSELECT "jobs".* FROM "jobs" WHERE (status =0 AND task_id = '4') LIMIT 1[0m
  [1m[35m (0.1ms)[0m  begin transaction
  [1m[36m (0.4ms)[0m  [1mUPDATE "jobs" SET "status" = 1, "updated_at" = '2013-02-26 05:56:34.053618' WHERE "jobs"."id" = 633[0m
  [1m[35m (0.9ms)[0m  commit transaction
Completed 200 OK in 8ms (Views: 0.8ms | ActiveRecord: 1.8ms)


Started PUT "/jobs/632" for 192.168.2.8 at 2013-02-25 22:56:35 -0700
Processing by JobsController#update as HTML
  Parameters: {"job"=>{"result"=>"8.636244458660858", "error"=>"0"}, "id"=>"632"}
  [1m[36mJob Load (0.2ms)[0m  [1mSELECT "jobs".* FROM "jobs" WHERE "jobs"."id" = ? LIMIT 1[0m  [["id", "632"]]
  [1m[35m (0.1ms)[0m  begin transaction
  [1m[36m (0.5ms)[0m  [1mUPDATE "jobs" SET "result" = '8.636244458660858', "error" = 0, "updated_at" = '2013-02-26 05:56:35.023233' WHERE "jobs"."id" = 632[0m
  [1m[35m (2.8ms)[0m  commit transaction
  [1m[36m (0.2ms)[0m  [1mbegin transaction[0m
  [1m[35m (0.3ms)[0m  UPDATE "jobs" SET "status" = 2, "success" = 't', "updated_at" = '2013-02-26 05:56:35.028901' WHERE "jobs"."id" = 632
  [1m[36m (0.9ms)[0m  [1mcommit transaction[0m
Completed 200 OK in 10ms (Views: 0.1ms | ActiveRecord: 5.1ms)


Started GET "/get/4.json" for 192.168.2.8 at 2013-02-25 22:56:35 -0700
Processing by JobsController#get as JSON
  Parameters: {"task_id"=>"4", "job"=>{}}
  [1m[35mJob Load (0.5ms)[0m  SELECT "jobs".* FROM "jobs" WHERE (status =0 AND task_id = '4') LIMIT 1
  [1m[36mCACHE (0.0ms)[0m  [1mSELECT "jobs".* FROM "jobs" WHERE (status =0 AND task_id = '4') LIMIT 1[0m
  [1m[35m (0.1ms)[0m  begin transaction
  [1m[36m (0.3ms)[0m  [1mUPDATE "jobs" SET "status" = 1, "updated_at" = '2013-02-26 05:56:35.050649' WHERE "jobs"."id" = 634[0m
  [1m[35m (0.9ms)[0m  commit transaction
Completed 200 OK in 8ms (Views: 1.2ms | ActiveRecord: 1.7ms)


Started PUT "/jobs/630" for 192.168.2.3 at 2013-02-25 22:56:50 -0700
Processing by JobsController#update as HTML
  Parameters: {"job"=>{"result"=>"8.8833077558959", "error"=>"0"}, "id"=>"630"}
  [1m[36mJob Load (0.2ms)[0m  [1mSELECT "jobs".* FROM "jobs" WHERE "jobs"."id" = ? LIMIT 1[0m  [["id", "630"]]
  [1m[35m (0.1ms)[0m  begin transaction
  [1m[36m (0.5ms)[0m  [1mUPDATE "jobs" SET "result" = '8.8833077558959', "error" = 0, "updated_at" = '2013-02-26 05:56:50.742300' WHERE "jobs"."id" = 630[0m
  [1m[35m (2.6ms)[0m  commit transaction
  [1m[36m (0.1ms)[0m  [1mbegin transaction[0m
  [1m[35m (0.4ms)[0m  UPDATE "jobs" SET "status" = 2, "success" = 't', "updated_at" = '2013-02-26 05:56:50.747381' WHERE "jobs"."id" = 630
  [1m[36m (1.1ms)[0m  [1mcommit transaction[0m
Completed 200 OK in 10ms (Views: 0.1ms | ActiveRecord: 4.9ms)


Started GET "/get/4.json" for 192.168.2.3 at 2013-02-25 22:56:50 -0700
Processing by JobsController#get as JSON
  Parameters: {"task_id"=>"4", "job"=>{}}
  [1m[35mJob Load (0.4ms)[0m  SELECT "jobs".* FROM "jobs" WHERE (status =0 AND task_id = '4') LIMIT 1
  [1m[36mCACHE (0.0ms)[0m  [1mSELECT "jobs".* FROM "jobs" WHERE (status =0 AND task_id = '4') LIMIT 1[0m
  [1m[35m (0.1ms)[0m  begin transaction
  [1m[36m (0.4ms)[0m  [1mUPDATE "jobs" SET "status" = 1, "updated_at" = '2013-02-26 05:56:50.804782' WHERE "jobs"."id" = 635[0m
  [1m[35m (1.4ms)[0m  commit transaction
Completed 200 OK in 8ms (Views: 1.2ms | ActiveRecord: 2.3ms)


Started PUT "/jobs/634" for 192.168.2.8 at 2013-02-25 22:56:53 -0700
Processing by JobsController#update as HTML
  Parameters: {"job"=>{"result"=>"8.82250986193003", "error"=>"0"}, "id"=>"634"}
  [1m[36mJob Load (0.2ms)[0m  [1mSELECT "jobs".* FROM "jobs" WHERE "jobs"."id" = ? LIMIT 1[0m  [["id", "634"]]
  [1m[35m (0.1ms)[0m  begin transaction
  [1m[36m (1.1ms)[0m  [1mUPDATE "jobs" SET "result" = '8.82250986193003', "error" = 0, "updated_at" = '2013-02-26 05:56:53.327965' WHERE "jobs"."id" = 634[0m
  [1m[35m (2.1ms)[0m  commit transaction
  [1m[36m (0.1ms)[0m  [1mbegin transaction[0m
  [1m[35m (0.3ms)[0m  UPDATE "jobs" SET "status" = 2, "success" = 't', "updated_at" = '2013-02-26 05:56:53.332954' WHERE "jobs"."id" = 634
  [1m[36m (0.6ms)[0m  [1mcommit transaction[0m
Completed 200 OK in 10ms (Views: 0.1ms | ActiveRecord: 4.5ms)


Started GET "/get/4.json" for 192.168.2.8 at 2013-02-25 22:56:53 -0700
Processing by JobsController#get as JSON
  Parameters: {"task_id"=>"4", "job"=>{}}
  [1m[35mJob Load (0.4ms)[0m  SELECT "jobs".* FROM "jobs" WHERE (status =0 AND task_id = '4') LIMIT 1
  [1m[36mCACHE (0.0ms)[0m  [1mSELECT "jobs".* FROM "jobs" WHERE (status =0 AND task_id = '4') LIMIT 1[0m
  [1m[35m (0.1ms)[0m  begin transaction
  [1m[36m (0.5ms)[0m  [1mUPDATE "jobs" SET "status" = 1, "updated_at" = '2013-02-26 05:56:53.353014' WHERE "jobs"."id" = 636[0m
  [1m[35m (0.9ms)[0m  commit transaction
Completed 200 OK in 8ms (Views: 1.1ms | ActiveRecord: 1.9ms)


Started PUT "/jobs/636" for 192.168.2.8 at 2013-02-25 22:57:11 -0700
Processing by JobsController#update as HTML
  Parameters: {"job"=>{"result"=>"8.852320722931013", "error"=>"0"}, "id"=>"636"}
  [1m[36mJob Load (0.1ms)[0m  [1mSELECT "jobs".* FROM "jobs" WHERE "jobs"."id" = ? LIMIT 1[0m  [["id", "636"]]
  [1m[35m (0.1ms)[0m  begin transaction
  [1m[36m (0.3ms)[0m  [1mUPDATE "jobs" SET "result" = '8.852320722931013', "error" = 0, "updated_at" = '2013-02-26 05:57:11.673829' WHERE "jobs"."id" = 636[0m
  [1m[35m (2.0ms)[0m  commit transaction
  [1m[36m (0.1ms)[0m  [1mbegin transaction[0m
  [1m[35m (0.3ms)[0m  UPDATE "jobs" SET "status" = 2, "success" = 't', "updated_at" = '2013-02-26 05:57:11.677625' WHERE "jobs"."id" = 636
  [1m[36m (0.6ms)[0m  [1mcommit transaction[0m
Completed 200 OK in 7ms (Views: 0.1ms | ActiveRecord: 3.5ms)


Started GET "/get/4.json" for 192.168.2.8 at 2013-02-25 22:57:11 -0700
Processing by JobsController#get as JSON
  Parameters: {"task_id"=>"4", "job"=>{}}
  [1m[35mJob Load (0.3ms)[0m  SELECT "jobs".* FROM "jobs" WHERE (status =0 AND task_id = '4') LIMIT 1
  [1m[36mCACHE (0.0ms)[0m  [1mSELECT "jobs".* FROM "jobs" WHERE (status =0 AND task_id = '4') LIMIT 1[0m
  [1m[35m (0.1ms)[0m  begin transaction
  [1m[36m (0.4ms)[0m  [1mUPDATE "jobs" SET "status" = 1, "updated_at" = '2013-02-26 05:57:11.694809' WHERE "jobs"."id" = 637[0m
  [1m[35m (0.8ms)[0m  commit transaction
Completed 200 OK in 7ms (Views: 0.8ms | ActiveRecord: 1.6ms)


Started PUT "/jobs/637" for 192.168.2.8 at 2013-02-25 22:57:29 -0700
Processing by JobsController#update as HTML
  Parameters: {"job"=>{"result"=>"8.726349255142507", "error"=>"0"}, "id"=>"637"}
  [1m[36mJob Load (0.2ms)[0m  [1mSELECT "jobs".* FROM "jobs" WHERE "jobs"."id" = ? LIMIT 1[0m  [["id", "637"]]
  [1m[35m (0.1ms)[0m  begin transaction
  [1m[36m (0.3ms)[0m  [1mUPDATE "jobs" SET "result" = '8.726349255142507', "error" = 0, "updated_at" = '2013-02-26 05:57:29.956402' WHERE "jobs"."id" = 637[0m
  [1m[35m (2.3ms)[0m  commit transaction
  [1m[36m (0.0ms)[0m  [1mbegin transaction[0m
  [1m[35m (0.3ms)[0m  UPDATE "jobs" SET "status" = 2, "success" = 't', "updated_at" = '2013-02-26 05:57:29.960562' WHERE "jobs"."id" = 637
  [1m[36m (1.1ms)[0m  [1mcommit transaction[0m
Completed 200 OK in 8ms (Views: 0.1ms | ActiveRecord: 4.3ms)


Started GET "/get/4.json" for 192.168.2.8 at 2013-02-25 22:57:29 -0700
Processing by JobsController#get as JSON
  Parameters: {"task_id"=>"4", "job"=>{}}
  [1m[35mJob Load (0.3ms)[0m  SELECT "jobs".* FROM "jobs" WHERE (status =0 AND task_id = '4') LIMIT 1
  [1m[36mCACHE (0.0ms)[0m  [1mSELECT "jobs".* FROM "jobs" WHERE (status =0 AND task_id = '4') LIMIT 1[0m
  [1m[35m (0.1ms)[0m  begin transaction
  [1m[36m (0.3ms)[0m  [1mUPDATE "jobs" SET "status" = 1, "updated_at" = '2013-02-26 05:57:29.980578' WHERE "jobs"."id" = 638[0m
  [1m[35m (1.5ms)[0m  commit transaction
Completed 200 OK in 7ms (Views: 0.8ms | ActiveRecord: 2.2ms)


Started PUT "/jobs/633" for 192.168.2.3 at 2013-02-25 22:57:38 -0700
Processing by JobsController#update as HTML
  Parameters: {"job"=>{"result"=>"8.669386593028447", "error"=>"0"}, "id"=>"633"}
  [1m[36mJob Load (0.1ms)[0m  [1mSELECT "jobs".* FROM "jobs" WHERE "jobs"."id" = ? LIMIT 1[0m  [["id", "633"]]
  [1m[35m (0.1ms)[0m  begin transaction
  [1m[36m (0.3ms)[0m  [1mUPDATE "jobs" SET "result" = '8.669386593028447', "error" = 0, "updated_at" = '2013-02-26 05:57:38.897862' WHERE "jobs"."id" = 633[0m
  [1m[35m (2.5ms)[0m  commit transaction
  [1m[36m (0.1ms)[0m  [1mbegin transaction[0m
  [1m[35m (0.3ms)[0m  UPDATE "jobs" SET "status" = 2, "success" = 't', "updated_at" = '2013-02-26 05:57:38.902223' WHERE "jobs"."id" = 633
  [1m[36m (1.2ms)[0m  [1mcommit transaction[0m
Completed 200 OK in 8ms (Views: 0.1ms | ActiveRecord: 4.6ms)


Started GET "/get/4.json" for 192.168.2.3 at 2013-02-25 22:57:38 -0700
Processing by JobsController#get as JSON
  Parameters: {"task_id"=>"4", "job"=>{}}
  [1m[35mJob Load (0.4ms)[0m  SELECT "jobs".* FROM "jobs" WHERE (status =0 AND task_id = '4') LIMIT 1
  [1m[36mCACHE (0.0ms)[0m  [1mSELECT "jobs".* FROM "jobs" WHERE (status =0 AND task_id = '4') LIMIT 1[0m
  [1m[35m (0.1ms)[0m  begin transaction
  [1m[36m (0.4ms)[0m  [1mUPDATE "jobs" SET "status" = 1, "updated_at" = '2013-02-26 05:57:38.948923' WHERE "jobs"."id" = 639[0m
  [1m[35m (0.8ms)[0m  commit transaction
Completed 200 OK in 8ms (Views: 1.2ms | ActiveRecord: 1.8ms)


Started PUT "/jobs/638" for 192.168.2.8 at 2013-02-25 22:57:47 -0700
Processing by JobsController#update as HTML
  Parameters: {"job"=>{"result"=>"8.601595748279648", "error"=>"0"}, "id"=>"638"}
  [1m[36mJob Load (0.1ms)[0m  [1mSELECT "jobs".* FROM "jobs" WHERE "jobs"."id" = ? LIMIT 1[0m  [["id", "638"]]
  [1m[35m (0.1ms)[0m  begin transaction
  [1m[36m (0.3ms)[0m  [1mUPDATE "jobs" SET "result" = '8.601595748279648', "error" = 0, "updated_at" = '2013-02-26 05:57:47.981720' WHERE "jobs"."id" = 638[0m
  [1m[35m (2.1ms)[0m  commit transaction
  [1m[36m (0.0ms)[0m  [1mbegin transaction[0m
  [1m[35m (0.3ms)[0m  UPDATE "jobs" SET "status" = 2, "success" = 't', "updated_at" = '2013-02-26 05:57:47.985594' WHERE "jobs"."id" = 638
  [1m[36m (0.9ms)[0m  [1mcommit transaction[0m
Completed 200 OK in 8ms (Views: 0.1ms | ActiveRecord: 3.9ms)


Started GET "/get/4.json" for 192.168.2.8 at 2013-02-25 22:57:48 -0700
Processing by JobsController#get as JSON
  Parameters: {"task_id"=>"4", "job"=>{}}
  [1m[35mJob Load (0.3ms)[0m  SELECT "jobs".* FROM "jobs" WHERE (status =0 AND task_id = '4') LIMIT 1
  [1m[36mCACHE (0.0ms)[0m  [1mSELECT "jobs".* FROM "jobs" WHERE (status =0 AND task_id = '4') LIMIT 1[0m
  [1m[35m (0.1ms)[0m  begin transaction
  [1m[36m (0.4ms)[0m  [1mUPDATE "jobs" SET "status" = 1, "updated_at" = '2013-02-26 05:57:48.004812' WHERE "jobs"."id" = 640[0m
  [1m[35m (1.4ms)[0m  commit transaction
Completed 200 OK in 6ms (Views: 0.7ms | ActiveRecord: 2.2ms)


Started PUT "/jobs/635" for 192.168.2.3 at 2013-02-25 22:57:54 -0700
Processing by JobsController#update as HTML
  Parameters: {"job"=>{"result"=>"8.886911586839197", "error"=>"0"}, "id"=>"635"}
  [1m[36mJob Load (0.2ms)[0m  [1mSELECT "jobs".* FROM "jobs" WHERE "jobs"."id" = ? LIMIT 1[0m  [["id", "635"]]
  [1m[35m (0.1ms)[0m  begin transaction
  [1m[36m (1.2ms)[0m  [1mUPDATE "jobs" SET "result" = '8.886911586839197', "error" = 0, "updated_at" = '2013-02-26 05:57:54.126402' WHERE "jobs"."id" = 635[0m
  [1m[35m (2.3ms)[0m  commit transaction
  [1m[36m (0.1ms)[0m  [1mbegin transaction[0m
  [1m[35m (0.3ms)[0m  UPDATE "jobs" SET "status" = 2, "success" = 't', "updated_at" = '2013-02-26 05:57:54.131622' WHERE "jobs"."id" = 635
  [1m[36m (1.0ms)[0m  [1mcommit transaction[0m
Completed 200 OK in 10ms (Views: 0.1ms | ActiveRecord: 5.1ms)


Started GET "/get/4.json" for 192.168.2.3 at 2013-02-25 22:57:54 -0700
Processing by JobsController#get as JSON
  Parameters: {"task_id"=>"4", "job"=>{}}
  [1m[35mJob Load (0.3ms)[0m  SELECT "jobs".* FROM "jobs" WHERE (status =0 AND task_id = '4') LIMIT 1
  [1m[36mCACHE (0.0ms)[0m  [1mSELECT "jobs".* FROM "jobs" WHERE (status =0 AND task_id = '4') LIMIT 1[0m
  [1m[35m (0.1ms)[0m  begin transaction
  [1m[36m (0.3ms)[0m  [1mUPDATE "jobs" SET "status" = 1, "updated_at" = '2013-02-26 05:57:54.229148' WHERE "jobs"."id" = 641[0m
  [1m[35m (1.5ms)[0m  commit transaction
Completed 200 OK in 6ms (Views: 0.7ms | ActiveRecord: 2.2ms)


Started PUT "/jobs/640" for 192.168.2.8 at 2013-02-25 22:58:06 -0700
Processing by JobsController#update as HTML
  Parameters: {"job"=>{"result"=>"8.869026473149326", "error"=>"0"}, "id"=>"640"}
  [1m[36mJob Load (0.1ms)[0m  [1mSELECT "jobs".* FROM "jobs" WHERE "jobs"."id" = ? LIMIT 1[0m  [["id", "640"]]
  [1m[35m (0.1ms)[0m  begin transaction
  [1m[36m (0.3ms)[0m  [1mUPDATE "jobs" SET "result" = '8.869026473149326', "error" = 0, "updated_at" = '2013-02-26 05:58:06.377179' WHERE "jobs"."id" = 640[0m
  [1m[35m (0.9ms)[0m  commit transaction
  [1m[36m (0.1ms)[0m  [1mbegin transaction[0m
  [1m[35m (0.3ms)[0m  UPDATE "jobs" SET "status" = 2, "success" = 't', "updated_at" = '2013-02-26 05:58:06.379929' WHERE "jobs"."id" = 640
  [1m[36m (1.3ms)[0m  [1mcommit transaction[0m
Completed 200 OK in 7ms (Views: 0.1ms | ActiveRecord: 3.1ms)


Started GET "/get/4.json" for 192.168.2.8 at 2013-02-25 22:58:06 -0700
Processing by JobsController#get as JSON
  Parameters: {"task_id"=>"4", "job"=>{}}
  [1m[35mJob Load (0.3ms)[0m  SELECT "jobs".* FROM "jobs" WHERE (status =0 AND task_id = '4') LIMIT 1
Completed 200 OK in 4ms (Views: 0.1ms | ActiveRecord: 0.3ms)


Started PUT "/jobs/639" for 192.168.2.3 at 2013-02-25 22:58:43 -0700
Processing by JobsController#update as HTML
  Parameters: {"job"=>{"result"=>"8.762780326615024", "error"=>"0"}, "id"=>"639"}
  [1m[36mJob Load (0.2ms)[0m  [1mSELECT "jobs".* FROM "jobs" WHERE "jobs"."id" = ? LIMIT 1[0m  [["id", "639"]]
  [1m[35m (0.1ms)[0m  begin transaction
  [1m[36m (0.3ms)[0m  [1mUPDATE "jobs" SET "result" = '8.762780326615024', "error" = 0, "updated_at" = '2013-02-26 05:58:43.825041' WHERE "jobs"."id" = 639[0m
  [1m[35m (1.6ms)[0m  commit transaction
  [1m[36m (0.1ms)[0m  [1mbegin transaction[0m
  [1m[35m (0.3ms)[0m  UPDATE "jobs" SET "status" = 2, "success" = 't', "updated_at" = '2013-02-26 05:58:43.828775' WHERE "jobs"."id" = 639
  [1m[36m (1.0ms)[0m  [1mcommit transaction[0m
Completed 200 OK in 8ms (Views: 0.2ms | ActiveRecord: 3.6ms)


Started GET "/get/4.json" for 192.168.2.3 at 2013-02-25 22:58:43 -0700
Processing by JobsController#get as JSON
  Parameters: {"task_id"=>"4", "job"=>{}}
  [1m[35mJob Load (0.3ms)[0m  SELECT "jobs".* FROM "jobs" WHERE (status =0 AND task_id = '4') LIMIT 1
Completed 200 OK in 2ms (Views: 0.1ms | ActiveRecord: 0.3ms)


Started PUT "/jobs/641" for 192.168.2.3 at 2013-02-25 22:58:50 -0700
Processing by JobsController#update as HTML
  Parameters: {"job"=>{"result"=>"8.880613237059373", "error"=>"0"}, "id"=>"641"}
  [1m[36mJob Load (0.1ms)[0m  [1mSELECT "jobs".* FROM "jobs" WHERE "jobs"."id" = ? LIMIT 1[0m  [["id", "641"]]
  [1m[35m (0.1ms)[0m  begin transaction
  [1m[36m (0.5ms)[0m  [1mUPDATE "jobs" SET "result" = '8.880613237059373', "error" = 0, "updated_at" = '2013-02-26 05:58:50.612966' WHERE "jobs"."id" = 641[0m
  [1m[35m (2.2ms)[0m  commit transaction
  [1m[36m (0.1ms)[0m  [1mbegin transaction[0m
  [1m[35m (0.5ms)[0m  UPDATE "jobs" SET "status" = 2, "success" = 't', "updated_at" = '2013-02-26 05:58:50.618026' WHERE "jobs"."id" = 641
  [1m[36m (0.8ms)[0m  [1mcommit transaction[0m
Completed 200 OK in 10ms (Views: 0.2ms | ActiveRecord: 4.2ms)


Started GET "/get/4.json" for 192.168.2.3 at 2013-02-25 22:58:50 -0700
Processing by JobsController#get as JSON
  Parameters: {"task_id"=>"4", "job"=>{}}
  [1m[35mJob Load (0.3ms)[0m  SELECT "jobs".* FROM "jobs" WHERE (status =0 AND task_id = '4') LIMIT 1
Completed 200 OK in 2ms (Views: 0.1ms | ActiveRecord: 0.3ms)
