Connecting to database specified by database.yml


Started GET "/get/4.json" for 192.168.2.9 at 2013-02-25 23:17:54 -0700
Processing by JobsController#get as JSON
  Parameters: {"task_id"=>"4", "job"=>{}}
  [1m[36mJob Load (0.9ms)[0m  [1mSELECT "jobs".* FROM "jobs" WHERE (status =0 AND task_id = '4') LIMIT 1[0m
  [1m[35mCACHE (0.0ms)[0m  SELECT "jobs".* FROM "jobs" WHERE (status =0 AND task_id = '4') LIMIT 1
  [1m[36m (0.1ms)[0m  [1mbegin transaction[0m
  [1m[35m (0.4ms)[0m  UPDATE "jobs" SET "status" = 1, "updated_at" = '2013-02-26 06:17:54.314371' WHERE "jobs"."id" = 722
  [1m[36m (2.4ms)[0m  [1mcommit transaction[0m
Completed 200 OK in 96ms (Views: 2.0ms | ActiveRecord: 5.9ms)


Started GET "/get/4.json" for 192.168.2.8 at 2013-02-25 23:17:55 -0700
Processing by JobsController#get as JSON
  Parameters: {"task_id"=>"4", "job"=>{}}
  [1m[35mJob Load (0.3ms)[0m  SELECT "jobs".* FROM "jobs" WHERE (status =0 AND task_id = '4') LIMIT 1
  [1m[36mCACHE (0.0ms)[0m  [1mSELECT "jobs".* FROM "jobs" WHERE (status =0 AND task_id = '4') LIMIT 1[0m
  [1m[35m (0.1ms)[0m  begin transaction
  [1m[36m (0.4ms)[0m  [1mUPDATE "jobs" SET "status" = 1, "updated_at" = '2013-02-26 06:17:55.352640' WHERE "jobs"."id" = 723[0m
  [1m[35m (2.6ms)[0m  commit transaction
Completed 200 OK in 8ms (Views: 0.8ms | ActiveRecord: 3.3ms)


Started GET "/get/4.json" for 192.168.2.3 at 2013-02-25 23:17:56 -0700
Processing by JobsController#get as JSON
  Parameters: {"task_id"=>"4", "job"=>{}}
  [1m[36mJob Load (0.3ms)[0m  [1mSELECT "jobs".* FROM "jobs" WHERE (status =0 AND task_id = '4') LIMIT 1[0m
  [1m[35mCACHE (0.0ms)[0m  SELECT "jobs".* FROM "jobs" WHERE (status =0 AND task_id = '4') LIMIT 1
  [1m[36m (0.1ms)[0m  [1mbegin transaction[0m
  [1m[35m (0.3ms)[0m  UPDATE "jobs" SET "status" = 1, "updated_at" = '2013-02-26 06:17:56.204050' WHERE "jobs"."id" = 724
  [1m[36m (2.1ms)[0m  [1mcommit transaction[0m
Completed 200 OK in 8ms (Views: 1.1ms | ActiveRecord: 2.8ms)


Started PUT "/jobs/723" for 192.168.2.8 at 2013-02-25 23:18:13 -0700
Processing by JobsController#update as HTML
  Parameters: {"job"=>{"result"=>"8.813771102248653", "error"=>"0"}, "id"=>"723"}
  [1m[35mJob Load (0.3ms)[0m  SELECT "jobs".* FROM "jobs" WHERE "jobs"."id" = ? LIMIT 1  [["id", "723"]]
  [1m[36m (0.1ms)[0m  [1mbegin transaction[0m
  [1m[35m (0.4ms)[0m  UPDATE "jobs" SET "result" = '8.813771102248653', "error" = 0, "updated_at" = '2013-02-26 06:18:13.855229' WHERE "jobs"."id" = 723
  [1m[36m (3.1ms)[0m  [1mcommit transaction[0m
  [1m[35m (0.1ms)[0m  begin transaction
  [1m[36m (0.4ms)[0m  [1mUPDATE "jobs" SET "status" = 2, "success" = 't', "updated_at" = '2013-02-26 06:18:13.860497' WHERE "jobs"."id" = 723[0m
  [1m[35m (0.7ms)[0m  commit transaction
Completed 200 OK in 10ms (Views: 0.3ms | ActiveRecord: 5.0ms)


Started GET "/get/4.json" for 192.168.2.8 at 2013-02-25 23:18:13 -0700
Processing by JobsController#get as JSON
  Parameters: {"task_id"=>"4", "job"=>{}}
  [1m[36mJob Load (0.4ms)[0m  [1mSELECT "jobs".* FROM "jobs" WHERE (status =0 AND task_id = '4') LIMIT 1[0m
  [1m[35mCACHE (0.0ms)[0m  SELECT "jobs".* FROM "jobs" WHERE (status =0 AND task_id = '4') LIMIT 1
  [1m[36m (0.1ms)[0m  [1mbegin transaction[0m
  [1m[35m (0.4ms)[0m  UPDATE "jobs" SET "status" = 1, "updated_at" = '2013-02-26 06:18:13.885617' WHERE "jobs"."id" = 725
  [1m[36m (0.7ms)[0m  [1mcommit transaction[0m
Completed 200 OK in 8ms (Views: 0.8ms | ActiveRecord: 1.6ms)


Started PUT "/jobs/724" for 192.168.2.3 at 2013-02-25 23:18:27 -0700
Processing by JobsController#update as HTML
  Parameters: {"job"=>{"result"=>"8.885408373880006", "error"=>"0"}, "id"=>"724"}
  [1m[35mJob Load (0.1ms)[0m  SELECT "jobs".* FROM "jobs" WHERE "jobs"."id" = ? LIMIT 1  [["id", "724"]]
  [1m[36m (0.1ms)[0m  [1mbegin transaction[0m
  [1m[35m (0.4ms)[0m  UPDATE "jobs" SET "result" = '8.885408373880006', "error" = 0, "updated_at" = '2013-02-26 06:18:27.153746' WHERE "jobs"."id" = 724
  [1m[36m (2.4ms)[0m  [1mcommit transaction[0m
  [1m[35m (0.1ms)[0m  begin transaction
  [1m[36m (0.4ms)[0m  [1mUPDATE "jobs" SET "status" = 2, "success" = 't', "updated_at" = '2013-02-26 06:18:27.158045' WHERE "jobs"."id" = 724[0m
  [1m[35m (1.0ms)[0m  commit transaction
Completed 200 OK in 8ms (Views: 0.1ms | ActiveRecord: 4.4ms)


Started GET "/get/4.json" for 192.168.2.3 at 2013-02-25 23:18:27 -0700
Processing by JobsController#get as JSON
  Parameters: {"task_id"=>"4", "job"=>{}}
  [1m[36mJob Load (0.3ms)[0m  [1mSELECT "jobs".* FROM "jobs" WHERE (status =0 AND task_id = '4') LIMIT 1[0m
  [1m[35mCACHE (0.0ms)[0m  SELECT "jobs".* FROM "jobs" WHERE (status =0 AND task_id = '4') LIMIT 1
  [1m[36m (0.0ms)[0m  [1mbegin transaction[0m
  [1m[35m (0.4ms)[0m  UPDATE "jobs" SET "status" = 1, "updated_at" = '2013-02-26 06:18:27.220767' WHERE "jobs"."id" = 726
  [1m[36m (1.5ms)[0m  [1mcommit transaction[0m
Completed 200 OK in 6ms (Views: 0.7ms | ActiveRecord: 2.3ms)


Started PUT "/jobs/722" for 192.168.2.9 at 2013-02-25 23:18:27 -0700
Processing by JobsController#update as HTML
  Parameters: {"job"=>{"result"=>"8.65235030919154", "error"=>"0"}, "id"=>"722"}
  [1m[35mJob Load (0.1ms)[0m  SELECT "jobs".* FROM "jobs" WHERE "jobs"."id" = ? LIMIT 1  [["id", "722"]]
  [1m[36m (0.1ms)[0m  [1mbegin transaction[0m
  [1m[35m (0.3ms)[0m  UPDATE "jobs" SET "result" = '8.65235030919154', "error" = 0, "updated_at" = '2013-02-26 06:18:27.612281' WHERE "jobs"."id" = 722
  [1m[36m (2.3ms)[0m  [1mcommit transaction[0m
  [1m[35m (0.1ms)[0m  begin transaction
  [1m[36m (0.4ms)[0m  [1mUPDATE "jobs" SET "status" = 2, "success" = 't', "updated_at" = '2013-02-26 06:18:27.616396' WHERE "jobs"."id" = 722[0m
  [1m[35m (0.7ms)[0m  commit transaction
Completed 200 OK in 8ms (Views: 0.1ms | ActiveRecord: 4.0ms)


Started GET "/get/4.json" for 192.168.2.9 at 2013-02-25 23:18:27 -0700
Processing by JobsController#get as JSON
  Parameters: {"task_id"=>"4", "job"=>{}}
  [1m[36mJob Load (0.3ms)[0m  [1mSELECT "jobs".* FROM "jobs" WHERE (status =0 AND task_id = '4') LIMIT 1[0m
  [1m[35mCACHE (0.0ms)[0m  SELECT "jobs".* FROM "jobs" WHERE (status =0 AND task_id = '4') LIMIT 1
  [1m[36m (0.1ms)[0m  [1mbegin transaction[0m
  [1m[35m (0.4ms)[0m  UPDATE "jobs" SET "status" = 1, "updated_at" = '2013-02-26 06:18:27.639064' WHERE "jobs"."id" = 727
  [1m[36m (1.1ms)[0m  [1mcommit transaction[0m
Completed 200 OK in 6ms (Views: 0.8ms | ActiveRecord: 1.8ms)


Started PUT "/jobs/725" for 192.168.2.8 at 2013-02-25 23:18:32 -0700
Processing by JobsController#update as HTML
  Parameters: {"job"=>{"result"=>"8.85844416900229", "error"=>"0"}, "id"=>"725"}
  [1m[35mJob Load (0.1ms)[0m  SELECT "jobs".* FROM "jobs" WHERE "jobs"."id" = ? LIMIT 1  [["id", "725"]]
  [1m[36m (0.1ms)[0m  [1mbegin transaction[0m
  [1m[35m (0.3ms)[0m  UPDATE "jobs" SET "result" = '8.85844416900229', "error" = 0, "updated_at" = '2013-02-26 06:18:32.086596' WHERE "jobs"."id" = 725
  [1m[36m (2.5ms)[0m  [1mcommit transaction[0m
  [1m[35m (0.1ms)[0m  begin transaction
  [1m[36m (0.4ms)[0m  [1mUPDATE "jobs" SET "status" = 2, "success" = 't', "updated_at" = '2013-02-26 06:18:32.090985' WHERE "jobs"."id" = 725[0m
  [1m[35m (1.1ms)[0m  commit transaction
Completed 200 OK in 8ms (Views: 0.1ms | ActiveRecord: 4.6ms)


Started GET "/get/4.json" for 192.168.2.8 at 2013-02-25 23:18:32 -0700
Processing by JobsController#get as JSON
  Parameters: {"task_id"=>"4", "job"=>{}}
  [1m[36mJob Load (0.3ms)[0m  [1mSELECT "jobs".* FROM "jobs" WHERE (status =0 AND task_id = '4') LIMIT 1[0m
  [1m[35mCACHE (0.0ms)[0m  SELECT "jobs".* FROM "jobs" WHERE (status =0 AND task_id = '4') LIMIT 1
  [1m[36m (0.1ms)[0m  [1mbegin transaction[0m
  [1m[35m (0.4ms)[0m  UPDATE "jobs" SET "status" = 1, "updated_at" = '2013-02-26 06:18:32.109481' WHERE "jobs"."id" = 728
  [1m[36m (1.8ms)[0m  [1mcommit transaction[0m
Completed 200 OK in 7ms (Views: 0.7ms | ActiveRecord: 2.5ms)


Started PUT "/jobs/728" for 192.168.2.8 at 2013-02-25 23:18:50 -0700
Processing by JobsController#update as HTML
  Parameters: {"job"=>{"result"=>"8.751136629362135", "error"=>"0"}, "id"=>"728"}
  [1m[35mJob Load (0.2ms)[0m  SELECT "jobs".* FROM "jobs" WHERE "jobs"."id" = ? LIMIT 1  [["id", "728"]]
  [1m[36m (0.1ms)[0m  [1mbegin transaction[0m
  [1m[35m (0.5ms)[0m  UPDATE "jobs" SET "result" = '8.751136629362135', "error" = 0, "updated_at" = '2013-02-26 06:18:50.696028' WHERE "jobs"."id" = 728
  [1m[36m (2.2ms)[0m  [1mcommit transaction[0m
  [1m[35m (0.1ms)[0m  begin transaction
  [1m[36m (0.5ms)[0m  [1mUPDATE "jobs" SET "status" = 2, "success" = 't', "updated_at" = '2013-02-26 06:18:50.701120' WHERE "jobs"."id" = 728[0m
  [1m[35m (0.7ms)[0m  commit transaction
Completed 200 OK in 10ms (Views: 0.1ms | ActiveRecord: 4.2ms)


Started GET "/get/4.json" for 192.168.2.8 at 2013-02-25 23:18:50 -0700
Processing by JobsController#get as JSON
  Parameters: {"task_id"=>"4", "job"=>{}}
  [1m[36mJob Load (0.3ms)[0m  [1mSELECT "jobs".* FROM "jobs" WHERE (status =0 AND task_id = '4') LIMIT 1[0m
  [1m[35mCACHE (0.0ms)[0m  SELECT "jobs".* FROM "jobs" WHERE (status =0 AND task_id = '4') LIMIT 1
  [1m[36m (0.1ms)[0m  [1mbegin transaction[0m
  [1m[35m (0.4ms)[0m  UPDATE "jobs" SET "status" = 1, "updated_at" = '2013-02-26 06:18:50.719044' WHERE "jobs"."id" = 729
  [1m[36m (0.9ms)[0m  [1mcommit transaction[0m
Completed 200 OK in 6ms (Views: 0.8ms | ActiveRecord: 1.6ms)


Started PUT "/jobs/726" for 192.168.2.3 at 2013-02-25 23:18:58 -0700
Processing by JobsController#update as HTML
  Parameters: {"job"=>{"result"=>"8.739000383770778", "error"=>"0"}, "id"=>"726"}
  [1m[35mJob Load (0.1ms)[0m  SELECT "jobs".* FROM "jobs" WHERE "jobs"."id" = ? LIMIT 1  [["id", "726"]]
  [1m[36m (0.1ms)[0m  [1mbegin transaction[0m
  [1m[35m (0.4ms)[0m  UPDATE "jobs" SET "result" = '8.739000383770778', "error" = 0, "updated_at" = '2013-02-26 06:18:58.077094' WHERE "jobs"."id" = 726
  [1m[36m (2.3ms)[0m  [1mcommit transaction[0m
  [1m[35m (0.1ms)[0m  begin transaction
  [1m[36m (0.3ms)[0m  [1mUPDATE "jobs" SET "status" = 2, "success" = 't', "updated_at" = '2013-02-26 06:18:58.081300' WHERE "jobs"."id" = 726[0m
  [1m[35m (1.1ms)[0m  commit transaction
Completed 200 OK in 8ms (Views: 0.1ms | ActiveRecord: 4.3ms)


Started GET "/get/4.json" for 192.168.2.3 at 2013-02-25 23:18:58 -0700
Processing by JobsController#get as JSON
  Parameters: {"task_id"=>"4", "job"=>{}}
  [1m[36mJob Load (0.3ms)[0m  [1mSELECT "jobs".* FROM "jobs" WHERE (status =0 AND task_id = '4') LIMIT 1[0m
  [1m[35mCACHE (0.0ms)[0m  SELECT "jobs".* FROM "jobs" WHERE (status =0 AND task_id = '4') LIMIT 1
  [1m[36m (0.1ms)[0m  [1mbegin transaction[0m
  [1m[35m (0.3ms)[0m  UPDATE "jobs" SET "status" = 1, "updated_at" = '2013-02-26 06:18:58.149165' WHERE "jobs"."id" = 730
  [1m[36m (1.6ms)[0m  [1mcommit transaction[0m
Completed 200 OK in 6ms (Views: 0.7ms | ActiveRecord: 2.3ms)


Started PUT "/jobs/727" for 192.168.2.9 at 2013-02-25 23:19:00 -0700
Processing by JobsController#update as HTML
  Parameters: {"job"=>{"result"=>"8.599194891448176", "error"=>"0"}, "id"=>"727"}
  [1m[35mJob Load (0.1ms)[0m  SELECT "jobs".* FROM "jobs" WHERE "jobs"."id" = ? LIMIT 1  [["id", "727"]]
  [1m[36m (0.1ms)[0m  [1mbegin transaction[0m
  [1m[35m (0.3ms)[0m  UPDATE "jobs" SET "result" = '8.599194891448176', "error" = 0, "updated_at" = '2013-02-26 06:19:00.172326' WHERE "jobs"."id" = 727
  [1m[36m (2.2ms)[0m  [1mcommit transaction[0m
  [1m[35m (0.0ms)[0m  begin transaction
  [1m[36m (0.3ms)[0m  [1mUPDATE "jobs" SET "status" = 2, "success" = 't', "updated_at" = '2013-02-26 06:19:00.176287' WHERE "jobs"."id" = 727[0m
  [1m[35m (1.1ms)[0m  commit transaction
Completed 200 OK in 8ms (Views: 0.1ms | ActiveRecord: 4.1ms)


Started GET "/get/4.json" for 192.168.2.9 at 2013-02-25 23:19:00 -0700
Processing by JobsController#get as JSON
  Parameters: {"task_id"=>"4", "job"=>{}}
  [1m[36mJob Load (0.3ms)[0m  [1mSELECT "jobs".* FROM "jobs" WHERE (status =0 AND task_id = '4') LIMIT 1[0m
  [1m[35mCACHE (0.0ms)[0m  SELECT "jobs".* FROM "jobs" WHERE (status =0 AND task_id = '4') LIMIT 1
  [1m[36m (0.1ms)[0m  [1mbegin transaction[0m
  [1m[35m (0.3ms)[0m  UPDATE "jobs" SET "status" = 1, "updated_at" = '2013-02-26 06:19:00.194956' WHERE "jobs"."id" = 731
  [1m[36m (1.3ms)[0m  [1mcommit transaction[0m
Completed 200 OK in 6ms (Views: 0.9ms | ActiveRecord: 2.0ms)


Started PUT "/jobs/729" for 192.168.2.8 at 2013-02-25 23:19:09 -0700
Processing by JobsController#update as HTML
  Parameters: {"job"=>{"result"=>"8.86401541672321", "error"=>"0"}, "id"=>"729"}
  [1m[35mJob Load (0.1ms)[0m  SELECT "jobs".* FROM "jobs" WHERE "jobs"."id" = ? LIMIT 1  [["id", "729"]]
  [1m[36m (0.1ms)[0m  [1mbegin transaction[0m
  [1m[35m (0.3ms)[0m  UPDATE "jobs" SET "result" = '8.86401541672321', "error" = 0, "updated_at" = '2013-02-26 06:19:09.094220' WHERE "jobs"."id" = 729
  [1m[36m (2.6ms)[0m  [1mcommit transaction[0m
  [1m[35m (0.1ms)[0m  begin transaction
  [1m[36m (0.4ms)[0m  [1mUPDATE "jobs" SET "status" = 2, "success" = 't', "updated_at" = '2013-02-26 06:19:09.098677' WHERE "jobs"."id" = 729[0m
  [1m[35m (0.6ms)[0m  commit transaction
Completed 200 OK in 8ms (Views: 0.1ms | ActiveRecord: 4.3ms)


Started GET "/get/4.json" for 192.168.2.8 at 2013-02-25 23:19:09 -0700
Processing by JobsController#get as JSON
  Parameters: {"task_id"=>"4", "job"=>{}}
  [1m[36mJob Load (0.3ms)[0m  [1mSELECT "jobs".* FROM "jobs" WHERE (status =0 AND task_id = '4') LIMIT 1[0m
  [1m[35mCACHE (0.0ms)[0m  SELECT "jobs".* FROM "jobs" WHERE (status =0 AND task_id = '4') LIMIT 1
  [1m[36m (0.1ms)[0m  [1mbegin transaction[0m
  [1m[35m (0.3ms)[0m  UPDATE "jobs" SET "status" = 1, "updated_at" = '2013-02-26 06:19:09.117688' WHERE "jobs"."id" = 732
  [1m[36m (1.0ms)[0m  [1mcommit transaction[0m
Completed 200 OK in 6ms (Views: 0.7ms | ActiveRecord: 1.7ms)


Started PUT "/jobs/732" for 192.168.2.8 at 2013-02-25 23:19:27 -0700
Processing by JobsController#update as HTML
  Parameters: {"job"=>{"result"=>"8.636244458660858", "error"=>"0"}, "id"=>"732"}
  [1m[35mJob Load (0.1ms)[0m  SELECT "jobs".* FROM "jobs" WHERE "jobs"."id" = ? LIMIT 1  [["id", "732"]]
  [1m[36m (0.1ms)[0m  [1mbegin transaction[0m
  [1m[35m (0.4ms)[0m  UPDATE "jobs" SET "result" = '8.636244458660858', "error" = 0, "updated_at" = '2013-02-26 06:19:27.924376' WHERE "jobs"."id" = 732
  [1m[36m (2.7ms)[0m  [1mcommit transaction[0m
  [1m[35m (0.1ms)[0m  begin transaction
  [1m[36m (0.4ms)[0m  [1mUPDATE "jobs" SET "status" = 2, "success" = 't', "updated_at" = '2013-02-26 06:19:27.929126' WHERE "jobs"."id" = 732[0m
  [1m[35m (0.6ms)[0m  commit transaction
Completed 200 OK in 9ms (Views: 0.2ms | ActiveRecord: 4.4ms)


Started GET "/get/4.json" for 192.168.2.8 at 2013-02-25 23:19:27 -0700
Processing by JobsController#get as JSON
  Parameters: {"task_id"=>"4", "job"=>{}}
  [1m[36mJob Load (0.3ms)[0m  [1mSELECT "jobs".* FROM "jobs" WHERE (status =0 AND task_id = '4') LIMIT 1[0m
  [1m[35mCACHE (0.0ms)[0m  SELECT "jobs".* FROM "jobs" WHERE (status =0 AND task_id = '4') LIMIT 1
  [1m[36m (0.1ms)[0m  [1mbegin transaction[0m
  [1m[35m (0.4ms)[0m  UPDATE "jobs" SET "status" = 1, "updated_at" = '2013-02-26 06:19:27.974376' WHERE "jobs"."id" = 733
  [1m[36m (1.1ms)[0m  [1mcommit transaction[0m
Completed 200 OK in 6ms (Views: 0.7ms | ActiveRecord: 1.9ms)


Started PUT "/jobs/730" for 192.168.2.3 at 2013-02-25 23:19:28 -0700
Processing by JobsController#update as HTML
  Parameters: {"job"=>{"result"=>"8.8833077558959", "error"=>"0"}, "id"=>"730"}
  [1m[35mJob Load (0.1ms)[0m  SELECT "jobs".* FROM "jobs" WHERE "jobs"."id" = ? LIMIT 1  [["id", "730"]]
  [1m[36m (0.1ms)[0m  [1mbegin transaction[0m
  [1m[35m (0.4ms)[0m  UPDATE "jobs" SET "result" = '8.8833077558959', "error" = 0, "updated_at" = '2013-02-26 06:19:28.835042' WHERE "jobs"."id" = 730
  [1m[36m (2.2ms)[0m  [1mcommit transaction[0m
  [1m[35m (0.1ms)[0m  begin transaction
  [1m[36m (0.4ms)[0m  [1mUPDATE "jobs" SET "status" = 2, "success" = 't', "updated_at" = '2013-02-26 06:19:28.839308' WHERE "jobs"."id" = 730[0m
  [1m[35m (1.1ms)[0m  commit transaction
Completed 200 OK in 8ms (Views: 0.1ms | ActiveRecord: 4.4ms)


Started GET "/get/4.json" for 192.168.2.3 at 2013-02-25 23:19:28 -0700
Processing by JobsController#get as JSON
  Parameters: {"task_id"=>"4", "job"=>{}}
  [1m[36mJob Load (0.3ms)[0m  [1mSELECT "jobs".* FROM "jobs" WHERE (status =0 AND task_id = '4') LIMIT 1[0m
  [1m[35mCACHE (0.0ms)[0m  SELECT "jobs".* FROM "jobs" WHERE (status =0 AND task_id = '4') LIMIT 1
  [1m[36m (0.1ms)[0m  [1mbegin transaction[0m
  [1m[35m (0.5ms)[0m  UPDATE "jobs" SET "status" = 1, "updated_at" = '2013-02-26 06:19:28.937838' WHERE "jobs"."id" = 734
  [1m[36m (1.4ms)[0m  [1mcommit transaction[0m
Completed 200 OK in 7ms (Views: 0.7ms | ActiveRecord: 2.4ms)


Started PUT "/jobs/731" for 192.168.2.9 at 2013-02-25 23:19:31 -0700
Processing by JobsController#update as HTML
  Parameters: {"job"=>{"result"=>"8.804537487374239", "error"=>"0"}, "id"=>"731"}
  [1m[35mJob Load (0.1ms)[0m  SELECT "jobs".* FROM "jobs" WHERE "jobs"."id" = ? LIMIT 1  [["id", "731"]]
  [1m[36m (0.1ms)[0m  [1mbegin transaction[0m
  [1m[35m (0.4ms)[0m  UPDATE "jobs" SET "result" = '8.804537487374239', "error" = 0, "updated_at" = '2013-02-26 06:19:31.923476' WHERE "jobs"."id" = 731
  [1m[36m (2.3ms)[0m  [1mcommit transaction[0m
  [1m[35m (0.1ms)[0m  begin transaction
  [1m[36m (0.5ms)[0m  [1mUPDATE "jobs" SET "status" = 2, "success" = 't', "updated_at" = '2013-02-26 06:19:31.927690' WHERE "jobs"."id" = 731[0m
  [1m[35m (0.8ms)[0m  commit transaction
Completed 200 OK in 8ms (Views: 0.1ms | ActiveRecord: 4.2ms)


Started GET "/get/4.json" for 192.168.2.9 at 2013-02-25 23:19:31 -0700
Processing by JobsController#get as JSON
  Parameters: {"task_id"=>"4", "job"=>{}}
  [1m[36mJob Load (0.3ms)[0m  [1mSELECT "jobs".* FROM "jobs" WHERE (status =0 AND task_id = '4') LIMIT 1[0m
  [1m[35mCACHE (0.0ms)[0m  SELECT "jobs".* FROM "jobs" WHERE (status =0 AND task_id = '4') LIMIT 1
  [1m[36m (0.1ms)[0m  [1mbegin transaction[0m
  [1m[35m (0.4ms)[0m  UPDATE "jobs" SET "status" = 1, "updated_at" = '2013-02-26 06:19:31.977493' WHERE "jobs"."id" = 735
  [1m[36m (1.2ms)[0m  [1mcommit transaction[0m
Completed 200 OK in 6ms (Views: 0.7ms | ActiveRecord: 2.0ms)


Started PUT "/jobs/733" for 192.168.2.8 at 2013-02-25 23:19:46 -0700
Processing by JobsController#update as HTML
  Parameters: {"job"=>{"result"=>"8.669386593028447", "error"=>"0"}, "id"=>"733"}
  [1m[35mJob Load (0.2ms)[0m  SELECT "jobs".* FROM "jobs" WHERE "jobs"."id" = ? LIMIT 1  [["id", "733"]]
  [1m[36m (0.1ms)[0m  [1mbegin transaction[0m
  [1m[35m (0.5ms)[0m  UPDATE "jobs" SET "result" = '8.669386593028447', "error" = 0, "updated_at" = '2013-02-26 06:19:46.416382' WHERE "jobs"."id" = 733
  [1m[36m (2.2ms)[0m  [1mcommit transaction[0m
  [1m[35m (0.1ms)[0m  begin transaction
  [1m[36m (0.4ms)[0m  [1mUPDATE "jobs" SET "status" = 2, "success" = 't', "updated_at" = '2013-02-26 06:19:46.421161' WHERE "jobs"."id" = 733[0m
  [1m[35m (0.6ms)[0m  commit transaction
Completed 200 OK in 9ms (Views: 0.1ms | ActiveRecord: 3.9ms)


Started GET "/get/4.json" for 192.168.2.8 at 2013-02-25 23:19:46 -0700
Processing by JobsController#get as JSON
  Parameters: {"task_id"=>"4", "job"=>{}}
  [1m[36mJob Load (0.4ms)[0m  [1mSELECT "jobs".* FROM "jobs" WHERE (status =0 AND task_id = '4') LIMIT 1[0m
  [1m[35mCACHE (0.0ms)[0m  SELECT "jobs".* FROM "jobs" WHERE (status =0 AND task_id = '4') LIMIT 1
  [1m[36m (0.1ms)[0m  [1mbegin transaction[0m
  [1m[35m (0.5ms)[0m  UPDATE "jobs" SET "status" = 1, "updated_at" = '2013-02-26 06:19:46.441153' WHERE "jobs"."id" = 736
  [1m[36m (0.8ms)[0m  [1mcommit transaction[0m
Completed 200 OK in 7ms (Views: 0.9ms | ActiveRecord: 1.8ms)


Started PUT "/jobs/734" for 192.168.2.3 at 2013-02-25 23:19:59 -0700
Processing by JobsController#update as HTML
  Parameters: {"job"=>{"result"=>"8.82250986193003", "error"=>"0"}, "id"=>"734"}
  [1m[35mJob Load (0.1ms)[0m  SELECT "jobs".* FROM "jobs" WHERE "jobs"."id" = ? LIMIT 1  [["id", "734"]]
  [1m[36m (0.1ms)[0m  [1mbegin transaction[0m
  [1m[35m (0.3ms)[0m  UPDATE "jobs" SET "result" = '8.82250986193003', "error" = 0, "updated_at" = '2013-02-26 06:19:59.855826' WHERE "jobs"."id" = 734
  [1m[36m (2.8ms)[0m  [1mcommit transaction[0m
  [1m[35m (0.1ms)[0m  begin transaction
  [1m[36m (0.5ms)[0m  [1mUPDATE "jobs" SET "status" = 2, "success" = 't', "updated_at" = '2013-02-26 06:19:59.860749' WHERE "jobs"."id" = 734[0m
  [1m[35m (0.8ms)[0m  commit transaction
Completed 200 OK in 9ms (Views: 0.2ms | ActiveRecord: 4.6ms)


Started GET "/get/4.json" for 192.168.2.3 at 2013-02-25 23:19:59 -0700
Processing by JobsController#get as JSON
  Parameters: {"task_id"=>"4", "job"=>{}}
  [1m[36mJob Load (0.3ms)[0m  [1mSELECT "jobs".* FROM "jobs" WHERE (status =0 AND task_id = '4') LIMIT 1[0m
  [1m[35mCACHE (0.0ms)[0m  SELECT "jobs".* FROM "jobs" WHERE (status =0 AND task_id = '4') LIMIT 1
  [1m[36m (0.1ms)[0m  [1mbegin transaction[0m
  [1m[35m (0.6ms)[0m  UPDATE "jobs" SET "status" = 1, "updated_at" = '2013-02-26 06:19:59.916387' WHERE "jobs"."id" = 737
  [1m[36m (502.8ms)[0m  [1mcommit transaction[0m
Completed 200 OK in 508ms (Views: 0.8ms | ActiveRecord: 503.7ms)


Started PUT "/jobs/735" for 192.168.2.9 at 2013-02-25 23:20:04 -0700
Processing by JobsController#update as HTML
  Parameters: {"job"=>{"result"=>"8.886911586839197", "error"=>"0"}, "id"=>"735"}
  [1m[35mJob Load (0.2ms)[0m  SELECT "jobs".* FROM "jobs" WHERE "jobs"."id" = ? LIMIT 1  [["id", "735"]]
  [1m[36m (0.1ms)[0m  [1mbegin transaction[0m
  [1m[35m (0.4ms)[0m  UPDATE "jobs" SET "result" = '8.886911586839197', "error" = 0, "updated_at" = '2013-02-26 06:20:04.244660' WHERE "jobs"."id" = 735
  [1m[36m (2.2ms)[0m  [1mcommit transaction[0m
  [1m[35m (0.1ms)[0m  begin transaction
  [1m[36m (0.4ms)[0m  [1mUPDATE "jobs" SET "status" = 2, "success" = 't', "updated_at" = '2013-02-26 06:20:04.249196' WHERE "jobs"."id" = 735[0m
  [1m[35m (0.7ms)[0m  commit transaction
Completed 200 OK in 9ms (Views: 0.2ms | ActiveRecord: 4.0ms)


Started GET "/get/4.json" for 192.168.2.9 at 2013-02-25 23:20:04 -0700
Processing by JobsController#get as JSON
  Parameters: {"task_id"=>"4", "job"=>{}}
  [1m[36mJob Load (0.4ms)[0m  [1mSELECT "jobs".* FROM "jobs" WHERE (status =0 AND task_id = '4') LIMIT 1[0m
  [1m[35mCACHE (0.0ms)[0m  SELECT "jobs".* FROM "jobs" WHERE (status =0 AND task_id = '4') LIMIT 1
  [1m[36m (0.1ms)[0m  [1mbegin transaction[0m
  [1m[35m (0.5ms)[0m  UPDATE "jobs" SET "status" = 1, "updated_at" = '2013-02-26 06:20:04.271761' WHERE "jobs"."id" = 738
  [1m[36m (0.9ms)[0m  [1mcommit transaction[0m
Completed 200 OK in 9ms (Views: 1.3ms | ActiveRecord: 1.8ms)


Started PUT "/jobs/736" for 192.168.2.8 at 2013-02-25 23:20:04 -0700
Processing by JobsController#update as HTML
  Parameters: {"job"=>{"result"=>"8.852320722931013", "error"=>"0"}, "id"=>"736"}
  [1m[35mJob Load (0.1ms)[0m  SELECT "jobs".* FROM "jobs" WHERE "jobs"."id" = ? LIMIT 1  [["id", "736"]]
  [1m[36m (0.1ms)[0m  [1mbegin transaction[0m
  [1m[35m (0.4ms)[0m  UPDATE "jobs" SET "result" = '8.852320722931013', "error" = 0, "updated_at" = '2013-02-26 06:20:04.745362' WHERE "jobs"."id" = 736
  [1m[36m (2.2ms)[0m  [1mcommit transaction[0m
  [1m[35m (0.1ms)[0m  begin transaction
  [1m[36m (0.5ms)[0m  [1mUPDATE "jobs" SET "status" = 2, "success" = 't', "updated_at" = '2013-02-26 06:20:04.749503' WHERE "jobs"."id" = 736[0m
  [1m[35m (0.9ms)[0m  commit transaction
Completed 200 OK in 8ms (Views: 0.1ms | ActiveRecord: 4.3ms)


Started GET "/get/4.json" for 192.168.2.8 at 2013-02-25 23:20:04 -0700
Processing by JobsController#get as JSON
  Parameters: {"task_id"=>"4", "job"=>{}}
  [1m[36mJob Load (0.3ms)[0m  [1mSELECT "jobs".* FROM "jobs" WHERE (status =0 AND task_id = '4') LIMIT 1[0m
  [1m[35mCACHE (0.0ms)[0m  SELECT "jobs".* FROM "jobs" WHERE (status =0 AND task_id = '4') LIMIT 1
  [1m[36m (0.1ms)[0m  [1mbegin transaction[0m
  [1m[35m (0.3ms)[0m  UPDATE "jobs" SET "status" = 1, "updated_at" = '2013-02-26 06:20:04.766319' WHERE "jobs"."id" = 739
  [1m[36m (1.1ms)[0m  [1mcommit transaction[0m
Completed 200 OK in 6ms (Views: 0.7ms | ActiveRecord: 1.8ms)


Started PUT "/jobs/739" for 192.168.2.8 at 2013-02-25 23:20:23 -0700
Processing by JobsController#update as HTML
  Parameters: {"job"=>{"result"=>"8.762780326615024", "error"=>"0"}, "id"=>"739"}
  [1m[35mJob Load (0.1ms)[0m  SELECT "jobs".* FROM "jobs" WHERE "jobs"."id" = ? LIMIT 1  [["id", "739"]]
  [1m[36m (0.1ms)[0m  [1mbegin transaction[0m
  [1m[35m (0.5ms)[0m  UPDATE "jobs" SET "result" = '8.762780326615024', "error" = 0, "updated_at" = '2013-02-26 06:20:23.515113' WHERE "jobs"."id" = 739
  [1m[36m (1.3ms)[0m  [1mcommit transaction[0m
  [1m[35m (0.1ms)[0m  begin transaction
  [1m[36m (0.5ms)[0m  [1mUPDATE "jobs" SET "status" = 2, "success" = 't', "updated_at" = '2013-02-26 06:20:23.518419' WHERE "jobs"."id" = 739[0m
  [1m[35m (1.1ms)[0m  commit transaction
Completed 200 OK in 7ms (Views: 0.1ms | ActiveRecord: 3.6ms)


Started GET "/get/4.json" for 192.168.2.8 at 2013-02-25 23:20:23 -0700
Processing by JobsController#get as JSON
  Parameters: {"task_id"=>"4", "job"=>{}}
  [1m[36mJob Load (0.4ms)[0m  [1mSELECT "jobs".* FROM "jobs" WHERE (status =0 AND task_id = '4') LIMIT 1[0m
  [1m[35mCACHE (0.0ms)[0m  SELECT "jobs".* FROM "jobs" WHERE (status =0 AND task_id = '4') LIMIT 1
  [1m[36m (0.1ms)[0m  [1mbegin transaction[0m
  [1m[35m (0.4ms)[0m  UPDATE "jobs" SET "status" = 1, "updated_at" = '2013-02-26 06:20:23.629224' WHERE "jobs"."id" = 740
  [1m[36m (1.1ms)[0m  [1mcommit transaction[0m
Completed 200 OK in 8ms (Views: 1.1ms | ActiveRecord: 2.0ms)


Started PUT "/jobs/737" for 192.168.2.3 at 2013-02-25 23:20:31 -0700
Processing by JobsController#update as HTML
  Parameters: {"job"=>{"result"=>"8.726349255142507", "error"=>"0"}, "id"=>"737"}
  [1m[35mJob Load (0.1ms)[0m  SELECT "jobs".* FROM "jobs" WHERE "jobs"."id" = ? LIMIT 1  [["id", "737"]]
  [1m[36m (0.1ms)[0m  [1mbegin transaction[0m
  [1m[35m (0.3ms)[0m  UPDATE "jobs" SET "result" = '8.726349255142507', "error" = 0, "updated_at" = '2013-02-26 06:20:31.572338' WHERE "jobs"."id" = 737
  [1m[36m (2.3ms)[0m  [1mcommit transaction[0m
  [1m[35m (0.0ms)[0m  begin transaction
  [1m[36m (0.3ms)[0m  [1mUPDATE "jobs" SET "status" = 2, "success" = 't', "updated_at" = '2013-02-26 06:20:31.576489' WHERE "jobs"."id" = 737[0m
  [1m[35m (0.9ms)[0m  commit transaction
Completed 200 OK in 8ms (Views: 0.2ms | ActiveRecord: 4.0ms)


Started GET "/get/4.json" for 192.168.2.3 at 2013-02-25 23:20:31 -0700
Processing by JobsController#get as JSON
  Parameters: {"task_id"=>"4", "job"=>{}}
  [1m[36mJob Load (0.3ms)[0m  [1mSELECT "jobs".* FROM "jobs" WHERE (status =0 AND task_id = '4') LIMIT 1[0m
  [1m[35mCACHE (0.0ms)[0m  SELECT "jobs".* FROM "jobs" WHERE (status =0 AND task_id = '4') LIMIT 1
  [1m[36m (0.0ms)[0m  [1mbegin transaction[0m
  [1m[35m (0.4ms)[0m  UPDATE "jobs" SET "status" = 1, "updated_at" = '2013-02-26 06:20:31.629772' WHERE "jobs"."id" = 741
  [1m[36m (1.8ms)[0m  [1mcommit transaction[0m
Completed 200 OK in 7ms (Views: 0.7ms | ActiveRecord: 2.6ms)


Started PUT "/jobs/738" for 192.168.2.9 at 2013-02-25 23:20:36 -0700
Processing by JobsController#update as HTML
  Parameters: {"job"=>{"result"=>"8.601595748279648", "error"=>"0"}, "id"=>"738"}
  [1m[35mJob Load (0.1ms)[0m  SELECT "jobs".* FROM "jobs" WHERE "jobs"."id" = ? LIMIT 1  [["id", "738"]]
  [1m[36m (0.1ms)[0m  [1mbegin transaction[0m
  [1m[35m (0.3ms)[0m  UPDATE "jobs" SET "result" = '8.601595748279648', "error" = 0, "updated_at" = '2013-02-26 06:20:36.560235' WHERE "jobs"."id" = 738
  [1m[36m (1.1ms)[0m  [1mcommit transaction[0m
  [1m[35m (0.1ms)[0m  begin transaction
  [1m[36m (0.4ms)[0m  [1mUPDATE "jobs" SET "status" = 2, "success" = 't', "updated_at" = '2013-02-26 06:20:36.563093' WHERE "jobs"."id" = 738[0m
  [1m[35m (0.9ms)[0m  commit transaction
Completed 200 OK in 7ms (Views: 0.2ms | ActiveRecord: 3.0ms)


Started GET "/get/4.json" for 192.168.2.9 at 2013-02-25 23:20:36 -0700
Processing by JobsController#get as JSON
  Parameters: {"task_id"=>"4", "job"=>{}}
  [1m[36mJob Load (0.3ms)[0m  [1mSELECT "jobs".* FROM "jobs" WHERE (status =0 AND task_id = '4') LIMIT 1[0m
  [1m[35mCACHE (0.0ms)[0m  SELECT "jobs".* FROM "jobs" WHERE (status =0 AND task_id = '4') LIMIT 1
  [1m[36m (0.1ms)[0m  [1mbegin transaction[0m
  [1m[35m (0.4ms)[0m  UPDATE "jobs" SET "status" = 1, "updated_at" = '2013-02-26 06:20:36.612544' WHERE "jobs"."id" = 742
  [1m[36m (1.5ms)[0m  [1mcommit transaction[0m
Completed 200 OK in 6ms (Views: 0.8ms | ActiveRecord: 2.2ms)


Started PUT "/jobs/740" for 192.168.2.8 at 2013-02-25 23:20:41 -0700
Processing by JobsController#update as HTML
  Parameters: {"job"=>{"result"=>"8.869026473149326", "error"=>"0"}, "id"=>"740"}
  [1m[35mJob Load (0.1ms)[0m  SELECT "jobs".* FROM "jobs" WHERE "jobs"."id" = ? LIMIT 1  [["id", "740"]]
  [1m[36m (0.1ms)[0m  [1mbegin transaction[0m
  [1m[35m (0.4ms)[0m  UPDATE "jobs" SET "result" = '8.869026473149326', "error" = 0, "updated_at" = '2013-02-26 06:20:41.809815' WHERE "jobs"."id" = 740
  [1m[36m (1.3ms)[0m  [1mcommit transaction[0m
  [1m[35m (0.0ms)[0m  begin transaction
  [1m[36m (0.3ms)[0m  [1mUPDATE "jobs" SET "status" = 2, "success" = 't', "updated_at" = '2013-02-26 06:20:41.812928' WHERE "jobs"."id" = 740[0m
  [1m[35m (0.8ms)[0m  commit transaction
Completed 200 OK in 7ms (Views: 0.2ms | ActiveRecord: 3.1ms)


Started GET "/get/4.json" for 192.168.2.8 at 2013-02-25 23:20:41 -0700
Processing by JobsController#get as JSON
  Parameters: {"task_id"=>"4", "job"=>{}}
  [1m[36mJob Load (0.4ms)[0m  [1mSELECT "jobs".* FROM "jobs" WHERE (status =0 AND task_id = '4') LIMIT 1[0m
  [1m[35mCACHE (0.0ms)[0m  SELECT "jobs".* FROM "jobs" WHERE (status =0 AND task_id = '4') LIMIT 1
  [1m[36m (0.1ms)[0m  [1mbegin transaction[0m
  [1m[35m (18.1ms)[0m  UPDATE "jobs" SET "status" = 1, "updated_at" = '2013-02-26 06:20:41.838027' WHERE "jobs"."id" = 743
  [1m[36m (0.9ms)[0m  [1mcommit transaction[0m
Completed 200 OK in 25ms (Views: 1.0ms | ActiveRecord: 19.5ms)


Started PUT "/jobs/743" for 192.168.2.8 at 2013-02-25 23:21:00 -0700
Processing by JobsController#update as HTML
  Parameters: {"job"=>{"result"=>"8.623585013296868", "error"=>"0"}, "id"=>"743"}
  [1m[35mJob Load (0.2ms)[0m  SELECT "jobs".* FROM "jobs" WHERE "jobs"."id" = ? LIMIT 1  [["id", "743"]]
  [1m[36m (0.1ms)[0m  [1mbegin transaction[0m
  [1m[35m (0.3ms)[0m  UPDATE "jobs" SET "result" = '8.623585013296868', "error" = 0, "updated_at" = '2013-02-26 06:21:00.166923' WHERE "jobs"."id" = 743
  [1m[36m (2.2ms)[0m  [1mcommit transaction[0m
  [1m[35m (0.1ms)[0m  begin transaction
  [1m[36m (0.4ms)[0m  [1mUPDATE "jobs" SET "status" = 2, "success" = 't', "updated_at" = '2013-02-26 06:21:00.171120' WHERE "jobs"."id" = 743[0m
  [1m[35m (0.9ms)[0m  commit transaction
Completed 200 OK in 8ms (Views: 0.1ms | ActiveRecord: 4.1ms)


Started GET "/get/4.json" for 192.168.2.8 at 2013-02-25 23:21:00 -0700
Processing by JobsController#get as JSON
  Parameters: {"task_id"=>"4", "job"=>{}}
  [1m[36mJob Load (0.3ms)[0m  [1mSELECT "jobs".* FROM "jobs" WHERE (status =0 AND task_id = '4') LIMIT 1[0m
  [1m[35mCACHE (0.0ms)[0m  SELECT "jobs".* FROM "jobs" WHERE (status =0 AND task_id = '4') LIMIT 1
  [1m[36m (0.1ms)[0m  [1mbegin transaction[0m
  [1m[35m (0.3ms)[0m  UPDATE "jobs" SET "status" = 1, "updated_at" = '2013-02-26 06:21:00.230577' WHERE "jobs"."id" = 744
  [1m[36m (1.0ms)[0m  [1mcommit transaction[0m
Completed 200 OK in 6ms (Views: 0.8ms | ActiveRecord: 1.7ms)


Started PUT "/jobs/741" for 192.168.2.3 at 2013-02-25 23:21:02 -0700
Processing by JobsController#update as HTML
  Parameters: {"job"=>{"result"=>"8.880613237059373", "error"=>"0"}, "id"=>"741"}
  [1m[35mJob Load (0.2ms)[0m  SELECT "jobs".* FROM "jobs" WHERE "jobs"."id" = ? LIMIT 1  [["id", "741"]]
  [1m[36m (0.1ms)[0m  [1mbegin transaction[0m
  [1m[35m (0.3ms)[0m  UPDATE "jobs" SET "result" = '8.880613237059373', "error" = 0, "updated_at" = '2013-02-26 06:21:02.568464' WHERE "jobs"."id" = 741
  [1m[36m (2.1ms)[0m  [1mcommit transaction[0m
  [1m[35m (0.1ms)[0m  begin transaction
  [1m[36m (0.3ms)[0m  [1mUPDATE "jobs" SET "status" = 2, "success" = 't', "updated_at" = '2013-02-26 06:21:02.572727' WHERE "jobs"."id" = 741[0m
  [1m[35m (1.0ms)[0m  commit transaction
Completed 200 OK in 9ms (Views: 0.1ms | ActiveRecord: 4.1ms)


Started GET "/get/4.json" for 192.168.2.3 at 2013-02-25 23:21:02 -0700
Processing by JobsController#get as JSON
  Parameters: {"task_id"=>"4", "job"=>{}}
  [1m[36mJob Load (0.3ms)[0m  [1mSELECT "jobs".* FROM "jobs" WHERE (status =0 AND task_id = '4') LIMIT 1[0m
  [1m[35mCACHE (0.0ms)[0m  SELECT "jobs".* FROM "jobs" WHERE (status =0 AND task_id = '4') LIMIT 1
  [1m[36m (0.1ms)[0m  [1mbegin transaction[0m
  [1m[35m (0.3ms)[0m  UPDATE "jobs" SET "status" = 1, "updated_at" = '2013-02-26 06:21:02.631153' WHERE "jobs"."id" = 745
  [1m[36m (1.4ms)[0m  [1mcommit transaction[0m
Completed 200 OK in 6ms (Views: 0.7ms | ActiveRecord: 2.1ms)


Started PUT "/jobs/742" for 192.168.2.9 at 2013-02-25 23:21:09 -0700
Processing by JobsController#update as HTML
  Parameters: {"job"=>{"result"=>"8.794815112233628", "error"=>"0"}, "id"=>"742"}
  [1m[35mJob Load (0.1ms)[0m  SELECT "jobs".* FROM "jobs" WHERE "jobs"."id" = ? LIMIT 1  [["id", "742"]]
  [1m[36m (0.1ms)[0m  [1mbegin transaction[0m
  [1m[35m (0.3ms)[0m  UPDATE "jobs" SET "result" = '8.794815112233628', "error" = 0, "updated_at" = '2013-02-26 06:21:09.625071' WHERE "jobs"."id" = 742
  [1m[36m (2.1ms)[0m  [1mcommit transaction[0m
  [1m[35m (0.1ms)[0m  begin transaction
  [1m[36m (0.3ms)[0m  [1mUPDATE "jobs" SET "status" = 2, "success" = 't', "updated_at" = '2013-02-26 06:21:09.628997' WHERE "jobs"."id" = 742[0m
  [1m[35m (1.0ms)[0m  commit transaction
Completed 200 OK in 8ms (Views: 0.1ms | ActiveRecord: 4.0ms)


Started GET "/get/4.json" for 192.168.2.9 at 2013-02-25 23:21:09 -0700
Processing by JobsController#get as JSON
  Parameters: {"task_id"=>"4", "job"=>{}}
  [1m[36mJob Load (0.3ms)[0m  [1mSELECT "jobs".* FROM "jobs" WHERE (status =0 AND task_id = '4') LIMIT 1[0m
  [1m[35mCACHE (0.0ms)[0m  SELECT "jobs".* FROM "jobs" WHERE (status =0 AND task_id = '4') LIMIT 1
  [1m[36m (0.1ms)[0m  [1mbegin transaction[0m
  [1m[35m (0.4ms)[0m  UPDATE "jobs" SET "status" = 1, "updated_at" = '2013-02-26 06:21:09.666050' WHERE "jobs"."id" = 746
  [1m[36m (1.3ms)[0m  [1mcommit transaction[0m
Completed 200 OK in 7ms (Views: 0.8ms | ActiveRecord: 2.1ms)


Started PUT "/jobs/744" for 192.168.2.8 at 2013-02-25 23:21:18 -0700
Processing by JobsController#update as HTML
  Parameters: {"job"=>{"result"=>"8.684834220477853", "error"=>"0"}, "id"=>"744"}
  [1m[35mJob Load (0.2ms)[0m  SELECT "jobs".* FROM "jobs" WHERE "jobs"."id" = ? LIMIT 1  [["id", "744"]]
  [1m[36m (0.1ms)[0m  [1mbegin transaction[0m
  [1m[35m (0.4ms)[0m  UPDATE "jobs" SET "result" = '8.684834220477853', "error" = 0, "updated_at" = '2013-02-26 06:21:18.725923' WHERE "jobs"."id" = 744
  [1m[36m (2.5ms)[0m  [1mcommit transaction[0m
  [1m[35m (0.1ms)[0m  begin transaction
  [1m[36m (0.3ms)[0m  [1mUPDATE "jobs" SET "status" = 2, "success" = 't', "updated_at" = '2013-02-26 06:21:18.730323' WHERE "jobs"."id" = 744[0m
  [1m[35m (0.7ms)[0m  commit transaction
Completed 200 OK in 9ms (Views: 0.2ms | ActiveRecord: 4.2ms)


Started GET "/get/4.json" for 192.168.2.8 at 2013-02-25 23:21:18 -0700
Processing by JobsController#get as JSON
  Parameters: {"task_id"=>"4", "job"=>{}}
  [1m[36mJob Load (0.5ms)[0m  [1mSELECT "jobs".* FROM "jobs" WHERE (status =0 AND task_id = '4') LIMIT 1[0m
  [1m[35mCACHE (0.0ms)[0m  SELECT "jobs".* FROM "jobs" WHERE (status =0 AND task_id = '4') LIMIT 1
  [1m[36m (0.1ms)[0m  [1mbegin transaction[0m
  [1m[35m (0.4ms)[0m  UPDATE "jobs" SET "status" = 1, "updated_at" = '2013-02-26 06:21:18.750408' WHERE "jobs"."id" = 747
  [1m[36m (0.9ms)[0m  [1mcommit transaction[0m
Completed 200 OK in 7ms (Views: 0.8ms | ActiveRecord: 1.9ms)


Started PUT "/jobs/745" for 192.168.2.3 at 2013-02-25 23:21:33 -0700
Processing by JobsController#update as HTML
  Parameters: {"job"=>{"result"=>"8.830744492127932", "error"=>"0"}, "id"=>"745"}
  [1m[35mJob Load (0.1ms)[0m  SELECT "jobs".* FROM "jobs" WHERE "jobs"."id" = ? LIMIT 1  [["id", "745"]]
  [1m[36m (0.1ms)[0m  [1mbegin transaction[0m
  [1m[35m (0.3ms)[0m  UPDATE "jobs" SET "result" = '8.830744492127932', "error" = 0, "updated_at" = '2013-02-26 06:21:33.625355' WHERE "jobs"."id" = 745
  [1m[36m (2.5ms)[0m  [1mcommit transaction[0m
  [1m[35m (0.0ms)[0m  begin transaction
  [1m[36m (0.3ms)[0m  [1mUPDATE "jobs" SET "status" = 2, "success" = 't', "updated_at" = '2013-02-26 06:21:33.629550' WHERE "jobs"."id" = 745[0m
  [1m[35m (1.1ms)[0m  commit transaction
Completed 200 OK in 8ms (Views: 0.2ms | ActiveRecord: 4.4ms)


Started GET "/get/4.json" for 192.168.2.3 at 2013-02-25 23:21:33 -0700
Processing by JobsController#get as JSON
  Parameters: {"task_id"=>"4", "job"=>{}}
  [1m[36mJob Load (0.3ms)[0m  [1mSELECT "jobs".* FROM "jobs" WHERE (status =0 AND task_id = '4') LIMIT 1[0m
  [1m[35mCACHE (0.0ms)[0m  SELECT "jobs".* FROM "jobs" WHERE (status =0 AND task_id = '4') LIMIT 1
  [1m[36m (0.0ms)[0m  [1mbegin transaction[0m
  [1m[35m (0.3ms)[0m  UPDATE "jobs" SET "status" = 1, "updated_at" = '2013-02-26 06:21:33.660662' WHERE "jobs"."id" = 748
  [1m[36m (1.0ms)[0m  [1mcommit transaction[0m
Completed 200 OK in 6ms (Views: 0.7ms | ActiveRecord: 1.7ms)


Started PUT "/jobs/747" for 192.168.2.8 at 2013-02-25 23:21:37 -0700
Processing by JobsController#update as HTML
  Parameters: {"job"=>{"result"=>"8.845654799617611", "error"=>"0"}, "id"=>"747"}
  [1m[35mJob Load (0.1ms)[0m  SELECT "jobs".* FROM "jobs" WHERE "jobs"."id" = ? LIMIT 1  [["id", "747"]]
  [1m[36m (0.1ms)[0m  [1mbegin transaction[0m
  [1m[35m (0.3ms)[0m  UPDATE "jobs" SET "result" = '8.845654799617611', "error" = 0, "updated_at" = '2013-02-26 06:21:37.035718' WHERE "jobs"."id" = 747
  [1m[36m (2.6ms)[0m  [1mcommit transaction[0m
  [1m[35m (0.1ms)[0m  begin transaction
  [1m[36m (0.3ms)[0m  [1mUPDATE "jobs" SET "status" = 2, "success" = 't', "updated_at" = '2013-02-26 06:21:37.040183' WHERE "jobs"."id" = 747[0m
  [1m[35m (1.0ms)[0m  commit transaction
Completed 200 OK in 8ms (Views: 0.1ms | ActiveRecord: 4.5ms)


Started GET "/get/4.json" for 192.168.2.8 at 2013-02-25 23:21:37 -0700
Processing by JobsController#get as JSON
  Parameters: {"task_id"=>"4", "job"=>{}}
  [1m[36mJob Load (0.3ms)[0m  [1mSELECT "jobs".* FROM "jobs" WHERE (status =0 AND task_id = '4') LIMIT 1[0m
  [1m[35mCACHE (0.0ms)[0m  SELECT "jobs".* FROM "jobs" WHERE (status =0 AND task_id = '4') LIMIT 1
  [1m[36m (0.1ms)[0m  [1mbegin transaction[0m
  [1m[35m (0.5ms)[0m  UPDATE "jobs" SET "status" = 1, "updated_at" = '2013-02-26 06:21:37.059306' WHERE "jobs"."id" = 749
  [1m[36m (1.2ms)[0m  [1mcommit transaction[0m
Completed 200 OK in 6ms (Views: 0.7ms | ActiveRecord: 2.0ms)


Started PUT "/jobs/746" for 192.168.2.9 at 2013-02-25 23:21:42 -0700
Processing by JobsController#update as HTML
  Parameters: {"job"=>{"result"=>"8.887814481661662", "error"=>"0"}, "id"=>"746"}
  [1m[35mJob Load (0.1ms)[0m  SELECT "jobs".* FROM "jobs" WHERE "jobs"."id" = ? LIMIT 1  [["id", "746"]]
  [1m[36m (0.1ms)[0m  [1mbegin transaction[0m
  [1m[35m (0.3ms)[0m  UPDATE "jobs" SET "result" = '8.887814481661662', "error" = 0, "updated_at" = '2013-02-26 06:21:42.085963' WHERE "jobs"."id" = 746
  [1m[36m (2.3ms)[0m  [1mcommit transaction[0m
  [1m[35m (0.1ms)[0m  begin transaction
  [1m[36m (0.2ms)[0m  [1mUPDATE "jobs" SET "status" = 2, "success" = 't', "updated_at" = '2013-02-26 06:21:42.090098' WHERE "jobs"."id" = 746[0m
  [1m[35m (1.0ms)[0m  commit transaction
Completed 200 OK in 8ms (Views: 0.1ms | ActiveRecord: 4.1ms)


Started GET "/get/4.json" for 192.168.2.9 at 2013-02-25 23:21:42 -0700
Processing by JobsController#get as JSON
  Parameters: {"task_id"=>"4", "job"=>{}}
  [1m[36mJob Load (0.3ms)[0m  [1mSELECT "jobs".* FROM "jobs" WHERE (status =0 AND task_id = '4') LIMIT 1[0m
  [1m[35mCACHE (0.0ms)[0m  SELECT "jobs".* FROM "jobs" WHERE (status =0 AND task_id = '4') LIMIT 1
  [1m[36m (0.0ms)[0m  [1mbegin transaction[0m
  [1m[35m (0.4ms)[0m  UPDATE "jobs" SET "status" = 1, "updated_at" = '2013-02-26 06:21:42.106629' WHERE "jobs"."id" = 750
  [1m[36m (1.4ms)[0m  [1mcommit transaction[0m
Completed 200 OK in 6ms (Views: 0.8ms | ActiveRecord: 2.1ms)


Started PUT "/jobs/749" for 192.168.2.8 at 2013-02-25 23:21:55 -0700
Processing by JobsController#update as HTML
  Parameters: {"job"=>{"result"=>"8.60642038860809", "error"=>"0"}, "id"=>"749"}
  [1m[35mJob Load (0.1ms)[0m  SELECT "jobs".* FROM "jobs" WHERE "jobs"."id" = ? LIMIT 1  [["id", "749"]]
  [1m[36m (0.1ms)[0m  [1mbegin transaction[0m
  [1m[35m (0.3ms)[0m  UPDATE "jobs" SET "result" = '8.60642038860809', "error" = 0, "updated_at" = '2013-02-26 06:21:55.428775' WHERE "jobs"."id" = 749
  [1m[36m (2.1ms)[0m  [1mcommit transaction[0m
  [1m[35m (0.1ms)[0m  begin transaction
  [1m[36m (0.3ms)[0m  [1mUPDATE "jobs" SET "status" = 2, "success" = 't', "updated_at" = '2013-02-26 06:21:55.432955' WHERE "jobs"."id" = 749[0m
  [1m[35m (0.8ms)[0m  commit transaction
Completed 200 OK in 8ms (Views: 0.2ms | ActiveRecord: 3.8ms)


Started GET "/get/4.json" for 192.168.2.8 at 2013-02-25 23:21:55 -0700
Processing by JobsController#get as JSON
  Parameters: {"task_id"=>"4", "job"=>{}}
  [1m[36mJob Load (0.5ms)[0m  [1mSELECT "jobs".* FROM "jobs" WHERE (status =0 AND task_id = '4') LIMIT 1[0m
  [1m[35mCACHE (0.0ms)[0m  SELECT "jobs".* FROM "jobs" WHERE (status =0 AND task_id = '4') LIMIT 1
  [1m[36m (0.1ms)[0m  [1mbegin transaction[0m
  [1m[35m (0.4ms)[0m  UPDATE "jobs" SET "status" = 1, "updated_at" = '2013-02-26 06:21:55.496915' WHERE "jobs"."id" = 751
  [1m[36m (1.4ms)[0m  [1mcommit transaction[0m
Completed 200 OK in 8ms (Views: 0.9ms | ActiveRecord: 2.4ms)


Started PUT "/jobs/748" for 192.168.2.3 at 2013-02-25 23:22:05 -0700
Processing by JobsController#update as HTML
  Parameters: {"job"=>{"result"=>"8.713148833125405", "error"=>"0"}, "id"=>"748"}
  [1m[35mJob Load (0.2ms)[0m  SELECT "jobs".* FROM "jobs" WHERE "jobs"."id" = ? LIMIT 1  [["id", "748"]]
  [1m[36m (0.1ms)[0m  [1mbegin transaction[0m
  [1m[35m (0.5ms)[0m  UPDATE "jobs" SET "result" = '8.713148833125405', "error" = 0, "updated_at" = '2013-02-26 06:22:05.066853' WHERE "jobs"."id" = 748
  [1m[36m (25.2ms)[0m  [1mcommit transaction[0m
  [1m[35m (0.1ms)[0m  begin transaction
  [1m[36m (0.3ms)[0m  [1mUPDATE "jobs" SET "status" = 2, "success" = 't', "updated_at" = '2013-02-26 06:22:05.094702' WHERE "jobs"."id" = 748[0m
  [1m[35m (0.9ms)[0m  commit transaction
Completed 200 OK in 32ms (Views: 0.2ms | ActiveRecord: 27.2ms)


Started GET "/get/4.json" for 192.168.2.3 at 2013-02-25 23:22:05 -0700
Processing by JobsController#get as JSON
  Parameters: {"task_id"=>"4", "job"=>{}}
  [1m[36mJob Load (0.4ms)[0m  [1mSELECT "jobs".* FROM "jobs" WHERE (status =0 AND task_id = '4') LIMIT 1[0m
Completed 200 OK in 7ms (Views: 0.2ms | ActiveRecord: 0.4ms)


Started PUT "/jobs/751" for 192.168.2.8 at 2013-02-25 23:22:14 -0700
Processing by JobsController#update as HTML
  Parameters: {"job"=>{"result"=>"8.873468660703107", "error"=>"0"}, "id"=>"751"}
  [1m[35mJob Load (0.1ms)[0m  SELECT "jobs".* FROM "jobs" WHERE "jobs"."id" = ? LIMIT 1  [["id", "751"]]
  [1m[36m (0.1ms)[0m  [1mbegin transaction[0m
  [1m[35m (0.4ms)[0m  UPDATE "jobs" SET "result" = '8.873468660703107', "error" = 0, "updated_at" = '2013-02-26 06:22:14.167080' WHERE "jobs"."id" = 751
  [1m[36m (11.1ms)[0m  [1mcommit transaction[0m
  [1m[35m (0.1ms)[0m  begin transaction
  [1m[36m (0.4ms)[0m  [1mUPDATE "jobs" SET "status" = 2, "success" = 't', "updated_at" = '2013-02-26 06:22:14.180359' WHERE "jobs"."id" = 751[0m
  [1m[35m (0.8ms)[0m  commit transaction
Completed 200 OK in 18ms (Views: 0.2ms | ActiveRecord: 13.0ms)


Started GET "/get/4.json" for 192.168.2.8 at 2013-02-25 23:22:14 -0700
Processing by JobsController#get as JSON
  Parameters: {"task_id"=>"4", "job"=>{}}
  [1m[36mJob Load (0.4ms)[0m  [1mSELECT "jobs".* FROM "jobs" WHERE (status =0 AND task_id = '4') LIMIT 1[0m
Completed 200 OK in 3ms (Views: 0.2ms | ActiveRecord: 0.4ms)


Started PUT "/jobs/750" for 192.168.2.9 at 2013-02-25 23:22:15 -0700
Processing by JobsController#update as HTML
  Parameters: {"job"=>{"result"=>"8.773941345339713", "error"=>"0"}, "id"=>"750"}
  [1m[35mJob Load (0.1ms)[0m  SELECT "jobs".* FROM "jobs" WHERE "jobs"."id" = ? LIMIT 1  [["id", "750"]]
  [1m[36m (0.1ms)[0m  [1mbegin transaction[0m
  [1m[35m (0.4ms)[0m  UPDATE "jobs" SET "result" = '8.773941345339713', "error" = 0, "updated_at" = '2013-02-26 06:22:15.026244' WHERE "jobs"."id" = 750
  [1m[36m (2.4ms)[0m  [1mcommit transaction[0m
  [1m[35m (0.1ms)[0m  begin transaction
  [1m[36m (0.4ms)[0m  [1mUPDATE "jobs" SET "status" = 2, "success" = 't', "updated_at" = '2013-02-26 06:22:15.030514' WHERE "jobs"."id" = 750[0m
  [1m[35m (0.8ms)[0m  commit transaction
Completed 200 OK in 8ms (Views: 0.1ms | ActiveRecord: 4.1ms)


Started GET "/get/4.json" for 192.168.2.9 at 2013-02-25 23:22:15 -0700
Processing by JobsController#get as JSON
  Parameters: {"task_id"=>"4", "job"=>{}}
  [1m[36mJob Load (0.3ms)[0m  [1mSELECT "jobs".* FROM "jobs" WHERE (status =0 AND task_id = '4') LIMIT 1[0m
Completed 200 OK in 2ms (Views: 0.1ms | ActiveRecord: 0.3ms)
