Connecting to database specified by database.yml
Connecting to database specified by database.yml
Connecting to database specified by database.yml


Started GET "/get/4.json" for 192.168.2.25 at 2013-02-24 18:16:24 -0700
Processing by JobsController#get as JSON
  Parameters: {"task_id"=>"4", "job"=>{}}
  [1m[36mJob Load (1.2ms)[0m  [1mSELECT "jobs".* FROM "jobs" WHERE (status =0 AND task_id = '4') LIMIT 1[0m
  [1m[35mCACHE (0.0ms)[0m  SELECT "jobs".* FROM "jobs" WHERE (status =0 AND task_id = '4') LIMIT 1
  [1m[36m (0.1ms)[0m  [1mbegin transaction[0m
  [1m[35m (0.4ms)[0m  UPDATE "jobs" SET "status" = 1, "updated_at" = '2013-02-25 01:16:24.898772' WHERE "jobs"."id" = 191
  [1m[36m (49.6ms)[0m  [1mcommit transaction[0m
Completed 200 OK in 174ms (Views: 3.2ms | ActiveRecord: 54.0ms)


Started GET "/get/4.json" for 127.0.0.1 at 2013-02-24 18:16:32 -0700
Processing by JobsController#get as JSON
  Parameters: {"task_id"=>"4", "job"=>{}}
  [1m[35mJob Load (0.5ms)[0m  SELECT "jobs".* FROM "jobs" WHERE (status =0 AND task_id = '4') LIMIT 1
  [1m[36mCACHE (0.0ms)[0m  [1mSELECT "jobs".* FROM "jobs" WHERE (status =0 AND task_id = '4') LIMIT 1[0m
  [1m[35m (0.1ms)[0m  begin transaction
  [1m[36m (0.5ms)[0m  [1mUPDATE "jobs" SET "status" = 1, "updated_at" = '2013-02-25 01:16:32.746866' WHERE "jobs"."id" = 192[0m
  [1m[35m (1.1ms)[0m  commit transaction
Completed 200 OK in 10ms (Views: 1.5ms | ActiveRecord: 2.2ms)


Started GET "/get/4.json" for 192.168.2.25 at 2013-02-24 18:17:06 -0700
Processing by JobsController#get as JSON
  Parameters: {"task_id"=>"4", "job"=>{}}
  [1m[36mJob Load (0.3ms)[0m  [1mSELECT "jobs".* FROM "jobs" WHERE (status =0 AND task_id = '4') LIMIT 1[0m
  [1m[35mCACHE (0.0ms)[0m  SELECT "jobs".* FROM "jobs" WHERE (status =0 AND task_id = '4') LIMIT 1
  [1m[36m (0.1ms)[0m  [1mbegin transaction[0m
  [1m[35m (0.4ms)[0m  UPDATE "jobs" SET "status" = 1, "updated_at" = '2013-02-25 01:17:06.951746' WHERE "jobs"."id" = 193
  [1m[36m (2.5ms)[0m  [1mcommit transaction[0m
Completed 200 OK in 10ms (Views: 1.1ms | ActiveRecord: 3.3ms)


Started PUT "/jobs/192" for 127.0.0.1 at 2013-02-24 18:17:22 -0700
Processing by JobsController#update as HTML
  Parameters: {"job"=>{"result"=>"8.813774524793141", "error"=>"0"}, "id"=>"192"}
  [1m[35mJob Load (0.3ms)[0m  SELECT "jobs".* FROM "jobs" WHERE "jobs"."id" = ? LIMIT 1  [["id", "192"]]
  [1m[36m (0.1ms)[0m  [1mbegin transaction[0m
  [1m[35m (0.5ms)[0m  UPDATE "jobs" SET "result" = '8.813774524793141', "error" = 0, "updated_at" = '2013-02-25 01:17:22.045442' WHERE "jobs"."id" = 192
  [1m[36m (2.0ms)[0m  [1mcommit transaction[0m
  [1m[35m (0.1ms)[0m  begin transaction
  [1m[36m (0.3ms)[0m  [1mUPDATE "jobs" SET "status" = 2, "success" = 't', "updated_at" = '2013-02-25 01:17:22.050280' WHERE "jobs"."id" = 192[0m
  [1m[35m (0.6ms)[0m  commit transaction
Completed 200 OK in 10ms (Views: 0.3ms | ActiveRecord: 3.9ms)


Started GET "/get/4.json" for 127.0.0.1 at 2013-02-24 18:17:22 -0700
Processing by JobsController#get as JSON
  Parameters: {"task_id"=>"4", "job"=>{}}
  [1m[36mJob Load (0.3ms)[0m  [1mSELECT "jobs".* FROM "jobs" WHERE (status =0 AND task_id = '4') LIMIT 1[0m
  [1m[35mCACHE (0.0ms)[0m  SELECT "jobs".* FROM "jobs" WHERE (status =0 AND task_id = '4') LIMIT 1
  [1m[36m (0.1ms)[0m  [1mbegin transaction[0m
  [1m[35m (27.8ms)[0m  UPDATE "jobs" SET "status" = 1, "updated_at" = '2013-02-25 01:17:22.070799' WHERE "jobs"."id" = 194
  [1m[36m (27.0ms)[0m  [1mcommit transaction[0m
Completed 200 OK in 61ms (Views: 1.0ms | ActiveRecord: 55.2ms)


Started PUT "/jobs/194" for 127.0.0.1 at 2013-02-24 18:18:11 -0700
Processing by JobsController#update as HTML
  Parameters: {"job"=>{"result"=>"8.858447285483166", "error"=>"0"}, "id"=>"194"}
  [1m[35mJob Load (0.1ms)[0m  SELECT "jobs".* FROM "jobs" WHERE "jobs"."id" = ? LIMIT 1  [["id", "194"]]
  [1m[36m (0.1ms)[0m  [1mbegin transaction[0m
  [1m[35m (0.8ms)[0m  UPDATE "jobs" SET "result" = '8.858447285483166', "error" = 0, "updated_at" = '2013-02-25 01:18:11.678917' WHERE "jobs"."id" = 194
  [1m[36m (1.3ms)[0m  [1mcommit transaction[0m
  [1m[35m (0.1ms)[0m  begin transaction
  [1m[36m (0.4ms)[0m  [1mUPDATE "jobs" SET "status" = 2, "success" = 't', "updated_at" = '2013-02-25 01:18:11.682985' WHERE "jobs"."id" = 194[0m
  [1m[35m (1.1ms)[0m  commit transaction
Completed 200 OK in 8ms (Views: 0.1ms | ActiveRecord: 3.9ms)


Started GET "/get/4.json" for 127.0.0.1 at 2013-02-24 18:18:11 -0700
Processing by JobsController#get as JSON
  Parameters: {"task_id"=>"4", "job"=>{}}
  [1m[36mJob Load (0.4ms)[0m  [1mSELECT "jobs".* FROM "jobs" WHERE (status =0 AND task_id = '4') LIMIT 1[0m
  [1m[35mCACHE (0.0ms)[0m  SELECT "jobs".* FROM "jobs" WHERE (status =0 AND task_id = '4') LIMIT 1
  [1m[36m (0.1ms)[0m  [1mbegin transaction[0m
  [1m[35m (0.5ms)[0m  UPDATE "jobs" SET "status" = 1, "updated_at" = '2013-02-25 01:18:11.698921' WHERE "jobs"."id" = 195
  [1m[36m (0.8ms)[0m  [1mcommit transaction[0m
Completed 200 OK in 9ms (Views: 1.3ms | ActiveRecord: 1.8ms)


Started PUT "/jobs/195" for 127.0.0.1 at 2013-02-24 18:19:00 -0700
Processing by JobsController#update as HTML
  Parameters: {"job"=>{"result"=>"8.739002577310925", "error"=>"0"}, "id"=>"195"}
  [1m[35mJob Load (0.1ms)[0m  SELECT "jobs".* FROM "jobs" WHERE "jobs"."id" = ? LIMIT 1  [["id", "195"]]
  [1m[36m (0.1ms)[0m  [1mbegin transaction[0m
  [1m[35m (23.8ms)[0m  UPDATE "jobs" SET "result" = '8.739002577310925', "error" = 0, "updated_at" = '2013-02-25 01:19:00.919578' WHERE "jobs"."id" = 195
  [1m[36m (102.2ms)[0m  [1mcommit transaction[0m
  [1m[35m (0.1ms)[0m  begin transaction
  [1m[36m (30.6ms)[0m  [1mUPDATE "jobs" SET "status" = 2, "success" = 't', "updated_at" = '2013-02-25 01:19:01.047782' WHERE "jobs"."id" = 195[0m
  [1m[35m (52.6ms)[0m  commit transaction
Completed 200 OK in 215ms (Views: 0.2ms | ActiveRecord: 209.6ms)


Started GET "/get/4.json" for 127.0.0.1 at 2013-02-24 18:19:01 -0700
Processing by JobsController#get as JSON
  Parameters: {"task_id"=>"4", "job"=>{}}
  [1m[36mJob Load (0.4ms)[0m  [1mSELECT "jobs".* FROM "jobs" WHERE (status =0 AND task_id = '4') LIMIT 1[0m
  [1m[35mCACHE (0.0ms)[0m  SELECT "jobs".* FROM "jobs" WHERE (status =0 AND task_id = '4') LIMIT 1
  [1m[36m (0.1ms)[0m  [1mbegin transaction[0m
  [1m[35m (0.7ms)[0m  UPDATE "jobs" SET "status" = 1, "updated_at" = '2013-02-25 01:19:01.184416' WHERE "jobs"."id" = 196
  [1m[36m (18.4ms)[0m  [1mcommit transaction[0m
Completed 200 OK in 25ms (Views: 0.8ms | ActiveRecord: 19.6ms)
  [1m[36mJob Load (10.0ms)[0m  [1mSELECT "jobs".* FROM "jobs" WHERE "jobs"."id" = ? LIMIT 1[0m  [["id", 191]]
  [1m[35m (0.1ms)[0m  begin transaction
  [1m[36m (0.5ms)[0m  [1mUPDATE "jobs" SET "failcount" = 1, "status" = 0, "updated_at" = '2013-02-25 01:19:45.128166' WHERE "jobs"."id" = 191[0m
  [1m[35m (2.1ms)[0m  commit transaction


Started PUT "/jobs/196" for 127.0.0.1 at 2013-02-24 18:19:48 -0700
Processing by JobsController#update as HTML
  Parameters: {"job"=>{"result"=>"8.599197181523898", "error"=>"0"}, "id"=>"196"}
  [1m[35mJob Load (0.2ms)[0m  SELECT "jobs".* FROM "jobs" WHERE "jobs"."id" = ? LIMIT 1  [["id", "196"]]
  [1m[36m (0.1ms)[0m  [1mbegin transaction[0m
  [1m[35m (0.3ms)[0m  UPDATE "jobs" SET "result" = '8.599197181523898', "error" = 0, "updated_at" = '2013-02-25 01:19:48.285106' WHERE "jobs"."id" = 196
  [1m[36m (2.3ms)[0m  [1mcommit transaction[0m
  [1m[35m (0.1ms)[0m  begin transaction
  [1m[36m (0.4ms)[0m  [1mUPDATE "jobs" SET "status" = 2, "success" = 't', "updated_at" = '2013-02-25 01:19:48.289256' WHERE "jobs"."id" = 196[0m
  [1m[35m (0.9ms)[0m  commit transaction
Completed 200 OK in 8ms (Views: 0.2ms | ActiveRecord: 4.1ms)


Started GET "/get/4.json" for 127.0.0.1 at 2013-02-24 18:19:48 -0700
Processing by JobsController#get as JSON
  Parameters: {"task_id"=>"4", "job"=>{}}
  [1m[36mJob Load (0.8ms)[0m  [1mSELECT "jobs".* FROM "jobs" WHERE (status =0 AND task_id = '4') LIMIT 1[0m
  [1m[35mCACHE (0.0ms)[0m  SELECT "jobs".* FROM "jobs" WHERE (status =0 AND task_id = '4') LIMIT 1
  [1m[36m (0.1ms)[0m  [1mbegin transaction[0m
  [1m[35m (0.4ms)[0m  UPDATE "jobs" SET "status" = 1, "updated_at" = '2013-02-25 01:19:48.304450' WHERE "jobs"."id" = 191
  [1m[36m (1.3ms)[0m  [1mcommit transaction[0m
Completed 200 OK in 8ms (Views: 0.9ms | ActiveRecord: 2.6ms)
  [1m[36mJob Load (0.2ms)[0m  [1mSELECT "jobs".* FROM "jobs" WHERE "jobs"."id" = ? LIMIT 1[0m  [["id", 192]]


Started GET "/get/4.json" for 192.168.2.9 at 2013-02-24 18:20:20 -0700
Processing by JobsController#get as JSON
  Parameters: {"task_id"=>"4", "job"=>{}}
  [1m[35mJob Load (0.3ms)[0m  SELECT "jobs".* FROM "jobs" WHERE (status =0 AND task_id = '4') LIMIT 1
  [1m[36mCACHE (0.0ms)[0m  [1mSELECT "jobs".* FROM "jobs" WHERE (status =0 AND task_id = '4') LIMIT 1[0m
  [1m[35m (0.1ms)[0m  begin transaction
  [1m[36m (0.4ms)[0m  [1mUPDATE "jobs" SET "status" = 1, "updated_at" = '2013-02-25 01:20:20.196318' WHERE "jobs"."id" = 197[0m
  [1m[35m (2.3ms)[0m  commit transaction
Completed 200 OK in 8ms (Views: 0.9ms | ActiveRecord: 3.1ms)
  [1m[35mJob Load (0.2ms)[0m  SELECT "jobs".* FROM "jobs" WHERE "jobs"."id" = ? LIMIT 1  [["id", 193]]
  [1m[36m (0.1ms)[0m  [1mbegin transaction[0m
  [1m[35m (0.4ms)[0m  UPDATE "jobs" SET "failcount" = 1, "status" = 0, "updated_at" = '2013-02-25 01:20:26.963799' WHERE "jobs"."id" = 193
  [1m[36m (2.2ms)[0m  [1mcommit transaction[0m


Started GET "/get/4.json" for 192.168.2.8 at 2013-02-24 18:20:27 -0700
Processing by JobsController#get as JSON
  Parameters: {"task_id"=>"4", "job"=>{}}
  [1m[36mJob Load (0.8ms)[0m  [1mSELECT "jobs".* FROM "jobs" WHERE (status =0 AND task_id = '4') LIMIT 1[0m
  [1m[35mCACHE (0.0ms)[0m  SELECT "jobs".* FROM "jobs" WHERE (status =0 AND task_id = '4') LIMIT 1
  [1m[36m (0.1ms)[0m  [1mbegin transaction[0m
  [1m[35m (0.5ms)[0m  UPDATE "jobs" SET "status" = 1, "updated_at" = '2013-02-25 01:20:27.532792' WHERE "jobs"."id" = 193
  [1m[36m (0.9ms)[0m  [1mcommit transaction[0m
Completed 200 OK in 8ms (Views: 1.1ms | ActiveRecord: 2.3ms)


Started PUT "/jobs/191" for 127.0.0.1 at 2013-02-24 18:20:34 -0700
Processing by JobsController#update as HTML
  Parameters: {"job"=>{"result"=>"8.652353069280036", "error"=>"0"}, "id"=>"191"}
  [1m[35mJob Load (0.2ms)[0m  SELECT "jobs".* FROM "jobs" WHERE "jobs"."id" = ? LIMIT 1  [["id", "191"]]
  [1m[36m (0.1ms)[0m  [1mbegin transaction[0m
  [1m[35m (0.4ms)[0m  UPDATE "jobs" SET "result" = '8.652353069280036', "error" = 0, "updated_at" = '2013-02-25 01:20:34.354531' WHERE "jobs"."id" = 191
  [1m[36m (2.3ms)[0m  [1mcommit transaction[0m
  [1m[35m (0.1ms)[0m  begin transaction
  [1m[36m (0.5ms)[0m  [1mUPDATE "jobs" SET "status" = 2, "success" = 't', "updated_at" = '2013-02-25 01:20:34.358968' WHERE "jobs"."id" = 191[0m
  [1m[35m (0.7ms)[0m  commit transaction
Completed 200 OK in 9ms (Views: 0.1ms | ActiveRecord: 4.2ms)


Started GET "/get/4.json" for 127.0.0.1 at 2013-02-24 18:20:34 -0700
Processing by JobsController#get as JSON
  Parameters: {"task_id"=>"4", "job"=>{}}
  [1m[36mJob Load (0.3ms)[0m  [1mSELECT "jobs".* FROM "jobs" WHERE (status =0 AND task_id = '4') LIMIT 1[0m
  [1m[35mCACHE (0.0ms)[0m  SELECT "jobs".* FROM "jobs" WHERE (status =0 AND task_id = '4') LIMIT 1
  [1m[36m (0.1ms)[0m  [1mbegin transaction[0m
  [1m[35m (0.4ms)[0m  UPDATE "jobs" SET "status" = 1, "updated_at" = '2013-02-25 01:20:34.373561' WHERE "jobs"."id" = 198
  [1m[36m (0.7ms)[0m  [1mcommit transaction[0m
Completed 200 OK in 7ms (Views: 0.8ms | ActiveRecord: 1.5ms)
  [1m[35mJob Load (0.2ms)[0m  SELECT "jobs".* FROM "jobs" WHERE "jobs"."id" = ? LIMIT 1  [["id", 194]]


Started PUT "/jobs/198" for 127.0.0.1 at 2013-02-24 18:21:21 -0700
Processing by JobsController#update as HTML
  Parameters: {"job"=>{"result"=>"8.864018986862945", "error"=>"0"}, "id"=>"198"}
  [1m[35mJob Load (0.1ms)[0m  SELECT "jobs".* FROM "jobs" WHERE "jobs"."id" = ? LIMIT 1  [["id", "198"]]
  [1m[36m (0.1ms)[0m  [1mbegin transaction[0m
  [1m[35m (0.3ms)[0m  UPDATE "jobs" SET "result" = '8.864018986862945', "error" = 0, "updated_at" = '2013-02-25 01:21:21.472169' WHERE "jobs"."id" = 198
  [1m[36m (2.2ms)[0m  [1mcommit transaction[0m
  [1m[35m (0.0ms)[0m  begin transaction
  [1m[36m (0.4ms)[0m  [1mUPDATE "jobs" SET "status" = 2, "success" = 't', "updated_at" = '2013-02-25 01:21:21.476224' WHERE "jobs"."id" = 198[0m
  [1m[35m (0.8ms)[0m  commit transaction
Completed 200 OK in 9ms (Views: 0.1ms | ActiveRecord: 4.0ms)


Started GET "/get/4.json" for 127.0.0.1 at 2013-02-24 18:21:21 -0700
Processing by JobsController#get as JSON
  Parameters: {"task_id"=>"4", "job"=>{}}
  [1m[36mJob Load (0.4ms)[0m  [1mSELECT "jobs".* FROM "jobs" WHERE (status =0 AND task_id = '4') LIMIT 1[0m
  [1m[35mCACHE (0.0ms)[0m  SELECT "jobs".* FROM "jobs" WHERE (status =0 AND task_id = '4') LIMIT 1
  [1m[36m (0.1ms)[0m  [1mbegin transaction[0m
  [1m[35m (0.4ms)[0m  UPDATE "jobs" SET "status" = 1, "updated_at" = '2013-02-25 01:21:21.491716' WHERE "jobs"."id" = 199
  [1m[36m (1.1ms)[0m  [1mcommit transaction[0m
Completed 200 OK in 8ms (Views: 0.9ms | ActiveRecord: 2.0ms)
  [1m[36mJob Load (0.2ms)[0m  [1mSELECT "jobs".* FROM "jobs" WHERE "jobs"."id" = ? LIMIT 1[0m  [["id", 195]]


Started PUT "/jobs/199" for 127.0.0.1 at 2013-02-24 18:22:09 -0700
Processing by JobsController#update as HTML
  Parameters: {"job"=>{"result"=>"8.883311142551603", "error"=>"0"}, "id"=>"199"}
  [1m[35mJob Load (0.1ms)[0m  SELECT "jobs".* FROM "jobs" WHERE "jobs"."id" = ? LIMIT 1  [["id", "199"]]
  [1m[36m (0.1ms)[0m  [1mbegin transaction[0m
  [1m[35m (0.3ms)[0m  UPDATE "jobs" SET "result" = '8.883311142551603', "error" = 0, "updated_at" = '2013-02-25 01:22:09.632101' WHERE "jobs"."id" = 199
  [1m[36m (2.1ms)[0m  [1mcommit transaction[0m
  [1m[35m (0.1ms)[0m  begin transaction
  [1m[36m (0.3ms)[0m  [1mUPDATE "jobs" SET "status" = 2, "success" = 't', "updated_at" = '2013-02-25 01:22:09.636023' WHERE "jobs"."id" = 199[0m
  [1m[35m (0.9ms)[0m  commit transaction
Completed 200 OK in 8ms (Views: 0.1ms | ActiveRecord: 3.8ms)


Started GET "/get/4.json" for 127.0.0.1 at 2013-02-24 18:22:09 -0700
Processing by JobsController#get as JSON
  Parameters: {"task_id"=>"4", "job"=>{}}
  [1m[36mJob Load (0.4ms)[0m  [1mSELECT "jobs".* FROM "jobs" WHERE (status =0 AND task_id = '4') LIMIT 1[0m
  [1m[35mCACHE (0.0ms)[0m  SELECT "jobs".* FROM "jobs" WHERE (status =0 AND task_id = '4') LIMIT 1
  [1m[36m (0.1ms)[0m  [1mbegin transaction[0m
  [1m[35m (0.5ms)[0m  UPDATE "jobs" SET "status" = 1, "updated_at" = '2013-02-25 01:22:09.651156' WHERE "jobs"."id" = 200
  [1m[36m (0.8ms)[0m  [1mcommit transaction[0m
Completed 200 OK in 9ms (Views: 1.2ms | ActiveRecord: 1.8ms)
  [1m[35mJob Load (0.2ms)[0m  SELECT "jobs".* FROM "jobs" WHERE "jobs"."id" = ? LIMIT 1  [["id", 196]]


Started PUT "/jobs/200" for 127.0.0.1 at 2013-02-24 18:22:56 -0700
Processing by JobsController#update as HTML
  Parameters: {"job"=>{"result"=>"8.804540165090957", "error"=>"0"}, "id"=>"200"}
  [1m[35mJob Load (0.2ms)[0m  SELECT "jobs".* FROM "jobs" WHERE "jobs"."id" = ? LIMIT 1  [["id", "200"]]
  [1m[36m (0.1ms)[0m  [1mbegin transaction[0m
  [1m[35m (0.4ms)[0m  UPDATE "jobs" SET "result" = '8.804540165090957', "error" = 0, "updated_at" = '2013-02-25 01:22:56.825380' WHERE "jobs"."id" = 200
  [1m[36m (23.1ms)[0m  [1mcommit transaction[0m
  [1m[35m (0.1ms)[0m  begin transaction
  [1m[36m (0.6ms)[0m  [1mUPDATE "jobs" SET "status" = 2, "success" = 't', "updated_at" = '2013-02-25 01:22:56.851391' WHERE "jobs"."id" = 200[0m
  [1m[35m (1.4ms)[0m  commit transaction
Completed 200 OK in 33ms (Views: 0.2ms | ActiveRecord: 25.9ms)


Started GET "/get/4.json" for 127.0.0.1 at 2013-02-24 18:22:56 -0700
Processing by JobsController#get as JSON
  Parameters: {"task_id"=>"4", "job"=>{}}
  [1m[36mJob Load (0.5ms)[0m  [1mSELECT "jobs".* FROM "jobs" WHERE (status =0 AND task_id = '4') LIMIT 1[0m
Completed 200 OK in 23ms (Views: 0.1ms | ActiveRecord: 0.5ms)
  [1m[36m (1.7ms)[0m  [1mSELECT COUNT(*) FROM "jobs" WHERE "jobs"."task_id" = 4 AND "jobs"."status" = 2[0m
  [1m[35m (0.4ms)[0m  SELECT COUNT(*) FROM "jobs" WHERE "jobs"."task_id" = 4
  [1m[36mTask Load (2.9ms)[0m  [1mSELECT "tasks".* FROM "tasks" WHERE "tasks"."id" = ? LIMIT 1[0m  [["id", "4"]]
  [1m[35m (0.1ms)[0m  begin transaction
  [1m[36m (0.5ms)[0m  [1mUPDATE "tasks" SET "output" = x'4572726f72', "updated_at" = '2013-02-25 01:22:57.008006' WHERE "tasks"."id" = 4[0m
  [1m[35m (6.6ms)[0m  commit transaction
  [1m[36mJob Load (0.2ms)[0m  [1mSELECT "jobs".* FROM "jobs" WHERE "jobs"."id" = ? LIMIT 1[0m  [["id", 191]]
  [1m[35mJob Load (0.2ms)[0m  SELECT "jobs".* FROM "jobs" WHERE "jobs"."id" = ? LIMIT 1  [["id", 197]]
  [1m[36m (0.1ms)[0m  [1mbegin transaction[0m
  [1m[35m (0.4ms)[0m  UPDATE "jobs" SET "failcount" = 1, "status" = 0, "updated_at" = '2013-02-25 01:23:40.206570' WHERE "jobs"."id" = 197
  [1m[36m (1.2ms)[0m  [1mcommit transaction[0m
  [1m[35mJob Load (0.2ms)[0m  SELECT "jobs".* FROM "jobs" WHERE "jobs"."id" = ? LIMIT 1  [["id", 193]]
  [1m[36m (0.1ms)[0m  [1mbegin transaction[0m
  [1m[35m (0.4ms)[0m  UPDATE "jobs" SET "failcount" = 2, "status" = 0, "updated_at" = '2013-02-25 01:23:47.541732' WHERE "jobs"."id" = 193
  [1m[36m (2.1ms)[0m  [1mcommit transaction[0m
  [1m[35mJob Load (0.2ms)[0m  SELECT "jobs".* FROM "jobs" WHERE "jobs"."id" = ? LIMIT 1  [["id", 198]]
  [1m[36mJob Load (0.2ms)[0m  [1mSELECT "jobs".* FROM "jobs" WHERE "jobs"."id" = ? LIMIT 1[0m  [["id", 199]]
  [1m[35mJob Load (0.1ms)[0m  SELECT "jobs".* FROM "jobs" WHERE "jobs"."id" = ? LIMIT 1  [["id", 200]]


Started GET "/get/4.json" for 192.168.2.9 at 2013-02-24 18:37:24 -0700
Processing by JobsController#get as JSON
  Parameters: {"task_id"=>"4", "job"=>{}}
  [1m[35mJob Load (0.7ms)[0m  SELECT "jobs".* FROM "jobs" WHERE (status =0 AND task_id = '4') LIMIT 1
  [1m[36mCACHE (0.0ms)[0m  [1mSELECT "jobs".* FROM "jobs" WHERE (status =0 AND task_id = '4') LIMIT 1[0m
  [1m[35m (0.1ms)[0m  begin transaction
  [1m[36m (0.4ms)[0m  [1mUPDATE "jobs" SET "status" = 1, "updated_at" = '2013-02-25 01:37:24.902099' WHERE "jobs"."id" = 193[0m
  [1m[35m (8.7ms)[0m  commit transaction
Completed 200 OK in 16ms (Views: 1.0ms | ActiveRecord: 9.8ms)
  [1m[36mJob Load (0.3ms)[0m  [1mSELECT "jobs".* FROM "jobs" WHERE "jobs"."id" = ? LIMIT 1[0m  [["id", 193]]
  [1m[35m (0.1ms)[0m  begin transaction
  [1m[36m (0.3ms)[0m  [1mUPDATE "jobs" SET "failcount" = 3, "status" = 0, "updated_at" = '2013-02-25 01:40:44.919264' WHERE "jobs"."id" = 193[0m
  [1m[35m (2.4ms)[0m  commit transaction


Started GET "/get/4.json" for 127.0.0.1 at 2013-02-24 18:49:08 -0700
Processing by JobsController#get as JSON
  Parameters: {"task_id"=>"4", "job"=>{}}
  [1m[36mJob Load (0.8ms)[0m  [1mSELECT "jobs".* FROM "jobs" WHERE (status =0 AND task_id = '4') LIMIT 1[0m
  [1m[35mCACHE (0.0ms)[0m  SELECT "jobs".* FROM "jobs" WHERE (status =0 AND task_id = '4') LIMIT 1
  [1m[36m (0.1ms)[0m  [1mbegin transaction[0m
  [1m[35m (0.3ms)[0m  UPDATE "jobs" SET "status" = 1, "updated_at" = '2013-02-25 01:49:08.164025' WHERE "jobs"."id" = 193
  [1m[36m (2.6ms)[0m  [1mcommit transaction[0m
Completed 200 OK in 10ms (Views: 1.1ms | ActiveRecord: 3.9ms)


Started PUT "/jobs/193" for 127.0.0.1 at 2013-02-24 18:49:54 -0700
Processing by JobsController#update as HTML
  Parameters: {"job"=>{"result"=>"8.885411927569724", "error"=>"0"}, "id"=>"193"}
  [1m[35mJob Load (0.1ms)[0m  SELECT "jobs".* FROM "jobs" WHERE "jobs"."id" = ? LIMIT 1  [["id", "193"]]
  [1m[36m (0.1ms)[0m  [1mbegin transaction[0m
  [1m[35m (0.3ms)[0m  UPDATE "jobs" SET "result" = '8.885411927569724', "error" = 0, "updated_at" = '2013-02-25 01:49:54.805113' WHERE "jobs"."id" = 193
  [1m[36m (2.1ms)[0m  [1mcommit transaction[0m
  [1m[35m (0.1ms)[0m  begin transaction
  [1m[36m (0.3ms)[0m  [1mUPDATE "jobs" SET "status" = 2, "success" = 't', "updated_at" = '2013-02-25 01:49:54.809167' WHERE "jobs"."id" = 193[0m
  [1m[35m (0.9ms)[0m  commit transaction
Completed 200 OK in 8ms (Views: 0.2ms | ActiveRecord: 3.9ms)


Started GET "/get/4.json" for 127.0.0.1 at 2013-02-24 18:49:54 -0700
Processing by JobsController#get as JSON
  Parameters: {"task_id"=>"4", "job"=>{}}
  [1m[36mJob Load (0.3ms)[0m  [1mSELECT "jobs".* FROM "jobs" WHERE (status =0 AND task_id = '4') LIMIT 1[0m
  [1m[35mCACHE (0.0ms)[0m  SELECT "jobs".* FROM "jobs" WHERE (status =0 AND task_id = '4') LIMIT 1
  [1m[36m (0.1ms)[0m  [1mbegin transaction[0m
  [1m[35m (0.3ms)[0m  UPDATE "jobs" SET "status" = 1, "updated_at" = '2013-02-25 01:49:54.823537' WHERE "jobs"."id" = 197
  [1m[36m (1.2ms)[0m  [1mcommit transaction[0m
Completed 200 OK in 8ms (Views: 0.9ms | ActiveRecord: 2.0ms)


Started GET "/get/4.json" for 192.168.2.25 at 2013-02-24 18:50:40 -0700
Processing by JobsController#get as JSON
  Parameters: {"task_id"=>"4", "job"=>{}}
  [1m[35mJob Load (0.4ms)[0m  SELECT "jobs".* FROM "jobs" WHERE (status =0 AND task_id = '4') LIMIT 1
Completed 200 OK in 4ms (Views: 0.2ms | ActiveRecord: 0.4ms)
  [1m[36m (1.0ms)[0m  [1mSELECT COUNT(*) FROM "jobs" WHERE "jobs"."task_id" = 4 AND "jobs"."status" = 2[0m
  [1m[35m (0.3ms)[0m  SELECT COUNT(*) FROM "jobs" WHERE "jobs"."task_id" = 4
  [1m[36mTask Load (0.2ms)[0m  [1mSELECT "tasks".* FROM "tasks" WHERE "tasks"."id" = ? LIMIT 1[0m  [["id", "4"]]
  [1m[35m (0.1ms)[0m  begin transaction
  [1m[36m (0.1ms)[0m  [1mcommit transaction[0m


Started PUT "/jobs/197" for 127.0.0.1 at 2013-02-24 18:50:42 -0700
Processing by JobsController#update as HTML
  Parameters: {"job"=>{"result"=>"8.75113981291628", "error"=>"0"}, "id"=>"197"}
  [1m[36mJob Load (0.1ms)[0m  [1mSELECT "jobs".* FROM "jobs" WHERE "jobs"."id" = ? LIMIT 1[0m  [["id", "197"]]
  [1m[35m (0.1ms)[0m  begin transaction
  [1m[36m (0.4ms)[0m  [1mUPDATE "jobs" SET "result" = '8.75113981291628', "error" = 0, "updated_at" = '2013-02-25 01:50:42.116041' WHERE "jobs"."id" = 197[0m
  [1m[35m (98.9ms)[0m  commit transaction
  [1m[36m (0.1ms)[0m  [1mbegin transaction[0m
  [1m[35m (0.4ms)[0m  UPDATE "jobs" SET "status" = 2, "success" = 't', "updated_at" = '2013-02-25 01:50:42.217200' WHERE "jobs"."id" = 197
  [1m[36m (49.5ms)[0m  [1mcommit transaction[0m
Completed 200 OK in 155ms (Views: 0.2ms | ActiveRecord: 149.4ms)


Started GET "/get/4.json" for 127.0.0.1 at 2013-02-24 18:50:42 -0700
Processing by JobsController#get as JSON
  Parameters: {"task_id"=>"4", "job"=>{}}
  [1m[35mJob Load (0.4ms)[0m  SELECT "jobs".* FROM "jobs" WHERE (status =0 AND task_id = '4') LIMIT 1
Completed 200 OK in 5ms (Views: 0.2ms | ActiveRecord: 0.4ms)
  [1m[35m (0.9ms)[0m  SELECT COUNT(*) FROM "jobs" WHERE "jobs"."task_id" = 4 AND "jobs"."status" = 2
  [1m[36m (0.4ms)[0m  [1mSELECT COUNT(*) FROM "jobs" WHERE "jobs"."task_id" = 4[0m
  [1m[35mJob Load (0.6ms)[0m  SELECT "jobs".* FROM "jobs" WHERE "jobs"."task_id" = 4
  [1m[36mJob Load (0.2ms)[0m  [1mSELECT "jobs".* FROM "jobs" WHERE "jobs"."id" = ? LIMIT 1[0m  [["id", 191]]
  [1m[35mJob Load (0.1ms)[0m  SELECT "jobs".* FROM "jobs" WHERE "jobs"."id" = ? LIMIT 1  [["id", 192]]
  [1m[36mJob Load (0.1ms)[0m  [1mSELECT "jobs".* FROM "jobs" WHERE "jobs"."id" = ? LIMIT 1[0m  [["id", 193]]
  [1m[35mJob Load (0.1ms)[0m  SELECT "jobs".* FROM "jobs" WHERE "jobs"."id" = ? LIMIT 1  [["id", 194]]
  [1m[36mJob Load (0.1ms)[0m  [1mSELECT "jobs".* FROM "jobs" WHERE "jobs"."id" = ? LIMIT 1[0m  [["id", 195]]
  [1m[35mJob Load (0.1ms)[0m  SELECT "jobs".* FROM "jobs" WHERE "jobs"."id" = ? LIMIT 1  [["id", 196]]
  [1m[36mJob Load (0.1ms)[0m  [1mSELECT "jobs".* FROM "jobs" WHERE "jobs"."id" = ? LIMIT 1[0m  [["id", 197]]
  [1m[35mJob Load (0.1ms)[0m  SELECT "jobs".* FROM "jobs" WHERE "jobs"."id" = ? LIMIT 1  [["id", 198]]
  [1m[36mJob Load (0.1ms)[0m  [1mSELECT "jobs".* FROM "jobs" WHERE "jobs"."id" = ? LIMIT 1[0m  [["id", 199]]
  [1m[35mJob Load (0.1ms)[0m  SELECT "jobs".* FROM "jobs" WHERE "jobs"."id" = ? LIMIT 1  [["id", 200]]
  [1m[36mTask Load (0.1ms)[0m  [1mSELECT "tasks".* FROM "tasks" WHERE "tasks"."id" = ? LIMIT 1[0m  [["id", "4"]]
  [1m[35m (0.1ms)[0m  begin transaction
  [1m[36m (0.4ms)[0m  [1mUPDATE "tasks" SET "output" = x'38372e3835313139363637333338323639', "updated_at" = '2013-02-25 01:50:42.369492' WHERE "tasks"."id" = 4[0m
  [1m[35m (1.2ms)[0m  commit transaction


Started PUT "/jobs/193" for 192.168.2.8 at 2013-02-24 18:51:30 -0700
Processing by JobsController#update as HTML
  Parameters: {"job"=>{"result"=>"8.885411927569724", "error"=>"0"}, "id"=>"193"}
  [1m[36mJob Load (0.2ms)[0m  [1mSELECT "jobs".* FROM "jobs" WHERE "jobs"."id" = ? LIMIT 1[0m  [["id", "193"]]
  [1m[35m (0.1ms)[0m  begin transaction
  [1m[36m (0.1ms)[0m  [1mcommit transaction[0m
  [1m[35m (0.0ms)[0m  begin transaction
  [1m[36m (0.0ms)[0m  [1mcommit transaction[0m
Completed 200 OK in 4ms (Views: 0.1ms | ActiveRecord: 0.5ms)


Started GET "/get/4.json" for 192.168.2.8 at 2013-02-24 18:51:30 -0700
Processing by JobsController#get as JSON
  Parameters: {"task_id"=>"4", "job"=>{}}
  [1m[35mJob Load (0.8ms)[0m  SELECT "jobs".* FROM "jobs" WHERE (status =0 AND task_id = '4') LIMIT 1
Completed 200 OK in 3ms (Views: 0.2ms | ActiveRecord: 0.8ms)
  [1m[36m (0.4ms)[0m  [1mSELECT COUNT(*) FROM "jobs" WHERE "jobs"."task_id" = 4 AND "jobs"."status" = 2[0m
  [1m[35m (0.4ms)[0m  SELECT COUNT(*) FROM "jobs" WHERE "jobs"."task_id" = 4
  [1m[36mJob Load (0.4ms)[0m  [1mSELECT "jobs".* FROM "jobs" WHERE "jobs"."task_id" = 4[0m
  [1m[35mJob Load (0.1ms)[0m  SELECT "jobs".* FROM "jobs" WHERE "jobs"."id" = ? LIMIT 1  [["id", 191]]
  [1m[36mJob Load (0.1ms)[0m  [1mSELECT "jobs".* FROM "jobs" WHERE "jobs"."id" = ? LIMIT 1[0m  [["id", 192]]
  [1m[35mJob Load (0.1ms)[0m  SELECT "jobs".* FROM "jobs" WHERE "jobs"."id" = ? LIMIT 1  [["id", 193]]
  [1m[36mJob Load (0.1ms)[0m  [1mSELECT "jobs".* FROM "jobs" WHERE "jobs"."id" = ? LIMIT 1[0m  [["id", 194]]
  [1m[35mJob Load (0.1ms)[0m  SELECT "jobs".* FROM "jobs" WHERE "jobs"."id" = ? LIMIT 1  [["id", 195]]
  [1m[36mJob Load (0.1ms)[0m  [1mSELECT "jobs".* FROM "jobs" WHERE "jobs"."id" = ? LIMIT 1[0m  [["id", 196]]
  [1m[35mJob Load (0.1ms)[0m  SELECT "jobs".* FROM "jobs" WHERE "jobs"."id" = ? LIMIT 1  [["id", 197]]
  [1m[36mJob Load (0.1ms)[0m  [1mSELECT "jobs".* FROM "jobs" WHERE "jobs"."id" = ? LIMIT 1[0m  [["id", 198]]
  [1m[35mJob Load (0.1ms)[0m  SELECT "jobs".* FROM "jobs" WHERE "jobs"."id" = ? LIMIT 1  [["id", 199]]
  [1m[36mJob Load (0.1ms)[0m  [1mSELECT "jobs".* FROM "jobs" WHERE "jobs"."id" = ? LIMIT 1[0m  [["id", 200]]
  [1m[35mTask Load (0.1ms)[0m  SELECT "tasks".* FROM "tasks" WHERE "tasks"."id" = ? LIMIT 1  [["id", "4"]]
  [1m[36m (0.1ms)[0m  [1mbegin transaction[0m
  [1m[35m (0.1ms)[0m  commit transaction


Started GET "/get/4.json" for 192.168.2.8 at 2013-02-24 18:51:30 -0700
Processing by JobsController#get as JSON
  Parameters: {"task_id"=>"4", "job"=>{}}
  [1m[36mJob Load (0.4ms)[0m  [1mSELECT "jobs".* FROM "jobs" WHERE (status =0 AND task_id = '4') LIMIT 1[0m
Completed 200 OK in 3ms (Views: 0.2ms | ActiveRecord: 0.4ms)
  [1m[36m (0.3ms)[0m  [1mSELECT COUNT(*) FROM "jobs" WHERE "jobs"."task_id" = 4 AND "jobs"."status" = 2[0m
  [1m[35m (0.2ms)[0m  SELECT COUNT(*) FROM "jobs" WHERE "jobs"."task_id" = 4
  [1m[36mJob Load (0.3ms)[0m  [1mSELECT "jobs".* FROM "jobs" WHERE "jobs"."task_id" = 4[0m
  [1m[35mJob Load (0.1ms)[0m  SELECT "jobs".* FROM "jobs" WHERE "jobs"."id" = ? LIMIT 1  [["id", 191]]
  [1m[36mJob Load (0.1ms)[0m  [1mSELECT "jobs".* FROM "jobs" WHERE "jobs"."id" = ? LIMIT 1[0m  [["id", 192]]
  [1m[35mJob Load (0.1ms)[0m  SELECT "jobs".* FROM "jobs" WHERE "jobs"."id" = ? LIMIT 1  [["id", 193]]
  [1m[36mJob Load (0.1ms)[0m  [1mSELECT "jobs".* FROM "jobs" WHERE "jobs"."id" = ? LIMIT 1[0m  [["id", 194]]
  [1m[35mJob Load (0.1ms)[0m  SELECT "jobs".* FROM "jobs" WHERE "jobs"."id" = ? LIMIT 1  [["id", 195]]
  [1m[36mJob Load (0.1ms)[0m  [1mSELECT "jobs".* FROM "jobs" WHERE "jobs"."id" = ? LIMIT 1[0m  [["id", 196]]
  [1m[35mJob Load (0.1ms)[0m  SELECT "jobs".* FROM "jobs" WHERE "jobs"."id" = ? LIMIT 1  [["id", 197]]
  [1m[36mJob Load (0.1ms)[0m  [1mSELECT "jobs".* FROM "jobs" WHERE "jobs"."id" = ? LIMIT 1[0m  [["id", 198]]
  [1m[35mJob Load (0.1ms)[0m  SELECT "jobs".* FROM "jobs" WHERE "jobs"."id" = ? LIMIT 1  [["id", 199]]
  [1m[36mJob Load (0.1ms)[0m  [1mSELECT "jobs".* FROM "jobs" WHERE "jobs"."id" = ? LIMIT 1[0m  [["id", 200]]
  [1m[35mTask Load (0.1ms)[0m  SELECT "tasks".* FROM "tasks" WHERE "tasks"."id" = ? LIMIT 1  [["id", "4"]]
  [1m[36m (0.1ms)[0m  [1mbegin transaction[0m
  [1m[35m (0.0ms)[0m  commit transaction


Started GET "/get/4.json" for 192.168.2.8 at 2013-02-24 18:51:31 -0700
Processing by JobsController#get as JSON
  Parameters: {"task_id"=>"4", "job"=>{}}
  [1m[35mJob Load (0.4ms)[0m  SELECT "jobs".* FROM "jobs" WHERE (status =0 AND task_id = '4') LIMIT 1
Completed 200 OK in 3ms (Views: 0.1ms | ActiveRecord: 0.4ms)
  [1m[36m (0.3ms)[0m  [1mSELECT COUNT(*) FROM "jobs" WHERE "jobs"."task_id" = 4 AND "jobs"."status" = 2[0m
  [1m[35m (0.2ms)[0m  SELECT COUNT(*) FROM "jobs" WHERE "jobs"."task_id" = 4
  [1m[36mJob Load (0.3ms)[0m  [1mSELECT "jobs".* FROM "jobs" WHERE "jobs"."task_id" = 4[0m
  [1m[35mJob Load (0.1ms)[0m  SELECT "jobs".* FROM "jobs" WHERE "jobs"."id" = ? LIMIT 1  [["id", 191]]
  [1m[36mJob Load (0.1ms)[0m  [1mSELECT "jobs".* FROM "jobs" WHERE "jobs"."id" = ? LIMIT 1[0m  [["id", 192]]
  [1m[35mJob Load (0.1ms)[0m  SELECT "jobs".* FROM "jobs" WHERE "jobs"."id" = ? LIMIT 1  [["id", 193]]
  [1m[36mJob Load (0.1ms)[0m  [1mSELECT "jobs".* FROM "jobs" WHERE "jobs"."id" = ? LIMIT 1[0m  [["id", 194]]
  [1m[35mJob Load (0.1ms)[0m  SELECT "jobs".* FROM "jobs" WHERE "jobs"."id" = ? LIMIT 1  [["id", 195]]
  [1m[36mJob Load (0.1ms)[0m  [1mSELECT "jobs".* FROM "jobs" WHERE "jobs"."id" = ? LIMIT 1[0m  [["id", 196]]
  [1m[35mJob Load (0.1ms)[0m  SELECT "jobs".* FROM "jobs" WHERE "jobs"."id" = ? LIMIT 1  [["id", 197]]
  [1m[36mJob Load (0.1ms)[0m  [1mSELECT "jobs".* FROM "jobs" WHERE "jobs"."id" = ? LIMIT 1[0m  [["id", 198]]
  [1m[35mJob Load (0.1ms)[0m  SELECT "jobs".* FROM "jobs" WHERE "jobs"."id" = ? LIMIT 1  [["id", 199]]
  [1m[36mJob Load (0.1ms)[0m  [1mSELECT "jobs".* FROM "jobs" WHERE "jobs"."id" = ? LIMIT 1[0m  [["id", 200]]
  [1m[35mTask Load (0.1ms)[0m  SELECT "tasks".* FROM "tasks" WHERE "tasks"."id" = ? LIMIT 1  [["id", "4"]]
  [1m[36m (0.1ms)[0m  [1mbegin transaction[0m
  [1m[35m (0.1ms)[0m  commit transaction


Started GET "/get/4.json" for 192.168.2.8 at 2013-02-24 18:51:31 -0700
Processing by JobsController#get as JSON
  Parameters: {"task_id"=>"4", "job"=>{}}
  [1m[36mJob Load (0.4ms)[0m  [1mSELECT "jobs".* FROM "jobs" WHERE (status =0 AND task_id = '4') LIMIT 1[0m
Completed 200 OK in 3ms (Views: 0.2ms | ActiveRecord: 0.4ms)
  [1m[36m (0.4ms)[0m  [1mSELECT COUNT(*) FROM "jobs" WHERE "jobs"."task_id" = 4 AND "jobs"."status" = 2[0m
  [1m[35m (0.3ms)[0m  SELECT COUNT(*) FROM "jobs" WHERE "jobs"."task_id" = 4
  [1m[36mJob Load (0.4ms)[0m  [1mSELECT "jobs".* FROM "jobs" WHERE "jobs"."task_id" = 4[0m
  [1m[35mJob Load (0.2ms)[0m  SELECT "jobs".* FROM "jobs" WHERE "jobs"."id" = ? LIMIT 1  [["id", 191]]
  [1m[36mJob Load (0.2ms)[0m  [1mSELECT "jobs".* FROM "jobs" WHERE "jobs"."id" = ? LIMIT 1[0m  [["id", 192]]
  [1m[35mJob Load (0.1ms)[0m  SELECT "jobs".* FROM "jobs" WHERE "jobs"."id" = ? LIMIT 1  [["id", 193]]
  [1m[36mJob Load (0.1ms)[0m  [1mSELECT "jobs".* FROM "jobs" WHERE "jobs"."id" = ? LIMIT 1[0m  [["id", 194]]
  [1m[35mJob Load (0.1ms)[0m  SELECT "jobs".* FROM "jobs" WHERE "jobs"."id" = ? LIMIT 1  [["id", 195]]
  [1m[36mJob Load (0.1ms)[0m  [1mSELECT "jobs".* FROM "jobs" WHERE "jobs"."id" = ? LIMIT 1[0m  [["id", 196]]
  [1m[35mJob Load (0.1ms)[0m  SELECT "jobs".* FROM "jobs" WHERE "jobs"."id" = ? LIMIT 1  [["id", 197]]
  [1m[36mJob Load (0.2ms)[0m  [1mSELECT "jobs".* FROM "jobs" WHERE "jobs"."id" = ? LIMIT 1[0m  [["id", 198]]
  [1m[35mJob Load (0.1ms)[0m  SELECT "jobs".* FROM "jobs" WHERE "jobs"."id" = ? LIMIT 1  [["id", 199]]
  [1m[36mJob Load (0.1ms)[0m  [1mSELECT "jobs".* FROM "jobs" WHERE "jobs"."id" = ? LIMIT 1[0m  [["id", 200]]
  [1m[35mTask Load (0.1ms)[0m  SELECT "tasks".* FROM "tasks" WHERE "tasks"."id" = ? LIMIT 1  [["id", "4"]]
  [1m[36m (0.1ms)[0m  [1mbegin transaction[0m
  [1m[35m (0.0ms)[0m  commit transaction


Started GET "/get/4.json" for 192.168.2.8 at 2013-02-24 18:51:31 -0700
Processing by JobsController#get as JSON
  Parameters: {"task_id"=>"4", "job"=>{}}
  [1m[35mJob Load (0.4ms)[0m  SELECT "jobs".* FROM "jobs" WHERE (status =0 AND task_id = '4') LIMIT 1
Completed 200 OK in 3ms (Views: 0.2ms | ActiveRecord: 0.4ms)
  [1m[36m (0.4ms)[0m  [1mSELECT COUNT(*) FROM "jobs" WHERE "jobs"."task_id" = 4 AND "jobs"."status" = 2[0m
  [1m[35m (0.4ms)[0m  SELECT COUNT(*) FROM "jobs" WHERE "jobs"."task_id" = 4
  [1m[36mJob Load (0.4ms)[0m  [1mSELECT "jobs".* FROM "jobs" WHERE "jobs"."task_id" = 4[0m
  [1m[35mJob Load (0.1ms)[0m  SELECT "jobs".* FROM "jobs" WHERE "jobs"."id" = ? LIMIT 1  [["id", 191]]
  [1m[36mJob Load (0.1ms)[0m  [1mSELECT "jobs".* FROM "jobs" WHERE "jobs"."id" = ? LIMIT 1[0m  [["id", 192]]
  [1m[35mJob Load (0.1ms)[0m  SELECT "jobs".* FROM "jobs" WHERE "jobs"."id" = ? LIMIT 1  [["id", 193]]
  [1m[36mJob Load (0.1ms)[0m  [1mSELECT "jobs".* FROM "jobs" WHERE "jobs"."id" = ? LIMIT 1[0m  [["id", 194]]
  [1m[35mJob Load (0.1ms)[0m  SELECT "jobs".* FROM "jobs" WHERE "jobs"."id" = ? LIMIT 1  [["id", 195]]
  [1m[36mJob Load (0.1ms)[0m  [1mSELECT "jobs".* FROM "jobs" WHERE "jobs"."id" = ? LIMIT 1[0m  [["id", 196]]
  [1m[35mJob Load (0.1ms)[0m  SELECT "jobs".* FROM "jobs" WHERE "jobs"."id" = ? LIMIT 1  [["id", 197]]
  [1m[36mJob Load (0.1ms)[0m  [1mSELECT "jobs".* FROM "jobs" WHERE "jobs"."id" = ? LIMIT 1[0m  [["id", 198]]
  [1m[35mJob Load (0.1ms)[0m  SELECT "jobs".* FROM "jobs" WHERE "jobs"."id" = ? LIMIT 1  [["id", 199]]
  [1m[36mJob Load (0.1ms)[0m  [1mSELECT "jobs".* FROM "jobs" WHERE "jobs"."id" = ? LIMIT 1[0m  [["id", 200]]
  [1m[35mTask Load (0.1ms)[0m  SELECT "tasks".* FROM "tasks" WHERE "tasks"."id" = ? LIMIT 1  [["id", "4"]]
  [1m[36m (0.1ms)[0m  [1mbegin transaction[0m
  [1m[35m (0.1ms)[0m  commit transaction


Started GET "/get/4.json" for 192.168.2.8 at 2013-02-24 18:51:31 -0700
Processing by JobsController#get as JSON
  Parameters: {"task_id"=>"4", "job"=>{}}
  [1m[36mJob Load (0.4ms)[0m  [1mSELECT "jobs".* FROM "jobs" WHERE (status =0 AND task_id = '4') LIMIT 1[0m
Completed 200 OK in 2ms (Views: 0.2ms | ActiveRecord: 0.4ms)
  [1m[36m (0.4ms)[0m  [1mSELECT COUNT(*) FROM "jobs" WHERE "jobs"."task_id" = 4 AND "jobs"."status" = 2[0m
  [1m[35m (0.3ms)[0m  SELECT COUNT(*) FROM "jobs" WHERE "jobs"."task_id" = 4
  [1m[36mJob Load (0.4ms)[0m  [1mSELECT "jobs".* FROM "jobs" WHERE "jobs"."task_id" = 4[0m
  [1m[35mJob Load (0.2ms)[0m  SELECT "jobs".* FROM "jobs" WHERE "jobs"."id" = ? LIMIT 1  [["id", 191]]
  [1m[36mJob Load (0.1ms)[0m  [1mSELECT "jobs".* FROM "jobs" WHERE "jobs"."id" = ? LIMIT 1[0m  [["id", 192]]
  [1m[35mJob Load (0.1ms)[0m  SELECT "jobs".* FROM "jobs" WHERE "jobs"."id" = ? LIMIT 1  [["id", 193]]
  [1m[36mJob Load (0.1ms)[0m  [1mSELECT "jobs".* FROM "jobs" WHERE "jobs"."id" = ? LIMIT 1[0m  [["id", 194]]
  [1m[35mJob Load (0.1ms)[0m  SELECT "jobs".* FROM "jobs" WHERE "jobs"."id" = ? LIMIT 1  [["id", 195]]
  [1m[36mJob Load (0.1ms)[0m  [1mSELECT "jobs".* FROM "jobs" WHERE "jobs"."id" = ? LIMIT 1[0m  [["id", 196]]
  [1m[35mJob Load (0.1ms)[0m  SELECT "jobs".* FROM "jobs" WHERE "jobs"."id" = ? LIMIT 1  [["id", 197]]
  [1m[36mJob Load (0.1ms)[0m  [1mSELECT "jobs".* FROM "jobs" WHERE "jobs"."id" = ? LIMIT 1[0m  [["id", 198]]
  [1m[35mJob Load (0.1ms)[0m  SELECT "jobs".* FROM "jobs" WHERE "jobs"."id" = ? LIMIT 1  [["id", 199]]
  [1m[36mJob Load (0.1ms)[0m  [1mSELECT "jobs".* FROM "jobs" WHERE "jobs"."id" = ? LIMIT 1[0m  [["id", 200]]
  [1m[35mTask Load (0.1ms)[0m  SELECT "tasks".* FROM "tasks" WHERE "tasks"."id" = ? LIMIT 1  [["id", "4"]]
  [1m[36m (0.1ms)[0m  [1mbegin transaction[0m
  [1m[35m (0.1ms)[0m  commit transaction


Started GET "/get/4.json" for 192.168.2.8 at 2013-02-24 18:51:31 -0700
Processing by JobsController#get as JSON
  Parameters: {"task_id"=>"4", "job"=>{}}
  [1m[35mJob Load (0.3ms)[0m  SELECT "jobs".* FROM "jobs" WHERE (status =0 AND task_id = '4') LIMIT 1
Completed 200 OK in 2ms (Views: 0.1ms | ActiveRecord: 0.3ms)
  [1m[36m (0.3ms)[0m  [1mSELECT COUNT(*) FROM "jobs" WHERE "jobs"."task_id" = 4 AND "jobs"."status" = 2[0m
  [1m[35m (0.2ms)[0m  SELECT COUNT(*) FROM "jobs" WHERE "jobs"."task_id" = 4
  [1m[36mJob Load (0.3ms)[0m  [1mSELECT "jobs".* FROM "jobs" WHERE "jobs"."task_id" = 4[0m
  [1m[35mJob Load (0.2ms)[0m  SELECT "jobs".* FROM "jobs" WHERE "jobs"."id" = ? LIMIT 1  [["id", 191]]
  [1m[36mJob Load (0.1ms)[0m  [1mSELECT "jobs".* FROM "jobs" WHERE "jobs"."id" = ? LIMIT 1[0m  [["id", 192]]
  [1m[35mJob Load (0.1ms)[0m  SELECT "jobs".* FROM "jobs" WHERE "jobs"."id" = ? LIMIT 1  [["id", 193]]
  [1m[36mJob Load (0.2ms)[0m  [1mSELECT "jobs".* FROM "jobs" WHERE "jobs"."id" = ? LIMIT 1[0m  [["id", 194]]
  [1m[35mJob Load (0.1ms)[0m  SELECT "jobs".* FROM "jobs" WHERE "jobs"."id" = ? LIMIT 1  [["id", 195]]
  [1m[36mJob Load (0.1ms)[0m  [1mSELECT "jobs".* FROM "jobs" WHERE "jobs"."id" = ? LIMIT 1[0m  [["id", 196]]
  [1m[35mJob Load (0.1ms)[0m  SELECT "jobs".* FROM "jobs" WHERE "jobs"."id" = ? LIMIT 1  [["id", 197]]
  [1m[36mJob Load (0.1ms)[0m  [1mSELECT "jobs".* FROM "jobs" WHERE "jobs"."id" = ? LIMIT 1[0m  [["id", 198]]
  [1m[35mJob Load (0.1ms)[0m  SELECT "jobs".* FROM "jobs" WHERE "jobs"."id" = ? LIMIT 1  [["id", 199]]
  [1m[36mJob Load (0.1ms)[0m  [1mSELECT "jobs".* FROM "jobs" WHERE "jobs"."id" = ? LIMIT 1[0m  [["id", 200]]
  [1m[35mTask Load (0.1ms)[0m  SELECT "tasks".* FROM "tasks" WHERE "tasks"."id" = ? LIMIT 1  [["id", "4"]]
  [1m[36m (0.1ms)[0m  [1mbegin transaction[0m
  [1m[35m (0.0ms)[0m  commit transaction


Started GET "/get/4.json" for 192.168.2.8 at 2013-02-24 18:51:31 -0700
Processing by JobsController#get as JSON
  Parameters: {"task_id"=>"4", "job"=>{}}
  [1m[36mJob Load (0.4ms)[0m  [1mSELECT "jobs".* FROM "jobs" WHERE (status =0 AND task_id = '4') LIMIT 1[0m
Completed 200 OK in 3ms (Views: 0.2ms | ActiveRecord: 0.4ms)
  [1m[36m (0.3ms)[0m  [1mSELECT COUNT(*) FROM "jobs" WHERE "jobs"."task_id" = 4 AND "jobs"."status" = 2[0m
  [1m[35m (0.2ms)[0m  SELECT COUNT(*) FROM "jobs" WHERE "jobs"."task_id" = 4
  [1m[36mJob Load (0.4ms)[0m  [1mSELECT "jobs".* FROM "jobs" WHERE "jobs"."task_id" = 4[0m
  [1m[35mJob Load (0.1ms)[0m  SELECT "jobs".* FROM "jobs" WHERE "jobs"."id" = ? LIMIT 1  [["id", 191]]
  [1m[36mJob Load (0.1ms)[0m  [1mSELECT "jobs".* FROM "jobs" WHERE "jobs"."id" = ? LIMIT 1[0m  [["id", 192]]
  [1m[35mJob Load (0.2ms)[0m  SELECT "jobs".* FROM "jobs" WHERE "jobs"."id" = ? LIMIT 1  [["id", 193]]
  [1m[36mJob Load (0.2ms)[0m  [1mSELECT "jobs".* FROM "jobs" WHERE "jobs"."id" = ? LIMIT 1[0m  [["id", 194]]
  [1m[35mJob Load (0.1ms)[0m  SELECT "jobs".* FROM "jobs" WHERE "jobs"."id" = ? LIMIT 1  [["id", 195]]
  [1m[36mJob Load (0.1ms)[0m  [1mSELECT "jobs".* FROM "jobs" WHERE "jobs"."id" = ? LIMIT 1[0m  [["id", 196]]
  [1m[35mJob Load (0.1ms)[0m  SELECT "jobs".* FROM "jobs" WHERE "jobs"."id" = ? LIMIT 1  [["id", 197]]
  [1m[36mJob Load (0.1ms)[0m  [1mSELECT "jobs".* FROM "jobs" WHERE "jobs"."id" = ? LIMIT 1[0m  [["id", 198]]
  [1m[35mJob Load (0.1ms)[0m  SELECT "jobs".* FROM "jobs" WHERE "jobs"."id" = ? LIMIT 1  [["id", 199]]
  [1m[36mJob Load (0.1ms)[0m  [1mSELECT "jobs".* FROM "jobs" WHERE "jobs"."id" = ? LIMIT 1[0m  [["id", 200]]
  [1m[35mTask Load (0.2ms)[0m  SELECT "tasks".* FROM "tasks" WHERE "tasks"."id" = ? LIMIT 1  [["id", "4"]]
  [1m[36m (0.1ms)[0m  [1mbegin transaction[0m
  [1m[35m (0.1ms)[0m  commit transaction


Started GET "/get/4.json" for 192.168.2.2 at 2013-02-24 18:51:42 -0700
Processing by JobsController#get as JSON
  Parameters: {"task_id"=>"4", "job"=>{}}
  [1m[35mJob Load (0.4ms)[0m  SELECT "jobs".* FROM "jobs" WHERE (status =0 AND task_id = '4') LIMIT 1
Completed 200 OK in 3ms (Views: 0.2ms | ActiveRecord: 0.4ms)
  [1m[36m (0.3ms)[0m  [1mSELECT COUNT(*) FROM "jobs" WHERE "jobs"."task_id" = 4 AND "jobs"."status" = 2[0m
  [1m[35m (0.2ms)[0m  SELECT COUNT(*) FROM "jobs" WHERE "jobs"."task_id" = 4
  [1m[36mJob Load (0.3ms)[0m  [1mSELECT "jobs".* FROM "jobs" WHERE "jobs"."task_id" = 4[0m
  [1m[35mJob Load (0.1ms)[0m  SELECT "jobs".* FROM "jobs" WHERE "jobs"."id" = ? LIMIT 1  [["id", 191]]
  [1m[36mJob Load (0.1ms)[0m  [1mSELECT "jobs".* FROM "jobs" WHERE "jobs"."id" = ? LIMIT 1[0m  [["id", 192]]
  [1m[35mJob Load (0.1ms)[0m  SELECT "jobs".* FROM "jobs" WHERE "jobs"."id" = ? LIMIT 1  [["id", 193]]
  [1m[36mJob Load (0.1ms)[0m  [1mSELECT "jobs".* FROM "jobs" WHERE "jobs"."id" = ? LIMIT 1[0m  [["id", 194]]
  [1m[35mJob Load (0.1ms)[0m  SELECT "jobs".* FROM "jobs" WHERE "jobs"."id" = ? LIMIT 1  [["id", 195]]
  [1m[36mJob Load (0.1ms)[0m  [1mSELECT "jobs".* FROM "jobs" WHERE "jobs"."id" = ? LIMIT 1[0m  [["id", 196]]
  [1m[35mJob Load (0.1ms)[0m  SELECT "jobs".* FROM "jobs" WHERE "jobs"."id" = ? LIMIT 1  [["id", 197]]
  [1m[36mJob Load (0.1ms)[0m  [1mSELECT "jobs".* FROM "jobs" WHERE "jobs"."id" = ? LIMIT 1[0m  [["id", 198]]
  [1m[35mJob Load (0.1ms)[0m  SELECT "jobs".* FROM "jobs" WHERE "jobs"."id" = ? LIMIT 1  [["id", 199]]
  [1m[36mJob Load (0.1ms)[0m  [1mSELECT "jobs".* FROM "jobs" WHERE "jobs"."id" = ? LIMIT 1[0m  [["id", 200]]
  [1m[35mTask Load (0.1ms)[0m  SELECT "tasks".* FROM "tasks" WHERE "tasks"."id" = ? LIMIT 1  [["id", "4"]]
  [1m[36m (0.1ms)[0m  [1mbegin transaction[0m
  [1m[35m (0.1ms)[0m  commit transaction
  [1m[36mJob Load (0.2ms)[0m  [1mSELECT "jobs".* FROM "jobs" WHERE "jobs"."id" = ? LIMIT 1[0m  [["id", 193]]
  [1m[35mJob Load (0.1ms)[0m  SELECT "jobs".* FROM "jobs" WHERE "jobs"."id" = ? LIMIT 1  [["id", 197]]


Started GET "/get/4.json" for 192.168.2.9 at 2013-02-24 18:54:41 -0700
Processing by JobsController#get as JSON
  Parameters: {"task_id"=>"4", "job"=>{}}
  [1m[36mJob Load (0.3ms)[0m  [1mSELECT "jobs".* FROM "jobs" WHERE (status =0 AND task_id = '4') LIMIT 1[0m
Completed 200 OK in 2ms (Views: 0.1ms | ActiveRecord: 0.3ms)
  [1m[36m (0.4ms)[0m  [1mSELECT COUNT(*) FROM "jobs" WHERE "jobs"."task_id" = 4 AND "jobs"."status" = 2[0m
  [1m[35m (0.2ms)[0m  SELECT COUNT(*) FROM "jobs" WHERE "jobs"."task_id" = 4
  [1m[36mJob Load (0.3ms)[0m  [1mSELECT "jobs".* FROM "jobs" WHERE "jobs"."task_id" = 4[0m
  [1m[35mJob Load (0.1ms)[0m  SELECT "jobs".* FROM "jobs" WHERE "jobs"."id" = ? LIMIT 1  [["id", 191]]
  [1m[36mJob Load (0.1ms)[0m  [1mSELECT "jobs".* FROM "jobs" WHERE "jobs"."id" = ? LIMIT 1[0m  [["id", 192]]
  [1m[35mJob Load (0.1ms)[0m  SELECT "jobs".* FROM "jobs" WHERE "jobs"."id" = ? LIMIT 1  [["id", 193]]
  [1m[36mJob Load (0.1ms)[0m  [1mSELECT "jobs".* FROM "jobs" WHERE "jobs"."id" = ? LIMIT 1[0m  [["id", 194]]
  [1m[35mJob Load (0.1ms)[0m  SELECT "jobs".* FROM "jobs" WHERE "jobs"."id" = ? LIMIT 1  [["id", 195]]
  [1m[36mJob Load (0.1ms)[0m  [1mSELECT "jobs".* FROM "jobs" WHERE "jobs"."id" = ? LIMIT 1[0m  [["id", 196]]
  [1m[35mJob Load (0.1ms)[0m  SELECT "jobs".* FROM "jobs" WHERE "jobs"."id" = ? LIMIT 1  [["id", 197]]
  [1m[36mJob Load (0.1ms)[0m  [1mSELECT "jobs".* FROM "jobs" WHERE "jobs"."id" = ? LIMIT 1[0m  [["id", 198]]
  [1m[35mJob Load (0.1ms)[0m  SELECT "jobs".* FROM "jobs" WHERE "jobs"."id" = ? LIMIT 1  [["id", 199]]
  [1m[36mJob Load (0.1ms)[0m  [1mSELECT "jobs".* FROM "jobs" WHERE "jobs"."id" = ? LIMIT 1[0m  [["id", 200]]
  [1m[35mTask Load (0.1ms)[0m  SELECT "tasks".* FROM "tasks" WHERE "tasks"."id" = ? LIMIT 1  [["id", "4"]]
  [1m[36m (0.1ms)[0m  [1mbegin transaction[0m
  [1m[35m (0.0ms)[0m  commit transaction


Started GET "/get/4.json" for 192.168.2.9 at 2013-02-24 18:55:03 -0700
Processing by JobsController#get as JSON
  Parameters: {"task_id"=>"4", "job"=>{}}
  [1m[35mJob Load (0.3ms)[0m  SELECT "jobs".* FROM "jobs" WHERE (status =0 AND task_id = '4') LIMIT 1
Completed 200 OK in 2ms (Views: 0.1ms | ActiveRecord: 0.3ms)
  [1m[36m (0.4ms)[0m  [1mSELECT COUNT(*) FROM "jobs" WHERE "jobs"."task_id" = 4 AND "jobs"."status" = 2[0m
  [1m[35m (0.3ms)[0m  SELECT COUNT(*) FROM "jobs" WHERE "jobs"."task_id" = 4
  [1m[36mJob Load (0.4ms)[0m  [1mSELECT "jobs".* FROM "jobs" WHERE "jobs"."task_id" = 4[0m
  [1m[35mJob Load (0.1ms)[0m  SELECT "jobs".* FROM "jobs" WHERE "jobs"."id" = ? LIMIT 1  [["id", 191]]
  [1m[36mJob Load (0.1ms)[0m  [1mSELECT "jobs".* FROM "jobs" WHERE "jobs"."id" = ? LIMIT 1[0m  [["id", 192]]
  [1m[35mJob Load (0.1ms)[0m  SELECT "jobs".* FROM "jobs" WHERE "jobs"."id" = ? LIMIT 1  [["id", 193]]
  [1m[36mJob Load (0.1ms)[0m  [1mSELECT "jobs".* FROM "jobs" WHERE "jobs"."id" = ? LIMIT 1[0m  [["id", 194]]
  [1m[35mJob Load (0.1ms)[0m  SELECT "jobs".* FROM "jobs" WHERE "jobs"."id" = ? LIMIT 1  [["id", 195]]
  [1m[36mJob Load (0.1ms)[0m  [1mSELECT "jobs".* FROM "jobs" WHERE "jobs"."id" = ? LIMIT 1[0m  [["id", 196]]
  [1m[35mJob Load (0.1ms)[0m  SELECT "jobs".* FROM "jobs" WHERE "jobs"."id" = ? LIMIT 1  [["id", 197]]
  [1m[36mJob Load (0.1ms)[0m  [1mSELECT "jobs".* FROM "jobs" WHERE "jobs"."id" = ? LIMIT 1[0m  [["id", 198]]
  [1m[35mJob Load (0.1ms)[0m  SELECT "jobs".* FROM "jobs" WHERE "jobs"."id" = ? LIMIT 1  [["id", 199]]
  [1m[36mJob Load (0.1ms)[0m  [1mSELECT "jobs".* FROM "jobs" WHERE "jobs"."id" = ? LIMIT 1[0m  [["id", 200]]
  [1m[35mTask Load (0.1ms)[0m  SELECT "tasks".* FROM "tasks" WHERE "tasks"."id" = ? LIMIT 1  [["id", "4"]]
  [1m[36m (0.1ms)[0m  [1mbegin transaction[0m
  [1m[35m (0.0ms)[0m  commit transaction


Started GET "/get/4.json" for 192.168.2.8 at 2013-02-24 18:55:08 -0700
Processing by JobsController#get as JSON
  Parameters: {"task_id"=>"4", "job"=>{}}
  [1m[36mJob Load (0.3ms)[0m  [1mSELECT "jobs".* FROM "jobs" WHERE (status =0 AND task_id = '4') LIMIT 1[0m
Completed 200 OK in 2ms (Views: 0.1ms | ActiveRecord: 0.3ms)
  [1m[36m (0.3ms)[0m  [1mSELECT COUNT(*) FROM "jobs" WHERE "jobs"."task_id" = 4 AND "jobs"."status" = 2[0m
  [1m[35m (0.2ms)[0m  SELECT COUNT(*) FROM "jobs" WHERE "jobs"."task_id" = 4
  [1m[36mJob Load (0.3ms)[0m  [1mSELECT "jobs".* FROM "jobs" WHERE "jobs"."task_id" = 4[0m
  [1m[35mJob Load (0.1ms)[0m  SELECT "jobs".* FROM "jobs" WHERE "jobs"."id" = ? LIMIT 1  [["id", 191]]
  [1m[36mJob Load (0.1ms)[0m  [1mSELECT "jobs".* FROM "jobs" WHERE "jobs"."id" = ? LIMIT 1[0m  [["id", 192]]
  [1m[35mJob Load (0.1ms)[0m  SELECT "jobs".* FROM "jobs" WHERE "jobs"."id" = ? LIMIT 1  [["id", 193]]
  [1m[36mJob Load (0.1ms)[0m  [1mSELECT "jobs".* FROM "jobs" WHERE "jobs"."id" = ? LIMIT 1[0m  [["id", 194]]
  [1m[35mJob Load (0.1ms)[0m  SELECT "jobs".* FROM "jobs" WHERE "jobs"."id" = ? LIMIT 1  [["id", 195]]
  [1m[36mJob Load (0.1ms)[0m  [1mSELECT "jobs".* FROM "jobs" WHERE "jobs"."id" = ? LIMIT 1[0m  [["id", 196]]
  [1m[35mJob Load (0.1ms)[0m  SELECT "jobs".* FROM "jobs" WHERE "jobs"."id" = ? LIMIT 1  [["id", 197]]
  [1m[36mJob Load (0.1ms)[0m  [1mSELECT "jobs".* FROM "jobs" WHERE "jobs"."id" = ? LIMIT 1[0m  [["id", 198]]
  [1m[35mJob Load (0.1ms)[0m  SELECT "jobs".* FROM "jobs" WHERE "jobs"."id" = ? LIMIT 1  [["id", 199]]
  [1m[36mJob Load (0.1ms)[0m  [1mSELECT "jobs".* FROM "jobs" WHERE "jobs"."id" = ? LIMIT 1[0m  [["id", 200]]
  [1m[35mTask Load (0.1ms)[0m  SELECT "tasks".* FROM "tasks" WHERE "tasks"."id" = ? LIMIT 1  [["id", "4"]]
  [1m[36m (0.1ms)[0m  [1mbegin transaction[0m
  [1m[35m (0.1ms)[0m  commit transaction
