Connecting to database specified by database.yml
Connecting to database specified by database.yml
Connecting to database specified by database.yml


Started GET "/get/4.json" for 10.34.42.198 at 2013-02-25 13:57:50 -0700
Processing by JobsController#get as JSON
  Parameters: {"task_id"=>"4", "job"=>{}}
  [1m[36mJob Load (1.8ms)[0m  [1mSELECT "jobs".* FROM "jobs" WHERE (status =0 AND task_id = '4') LIMIT 1[0m
  [1m[35mCACHE (0.0ms)[0m  SELECT "jobs".* FROM "jobs" WHERE (status =0 AND task_id = '4') LIMIT 1
  [1m[36m (0.1ms)[0m  [1mbegin transaction[0m
  [1m[35m (0.6ms)[0m  UPDATE "jobs" SET "status" = 1, "updated_at" = '2013-02-25 20:57:50.312126' WHERE "jobs"."id" = 302
  [1m[36m (43.3ms)[0m  [1mcommit transaction[0m
Completed 200 OK in 266ms (Views: 3.4ms | ActiveRecord: 49.4ms)
Connecting to database specified by database.yml
  [1m[36mJob Load (38.9ms)[0m  [1mSELECT "jobs".* FROM "jobs" WHERE "jobs"."id" = ? LIMIT 1[0m  [["id", 302]]
  [1m[35m (0.1ms)[0m  begin transaction
  [1m[36m (0.8ms)[0m  [1mUPDATE "jobs" SET "failcount" = 1, "status" = 0, "updated_at" = '2013-02-25 21:10:41.263124' WHERE "jobs"."id" = 302[0m
  [1m[35m (2.2ms)[0m  commit transaction
  [1m[36mJob Load (0.3ms)[0m  [1mSELECT "jobs".* FROM "jobs" WHERE "jobs"."id" = ? LIMIT 1[0m  [["id", 115]]
  [1m[35mJob Load (0.2ms)[0m  SELECT "jobs".* FROM "jobs" WHERE "jobs"."id" = ? LIMIT 1  [["id", 760]]
  [1m[36mJob Load (0.1ms)[0m  [1mSELECT "jobs".* FROM "jobs" WHERE "jobs"."id" = ? LIMIT 1[0m  [["id", 760]]
Connecting to database specified by database.yml
