Connecting to database specified by database.yml


Started GET "/get/4.json" for 192.168.2.9 at 2013-02-25 21:53:25 -0700
Processing by JobsController#get as JSON
  Parameters: {"task_id"=>"4", "job"=>{}}
  [1m[36mJob Load (0.9ms)[0m  [1mSELECT "jobs".* FROM "jobs" WHERE (status =0 AND task_id = '4') LIMIT 1[0m
  [1m[35mCACHE (0.0ms)[0m  SELECT "jobs".* FROM "jobs" WHERE (status =0 AND task_id = '4') LIMIT 1
  [1m[36m (0.1ms)[0m  [1mbegin transaction[0m
  [1m[35m (0.4ms)[0m  UPDATE "jobs" SET "status" = 1, "updated_at" = '2013-02-26 04:53:25.632693' WHERE "jobs"."id" = 452
  [1m[36m (2.2ms)[0m  [1mcommit transaction[0m
Completed 200 OK in 101ms (Views: 2.0ms | ActiveRecord: 6.1ms)


Started GET "/get/4.json" for 192.168.2.8 at 2013-02-25 21:53:25 -0700
Processing by JobsController#get as JSON
  Parameters: {"task_id"=>"4", "job"=>{}}
  [1m[35mJob Load (0.4ms)[0m  SELECT "jobs".* FROM "jobs" WHERE (status =0 AND task_id = '4') LIMIT 1
  [1m[36mCACHE (0.0ms)[0m  [1mSELECT "jobs".* FROM "jobs" WHERE (status =0 AND task_id = '4') LIMIT 1[0m
  [1m[35m (0.1ms)[0m  begin transaction
  [1m[36m (0.4ms)[0m  [1mUPDATE "jobs" SET "status" = 1, "updated_at" = '2013-02-26 04:53:25.978661' WHERE "jobs"."id" = 453[0m
  [1m[35m (2.8ms)[0m  commit transaction
Completed 200 OK in 12ms (Views: 1.4ms | ActiveRecord: 3.7ms)


Started GET "/get/4.json" for 192.168.2.3 at 2013-02-25 21:53:27 -0700
Processing by JobsController#get as JSON
  Parameters: {"task_id"=>"4", "job"=>{}}
  [1m[36mJob Load (0.3ms)[0m  [1mSELECT "jobs".* FROM "jobs" WHERE (status =0 AND task_id = '4') LIMIT 1[0m
  [1m[35mCACHE (0.0ms)[0m  SELECT "jobs".* FROM "jobs" WHERE (status =0 AND task_id = '4') LIMIT 1
  [1m[36m (0.1ms)[0m  [1mbegin transaction[0m
  [1m[35m (0.3ms)[0m  UPDATE "jobs" SET "status" = 1, "updated_at" = '2013-02-26 04:53:27.875199' WHERE "jobs"."id" = 454
  [1m[36m (2.3ms)[0m  [1mcommit transaction[0m
Completed 200 OK in 8ms (Views: 0.8ms | ActiveRecord: 2.9ms)


Started PUT "/jobs/453" for 192.168.2.8 at 2013-02-25 21:53:44 -0700
Processing by JobsController#update as HTML
  Parameters: {"job"=>{"result"=>"8.813771102248653", "error"=>"0"}, "id"=>"453"}
  [1m[35mJob Load (0.5ms)[0m  SELECT "jobs".* FROM "jobs" WHERE "jobs"."id" = ? LIMIT 1  [["id", "453"]]
  [1m[36m (0.1ms)[0m  [1mbegin transaction[0m
  [1m[35m (0.4ms)[0m  UPDATE "jobs" SET "result" = '8.813771102248653', "error" = 0, "updated_at" = '2013-02-26 04:53:44.582733' WHERE "jobs"."id" = 453
  [1m[36m (2.3ms)[0m  [1mcommit transaction[0m
  [1m[35m (0.1ms)[0m  begin transaction
  [1m[36m (0.3ms)[0m  [1mUPDATE "jobs" SET "status" = 2, "success" = 't', "updated_at" = '2013-02-26 04:53:44.587538' WHERE "jobs"."id" = 453[0m
  [1m[35m (1.2ms)[0m  commit transaction
Completed 200 OK in 11ms (Views: 0.2ms | ActiveRecord: 4.9ms)


Started GET "/get/4.json" for 192.168.2.8 at 2013-02-25 21:53:44 -0700
Processing by JobsController#get as JSON
  Parameters: {"task_id"=>"4", "job"=>{}}
  [1m[36mJob Load (0.4ms)[0m  [1mSELECT "jobs".* FROM "jobs" WHERE (status =0 AND task_id = '4') LIMIT 1[0m
  [1m[35mCACHE (0.0ms)[0m  SELECT "jobs".* FROM "jobs" WHERE (status =0 AND task_id = '4') LIMIT 1
  [1m[36m (0.1ms)[0m  [1mbegin transaction[0m
  [1m[35m (0.4ms)[0m  UPDATE "jobs" SET "status" = 1, "updated_at" = '2013-02-26 04:53:44.614315' WHERE "jobs"."id" = 455
  [1m[36m (1.5ms)[0m  [1mcommit transaction[0m
Completed 200 OK in 8ms (Views: 0.9ms | ActiveRecord: 2.4ms)


Started PUT "/jobs/454" for 192.168.2.3 at 2013-02-25 21:53:58 -0700
Processing by JobsController#update as HTML
  Parameters: {"job"=>{"result"=>"8.885408373880006", "error"=>"0"}, "id"=>"454"}
  [1m[35mJob Load (0.1ms)[0m  SELECT "jobs".* FROM "jobs" WHERE "jobs"."id" = ? LIMIT 1  [["id", "454"]]
  [1m[36m (0.1ms)[0m  [1mbegin transaction[0m
  [1m[35m (0.3ms)[0m  UPDATE "jobs" SET "result" = '8.885408373880006', "error" = 0, "updated_at" = '2013-02-26 04:53:58.891974' WHERE "jobs"."id" = 454
  [1m[36m (2.1ms)[0m  [1mcommit transaction[0m
  [1m[35m (0.1ms)[0m  begin transaction
  [1m[36m (0.4ms)[0m  [1mUPDATE "jobs" SET "status" = 2, "success" = 't', "updated_at" = '2013-02-26 04:53:58.896227' WHERE "jobs"."id" = 454[0m
  [1m[35m (0.6ms)[0m  commit transaction
Completed 200 OK in 8ms (Views: 0.1ms | ActiveRecord: 3.7ms)


Started GET "/get/4.json" for 192.168.2.3 at 2013-02-25 21:53:58 -0700
Processing by JobsController#get as JSON
  Parameters: {"task_id"=>"4", "job"=>{}}
  [1m[36mJob Load (0.3ms)[0m  [1mSELECT "jobs".* FROM "jobs" WHERE (status =0 AND task_id = '4') LIMIT 1[0m
  [1m[35mCACHE (0.0ms)[0m  SELECT "jobs".* FROM "jobs" WHERE (status =0 AND task_id = '4') LIMIT 1
  [1m[36m (0.1ms)[0m  [1mbegin transaction[0m
  [1m[35m (0.3ms)[0m  UPDATE "jobs" SET "status" = 1, "updated_at" = '2013-02-26 04:53:58.962845' WHERE "jobs"."id" = 456
  [1m[36m (1.5ms)[0m  [1mcommit transaction[0m
Completed 200 OK in 7ms (Views: 1.0ms | ActiveRecord: 2.1ms)


Started PUT "/jobs/452" for 192.168.2.9 at 2013-02-25 21:54:00 -0700
Processing by JobsController#update as HTML
  Parameters: {"job"=>{"result"=>"8.65235030919154", "error"=>"0"}, "id"=>"452"}
  [1m[35mJob Load (0.2ms)[0m  SELECT "jobs".* FROM "jobs" WHERE "jobs"."id" = ? LIMIT 1  [["id", "452"]]
  [1m[36m (0.1ms)[0m  [1mbegin transaction[0m
  [1m[35m (0.6ms)[0m  UPDATE "jobs" SET "result" = '8.65235030919154', "error" = 0, "updated_at" = '2013-02-26 04:54:00.214461' WHERE "jobs"."id" = 452
  [1m[36m (2.5ms)[0m  [1mcommit transaction[0m
  [1m[35m (0.1ms)[0m  begin transaction
  [1m[36m (0.2ms)[0m  [1mUPDATE "jobs" SET "status" = 2, "success" = 't', "updated_at" = '2013-02-26 04:54:00.219299' WHERE "jobs"."id" = 452[0m
  [1m[35m (1.0ms)[0m  commit transaction
Completed 200 OK in 10ms (Views: 0.1ms | ActiveRecord: 4.7ms)


Started GET "/get/4.json" for 192.168.2.9 at 2013-02-25 21:54:00 -0700
Processing by JobsController#get as JSON
  Parameters: {"task_id"=>"4", "job"=>{}}
  [1m[36mJob Load (0.4ms)[0m  [1mSELECT "jobs".* FROM "jobs" WHERE (status =0 AND task_id = '4') LIMIT 1[0m
  [1m[35mCACHE (0.0ms)[0m  SELECT "jobs".* FROM "jobs" WHERE (status =0 AND task_id = '4') LIMIT 1
  [1m[36m (0.1ms)[0m  [1mbegin transaction[0m
  [1m[35m (0.5ms)[0m  UPDATE "jobs" SET "status" = 1, "updated_at" = '2013-02-26 04:54:00.240660' WHERE "jobs"."id" = 457
  [1m[36m (1.1ms)[0m  [1mcommit transaction[0m
Completed 200 OK in 11ms (Views: 1.9ms | ActiveRecord: 2.1ms)


Started PUT "/jobs/455" for 192.168.2.8 at 2013-02-25 21:54:02 -0700
Processing by JobsController#update as HTML
  Parameters: {"job"=>{"result"=>"8.85844416900229", "error"=>"0"}, "id"=>"455"}
  [1m[35mJob Load (0.1ms)[0m  SELECT "jobs".* FROM "jobs" WHERE "jobs"."id" = ? LIMIT 1  [["id", "455"]]
  [1m[36m (0.1ms)[0m  [1mbegin transaction[0m
  [1m[35m (0.3ms)[0m  UPDATE "jobs" SET "result" = '8.85844416900229', "error" = 0, "updated_at" = '2013-02-26 04:54:02.855354' WHERE "jobs"."id" = 455
  [1m[36m (2.4ms)[0m  [1mcommit transaction[0m
  [1m[35m (0.1ms)[0m  begin transaction
  [1m[36m (0.3ms)[0m  [1mUPDATE "jobs" SET "status" = 2, "success" = 't', "updated_at" = '2013-02-26 04:54:02.859638' WHERE "jobs"."id" = 455[0m
  [1m[35m (0.7ms)[0m  commit transaction
Completed 200 OK in 8ms (Views: 0.1ms | ActiveRecord: 4.0ms)


Started GET "/get/4.json" for 192.168.2.8 at 2013-02-25 21:54:02 -0700
Processing by JobsController#get as JSON
  Parameters: {"task_id"=>"4", "job"=>{}}
  [1m[36mJob Load (0.4ms)[0m  [1mSELECT "jobs".* FROM "jobs" WHERE (status =0 AND task_id = '4') LIMIT 1[0m
  [1m[35mCACHE (0.0ms)[0m  SELECT "jobs".* FROM "jobs" WHERE (status =0 AND task_id = '4') LIMIT 1
  [1m[36m (0.1ms)[0m  [1mbegin transaction[0m
  [1m[35m (0.4ms)[0m  UPDATE "jobs" SET "status" = 1, "updated_at" = '2013-02-26 04:54:02.880539' WHERE "jobs"."id" = 458
  [1m[36m (0.7ms)[0m  [1mcommit transaction[0m
Completed 200 OK in 7ms (Views: 1.2ms | ActiveRecord: 1.6ms)


Started PUT "/jobs/458" for 192.168.2.8 at 2013-02-25 21:54:21 -0700
Processing by JobsController#update as HTML
  Parameters: {"job"=>{"result"=>"8.751136629362135", "error"=>"0"}, "id"=>"458"}
  [1m[35mJob Load (0.1ms)[0m  SELECT "jobs".* FROM "jobs" WHERE "jobs"."id" = ? LIMIT 1  [["id", "458"]]
  [1m[36m (0.1ms)[0m  [1mbegin transaction[0m
  [1m[35m (0.4ms)[0m  UPDATE "jobs" SET "result" = '8.751136629362135', "error" = 0, "updated_at" = '2013-02-26 04:54:21.092466' WHERE "jobs"."id" = 458
  [1m[36m (2.2ms)[0m  [1mcommit transaction[0m
  [1m[35m (0.1ms)[0m  begin transaction
  [1m[36m (0.4ms)[0m  [1mUPDATE "jobs" SET "status" = 2, "success" = 't', "updated_at" = '2013-02-26 04:54:21.096788' WHERE "jobs"."id" = 458[0m
  [1m[35m (1.1ms)[0m  commit transaction
Completed 200 OK in 9ms (Views: 0.1ms | ActiveRecord: 4.3ms)


Started GET "/get/4.json" for 192.168.2.8 at 2013-02-25 21:54:21 -0700
Processing by JobsController#get as JSON
  Parameters: {"task_id"=>"4", "job"=>{}}
  [1m[36mJob Load (0.3ms)[0m  [1mSELECT "jobs".* FROM "jobs" WHERE (status =0 AND task_id = '4') LIMIT 1[0m
  [1m[35mCACHE (0.0ms)[0m  SELECT "jobs".* FROM "jobs" WHERE (status =0 AND task_id = '4') LIMIT 1
  [1m[36m (0.1ms)[0m  [1mbegin transaction[0m
  [1m[35m (0.3ms)[0m  UPDATE "jobs" SET "status" = 1, "updated_at" = '2013-02-26 04:54:21.117265' WHERE "jobs"."id" = 459
  [1m[36m (1.0ms)[0m  [1mcommit transaction[0m
Completed 200 OK in 6ms (Views: 0.8ms | ActiveRecord: 1.6ms)


Started PUT "/jobs/456" for 192.168.2.3 at 2013-02-25 21:54:30 -0700
Processing by JobsController#update as HTML
  Parameters: {"job"=>{"result"=>"8.739000383770778", "error"=>"0"}, "id"=>"456"}
  [1m[35mJob Load (0.1ms)[0m  SELECT "jobs".* FROM "jobs" WHERE "jobs"."id" = ? LIMIT 1  [["id", "456"]]
  [1m[36m (0.1ms)[0m  [1mbegin transaction[0m
  [1m[35m (0.3ms)[0m  UPDATE "jobs" SET "result" = '8.739000383770778', "error" = 0, "updated_at" = '2013-02-26 04:54:30.017416' WHERE "jobs"."id" = 456
  [1m[36m (2.4ms)[0m  [1mcommit transaction[0m
  [1m[35m (0.0ms)[0m  begin transaction
  [1m[36m (0.3ms)[0m  [1mUPDATE "jobs" SET "status" = 2, "success" = 't', "updated_at" = '2013-02-26 04:54:30.021427' WHERE "jobs"."id" = 456[0m
  [1m[35m (0.6ms)[0m  commit transaction
Completed 200 OK in 7ms (Views: 0.1ms | ActiveRecord: 3.8ms)


Started GET "/get/4.json" for 192.168.2.3 at 2013-02-25 21:54:30 -0700
Processing by JobsController#get as JSON
  Parameters: {"task_id"=>"4", "job"=>{}}
  [1m[36mJob Load (0.5ms)[0m  [1mSELECT "jobs".* FROM "jobs" WHERE (status =0 AND task_id = '4') LIMIT 1[0m
  [1m[35mCACHE (0.0ms)[0m  SELECT "jobs".* FROM "jobs" WHERE (status =0 AND task_id = '4') LIMIT 1
  [1m[36m (0.1ms)[0m  [1mbegin transaction[0m
  [1m[35m (0.3ms)[0m  UPDATE "jobs" SET "status" = 1, "updated_at" = '2013-02-26 04:54:30.066543' WHERE "jobs"."id" = 460
  [1m[36m (1.0ms)[0m  [1mcommit transaction[0m
Completed 200 OK in 8ms (Views: 1.2ms | ActiveRecord: 1.9ms)


Started PUT "/jobs/457" for 192.168.2.9 at 2013-02-25 21:54:33 -0700
Processing by JobsController#update as HTML
  Parameters: {"job"=>{"result"=>"8.599194891448176", "error"=>"0"}, "id"=>"457"}
  [1m[35mJob Load (0.1ms)[0m  SELECT "jobs".* FROM "jobs" WHERE "jobs"."id" = ? LIMIT 1  [["id", "457"]]
  [1m[36m (0.1ms)[0m  [1mbegin transaction[0m
  [1m[35m (0.3ms)[0m  UPDATE "jobs" SET "result" = '8.599194891448176', "error" = 0, "updated_at" = '2013-02-26 04:54:33.528396' WHERE "jobs"."id" = 457
  [1m[36m (2.5ms)[0m  [1mcommit transaction[0m
  [1m[35m (0.1ms)[0m  begin transaction
  [1m[36m (0.3ms)[0m  [1mUPDATE "jobs" SET "status" = 2, "success" = 't', "updated_at" = '2013-02-26 04:54:33.532750' WHERE "jobs"."id" = 457[0m
  [1m[35m (0.8ms)[0m  commit transaction
Completed 200 OK in 8ms (Views: 0.1ms | ActiveRecord: 4.1ms)


Started GET "/get/4.json" for 192.168.2.9 at 2013-02-25 21:54:33 -0700
Processing by JobsController#get as JSON
  Parameters: {"task_id"=>"4", "job"=>{}}
  [1m[36mJob Load (0.3ms)[0m  [1mSELECT "jobs".* FROM "jobs" WHERE (status =0 AND task_id = '4') LIMIT 1[0m
  [1m[35mCACHE (0.0ms)[0m  SELECT "jobs".* FROM "jobs" WHERE (status =0 AND task_id = '4') LIMIT 1
  [1m[36m (0.1ms)[0m  [1mbegin transaction[0m
  [1m[35m (0.3ms)[0m  UPDATE "jobs" SET "status" = 1, "updated_at" = '2013-02-26 04:54:33.548844' WHERE "jobs"."id" = 461
  [1m[36m (0.7ms)[0m  [1mcommit transaction[0m
Completed 200 OK in 7ms (Views: 1.2ms | ActiveRecord: 1.4ms)


Started PUT "/jobs/459" for 192.168.2.8 at 2013-02-25 21:54:39 -0700
Processing by JobsController#update as HTML
  Parameters: {"job"=>{"result"=>"8.86401541672321", "error"=>"0"}, "id"=>"459"}
  [1m[35mJob Load (0.1ms)[0m  SELECT "jobs".* FROM "jobs" WHERE "jobs"."id" = ? LIMIT 1  [["id", "459"]]
  [1m[36m (0.0ms)[0m  [1mbegin transaction[0m
  [1m[35m (0.3ms)[0m  UPDATE "jobs" SET "result" = '8.86401541672321', "error" = 0, "updated_at" = '2013-02-26 04:54:39.273479' WHERE "jobs"."id" = 459
  [1m[36m (2.3ms)[0m  [1mcommit transaction[0m
  [1m[35m (0.1ms)[0m  begin transaction
  [1m[36m (0.3ms)[0m  [1mUPDATE "jobs" SET "status" = 2, "success" = 't', "updated_at" = '2013-02-26 04:54:39.277532' WHERE "jobs"."id" = 459[0m
  [1m[35m (0.7ms)[0m  commit transaction
Completed 200 OK in 7ms (Views: 0.1ms | ActiveRecord: 3.8ms)


Started GET "/get/4.json" for 192.168.2.8 at 2013-02-25 21:54:39 -0700
Processing by JobsController#get as JSON
  Parameters: {"task_id"=>"4", "job"=>{}}
  [1m[36mJob Load (0.4ms)[0m  [1mSELECT "jobs".* FROM "jobs" WHERE (status =0 AND task_id = '4') LIMIT 1[0m
  [1m[35mCACHE (0.0ms)[0m  SELECT "jobs".* FROM "jobs" WHERE (status =0 AND task_id = '4') LIMIT 1
  [1m[36m (0.1ms)[0m  [1mbegin transaction[0m
  [1m[35m (0.4ms)[0m  UPDATE "jobs" SET "status" = 1, "updated_at" = '2013-02-26 04:54:39.298068' WHERE "jobs"."id" = 462
  [1m[36m (0.9ms)[0m  [1mcommit transaction[0m
Completed 200 OK in 9ms (Views: 1.2ms | ActiveRecord: 1.8ms)


Started PUT "/jobs/462" for 192.168.2.8 at 2013-02-25 21:54:57 -0700
Processing by JobsController#update as HTML
  Parameters: {"job"=>{"result"=>"8.636244458660858", "error"=>"0"}, "id"=>"462"}
  [1m[35mJob Load (0.1ms)[0m  SELECT "jobs".* FROM "jobs" WHERE "jobs"."id" = ? LIMIT 1  [["id", "462"]]
  [1m[36m (0.1ms)[0m  [1mbegin transaction[0m
  [1m[35m (0.3ms)[0m  UPDATE "jobs" SET "result" = '8.636244458660858', "error" = 0, "updated_at" = '2013-02-26 04:54:57.992440' WHERE "jobs"."id" = 462
  [1m[36m (2.0ms)[0m  [1mcommit transaction[0m
  [1m[35m (0.1ms)[0m  begin transaction
  [1m[36m (0.3ms)[0m  [1mUPDATE "jobs" SET "status" = 2, "success" = 't', "updated_at" = '2013-02-26 04:54:57.996271' WHERE "jobs"."id" = 462[0m
  [1m[35m (1.1ms)[0m  commit transaction
Completed 200 OK in 8ms (Views: 0.1ms | ActiveRecord: 4.0ms)


Started GET "/get/4.json" for 192.168.2.8 at 2013-02-25 21:54:58 -0700
Processing by JobsController#get as JSON
  Parameters: {"task_id"=>"4", "job"=>{}}
  [1m[36mJob Load (0.3ms)[0m  [1mSELECT "jobs".* FROM "jobs" WHERE (status =0 AND task_id = '4') LIMIT 1[0m
  [1m[35mCACHE (0.0ms)[0m  SELECT "jobs".* FROM "jobs" WHERE (status =0 AND task_id = '4') LIMIT 1
  [1m[36m (0.0ms)[0m  [1mbegin transaction[0m
  [1m[35m (0.3ms)[0m  UPDATE "jobs" SET "status" = 1, "updated_at" = '2013-02-26 04:54:58.026452' WHERE "jobs"."id" = 463
  [1m[36m (1.2ms)[0m  [1mcommit transaction[0m
Completed 200 OK in 6ms (Views: 0.7ms | ActiveRecord: 1.8ms)


Started PUT "/jobs/460" for 192.168.2.3 at 2013-02-25 21:55:01 -0700
Processing by JobsController#update as HTML
  Parameters: {"job"=>{"result"=>"8.8833077558959", "error"=>"0"}, "id"=>"460"}
  [1m[35mJob Load (0.1ms)[0m  SELECT "jobs".* FROM "jobs" WHERE "jobs"."id" = ? LIMIT 1  [["id", "460"]]
  [1m[36m (0.1ms)[0m  [1mbegin transaction[0m
  [1m[35m (0.3ms)[0m  UPDATE "jobs" SET "result" = '8.8833077558959', "error" = 0, "updated_at" = '2013-02-26 04:55:01.126712' WHERE "jobs"."id" = 460
  [1m[36m (2.2ms)[0m  [1mcommit transaction[0m
  [1m[35m (0.1ms)[0m  begin transaction
  [1m[36m (0.3ms)[0m  [1mUPDATE "jobs" SET "status" = 2, "success" = 't', "updated_at" = '2013-02-26 04:55:01.130626' WHERE "jobs"."id" = 460[0m
  [1m[35m (1.0ms)[0m  commit transaction
Completed 200 OK in 8ms (Views: 0.1ms | ActiveRecord: 4.1ms)


Started GET "/get/4.json" for 192.168.2.3 at 2013-02-25 21:55:01 -0700
Processing by JobsController#get as JSON
  Parameters: {"task_id"=>"4", "job"=>{}}
  [1m[36mJob Load (0.5ms)[0m  [1mSELECT "jobs".* FROM "jobs" WHERE (status =0 AND task_id = '4') LIMIT 1[0m
  [1m[35mCACHE (0.0ms)[0m  SELECT "jobs".* FROM "jobs" WHERE (status =0 AND task_id = '4') LIMIT 1
  [1m[36m (0.1ms)[0m  [1mbegin transaction[0m
  [1m[35m (0.3ms)[0m  UPDATE "jobs" SET "status" = 1, "updated_at" = '2013-02-26 04:55:01.207684' WHERE "jobs"."id" = 464
  [1m[36m (1.2ms)[0m  [1mcommit transaction[0m
Completed 200 OK in 7ms (Views: 0.8ms | ActiveRecord: 2.1ms)


Started PUT "/jobs/461" for 192.168.2.9 at 2013-02-25 21:55:06 -0700
Processing by JobsController#update as HTML
  Parameters: {"job"=>{"result"=>"8.804537487374239", "error"=>"0"}, "id"=>"461"}
  [1m[35mJob Load (0.2ms)[0m  SELECT "jobs".* FROM "jobs" WHERE "jobs"."id" = ? LIMIT 1  [["id", "461"]]
  [1m[36m (0.1ms)[0m  [1mbegin transaction[0m
  [1m[35m (0.4ms)[0m  UPDATE "jobs" SET "result" = '8.804537487374239', "error" = 0, "updated_at" = '2013-02-26 04:55:06.738607' WHERE "jobs"."id" = 461
  [1m[36m (2.2ms)[0m  [1mcommit transaction[0m
  [1m[35m (0.1ms)[0m  begin transaction
  [1m[36m (0.3ms)[0m  [1mUPDATE "jobs" SET "status" = 2, "success" = 't', "updated_at" = '2013-02-26 04:55:06.743042' WHERE "jobs"."id" = 461[0m
  [1m[35m (0.8ms)[0m  commit transaction
Completed 200 OK in 9ms (Views: 0.2ms | ActiveRecord: 4.1ms)


Started GET "/get/4.json" for 192.168.2.9 at 2013-02-25 21:55:06 -0700
Processing by JobsController#get as JSON
  Parameters: {"task_id"=>"4", "job"=>{}}
  [1m[36mJob Load (0.3ms)[0m  [1mSELECT "jobs".* FROM "jobs" WHERE (status =0 AND task_id = '4') LIMIT 1[0m
  [1m[35mCACHE (0.0ms)[0m  SELECT "jobs".* FROM "jobs" WHERE (status =0 AND task_id = '4') LIMIT 1
  [1m[36m (0.1ms)[0m  [1mbegin transaction[0m
  [1m[35m (0.3ms)[0m  UPDATE "jobs" SET "status" = 1, "updated_at" = '2013-02-26 04:55:06.773674' WHERE "jobs"."id" = 465
  [1m[36m (1.2ms)[0m  [1mcommit transaction[0m
Completed 200 OK in 6ms (Views: 0.8ms | ActiveRecord: 1.8ms)


Started PUT "/jobs/463" for 192.168.2.8 at 2013-02-25 21:55:16 -0700
Processing by JobsController#update as HTML
  Parameters: {"job"=>{"result"=>"8.669386593028447", "error"=>"0"}, "id"=>"463"}
  [1m[35mJob Load (0.1ms)[0m  SELECT "jobs".* FROM "jobs" WHERE "jobs"."id" = ? LIMIT 1  [["id", "463"]]
  [1m[36m (0.1ms)[0m  [1mbegin transaction[0m
  [1m[35m (0.3ms)[0m  UPDATE "jobs" SET "result" = '8.669386593028447', "error" = 0, "updated_at" = '2013-02-26 04:55:16.203203' WHERE "jobs"."id" = 463
  [1m[36m (2.5ms)[0m  [1mcommit transaction[0m
  [1m[35m (0.1ms)[0m  begin transaction
  [1m[36m (0.2ms)[0m  [1mUPDATE "jobs" SET "status" = 2, "success" = 't', "updated_at" = '2013-02-26 04:55:16.207330' WHERE "jobs"."id" = 463[0m
  [1m[35m (1.1ms)[0m  commit transaction
Completed 200 OK in 8ms (Views: 0.1ms | ActiveRecord: 4.3ms)


Started GET "/get/4.json" for 192.168.2.8 at 2013-02-25 21:55:16 -0700
Processing by JobsController#get as JSON
  Parameters: {"task_id"=>"4", "job"=>{}}
  [1m[36mJob Load (0.4ms)[0m  [1mSELECT "jobs".* FROM "jobs" WHERE (status =0 AND task_id = '4') LIMIT 1[0m
  [1m[35mCACHE (0.0ms)[0m  SELECT "jobs".* FROM "jobs" WHERE (status =0 AND task_id = '4') LIMIT 1
  [1m[36m (0.1ms)[0m  [1mbegin transaction[0m
  [1m[35m (0.5ms)[0m  UPDATE "jobs" SET "status" = 1, "updated_at" = '2013-02-26 04:55:16.229928' WHERE "jobs"."id" = 466
  [1m[36m (0.8ms)[0m  [1mcommit transaction[0m
Completed 200 OK in 8ms (Views: 1.2ms | ActiveRecord: 1.8ms)


Started PUT "/jobs/464" for 192.168.2.3 at 2013-02-25 21:55:32 -0700
Processing by JobsController#update as HTML
  Parameters: {"job"=>{"result"=>"8.82250986193003", "error"=>"0"}, "id"=>"464"}
  [1m[35mJob Load (0.1ms)[0m  SELECT "jobs".* FROM "jobs" WHERE "jobs"."id" = ? LIMIT 1  [["id", "464"]]
  [1m[36m (0.1ms)[0m  [1mbegin transaction[0m
  [1m[35m (0.4ms)[0m  UPDATE "jobs" SET "result" = '8.82250986193003', "error" = 0, "updated_at" = '2013-02-26 04:55:32.068110' WHERE "jobs"."id" = 464
  [1m[36m (1.4ms)[0m  [1mcommit transaction[0m
  [1m[35m (0.1ms)[0m  begin transaction
  [1m[36m (0.3ms)[0m  [1mUPDATE "jobs" SET "status" = 2, "success" = 't', "updated_at" = '2013-02-26 04:55:32.071684' WHERE "jobs"."id" = 464[0m
  [1m[35m (1.2ms)[0m  commit transaction
Completed 200 OK in 8ms (Views: 0.1ms | ActiveRecord: 3.6ms)


Started GET "/get/4.json" for 192.168.2.3 at 2013-02-25 21:55:32 -0700
Processing by JobsController#get as JSON
  Parameters: {"task_id"=>"4", "job"=>{}}
  [1m[36mJob Load (0.3ms)[0m  [1mSELECT "jobs".* FROM "jobs" WHERE (status =0 AND task_id = '4') LIMIT 1[0m
  [1m[35mCACHE (0.0ms)[0m  SELECT "jobs".* FROM "jobs" WHERE (status =0 AND task_id = '4') LIMIT 1
  [1m[36m (0.0ms)[0m  [1mbegin transaction[0m
  [1m[35m (0.3ms)[0m  UPDATE "jobs" SET "status" = 1, "updated_at" = '2013-02-26 04:55:32.104349' WHERE "jobs"."id" = 467
  [1m[36m (1.3ms)[0m  [1mcommit transaction[0m
Completed 200 OK in 6ms (Views: 0.7ms | ActiveRecord: 1.9ms)


Started PUT "/jobs/466" for 192.168.2.8 at 2013-02-25 21:55:34 -0700
Processing by JobsController#update as HTML
  Parameters: {"job"=>{"result"=>"8.852320722931013", "error"=>"0"}, "id"=>"466"}
  [1m[35mJob Load (0.1ms)[0m  SELECT "jobs".* FROM "jobs" WHERE "jobs"."id" = ? LIMIT 1  [["id", "466"]]
  [1m[36m (0.1ms)[0m  [1mbegin transaction[0m
  [1m[35m (0.3ms)[0m  UPDATE "jobs" SET "result" = '8.852320722931013', "error" = 0, "updated_at" = '2013-02-26 04:55:34.684386' WHERE "jobs"."id" = 466
  [1m[36m (2.1ms)[0m  [1mcommit transaction[0m
  [1m[35m (0.1ms)[0m  begin transaction
  [1m[36m (0.6ms)[0m  [1mUPDATE "jobs" SET "status" = 2, "success" = 't', "updated_at" = '2013-02-26 04:55:34.688607' WHERE "jobs"."id" = 466[0m
  [1m[35m (0.7ms)[0m  commit transaction
Completed 200 OK in 9ms (Views: 0.2ms | ActiveRecord: 4.0ms)


Started GET "/get/4.json" for 192.168.2.8 at 2013-02-25 21:55:34 -0700
Processing by JobsController#get as JSON
  Parameters: {"task_id"=>"4", "job"=>{}}
  [1m[36mJob Load (0.3ms)[0m  [1mSELECT "jobs".* FROM "jobs" WHERE (status =0 AND task_id = '4') LIMIT 1[0m
  [1m[35mCACHE (0.0ms)[0m  SELECT "jobs".* FROM "jobs" WHERE (status =0 AND task_id = '4') LIMIT 1
  [1m[36m (0.1ms)[0m  [1mbegin transaction[0m
  [1m[35m (0.3ms)[0m  UPDATE "jobs" SET "status" = 1, "updated_at" = '2013-02-26 04:55:34.708978' WHERE "jobs"."id" = 468
  [1m[36m (1.1ms)[0m  [1mcommit transaction[0m
Completed 200 OK in 7ms (Views: 0.8ms | ActiveRecord: 1.8ms)


Started PUT "/jobs/465" for 192.168.2.9 at 2013-02-25 21:55:39 -0700
Processing by JobsController#update as HTML
  Parameters: {"job"=>{"result"=>"8.886911586839197", "error"=>"0"}, "id"=>"465"}
  [1m[35mJob Load (0.1ms)[0m  SELECT "jobs".* FROM "jobs" WHERE "jobs"."id" = ? LIMIT 1  [["id", "465"]]
  [1m[36m (0.1ms)[0m  [1mbegin transaction[0m
  [1m[35m (0.3ms)[0m  UPDATE "jobs" SET "result" = '8.886911586839197', "error" = 0, "updated_at" = '2013-02-26 04:55:39.597566' WHERE "jobs"."id" = 465
  [1m[36m (2.1ms)[0m  [1mcommit transaction[0m
  [1m[35m (0.1ms)[0m  begin transaction
  [1m[36m (0.3ms)[0m  [1mUPDATE "jobs" SET "status" = 2, "success" = 't', "updated_at" = '2013-02-26 04:55:39.601483' WHERE "jobs"."id" = 465[0m
  [1m[35m (0.7ms)[0m  commit transaction
Completed 200 OK in 8ms (Views: 0.1ms | ActiveRecord: 3.7ms)


Started GET "/get/4.json" for 192.168.2.9 at 2013-02-25 21:55:39 -0700
Processing by JobsController#get as JSON
  Parameters: {"task_id"=>"4", "job"=>{}}
  [1m[36mJob Load (0.3ms)[0m  [1mSELECT "jobs".* FROM "jobs" WHERE (status =0 AND task_id = '4') LIMIT 1[0m
  [1m[35mCACHE (0.0ms)[0m  SELECT "jobs".* FROM "jobs" WHERE (status =0 AND task_id = '4') LIMIT 1
  [1m[36m (0.1ms)[0m  [1mbegin transaction[0m
  [1m[35m (0.5ms)[0m  UPDATE "jobs" SET "status" = 1, "updated_at" = '2013-02-26 04:55:39.630236' WHERE "jobs"."id" = 469
  [1m[36m (1.1ms)[0m  [1mcommit transaction[0m
Completed 200 OK in 8ms (Views: 0.8ms | ActiveRecord: 1.9ms)


Started PUT "/jobs/468" for 192.168.2.8 at 2013-02-25 21:55:52 -0700
Processing by JobsController#update as HTML
  Parameters: {"job"=>{"result"=>"8.601595748279648", "error"=>"0"}, "id"=>"468"}
  [1m[35mJob Load (0.2ms)[0m  SELECT "jobs".* FROM "jobs" WHERE "jobs"."id" = ? LIMIT 1  [["id", "468"]]
  [1m[36m (0.1ms)[0m  [1mbegin transaction[0m
  [1m[35m (0.3ms)[0m  UPDATE "jobs" SET "result" = '8.601595748279648', "error" = 0, "updated_at" = '2013-02-26 04:55:52.973691' WHERE "jobs"."id" = 468
  [1m[36m (2.7ms)[0m  [1mcommit transaction[0m
  [1m[35m (0.1ms)[0m  begin transaction
  [1m[36m (0.3ms)[0m  [1mUPDATE "jobs" SET "status" = 2, "success" = 't', "updated_at" = '2013-02-26 04:55:52.978283' WHERE "jobs"."id" = 468[0m
  [1m[35m (0.7ms)[0m  commit transaction
Completed 200 OK in 8ms (Views: 0.2ms | ActiveRecord: 4.3ms)


Started GET "/get/4.json" for 192.168.2.8 at 2013-02-25 21:55:52 -0700
Processing by JobsController#get as JSON
  Parameters: {"task_id"=>"4", "job"=>{}}
  [1m[36mJob Load (0.4ms)[0m  [1mSELECT "jobs".* FROM "jobs" WHERE (status =0 AND task_id = '4') LIMIT 1[0m
  [1m[35mCACHE (0.0ms)[0m  SELECT "jobs".* FROM "jobs" WHERE (status =0 AND task_id = '4') LIMIT 1
  [1m[36m (0.1ms)[0m  [1mbegin transaction[0m
  [1m[35m (0.5ms)[0m  UPDATE "jobs" SET "status" = 1, "updated_at" = '2013-02-26 04:55:53.004752' WHERE "jobs"."id" = 470
  [1m[36m (2.0ms)[0m  [1mcommit transaction[0m
Completed 200 OK in 9ms (Views: 1.2ms | ActiveRecord: 3.0ms)


Started PUT "/jobs/467" for 192.168.2.3 at 2013-02-25 21:56:03 -0700
Processing by JobsController#update as HTML
  Parameters: {"job"=>{"result"=>"8.726349255142507", "error"=>"0"}, "id"=>"467"}
  [1m[35mJob Load (0.2ms)[0m  SELECT "jobs".* FROM "jobs" WHERE "jobs"."id" = ? LIMIT 1  [["id", "467"]]
  [1m[36m (0.1ms)[0m  [1mbegin transaction[0m
  [1m[35m (0.3ms)[0m  UPDATE "jobs" SET "result" = '8.726349255142507', "error" = 0, "updated_at" = '2013-02-26 04:56:03.035411' WHERE "jobs"."id" = 467
  [1m[36m (2.4ms)[0m  [1mcommit transaction[0m
  [1m[35m (0.1ms)[0m  begin transaction
  [1m[36m (0.3ms)[0m  [1mUPDATE "jobs" SET "status" = 2, "success" = 't', "updated_at" = '2013-02-26 04:56:03.039874' WHERE "jobs"."id" = 467[0m
  [1m[35m (1.0ms)[0m  commit transaction
Completed 200 OK in 9ms (Views: 0.2ms | ActiveRecord: 4.3ms)


Started GET "/get/4.json" for 192.168.2.3 at 2013-02-25 21:56:03 -0700
Processing by JobsController#get as JSON
  Parameters: {"task_id"=>"4", "job"=>{}}
  [1m[36mJob Load (0.5ms)[0m  [1mSELECT "jobs".* FROM "jobs" WHERE (status =0 AND task_id = '4') LIMIT 1[0m
  [1m[35mCACHE (0.0ms)[0m  SELECT "jobs".* FROM "jobs" WHERE (status =0 AND task_id = '4') LIMIT 1
  [1m[36m (0.1ms)[0m  [1mbegin transaction[0m
  [1m[35m (0.4ms)[0m  UPDATE "jobs" SET "status" = 1, "updated_at" = '2013-02-26 04:56:03.106425' WHERE "jobs"."id" = 471
  [1m[36m (2.0ms)[0m  [1mcommit transaction[0m
Completed 200 OK in 13ms (Views: 1.6ms | ActiveRecord: 2.9ms)


Started PUT "/jobs/470" for 192.168.2.8 at 2013-02-25 21:56:11 -0700
Processing by JobsController#update as HTML
  Parameters: {"job"=>{"result"=>"8.869026473149326", "error"=>"0"}, "id"=>"470"}
  [1m[35mJob Load (0.1ms)[0m  SELECT "jobs".* FROM "jobs" WHERE "jobs"."id" = ? LIMIT 1  [["id", "470"]]
  [1m[36m (0.1ms)[0m  [1mbegin transaction[0m
  [1m[35m (0.4ms)[0m  UPDATE "jobs" SET "result" = '8.869026473149326', "error" = 0, "updated_at" = '2013-02-26 04:56:11.643652' WHERE "jobs"."id" = 470
  [1m[36m (3.3ms)[0m  [1mcommit transaction[0m
  [1m[35m (0.1ms)[0m  begin transaction
  [1m[36m (0.3ms)[0m  [1mUPDATE "jobs" SET "status" = 2, "success" = 't', "updated_at" = '2013-02-26 04:56:11.648924' WHERE "jobs"."id" = 470[0m
  [1m[35m (1.3ms)[0m  commit transaction
Completed 200 OK in 9ms (Views: 0.1ms | ActiveRecord: 5.4ms)


Started GET "/get/4.json" for 192.168.2.8 at 2013-02-25 21:56:11 -0700
Processing by JobsController#get as JSON
  Parameters: {"task_id"=>"4", "job"=>{}}
  [1m[36mJob Load (0.3ms)[0m  [1mSELECT "jobs".* FROM "jobs" WHERE (status =0 AND task_id = '4') LIMIT 1[0m
  [1m[35mCACHE (0.0ms)[0m  SELECT "jobs".* FROM "jobs" WHERE (status =0 AND task_id = '4') LIMIT 1
  [1m[36m (0.1ms)[0m  [1mbegin transaction[0m
  [1m[35m (0.3ms)[0m  UPDATE "jobs" SET "status" = 1, "updated_at" = '2013-02-26 04:56:11.672024' WHERE "jobs"."id" = 472
  [1m[36m (0.9ms)[0m  [1mcommit transaction[0m
Completed 200 OK in 6ms (Views: 0.8ms | ActiveRecord: 1.6ms)


Started PUT "/jobs/469" for 192.168.2.9 at 2013-02-25 21:56:12 -0700
Processing by JobsController#update as HTML
  Parameters: {"job"=>{"result"=>"8.762780326615024", "error"=>"0"}, "id"=>"469"}
  [1m[35mJob Load (0.2ms)[0m  SELECT "jobs".* FROM "jobs" WHERE "jobs"."id" = ? LIMIT 1  [["id", "469"]]
  [1m[36m (0.1ms)[0m  [1mbegin transaction[0m
  [1m[35m (0.3ms)[0m  UPDATE "jobs" SET "result" = '8.762780326615024', "error" = 0, "updated_at" = '2013-02-26 04:56:12.837816' WHERE "jobs"."id" = 469
  [1m[36m (28.1ms)[0m  [1mcommit transaction[0m
  [1m[35m (0.1ms)[0m  begin transaction
  [1m[36m (0.4ms)[0m  [1mUPDATE "jobs" SET "status" = 2, "success" = 't', "updated_at" = '2013-02-26 04:56:12.868046' WHERE "jobs"."id" = 469[0m
  [1m[35m (0.9ms)[0m  commit transaction
Completed 200 OK in 35ms (Views: 0.1ms | ActiveRecord: 30.0ms)


Started GET "/get/4.json" for 192.168.2.9 at 2013-02-25 21:56:12 -0700
Processing by JobsController#get as JSON
  Parameters: {"task_id"=>"4", "job"=>{}}
  [1m[36mJob Load (0.3ms)[0m  [1mSELECT "jobs".* FROM "jobs" WHERE (status =0 AND task_id = '4') LIMIT 1[0m
  [1m[35mCACHE (0.0ms)[0m  SELECT "jobs".* FROM "jobs" WHERE (status =0 AND task_id = '4') LIMIT 1
  [1m[36m (0.1ms)[0m  [1mbegin transaction[0m
  [1m[35m (0.4ms)[0m  UPDATE "jobs" SET "status" = 1, "updated_at" = '2013-02-26 04:56:12.927761' WHERE "jobs"."id" = 473
  [1m[36m (1.3ms)[0m  [1mcommit transaction[0m
Completed 200 OK in 7ms (Views: 1.3ms | ActiveRecord: 2.0ms)


Started PUT "/jobs/472" for 192.168.2.8 at 2013-02-25 21:56:29 -0700
Processing by JobsController#update as HTML
  Parameters: {"job"=>{"result"=>"8.794815112233628", "error"=>"0"}, "id"=>"472"}
  [1m[35mJob Load (0.2ms)[0m  SELECT "jobs".* FROM "jobs" WHERE "jobs"."id" = ? LIMIT 1  [["id", "472"]]
  [1m[36m (0.1ms)[0m  [1mbegin transaction[0m
  [1m[35m (0.4ms)[0m  UPDATE "jobs" SET "result" = '8.794815112233628', "error" = 0, "updated_at" = '2013-02-26 04:56:29.966819' WHERE "jobs"."id" = 472
  [1m[36m (32.5ms)[0m  [1mcommit transaction[0m
  [1m[35m (0.1ms)[0m  begin transaction
  [1m[36m (0.3ms)[0m  [1mUPDATE "jobs" SET "status" = 2, "success" = 't', "updated_at" = '2013-02-26 04:56:30.002406' WHERE "jobs"."id" = 472[0m
  [1m[35m (0.9ms)[0m  commit transaction
Completed 200 OK in 41ms (Views: 0.1ms | ActiveRecord: 34.5ms)


Started GET "/get/4.json" for 192.168.2.8 at 2013-02-25 21:56:30 -0700
Processing by JobsController#get as JSON
  Parameters: {"task_id"=>"4", "job"=>{}}
  [1m[36mJob Load (0.3ms)[0m  [1mSELECT "jobs".* FROM "jobs" WHERE (status =0 AND task_id = '4') LIMIT 1[0m
  [1m[35mCACHE (0.0ms)[0m  SELECT "jobs".* FROM "jobs" WHERE (status =0 AND task_id = '4') LIMIT 1
  [1m[36m (0.1ms)[0m  [1mbegin transaction[0m
  [1m[35m (0.4ms)[0m  UPDATE "jobs" SET "status" = 1, "updated_at" = '2013-02-26 04:56:30.032565' WHERE "jobs"."id" = 474
  [1m[36m (1.1ms)[0m  [1mcommit transaction[0m
Completed 200 OK in 7ms (Views: 0.8ms | ActiveRecord: 1.8ms)


Started PUT "/jobs/471" for 192.168.2.3 at 2013-02-25 21:56:33 -0700
Processing by JobsController#update as HTML
  Parameters: {"job"=>{"result"=>"8.880613237059373", "error"=>"0"}, "id"=>"471"}
  [1m[35mJob Load (0.2ms)[0m  SELECT "jobs".* FROM "jobs" WHERE "jobs"."id" = ? LIMIT 1  [["id", "471"]]
  [1m[36m (0.1ms)[0m  [1mbegin transaction[0m
  [1m[35m (0.3ms)[0m  UPDATE "jobs" SET "result" = '8.880613237059373', "error" = 0, "updated_at" = '2013-02-26 04:56:33.912641' WHERE "jobs"."id" = 471
  [1m[36m (9.4ms)[0m  [1mcommit transaction[0m
  [1m[35m (0.1ms)[0m  begin transaction
  [1m[36m (0.3ms)[0m  [1mUPDATE "jobs" SET "status" = 2, "success" = 't', "updated_at" = '2013-02-26 04:56:33.924004' WHERE "jobs"."id" = 471[0m
  [1m[35m (1.2ms)[0m  commit transaction
Completed 200 OK in 16ms (Views: 0.1ms | ActiveRecord: 11.6ms)


Started GET "/get/4.json" for 192.168.2.3 at 2013-02-25 21:56:34 -0700
Processing by JobsController#get as JSON
  Parameters: {"task_id"=>"4", "job"=>{}}
  [1m[36mJob Load (0.3ms)[0m  [1mSELECT "jobs".* FROM "jobs" WHERE (status =0 AND task_id = '4') LIMIT 1[0m
  [1m[35mCACHE (0.0ms)[0m  SELECT "jobs".* FROM "jobs" WHERE (status =0 AND task_id = '4') LIMIT 1
  [1m[36m (0.1ms)[0m  [1mbegin transaction[0m
  [1m[35m (0.3ms)[0m  UPDATE "jobs" SET "status" = 1, "updated_at" = '2013-02-26 04:56:34.086705' WHERE "jobs"."id" = 475
  [1m[36m (1.5ms)[0m  [1mcommit transaction[0m
Completed 200 OK in 8ms (Views: 0.9ms | ActiveRecord: 2.2ms)


Started PUT "/jobs/473" for 192.168.2.9 at 2013-02-25 21:56:46 -0700
Processing by JobsController#update as HTML
  Parameters: {"job"=>{"result"=>"8.623585013296868", "error"=>"0"}, "id"=>"473"}
  [1m[35mJob Load (0.1ms)[0m  SELECT "jobs".* FROM "jobs" WHERE "jobs"."id" = ? LIMIT 1  [["id", "473"]]
  [1m[36m (0.1ms)[0m  [1mbegin transaction[0m
  [1m[35m (0.3ms)[0m  UPDATE "jobs" SET "result" = '8.623585013296868', "error" = 0, "updated_at" = '2013-02-26 04:56:46.962749' WHERE "jobs"."id" = 473
  [1m[36m (2.4ms)[0m  [1mcommit transaction[0m
  [1m[35m (0.0ms)[0m  begin transaction
  [1m[36m (0.3ms)[0m  [1mUPDATE "jobs" SET "status" = 2, "success" = 't', "updated_at" = '2013-02-26 04:56:46.966819' WHERE "jobs"."id" = 473[0m
  [1m[35m (0.9ms)[0m  commit transaction
Completed 200 OK in 8ms (Views: 0.1ms | ActiveRecord: 4.1ms)


Started GET "/get/4.json" for 192.168.2.9 at 2013-02-25 21:56:47 -0700
Processing by JobsController#get as JSON
  Parameters: {"task_id"=>"4", "job"=>{}}
  [1m[36mJob Load (0.3ms)[0m  [1mSELECT "jobs".* FROM "jobs" WHERE (status =0 AND task_id = '4') LIMIT 1[0m
  [1m[35mCACHE (0.0ms)[0m  SELECT "jobs".* FROM "jobs" WHERE (status =0 AND task_id = '4') LIMIT 1
  [1m[36m (0.1ms)[0m  [1mbegin transaction[0m
  [1m[35m (0.4ms)[0m  UPDATE "jobs" SET "status" = 1, "updated_at" = '2013-02-26 04:56:47.030792' WHERE "jobs"."id" = 476
  [1m[36m (1.5ms)[0m  [1mcommit transaction[0m
Completed 200 OK in 8ms (Views: 1.2ms | ActiveRecord: 2.3ms)


Started PUT "/jobs/474" for 192.168.2.8 at 2013-02-25 21:56:48 -0700
Processing by JobsController#update as HTML
  Parameters: {"job"=>{"result"=>"8.684834220477853", "error"=>"0"}, "id"=>"474"}
  [1m[35mJob Load (0.1ms)[0m  SELECT "jobs".* FROM "jobs" WHERE "jobs"."id" = ? LIMIT 1  [["id", "474"]]
  [1m[36m (0.1ms)[0m  [1mbegin transaction[0m
  [1m[35m (0.3ms)[0m  UPDATE "jobs" SET "result" = '8.684834220477853', "error" = 0, "updated_at" = '2013-02-26 04:56:48.174049' WHERE "jobs"."id" = 474
  [1m[36m (2.2ms)[0m  [1mcommit transaction[0m
  [1m[35m (0.1ms)[0m  begin transaction
  [1m[36m (0.3ms)[0m  [1mUPDATE "jobs" SET "status" = 2, "success" = 't', "updated_at" = '2013-02-26 04:56:48.177946' WHERE "jobs"."id" = 474[0m
  [1m[35m (1.2ms)[0m  commit transaction
Completed 200 OK in 8ms (Views: 0.1ms | ActiveRecord: 4.2ms)


Started GET "/get/4.json" for 192.168.2.8 at 2013-02-25 21:56:48 -0700
Processing by JobsController#get as JSON
  Parameters: {"task_id"=>"4", "job"=>{}}
  [1m[36mJob Load (0.4ms)[0m  [1mSELECT "jobs".* FROM "jobs" WHERE (status =0 AND task_id = '4') LIMIT 1[0m
  [1m[35mCACHE (0.0ms)[0m  SELECT "jobs".* FROM "jobs" WHERE (status =0 AND task_id = '4') LIMIT 1
  [1m[36m (0.1ms)[0m  [1mbegin transaction[0m
  [1m[35m (0.4ms)[0m  UPDATE "jobs" SET "status" = 1, "updated_at" = '2013-02-26 04:56:48.271104' WHERE "jobs"."id" = 477
  [1m[36m (1.4ms)[0m  [1mcommit transaction[0m
Completed 200 OK in 8ms (Views: 1.2ms | ActiveRecord: 2.2ms)


Started PUT "/jobs/475" for 192.168.2.3 at 2013-02-25 21:57:04 -0700
Processing by JobsController#update as HTML
  Parameters: {"job"=>{"result"=>"8.830744492127932", "error"=>"0"}, "id"=>"475"}
  [1m[35mJob Load (0.2ms)[0m  SELECT "jobs".* FROM "jobs" WHERE "jobs"."id" = ? LIMIT 1  [["id", "475"]]
  [1m[36m (0.1ms)[0m  [1mbegin transaction[0m
  [1m[35m (0.5ms)[0m  UPDATE "jobs" SET "result" = '8.830744492127932', "error" = 0, "updated_at" = '2013-02-26 04:57:04.849282' WHERE "jobs"."id" = 475
  [1m[36m (2.4ms)[0m  [1mcommit transaction[0m
  [1m[35m (0.1ms)[0m  begin transaction
  [1m[36m (0.4ms)[0m  [1mUPDATE "jobs" SET "status" = 2, "success" = 't', "updated_at" = '2013-02-26 04:57:04.854628' WHERE "jobs"."id" = 475[0m
  [1m[35m (0.8ms)[0m  commit transaction
Completed 200 OK in 10ms (Views: 0.1ms | ActiveRecord: 4.4ms)


Started GET "/get/4.json" for 192.168.2.3 at 2013-02-25 21:57:04 -0700
Processing by JobsController#get as JSON
  Parameters: {"task_id"=>"4", "job"=>{}}
  [1m[36mJob Load (0.3ms)[0m  [1mSELECT "jobs".* FROM "jobs" WHERE (status =0 AND task_id = '4') LIMIT 1[0m
  [1m[35mCACHE (0.0ms)[0m  SELECT "jobs".* FROM "jobs" WHERE (status =0 AND task_id = '4') LIMIT 1
  [1m[36m (0.0ms)[0m  [1mbegin transaction[0m
  [1m[35m (0.5ms)[0m  UPDATE "jobs" SET "status" = 1, "updated_at" = '2013-02-26 04:57:04.924893' WHERE "jobs"."id" = 478
  [1m[36m (1.6ms)[0m  [1mcommit transaction[0m
Completed 200 OK in 9ms (Views: 0.7ms | ActiveRecord: 2.5ms)


Started PUT "/jobs/477" for 192.168.2.8 at 2013-02-25 21:57:06 -0700
Processing by JobsController#update as HTML
  Parameters: {"job"=>{"result"=>"8.845654799617611", "error"=>"0"}, "id"=>"477"}
  [1m[35mJob Load (0.2ms)[0m  SELECT "jobs".* FROM "jobs" WHERE "jobs"."id" = ? LIMIT 1  [["id", "477"]]
  [1m[36m (0.1ms)[0m  [1mbegin transaction[0m
  [1m[35m (0.5ms)[0m  UPDATE "jobs" SET "result" = '8.845654799617611', "error" = 0, "updated_at" = '2013-02-26 04:57:06.345590' WHERE "jobs"."id" = 477
  [1m[36m (6.9ms)[0m  [1mcommit transaction[0m
  [1m[35m (0.1ms)[0m  begin transaction
  [1m[36m (0.3ms)[0m  [1mUPDATE "jobs" SET "status" = 2, "success" = 't', "updated_at" = '2013-02-26 04:57:06.354807' WHERE "jobs"."id" = 477[0m
  [1m[35m (2.3ms)[0m  commit transaction
Completed 200 OK in 15ms (Views: 0.2ms | ActiveRecord: 10.3ms)


Started GET "/get/4.json" for 192.168.2.8 at 2013-02-25 21:57:06 -0700
Processing by JobsController#get as JSON
  Parameters: {"task_id"=>"4", "job"=>{}}
  [1m[36mJob Load (0.4ms)[0m  [1mSELECT "jobs".* FROM "jobs" WHERE (status =0 AND task_id = '4') LIMIT 1[0m
  [1m[35mCACHE (0.0ms)[0m  SELECT "jobs".* FROM "jobs" WHERE (status =0 AND task_id = '4') LIMIT 1
  [1m[36m (0.1ms)[0m  [1mbegin transaction[0m
  [1m[35m (0.9ms)[0m  UPDATE "jobs" SET "status" = 1, "updated_at" = '2013-02-26 04:57:06.384457' WHERE "jobs"."id" = 479
  [1m[36m (1.8ms)[0m  [1mcommit transaction[0m
Completed 200 OK in 9ms (Views: 0.9ms | ActiveRecord: 3.2ms)


Started PUT "/jobs/476" for 192.168.2.9 at 2013-02-25 21:57:20 -0700
Processing by JobsController#update as HTML
  Parameters: {"job"=>{"result"=>"8.887814481661662", "error"=>"0"}, "id"=>"476"}
  [1m[35mJob Load (0.1ms)[0m  SELECT "jobs".* FROM "jobs" WHERE "jobs"."id" = ? LIMIT 1  [["id", "476"]]
  [1m[36m (0.1ms)[0m  [1mbegin transaction[0m
  [1m[35m (0.3ms)[0m  UPDATE "jobs" SET "result" = '8.887814481661662', "error" = 0, "updated_at" = '2013-02-26 04:57:21.003845' WHERE "jobs"."id" = 476
  [1m[36m (2.5ms)[0m  [1mcommit transaction[0m
  [1m[35m (0.1ms)[0m  begin transaction
  [1m[36m (0.3ms)[0m  [1mUPDATE "jobs" SET "status" = 2, "success" = 't', "updated_at" = '2013-02-26 04:57:21.008149' WHERE "jobs"."id" = 476[0m
  [1m[35m (0.9ms)[0m  commit transaction
Completed 200 OK in 8ms (Views: 0.2ms | ActiveRecord: 4.4ms)


Started GET "/get/4.json" for 192.168.2.9 at 2013-02-25 21:57:21 -0700
Processing by JobsController#get as JSON
  Parameters: {"task_id"=>"4", "job"=>{}}
  [1m[36mJob Load (0.4ms)[0m  [1mSELECT "jobs".* FROM "jobs" WHERE (status =0 AND task_id = '4') LIMIT 1[0m
  [1m[35mCACHE (0.0ms)[0m  SELECT "jobs".* FROM "jobs" WHERE (status =0 AND task_id = '4') LIMIT 1
  [1m[36m (0.1ms)[0m  [1mbegin transaction[0m
  [1m[35m (0.3ms)[0m  UPDATE "jobs" SET "status" = 1, "updated_at" = '2013-02-26 04:57:21.027692' WHERE "jobs"."id" = 480
  [1m[36m (0.8ms)[0m  [1mcommit transaction[0m
Completed 200 OK in 6ms (Views: 0.8ms | ActiveRecord: 1.6ms)


Started PUT "/jobs/479" for 192.168.2.8 at 2013-02-25 21:57:24 -0700
Processing by JobsController#update as HTML
  Parameters: {"job"=>{"result"=>"8.60642038860809", "error"=>"0"}, "id"=>"479"}
  [1m[35mJob Load (0.2ms)[0m  SELECT "jobs".* FROM "jobs" WHERE "jobs"."id" = ? LIMIT 1  [["id", "479"]]
  [1m[36m (0.1ms)[0m  [1mbegin transaction[0m
  [1m[35m (0.4ms)[0m  UPDATE "jobs" SET "result" = '8.60642038860809', "error" = 0, "updated_at" = '2013-02-26 04:57:24.651995' WHERE "jobs"."id" = 479
  [1m[36m (2.4ms)[0m  [1mcommit transaction[0m
  [1m[35m (0.1ms)[0m  begin transaction
  [1m[36m (0.3ms)[0m  [1mUPDATE "jobs" SET "status" = 2, "success" = 't', "updated_at" = '2013-02-26 04:57:24.656650' WHERE "jobs"."id" = 479[0m
  [1m[35m (0.8ms)[0m  commit transaction
Completed 200 OK in 9ms (Views: 0.1ms | ActiveRecord: 4.3ms)


Started GET "/get/4.json" for 192.168.2.8 at 2013-02-25 21:57:24 -0700
Processing by JobsController#get as JSON
  Parameters: {"task_id"=>"4", "job"=>{}}
  [1m[36mJob Load (0.5ms)[0m  [1mSELECT "jobs".* FROM "jobs" WHERE (status =0 AND task_id = '4') LIMIT 1[0m
  [1m[35mCACHE (0.0ms)[0m  SELECT "jobs".* FROM "jobs" WHERE (status =0 AND task_id = '4') LIMIT 1
  [1m[36m (0.1ms)[0m  [1mbegin transaction[0m
  [1m[35m (0.4ms)[0m  UPDATE "jobs" SET "status" = 1, "updated_at" = '2013-02-26 04:57:24.676269' WHERE "jobs"."id" = 481
  [1m[36m (0.9ms)[0m  [1mcommit transaction[0m
Completed 200 OK in 8ms (Views: 0.8ms | ActiveRecord: 1.9ms)


Started PUT "/jobs/478" for 192.168.2.3 at 2013-02-25 21:57:35 -0700
Processing by JobsController#update as HTML
  Parameters: {"job"=>{"result"=>"8.713148833125405", "error"=>"0"}, "id"=>"478"}
  [1m[35mJob Load (0.1ms)[0m  SELECT "jobs".* FROM "jobs" WHERE "jobs"."id" = ? LIMIT 1  [["id", "478"]]
  [1m[36m (0.1ms)[0m  [1mbegin transaction[0m
  [1m[35m (0.3ms)[0m  UPDATE "jobs" SET "result" = '8.713148833125405', "error" = 0, "updated_at" = '2013-02-26 04:57:35.773445' WHERE "jobs"."id" = 478
  [1m[36m (2.5ms)[0m  [1mcommit transaction[0m
  [1m[35m (0.0ms)[0m  begin transaction
  [1m[36m (0.3ms)[0m  [1mUPDATE "jobs" SET "status" = 2, "success" = 't', "updated_at" = '2013-02-26 04:57:35.777577' WHERE "jobs"."id" = 478[0m
  [1m[35m (1.1ms)[0m  commit transaction
Completed 200 OK in 8ms (Views: 0.1ms | ActiveRecord: 4.3ms)


Started GET "/get/4.json" for 192.168.2.3 at 2013-02-25 21:57:35 -0700
Processing by JobsController#get as JSON
  Parameters: {"task_id"=>"4", "job"=>{}}
  [1m[36mJob Load (0.3ms)[0m  [1mSELECT "jobs".* FROM "jobs" WHERE (status =0 AND task_id = '4') LIMIT 1[0m
  [1m[35mCACHE (0.0ms)[0m  SELECT "jobs".* FROM "jobs" WHERE (status =0 AND task_id = '4') LIMIT 1
  [1m[36m (0.1ms)[0m  [1mbegin transaction[0m
  [1m[35m (0.3ms)[0m  UPDATE "jobs" SET "status" = 1, "updated_at" = '2013-02-26 04:57:35.856529' WHERE "jobs"."id" = 482
  [1m[36m (1.5ms)[0m  [1mcommit transaction[0m
Completed 200 OK in 6ms (Views: 0.8ms | ActiveRecord: 2.1ms)


Started PUT "/jobs/481" for 192.168.2.8 at 2013-02-25 21:57:43 -0700
Processing by JobsController#update as HTML
  Parameters: {"job"=>{"result"=>"8.873468660703107", "error"=>"0"}, "id"=>"481"}
  [1m[35mJob Load (0.1ms)[0m  SELECT "jobs".* FROM "jobs" WHERE "jobs"."id" = ? LIMIT 1  [["id", "481"]]
  [1m[36m (0.1ms)[0m  [1mbegin transaction[0m
  [1m[35m (0.3ms)[0m  UPDATE "jobs" SET "result" = '8.873468660703107', "error" = 0, "updated_at" = '2013-02-26 04:57:43.114113' WHERE "jobs"."id" = 481
  [1m[36m (2.3ms)[0m  [1mcommit transaction[0m
  [1m[35m (0.1ms)[0m  begin transaction
  [1m[36m (0.3ms)[0m  [1mUPDATE "jobs" SET "status" = 2, "success" = 't', "updated_at" = '2013-02-26 04:57:43.118189' WHERE "jobs"."id" = 481[0m
  [1m[35m (1.1ms)[0m  commit transaction
Completed 200 OK in 8ms (Views: 0.1ms | ActiveRecord: 4.2ms)


Started GET "/get/4.json" for 192.168.2.8 at 2013-02-25 21:57:43 -0700
Processing by JobsController#get as JSON
  Parameters: {"task_id"=>"4", "job"=>{}}
  [1m[36mJob Load (0.4ms)[0m  [1mSELECT "jobs".* FROM "jobs" WHERE (status =0 AND task_id = '4') LIMIT 1[0m
  [1m[35mCACHE (0.0ms)[0m  SELECT "jobs".* FROM "jobs" WHERE (status =0 AND task_id = '4') LIMIT 1
  [1m[36m (0.1ms)[0m  [1mbegin transaction[0m
  [1m[35m (0.5ms)[0m  UPDATE "jobs" SET "status" = 1, "updated_at" = '2013-02-26 04:57:43.140513' WHERE "jobs"."id" = 483
  [1m[36m (0.8ms)[0m  [1mcommit transaction[0m
Completed 200 OK in 8ms (Views: 1.2ms | ActiveRecord: 1.8ms)


Started PUT "/jobs/480" for 192.168.2.9 at 2013-02-25 21:57:53 -0700
Processing by JobsController#update as HTML
  Parameters: {"job"=>{"result"=>"8.773941345339713", "error"=>"0"}, "id"=>"480"}
  [1m[35mJob Load (0.1ms)[0m  SELECT "jobs".* FROM "jobs" WHERE "jobs"."id" = ? LIMIT 1  [["id", "480"]]
  [1m[36m (0.1ms)[0m  [1mbegin transaction[0m
  [1m[35m (0.3ms)[0m  UPDATE "jobs" SET "result" = '8.773941345339713', "error" = 0, "updated_at" = '2013-02-26 04:57:53.509951' WHERE "jobs"."id" = 480
  [1m[36m (1.3ms)[0m  [1mcommit transaction[0m
  [1m[35m (0.0ms)[0m  begin transaction
  [1m[36m (0.3ms)[0m  [1mUPDATE "jobs" SET "status" = 2, "success" = 't', "updated_at" = '2013-02-26 04:57:53.513062' WHERE "jobs"."id" = 480[0m
  [1m[35m (1.2ms)[0m  commit transaction
Completed 200 OK in 7ms (Views: 0.1ms | ActiveRecord: 3.4ms)


Started GET "/get/4.json" for 192.168.2.9 at 2013-02-25 21:57:53 -0700
Processing by JobsController#get as JSON
  Parameters: {"task_id"=>"4", "job"=>{}}
  [1m[36mJob Load (0.4ms)[0m  [1mSELECT "jobs".* FROM "jobs" WHERE (status =0 AND task_id = '4') LIMIT 1[0m
  [1m[35mCACHE (0.0ms)[0m  SELECT "jobs".* FROM "jobs" WHERE (status =0 AND task_id = '4') LIMIT 1
  [1m[36m (0.1ms)[0m  [1mbegin transaction[0m
  [1m[35m (0.3ms)[0m  UPDATE "jobs" SET "status" = 1, "updated_at" = '2013-02-26 04:57:53.596128' WHERE "jobs"."id" = 484
  [1m[36m (1.3ms)[0m  [1mcommit transaction[0m
Completed 200 OK in 8ms (Views: 1.2ms | ActiveRecord: 2.1ms)


Started PUT "/jobs/483" for 192.168.2.8 at 2013-02-25 21:58:01 -0700
Processing by JobsController#update as HTML
  Parameters: {"job"=>{"result"=>"8.784610529476794", "error"=>"0"}, "id"=>"483"}
  [1m[35mJob Load (0.2ms)[0m  SELECT "jobs".* FROM "jobs" WHERE "jobs"."id" = ? LIMIT 1  [["id", "483"]]
  [1m[36m (0.1ms)[0m  [1mbegin transaction[0m
  [1m[35m (0.4ms)[0m  UPDATE "jobs" SET "result" = '8.784610529476794', "error" = 0, "updated_at" = '2013-02-26 04:58:01.926961' WHERE "jobs"."id" = 483
  [1m[36m (2.3ms)[0m  [1mcommit transaction[0m
  [1m[35m (0.1ms)[0m  begin transaction
  [1m[36m (0.3ms)[0m  [1mUPDATE "jobs" SET "status" = 2, "success" = 't', "updated_at" = '2013-02-26 04:58:01.931336' WHERE "jobs"."id" = 483[0m
  [1m[35m (0.7ms)[0m  commit transaction
Completed 200 OK in 9ms (Views: 0.2ms | ActiveRecord: 4.0ms)


Started GET "/get/4.json" for 192.168.2.8 at 2013-02-25 21:58:01 -0700
Processing by JobsController#get as JSON
  Parameters: {"task_id"=>"4", "job"=>{}}
  [1m[36mJob Load (0.3ms)[0m  [1mSELECT "jobs".* FROM "jobs" WHERE (status =0 AND task_id = '4') LIMIT 1[0m
  [1m[35mCACHE (0.0ms)[0m  SELECT "jobs".* FROM "jobs" WHERE (status =0 AND task_id = '4') LIMIT 1
  [1m[36m (0.1ms)[0m  [1mbegin transaction[0m
  [1m[35m (0.4ms)[0m  UPDATE "jobs" SET "status" = 1, "updated_at" = '2013-02-26 04:58:01.964045' WHERE "jobs"."id" = 485
  [1m[36m (1.4ms)[0m  [1mcommit transaction[0m
Completed 200 OK in 7ms (Views: 1.0ms | ActiveRecord: 2.1ms)


Started PUT "/jobs/482" for 192.168.2.3 at 2013-02-25 21:58:06 -0700
Processing by JobsController#update as HTML
  Parameters: {"job"=>{"result"=>"8.877329830713556", "error"=>"0"}, "id"=>"482"}
  [1m[35mJob Load (0.2ms)[0m  SELECT "jobs".* FROM "jobs" WHERE "jobs"."id" = ? LIMIT 1  [["id", "482"]]
  [1m[36m (0.1ms)[0m  [1mbegin transaction[0m
  [1m[35m (0.5ms)[0m  UPDATE "jobs" SET "result" = '8.877329830713556', "error" = 0, "updated_at" = '2013-02-26 04:58:06.881204' WHERE "jobs"."id" = 482
  [1m[36m (61.4ms)[0m  [1mcommit transaction[0m
  [1m[35m (0.1ms)[0m  begin transaction
  [1m[36m (0.4ms)[0m  [1mUPDATE "jobs" SET "status" = 2, "success" = 't', "updated_at" = '2013-02-26 04:58:06.944783' WHERE "jobs"."id" = 482[0m
  [1m[35m (1.9ms)[0m  commit transaction
Completed 200 OK in 69ms (Views: 0.2ms | ActiveRecord: 64.5ms)


Started GET "/get/4.json" for 192.168.2.3 at 2013-02-25 21:58:07 -0700
Processing by JobsController#get as JSON
  Parameters: {"task_id"=>"4", "job"=>{}}
  [1m[36mJob Load (0.4ms)[0m  [1mSELECT "jobs".* FROM "jobs" WHERE (status =0 AND task_id = '4') LIMIT 1[0m
  [1m[35mCACHE (0.0ms)[0m  SELECT "jobs".* FROM "jobs" WHERE (status =0 AND task_id = '4') LIMIT 1
  [1m[36m (0.1ms)[0m  [1mbegin transaction[0m
  [1m[35m (1.0ms)[0m  UPDATE "jobs" SET "status" = 1, "updated_at" = '2013-02-26 04:58:07.009856' WHERE "jobs"."id" = 486
  [1m[36m (1.0ms)[0m  [1mcommit transaction[0m
Completed 200 OK in 9ms (Views: 1.0ms | ActiveRecord: 2.4ms)


Started PUT "/jobs/485" for 192.168.2.8 at 2013-02-25 21:58:20 -0700
Processing by JobsController#update as HTML
  Parameters: {"job"=>{"result"=>"8.699357463592696", "error"=>"0"}, "id"=>"485"}
  [1m[35mJob Load (0.2ms)[0m  SELECT "jobs".* FROM "jobs" WHERE "jobs"."id" = ? LIMIT 1  [["id", "485"]]
  [1m[36m (0.1ms)[0m  [1mbegin transaction[0m
  [1m[35m (0.5ms)[0m  UPDATE "jobs" SET "result" = '8.699357463592696', "error" = 0, "updated_at" = '2013-02-26 04:58:20.888891' WHERE "jobs"."id" = 485
  [1m[36m (2.6ms)[0m  [1mcommit transaction[0m
  [1m[35m (0.1ms)[0m  begin transaction
  [1m[36m (0.3ms)[0m  [1mUPDATE "jobs" SET "status" = 2, "success" = 't', "updated_at" = '2013-02-26 04:58:20.894176' WHERE "jobs"."id" = 485[0m
  [1m[35m (1.1ms)[0m  commit transaction
Completed 200 OK in 10ms (Views: 0.1ms | ActiveRecord: 4.9ms)


Started GET "/get/4.json" for 192.168.2.8 at 2013-02-25 21:58:20 -0700
Processing by JobsController#get as JSON
  Parameters: {"task_id"=>"4", "job"=>{}}
  [1m[36mJob Load (0.3ms)[0m  [1mSELECT "jobs".* FROM "jobs" WHERE (status =0 AND task_id = '4') LIMIT 1[0m
  [1m[35mCACHE (0.0ms)[0m  SELECT "jobs".* FROM "jobs" WHERE (status =0 AND task_id = '4') LIMIT 1
  [1m[36m (0.1ms)[0m  [1mbegin transaction[0m
  [1m[35m (0.3ms)[0m  UPDATE "jobs" SET "status" = 1, "updated_at" = '2013-02-26 04:58:20.913889' WHERE "jobs"."id" = 487
  [1m[36m (0.8ms)[0m  [1mcommit transaction[0m
Completed 200 OK in 7ms (Views: 1.0ms | ActiveRecord: 1.5ms)


Started PUT "/jobs/484" for 192.168.2.9 at 2013-02-25 21:58:27 -0700
Processing by JobsController#update as HTML
  Parameters: {"job"=>{"result"=>"8.613710202033587", "error"=>"0"}, "id"=>"484"}
  [1m[35mJob Load (0.2ms)[0m  SELECT "jobs".* FROM "jobs" WHERE "jobs"."id" = ? LIMIT 1  [["id", "484"]]
  [1m[36m (0.1ms)[0m  [1mbegin transaction[0m
  [1m[35m (0.3ms)[0m  UPDATE "jobs" SET "result" = '8.613710202033587', "error" = 0, "updated_at" = '2013-02-26 04:58:27.261563' WHERE "jobs"."id" = 484
  [1m[36m (2.2ms)[0m  [1mcommit transaction[0m
  [1m[35m (0.0ms)[0m  begin transaction
  [1m[36m (0.3ms)[0m  [1mUPDATE "jobs" SET "status" = 2, "success" = 't', "updated_at" = '2013-02-26 04:58:27.265521' WHERE "jobs"."id" = 484[0m
  [1m[35m (1.0ms)[0m  commit transaction
Completed 200 OK in 8ms (Views: 0.1ms | ActiveRecord: 4.0ms)


Started GET "/get/4.json" for 192.168.2.9 at 2013-02-25 21:58:27 -0700
Processing by JobsController#get as JSON
  Parameters: {"task_id"=>"4", "job"=>{}}
  [1m[36mJob Load (0.5ms)[0m  [1mSELECT "jobs".* FROM "jobs" WHERE (status =0 AND task_id = '4') LIMIT 1[0m
  [1m[35mCACHE (0.0ms)[0m  SELECT "jobs".* FROM "jobs" WHERE (status =0 AND task_id = '4') LIMIT 1
  [1m[36m (0.1ms)[0m  [1mbegin transaction[0m
  [1m[35m (0.4ms)[0m  UPDATE "jobs" SET "status" = 1, "updated_at" = '2013-02-26 04:58:27.396088' WHERE "jobs"."id" = 488
  [1m[36m (1.4ms)[0m  [1mcommit transaction[0m
Completed 200 OK in 9ms (Views: 0.9ms | ActiveRecord: 2.3ms)


Started PUT "/jobs/486" for 192.168.2.3 at 2013-02-25 21:58:37 -0700
Processing by JobsController#update as HTML
  Parameters: {"job"=>{"result"=>"8.838465665622724", "error"=>"0"}, "id"=>"486"}
  [1m[35mJob Load (0.1ms)[0m  SELECT "jobs".* FROM "jobs" WHERE "jobs"."id" = ? LIMIT 1  [["id", "486"]]
  [1m[36m (0.1ms)[0m  [1mbegin transaction[0m
  [1m[35m (0.4ms)[0m  UPDATE "jobs" SET "result" = '8.838465665622724', "error" = 0, "updated_at" = '2013-02-26 04:58:37.826870' WHERE "jobs"."id" = 486
  [1m[36m (20.0ms)[0m  [1mcommit transaction[0m
  [1m[35m (0.1ms)[0m  begin transaction
  [1m[36m (0.3ms)[0m  [1mUPDATE "jobs" SET "status" = 2, "success" = 't', "updated_at" = '2013-02-26 04:58:37.848743' WHERE "jobs"."id" = 486[0m
  [1m[35m (1.3ms)[0m  commit transaction
Completed 200 OK in 26ms (Views: 0.1ms | ActiveRecord: 22.3ms)


Started GET "/get/4.json" for 192.168.2.3 at 2013-02-25 21:58:37 -0700
Processing by JobsController#get as JSON
  Parameters: {"task_id"=>"4", "job"=>{}}
  [1m[36mJob Load (0.3ms)[0m  [1mSELECT "jobs".* FROM "jobs" WHERE (status =0 AND task_id = '4') LIMIT 1[0m
  [1m[35mCACHE (0.0ms)[0m  SELECT "jobs".* FROM "jobs" WHERE (status =0 AND task_id = '4') LIMIT 1
  [1m[36m (0.0ms)[0m  [1mbegin transaction[0m
  [1m[35m (0.3ms)[0m  UPDATE "jobs" SET "status" = 1, "updated_at" = '2013-02-26 04:58:37.916094' WHERE "jobs"."id" = 489
  [1m[36m (1.5ms)[0m  [1mcommit transaction[0m
Completed 200 OK in 6ms (Views: 0.7ms | ActiveRecord: 2.2ms)


Started PUT "/jobs/487" for 192.168.2.8 at 2013-02-25 21:58:38 -0700
Processing by JobsController#update as HTML
  Parameters: {"job"=>{"result"=>"8.888115378153065", "error"=>"0"}, "id"=>"487"}
  [1m[35mJob Load (0.2ms)[0m  SELECT "jobs".* FROM "jobs" WHERE "jobs"."id" = ? LIMIT 1  [["id", "487"]]
  [1m[36m (0.1ms)[0m  [1mbegin transaction[0m
  [1m[35m (0.4ms)[0m  UPDATE "jobs" SET "result" = '8.888115378153065', "error" = 0, "updated_at" = '2013-02-26 04:58:38.989981' WHERE "jobs"."id" = 487
  [1m[36m (22.3ms)[0m  [1mcommit transaction[0m
  [1m[35m (0.1ms)[0m  begin transaction
  [1m[36m (0.3ms)[0m  [1mUPDATE "jobs" SET "status" = 2, "success" = 't', "updated_at" = '2013-02-26 04:58:39.014548' WHERE "jobs"."id" = 487[0m
  [1m[35m (1.3ms)[0m  commit transaction
Completed 200 OK in 29ms (Views: 0.1ms | ActiveRecord: 24.6ms)


Started GET "/get/4.json" for 192.168.2.8 at 2013-02-25 21:58:39 -0700
Processing by JobsController#get as JSON
  Parameters: {"task_id"=>"4", "job"=>{}}
  [1m[36mJob Load (0.3ms)[0m  [1mSELECT "jobs".* FROM "jobs" WHERE (status =0 AND task_id = '4') LIMIT 1[0m
  [1m[35mCACHE (0.0ms)[0m  SELECT "jobs".* FROM "jobs" WHERE (status =0 AND task_id = '4') LIMIT 1
  [1m[36m (0.1ms)[0m  [1mbegin transaction[0m
  [1m[35m (0.3ms)[0m  UPDATE "jobs" SET "status" = 1, "updated_at" = '2013-02-26 04:58:39.040801' WHERE "jobs"."id" = 490
  [1m[36m (1.3ms)[0m  [1mcommit transaction[0m
Completed 200 OK in 7ms (Views: 1.0ms | ActiveRecord: 2.0ms)


Started PUT "/jobs/490" for 192.168.2.8 at 2013-02-25 21:58:57 -0700
Processing by JobsController#update as HTML
  Parameters: {"job"=>{"result"=>"8.613721223156713", "error"=>"0"}, "id"=>"490"}
  [1m[35mJob Load (0.2ms)[0m  SELECT "jobs".* FROM "jobs" WHERE "jobs"."id" = ? LIMIT 1  [["id", "490"]]
  [1m[36m (0.1ms)[0m  [1mbegin transaction[0m
  [1m[35m (0.4ms)[0m  UPDATE "jobs" SET "result" = '8.613721223156713', "error" = 0, "updated_at" = '2013-02-26 04:58:57.267412' WHERE "jobs"."id" = 490
  [1m[36m (3.7ms)[0m  [1mcommit transaction[0m
  [1m[35m (0.1ms)[0m  begin transaction
  [1m[36m (0.4ms)[0m  [1mUPDATE "jobs" SET "status" = 2, "success" = 't', "updated_at" = '2013-02-26 04:58:57.273619' WHERE "jobs"."id" = 490[0m
  [1m[35m (0.9ms)[0m  commit transaction
Completed 200 OK in 11ms (Views: 0.2ms | ActiveRecord: 5.7ms)


Started GET "/get/4.json" for 192.168.2.8 at 2013-02-25 21:58:57 -0700
Processing by JobsController#get as JSON
  Parameters: {"task_id"=>"4", "job"=>{}}
  [1m[36mJob Load (0.3ms)[0m  [1mSELECT "jobs".* FROM "jobs" WHERE (status =0 AND task_id = '4') LIMIT 1[0m
  [1m[35mCACHE (0.0ms)[0m  SELECT "jobs".* FROM "jobs" WHERE (status =0 AND task_id = '4') LIMIT 1
  [1m[36m (0.1ms)[0m  [1mbegin transaction[0m
  [1m[35m (0.4ms)[0m  UPDATE "jobs" SET "status" = 1, "updated_at" = '2013-02-26 04:58:57.292557' WHERE "jobs"."id" = 491
  [1m[36m (1.0ms)[0m  [1mcommit transaction[0m
Completed 200 OK in 6ms (Views: 0.8ms | ActiveRecord: 1.7ms)


Started PUT "/jobs/488" for 192.168.2.9 at 2013-02-25 21:59:00 -0700
Processing by JobsController#update as HTML
  Parameters: {"job"=>{"result"=>"8.838456061558905", "error"=>"0"}, "id"=>"488"}
  [1m[35mJob Load (0.1ms)[0m  SELECT "jobs".* FROM "jobs" WHERE "jobs"."id" = ? LIMIT 1  [["id", "488"]]
  [1m[36m (0.1ms)[0m  [1mbegin transaction[0m
  [1m[35m (0.3ms)[0m  UPDATE "jobs" SET "result" = '8.838456061558905', "error" = 0, "updated_at" = '2013-02-26 04:59:00.843221' WHERE "jobs"."id" = 488
  [1m[36m (2.4ms)[0m  [1mcommit transaction[0m
  [1m[35m (0.1ms)[0m  begin transaction
  [1m[36m (0.3ms)[0m  [1mUPDATE "jobs" SET "status" = 2, "success" = 't', "updated_at" = '2013-02-26 04:59:00.847512' WHERE "jobs"."id" = 488[0m
  [1m[35m (0.8ms)[0m  commit transaction
Completed 200 OK in 8ms (Views: 0.1ms | ActiveRecord: 4.0ms)


Started GET "/get/4.json" for 192.168.2.9 at 2013-02-25 21:59:00 -0700
Processing by JobsController#get as JSON
  Parameters: {"task_id"=>"4", "job"=>{}}
  [1m[36mJob Load (0.3ms)[0m  [1mSELECT "jobs".* FROM "jobs" WHERE (status =0 AND task_id = '4') LIMIT 1[0m
  [1m[35mCACHE (0.0ms)[0m  SELECT "jobs".* FROM "jobs" WHERE (status =0 AND task_id = '4') LIMIT 1
  [1m[36m (0.1ms)[0m  [1mbegin transaction[0m
  [1m[35m (0.4ms)[0m  UPDATE "jobs" SET "status" = 1, "updated_at" = '2013-02-26 04:59:00.897228' WHERE "jobs"."id" = 492
  [1m[36m (1.4ms)[0m  [1mcommit transaction[0m
Completed 200 OK in 8ms (Views: 0.9ms | ActiveRecord: 2.3ms)


Started PUT "/jobs/489" for 192.168.2.3 at 2013-02-25 21:59:08 -0700
Processing by JobsController#update as HTML
  Parameters: {"job"=>{"result"=>"8.699339258831154", "error"=>"0"}, "id"=>"489"}
  [1m[35mJob Load (0.2ms)[0m  SELECT "jobs".* FROM "jobs" WHERE "jobs"."id" = ? LIMIT 1  [["id", "489"]]
  [1m[36m (0.1ms)[0m  [1mbegin transaction[0m
  [1m[35m (1.0ms)[0m  UPDATE "jobs" SET "result" = '8.699339258831154', "error" = 0, "updated_at" = '2013-02-26 04:59:08.753973' WHERE "jobs"."id" = 489
  [1m[36m (24.4ms)[0m  [1mcommit transaction[0m
  [1m[35m (0.1ms)[0m  begin transaction
  [1m[36m (0.3ms)[0m  [1mUPDATE "jobs" SET "status" = 2, "success" = 't', "updated_at" = '2013-02-26 04:59:08.781341' WHERE "jobs"."id" = 489[0m
  [1m[35m (0.9ms)[0m  commit transaction
Completed 200 OK in 32ms (Views: 0.2ms | ActiveRecord: 27.0ms)


Started GET "/get/4.json" for 192.168.2.3 at 2013-02-25 21:59:08 -0700
Processing by JobsController#get as JSON
  Parameters: {"task_id"=>"4", "job"=>{}}
  [1m[36mJob Load (0.3ms)[0m  [1mSELECT "jobs".* FROM "jobs" WHERE (status =0 AND task_id = '4') LIMIT 1[0m
  [1m[35mCACHE (0.0ms)[0m  SELECT "jobs".* FROM "jobs" WHERE (status =0 AND task_id = '4') LIMIT 1
  [1m[36m (0.1ms)[0m  [1mbegin transaction[0m
  [1m[35m (0.3ms)[0m  UPDATE "jobs" SET "status" = 1, "updated_at" = '2013-02-26 04:59:08.829031' WHERE "jobs"."id" = 493
  [1m[36m (1.4ms)[0m  [1mcommit transaction[0m
Completed 200 OK in 7ms (Views: 0.9ms | ActiveRecord: 2.1ms)


Started PUT "/jobs/491" for 192.168.2.8 at 2013-02-25 21:59:15 -0700
Processing by JobsController#update as HTML
  Parameters: {"job"=>{"result"=>"8.784623974774586", "error"=>"0"}, "id"=>"491"}
  [1m[35mJob Load (0.2ms)[0m  SELECT "jobs".* FROM "jobs" WHERE "jobs"."id" = ? LIMIT 1  [["id", "491"]]
  [1m[36m (0.1ms)[0m  [1mbegin transaction[0m
  [1m[35m (0.3ms)[0m  UPDATE "jobs" SET "result" = '8.784623974774586', "error" = 0, "updated_at" = '2013-02-26 04:59:15.669067' WHERE "jobs"."id" = 491
  [1m[36m (7.6ms)[0m  [1mcommit transaction[0m
  [1m[35m (0.1ms)[0m  begin transaction
  [1m[36m (0.3ms)[0m  [1mUPDATE "jobs" SET "status" = 2, "success" = 't', "updated_at" = '2013-02-26 04:59:15.678765' WHERE "jobs"."id" = 491[0m
  [1m[35m (0.9ms)[0m  commit transaction
Completed 200 OK in 14ms (Views: 0.1ms | ActiveRecord: 9.5ms)


Started GET "/get/4.json" for 192.168.2.8 at 2013-02-25 21:59:15 -0700
Processing by JobsController#get as JSON
  Parameters: {"task_id"=>"4", "job"=>{}}
  [1m[36mJob Load (0.4ms)[0m  [1mSELECT "jobs".* FROM "jobs" WHERE (status =0 AND task_id = '4') LIMIT 1[0m
  [1m[35mCACHE (0.0ms)[0m  SELECT "jobs".* FROM "jobs" WHERE (status =0 AND task_id = '4') LIMIT 1
  [1m[36m (0.1ms)[0m  [1mbegin transaction[0m
  [1m[35m (0.3ms)[0m  UPDATE "jobs" SET "status" = 1, "updated_at" = '2013-02-26 04:59:15.756599' WHERE "jobs"."id" = 494
  [1m[36m (1.4ms)[0m  [1mcommit transaction[0m
Completed 200 OK in 9ms (Views: 1.3ms | ActiveRecord: 2.2ms)


Started PUT "/jobs/494" for 192.168.2.8 at 2013-02-25 21:59:34 -0700
Processing by JobsController#update as HTML
  Parameters: {"job"=>{"result"=>"8.773927288993526", "error"=>"0"}, "id"=>"494"}
  [1m[35mJob Load (0.1ms)[0m  SELECT "jobs".* FROM "jobs" WHERE "jobs"."id" = ? LIMIT 1  [["id", "494"]]
  [1m[36m (0.1ms)[0m  [1mbegin transaction[0m
  [1m[35m (0.3ms)[0m  UPDATE "jobs" SET "result" = '8.773927288993526', "error" = 0, "updated_at" = '2013-02-26 04:59:34.070389' WHERE "jobs"."id" = 494
  [1m[36m (2.3ms)[0m  [1mcommit transaction[0m
  [1m[35m (0.0ms)[0m  begin transaction
  [1m[36m (0.3ms)[0m  [1mUPDATE "jobs" SET "status" = 2, "success" = 't', "updated_at" = '2013-02-26 04:59:34.074385' WHERE "jobs"."id" = 494[0m
  [1m[35m (1.0ms)[0m  commit transaction
Completed 200 OK in 8ms (Views: 0.1ms | ActiveRecord: 4.0ms)


Started GET "/get/4.json" for 192.168.2.8 at 2013-02-25 21:59:34 -0700
Processing by JobsController#get as JSON
  Parameters: {"task_id"=>"4", "job"=>{}}
  [1m[36mJob Load (0.4ms)[0m  [1mSELECT "jobs".* FROM "jobs" WHERE (status =0 AND task_id = '4') LIMIT 1[0m
  [1m[35mCACHE (0.0ms)[0m  SELECT "jobs".* FROM "jobs" WHERE (status =0 AND task_id = '4') LIMIT 1
  [1m[36m (0.1ms)[0m  [1mbegin transaction[0m
  [1m[35m (0.5ms)[0m  UPDATE "jobs" SET "status" = 1, "updated_at" = '2013-02-26 04:59:34.096657' WHERE "jobs"."id" = 495
  [1m[36m (0.8ms)[0m  [1mcommit transaction[0m
Completed 200 OK in 8ms (Views: 1.2ms | ActiveRecord: 1.8ms)


Started PUT "/jobs/492" for 192.168.2.9 at 2013-02-25 21:59:34 -0700
Processing by JobsController#update as HTML
  Parameters: {"job"=>{"result"=>"8.877334434742739", "error"=>"0"}, "id"=>"492"}
  [1m[35mJob Load (0.1ms)[0m  SELECT "jobs".* FROM "jobs" WHERE "jobs"."id" = ? LIMIT 1  [["id", "492"]]
  [1m[36m (0.1ms)[0m  [1mbegin transaction[0m
  [1m[35m (0.3ms)[0m  UPDATE "jobs" SET "result" = '8.877334434742739', "error" = 0, "updated_at" = '2013-02-26 04:59:34.299007' WHERE "jobs"."id" = 492
  [1m[36m (12.3ms)[0m  [1mcommit transaction[0m
  [1m[35m (0.1ms)[0m  begin transaction
  [1m[36m (0.4ms)[0m  [1mUPDATE "jobs" SET "status" = 2, "success" = 't', "updated_at" = '2013-02-26 04:59:34.313209' WHERE "jobs"."id" = 492[0m
  [1m[35m (0.7ms)[0m  commit transaction
Completed 200 OK in 18ms (Views: 0.1ms | ActiveRecord: 14.0ms)


Started GET "/get/4.json" for 192.168.2.9 at 2013-02-25 21:59:34 -0700
Processing by JobsController#get as JSON
  Parameters: {"task_id"=>"4", "job"=>{}}
  [1m[36mJob Load (0.4ms)[0m  [1mSELECT "jobs".* FROM "jobs" WHERE (status =0 AND task_id = '4') LIMIT 1[0m
  [1m[35mCACHE (0.0ms)[0m  SELECT "jobs".* FROM "jobs" WHERE (status =0 AND task_id = '4') LIMIT 1
  [1m[36m (0.0ms)[0m  [1mbegin transaction[0m
  [1m[35m (0.3ms)[0m  UPDATE "jobs" SET "status" = 1, "updated_at" = '2013-02-26 04:59:34.330293' WHERE "jobs"."id" = 496
  [1m[36m (1.2ms)[0m  [1mcommit transaction[0m
Completed 200 OK in 6ms (Views: 0.8ms | ActiveRecord: 1.9ms)


Started PUT "/jobs/493" for 192.168.2.3 at 2013-02-25 21:59:39 -0700
Processing by JobsController#update as HTML
  Parameters: {"job"=>{"result"=>"8.873463313638245", "error"=>"0"}, "id"=>"493"}
  [1m[35mJob Load (0.2ms)[0m  SELECT "jobs".* FROM "jobs" WHERE "jobs"."id" = ? LIMIT 1  [["id", "493"]]
  [1m[36m (0.1ms)[0m  [1mbegin transaction[0m
  [1m[35m (0.5ms)[0m  UPDATE "jobs" SET "result" = '8.873463313638245', "error" = 0, "updated_at" = '2013-02-26 04:59:39.546752' WHERE "jobs"."id" = 493
  [1m[36m (2.6ms)[0m  [1mcommit transaction[0m
  [1m[35m (0.1ms)[0m  begin transaction
  [1m[36m (0.4ms)[0m  [1mUPDATE "jobs" SET "status" = 2, "success" = 't', "updated_at" = '2013-02-26 04:59:39.552270' WHERE "jobs"."id" = 493[0m
  [1m[35m (0.7ms)[0m  commit transaction
Completed 200 OK in 10ms (Views: 0.1ms | ActiveRecord: 4.5ms)


Started GET "/get/4.json" for 192.168.2.3 at 2013-02-25 21:59:39 -0700
Processing by JobsController#get as JSON
  Parameters: {"task_id"=>"4", "job"=>{}}
  [1m[36mJob Load (0.3ms)[0m  [1mSELECT "jobs".* FROM "jobs" WHERE (status =0 AND task_id = '4') LIMIT 1[0m
  [1m[35mCACHE (0.0ms)[0m  SELECT "jobs".* FROM "jobs" WHERE (status =0 AND task_id = '4') LIMIT 1
  [1m[36m (0.0ms)[0m  [1mbegin transaction[0m
  [1m[35m (0.3ms)[0m  UPDATE "jobs" SET "status" = 1, "updated_at" = '2013-02-26 04:59:39.621427' WHERE "jobs"."id" = 497
  [1m[36m (1.5ms)[0m  [1mcommit transaction[0m
Completed 200 OK in 6ms (Views: 0.7ms | ActiveRecord: 2.1ms)


Started PUT "/jobs/495" for 192.168.2.8 at 2013-02-25 21:59:52 -0700
Processing by JobsController#update as HTML
  Parameters: {"job"=>{"result"=>"8.606412603562486", "error"=>"0"}, "id"=>"495"}
  [1m[35mJob Load (0.1ms)[0m  SELECT "jobs".* FROM "jobs" WHERE "jobs"."id" = ? LIMIT 1  [["id", "495"]]
  [1m[36m (0.1ms)[0m  [1mbegin transaction[0m
  [1m[35m (0.4ms)[0m  UPDATE "jobs" SET "result" = '8.606412603562486', "error" = 0, "updated_at" = '2013-02-26 04:59:52.249683' WHERE "jobs"."id" = 495
  [1m[36m (2.1ms)[0m  [1mcommit transaction[0m
  [1m[35m (0.1ms)[0m  begin transaction
  [1m[36m (0.3ms)[0m  [1mUPDATE "jobs" SET "status" = 2, "success" = 't', "updated_at" = '2013-02-26 04:59:52.254213' WHERE "jobs"."id" = 495[0m
  [1m[35m (0.7ms)[0m  commit transaction
Completed 200 OK in 9ms (Views: 0.1ms | ActiveRecord: 3.9ms)


Started GET "/get/4.json" for 192.168.2.8 at 2013-02-25 21:59:52 -0700
Processing by JobsController#get as JSON
  Parameters: {"task_id"=>"4", "job"=>{}}
  [1m[36mJob Load (0.3ms)[0m  [1mSELECT "jobs".* FROM "jobs" WHERE (status =0 AND task_id = '4') LIMIT 1[0m
  [1m[35mCACHE (0.0ms)[0m  SELECT "jobs".* FROM "jobs" WHERE (status =0 AND task_id = '4') LIMIT 1
  [1m[36m (0.1ms)[0m  [1mbegin transaction[0m
  [1m[35m (0.3ms)[0m  UPDATE "jobs" SET "status" = 1, "updated_at" = '2013-02-26 04:59:52.276785' WHERE "jobs"."id" = 498
  [1m[36m (1.2ms)[0m  [1mcommit transaction[0m
Completed 200 OK in 6ms (Views: 0.7ms | ActiveRecord: 1.8ms)


Started PUT "/jobs/496" for 192.168.2.9 at 2013-02-25 22:00:08 -0700
Processing by JobsController#update as HTML
  Parameters: {"job"=>{"result"=>"8.713166198244355", "error"=>"0"}, "id"=>"496"}
  [1m[35mJob Load (0.1ms)[0m  SELECT "jobs".* FROM "jobs" WHERE "jobs"."id" = ? LIMIT 1  [["id", "496"]]
  [1m[36m (0.0ms)[0m  [1mbegin transaction[0m
  [1m[35m (0.8ms)[0m  UPDATE "jobs" SET "result" = '8.713166198244355', "error" = 0, "updated_at" = '2013-02-26 05:00:08.825805' WHERE "jobs"."id" = 496
  [1m[36m (2.3ms)[0m  [1mcommit transaction[0m
  [1m[35m (0.1ms)[0m  begin transaction
  [1m[36m (0.3ms)[0m  [1mUPDATE "jobs" SET "status" = 2, "success" = 't', "updated_at" = '2013-02-26 05:00:08.830655' WHERE "jobs"."id" = 496[0m
  [1m[35m (1.0ms)[0m  commit transaction
Completed 200 OK in 9ms (Views: 0.1ms | ActiveRecord: 4.7ms)


Started GET "/get/4.json" for 192.168.2.9 at 2013-02-25 22:00:08 -0700
Processing by JobsController#get as JSON
  Parameters: {"task_id"=>"4", "job"=>{}}
  [1m[36mJob Load (0.4ms)[0m  [1mSELECT "jobs".* FROM "jobs" WHERE (status =0 AND task_id = '4') LIMIT 1[0m
  [1m[35mCACHE (0.0ms)[0m  SELECT "jobs".* FROM "jobs" WHERE (status =0 AND task_id = '4') LIMIT 1
  [1m[36m (0.1ms)[0m  [1mbegin transaction[0m
  [1m[35m (0.3ms)[0m  UPDATE "jobs" SET "status" = 1, "updated_at" = '2013-02-26 05:00:08.864398' WHERE "jobs"."id" = 499
  [1m[36m (0.8ms)[0m  [1mcommit transaction[0m
Completed 200 OK in 7ms (Views: 1.2ms | ActiveRecord: 1.6ms)


Started PUT "/jobs/497" for 192.168.2.3 at 2013-02-25 22:00:10 -0700
Processing by JobsController#update as HTML
  Parameters: {"job"=>{"result"=>"8.845663730206535", "error"=>"0"}, "id"=>"497"}
  [1m[35mJob Load (0.2ms)[0m  SELECT "jobs".* FROM "jobs" WHERE "jobs"."id" = ? LIMIT 1  [["id", "497"]]
  [1m[36m (0.1ms)[0m  [1mbegin transaction[0m
  [1m[35m (0.3ms)[0m  UPDATE "jobs" SET "result" = '8.845663730206535', "error" = 0, "updated_at" = '2013-02-26 05:00:10.498291' WHERE "jobs"."id" = 497
  [1m[36m (2.4ms)[0m  [1mcommit transaction[0m
  [1m[35m (0.0ms)[0m  begin transaction
  [1m[36m (0.2ms)[0m  [1mUPDATE "jobs" SET "status" = 2, "success" = 't', "updated_at" = '2013-02-26 05:00:10.502408' WHERE "jobs"."id" = 497[0m
  [1m[35m (1.1ms)[0m  commit transaction
Completed 200 OK in 8ms (Views: 0.1ms | ActiveRecord: 4.3ms)


Started GET "/get/4.json" for 192.168.2.3 at 2013-02-25 22:00:10 -0700
Processing by JobsController#get as JSON
  Parameters: {"task_id"=>"4", "job"=>{}}
  [1m[36mJob Load (0.3ms)[0m  [1mSELECT "jobs".* FROM "jobs" WHERE (status =0 AND task_id = '4') LIMIT 1[0m
  [1m[35mCACHE (0.0ms)[0m  SELECT "jobs".* FROM "jobs" WHERE (status =0 AND task_id = '4') LIMIT 1
  [1m[36m (0.0ms)[0m  [1mbegin transaction[0m
  [1m[35m (0.3ms)[0m  UPDATE "jobs" SET "status" = 1, "updated_at" = '2013-02-26 05:00:10.567130' WHERE "jobs"."id" = 500
  [1m[36m (1.6ms)[0m  [1mcommit transaction[0m
Completed 200 OK in 6ms (Views: 0.7ms | ActiveRecord: 2.3ms)


Started PUT "/jobs/498" for 192.168.2.8 at 2013-02-25 22:00:10 -0700
Processing by JobsController#update as HTML
  Parameters: {"job"=>{"result"=>"8.887813709793633", "error"=>"0"}, "id"=>"498"}
  [1m[35mJob Load (0.1ms)[0m  SELECT "jobs".* FROM "jobs" WHERE "jobs"."id" = ? LIMIT 1  [["id", "498"]]
  [1m[36m (0.1ms)[0m  [1mbegin transaction[0m
  [1m[35m (0.3ms)[0m  UPDATE "jobs" SET "result" = '8.887813709793633', "error" = 0, "updated_at" = '2013-02-26 05:00:10.915783' WHERE "jobs"."id" = 498
  [1m[36m (31.5ms)[0m  [1mcommit transaction[0m
  [1m[35m (0.1ms)[0m  begin transaction
  [1m[36m (0.3ms)[0m  [1mUPDATE "jobs" SET "status" = 2, "success" = 't', "updated_at" = '2013-02-26 05:00:10.949149' WHERE "jobs"."id" = 498[0m
  [1m[35m (1.2ms)[0m  commit transaction
Completed 200 OK in 37ms (Views: 0.1ms | ActiveRecord: 33.6ms)


Started GET "/get/4.json" for 192.168.2.8 at 2013-02-25 22:00:10 -0700
Processing by JobsController#get as JSON
  Parameters: {"task_id"=>"4", "job"=>{}}
  [1m[36mJob Load (0.3ms)[0m  [1mSELECT "jobs".* FROM "jobs" WHERE (status =0 AND task_id = '4') LIMIT 1[0m
  [1m[35mCACHE (0.0ms)[0m  SELECT "jobs".* FROM "jobs" WHERE (status =0 AND task_id = '4') LIMIT 1
  [1m[36m (0.1ms)[0m  [1mbegin transaction[0m
  [1m[35m (0.4ms)[0m  UPDATE "jobs" SET "status" = 1, "updated_at" = '2013-02-26 05:00:10.975931' WHERE "jobs"."id" = 501
  [1m[36m (1.1ms)[0m  [1mcommit transaction[0m
Completed 200 OK in 7ms (Views: 1.2ms | ActiveRecord: 1.8ms)


Started PUT "/jobs/501" for 192.168.2.8 at 2013-02-25 22:00:29 -0700
Processing by JobsController#update as HTML
  Parameters: {"job"=>{"result"=>"8.623599452196803", "error"=>"0"}, "id"=>"501"}
  [1m[35mJob Load (0.1ms)[0m  SELECT "jobs".* FROM "jobs" WHERE "jobs"."id" = ? LIMIT 1  [["id", "501"]]
  [1m[36m (0.1ms)[0m  [1mbegin transaction[0m
  [1m[35m (0.3ms)[0m  UPDATE "jobs" SET "result" = '8.623599452196803', "error" = 0, "updated_at" = '2013-02-26 05:00:29.485875' WHERE "jobs"."id" = 501
  [1m[36m (2.3ms)[0m  [1mcommit transaction[0m
  [1m[35m (0.1ms)[0m  begin transaction
  [1m[36m (0.3ms)[0m  [1mUPDATE "jobs" SET "status" = 2, "success" = 't', "updated_at" = '2013-02-26 05:00:29.489830' WHERE "jobs"."id" = 501[0m
  [1m[35m (1.0ms)[0m  commit transaction
Completed 200 OK in 8ms (Views: 0.1ms | ActiveRecord: 4.1ms)


Started GET "/get/4.json" for 192.168.2.8 at 2013-02-25 22:00:29 -0700
Processing by JobsController#get as JSON
  Parameters: {"task_id"=>"4", "job"=>{}}
  [1m[36mJob Load (0.3ms)[0m  [1mSELECT "jobs".* FROM "jobs" WHERE (status =0 AND task_id = '4') LIMIT 1[0m
Completed 200 OK in 4ms (Views: 0.1ms | ActiveRecord: 0.3ms)


Started PUT "/jobs/500" for 192.168.2.3 at 2013-02-25 22:00:41 -0700
Processing by JobsController#update as HTML
  Parameters: {"job"=>{"result"=>"8.684814998480062", "error"=>"0"}, "id"=>"500"}
  [1m[35mJob Load (0.2ms)[0m  SELECT "jobs".* FROM "jobs" WHERE "jobs"."id" = ? LIMIT 1  [["id", "500"]]
  [1m[36m (0.1ms)[0m  [1mbegin transaction[0m
  [1m[35m (0.4ms)[0m  UPDATE "jobs" SET "result" = '8.684814998480062', "error" = 0, "updated_at" = '2013-02-26 05:00:41.558050' WHERE "jobs"."id" = 500
  [1m[36m (2.1ms)[0m  [1mcommit transaction[0m
  [1m[35m (0.1ms)[0m  begin transaction
  [1m[36m (0.4ms)[0m  [1mUPDATE "jobs" SET "status" = 2, "success" = 't', "updated_at" = '2013-02-26 05:00:41.562649' WHERE "jobs"."id" = 500[0m
  [1m[35m (0.9ms)[0m  commit transaction
Completed 200 OK in 10ms (Views: 0.2ms | ActiveRecord: 4.1ms)


Started GET "/get/4.json" for 192.168.2.3 at 2013-02-25 22:00:41 -0700
Processing by JobsController#get as JSON
  Parameters: {"task_id"=>"4", "job"=>{}}
  [1m[36mJob Load (0.4ms)[0m  [1mSELECT "jobs".* FROM "jobs" WHERE (status =0 AND task_id = '4') LIMIT 1[0m
Completed 200 OK in 3ms (Views: 0.2ms | ActiveRecord: 0.4ms)


Started PUT "/jobs/499" for 192.168.2.9 at 2013-02-25 22:00:41 -0700
Processing by JobsController#update as HTML
  Parameters: {"job"=>{"result"=>"8.830734224330405", "error"=>"0"}, "id"=>"499"}
  [1m[35mJob Load (0.1ms)[0m  SELECT "jobs".* FROM "jobs" WHERE "jobs"."id" = ? LIMIT 1  [["id", "499"]]
  [1m[36m (0.1ms)[0m  [1mbegin transaction[0m
  [1m[35m (0.3ms)[0m  UPDATE "jobs" SET "result" = '8.830734224330405', "error" = 0, "updated_at" = '2013-02-26 05:00:41.976614' WHERE "jobs"."id" = 499
  [1m[36m (2.3ms)[0m  [1mcommit transaction[0m
  [1m[35m (0.0ms)[0m  begin transaction
  [1m[36m (0.2ms)[0m  [1mUPDATE "jobs" SET "status" = 2, "success" = 't', "updated_at" = '2013-02-26 05:00:41.980718' WHERE "jobs"."id" = 499[0m
  [1m[35m (1.0ms)[0m  commit transaction
Completed 200 OK in 8ms (Views: 0.1ms | ActiveRecord: 4.1ms)


Started GET "/get/4.json" for 192.168.2.9 at 2013-02-25 22:00:41 -0700
Processing by JobsController#get as JSON
  Parameters: {"task_id"=>"4", "job"=>{}}
  [1m[36mJob Load (0.4ms)[0m  [1mSELECT "jobs".* FROM "jobs" WHERE (status =0 AND task_id = '4') LIMIT 1[0m
Completed 200 OK in 3ms (Views: 0.2ms | ActiveRecord: 0.4ms)
