Connecting to database specified by database.yml


Started GET "/get/4.json" for 192.168.2.25 at 2013-02-25 20:43:14 -0700
Processing by JobsController#get as JSON
  Parameters: {"task_id"=>"4", "job"=>{}}
  [1m[36mJob Load (1.0ms)[0m  [1mSELECT "jobs".* FROM "jobs" WHERE (status =0 AND task_id = '4') LIMIT 1[0m
  [1m[35mCACHE (0.0ms)[0m  SELECT "jobs".* FROM "jobs" WHERE (status =0 AND task_id = '4') LIMIT 1
  [1m[36m (0.1ms)[0m  [1mbegin transaction[0m
  [1m[35m (0.4ms)[0m  UPDATE "jobs" SET "status" = 1, "updated_at" = '2013-02-26 03:43:15.038478' WHERE "jobs"."id" = 332
  [1m[36m (2.3ms)[0m  [1mcommit transaction[0m
Completed 200 OK in 97ms (Views: 2.0ms | ActiveRecord: 5.9ms)


Started PUT "/jobs/332" for 192.168.2.25 at 2013-02-25 20:45:41 -0700
Processing by JobsController#update as HTML
  Parameters: {"job"=>{"result"=>"8.65235030919154", "error"=>"0"}, "id"=>"332"}
  [1m[35mJob Load (0.3ms)[0m  SELECT "jobs".* FROM "jobs" WHERE "jobs"."id" = ? LIMIT 1  [["id", "332"]]
  [1m[36m (0.0ms)[0m  [1mbegin transaction[0m
  [1m[35m (0.3ms)[0m  UPDATE "jobs" SET "result" = '8.65235030919154', "error" = 0, "updated_at" = '2013-02-26 03:45:41.094960' WHERE "jobs"."id" = 332
  [1m[36m (2.4ms)[0m  [1mcommit transaction[0m
  [1m[35m (0.1ms)[0m  begin transaction
  [1m[36m (0.3ms)[0m  [1mUPDATE "jobs" SET "status" = 2, "success" = 't', "updated_at" = '2013-02-26 03:45:41.099273' WHERE "jobs"."id" = 332[0m
  [1m[35m (1.0ms)[0m  commit transaction
Completed 200 OK in 9ms (Views: 0.2ms | ActiveRecord: 4.4ms)


Started GET "/get/4.json" for 192.168.2.25 at 2013-02-25 20:45:41 -0700
Processing by JobsController#get as JSON
  Parameters: {"task_id"=>"4", "job"=>{}}
  [1m[36mJob Load (0.3ms)[0m  [1mSELECT "jobs".* FROM "jobs" WHERE (status =0 AND task_id = '4') LIMIT 1[0m
  [1m[35mCACHE (0.0ms)[0m  SELECT "jobs".* FROM "jobs" WHERE (status =0 AND task_id = '4') LIMIT 1
  [1m[36m (0.1ms)[0m  [1mbegin transaction[0m
  [1m[35m (0.3ms)[0m  UPDATE "jobs" SET "status" = 1, "updated_at" = '2013-02-26 03:45:41.253577' WHERE "jobs"."id" = 333
  [1m[36m (2.3ms)[0m  [1mcommit transaction[0m
Completed 200 OK in 8ms (Views: 0.9ms | ActiveRecord: 3.0ms)


Started PUT "/jobs/333" for 192.168.2.25 at 2013-02-25 20:48:08 -0700
Processing by JobsController#update as HTML
  Parameters: {"job"=>{"result"=>"8.813771102248653", "error"=>"0"}, "id"=>"333"}
  [1m[35mJob Load (0.2ms)[0m  SELECT "jobs".* FROM "jobs" WHERE "jobs"."id" = ? LIMIT 1  [["id", "333"]]
  [1m[36m (0.1ms)[0m  [1mbegin transaction[0m
  [1m[35m (0.4ms)[0m  UPDATE "jobs" SET "result" = '8.813771102248653', "error" = 0, "updated_at" = '2013-02-26 03:48:08.224723' WHERE "jobs"."id" = 333
  [1m[36m (1.3ms)[0m  [1mcommit transaction[0m
  [1m[35m (0.1ms)[0m  begin transaction
  [1m[36m (0.4ms)[0m  [1mUPDATE "jobs" SET "status" = 2, "success" = 't', "updated_at" = '2013-02-26 03:48:08.228639' WHERE "jobs"."id" = 333[0m
  [1m[35m (0.8ms)[0m  commit transaction
Completed 200 OK in 9ms (Views: 0.2ms | ActiveRecord: 3.3ms)


Started GET "/get/4.json" for 192.168.2.25 at 2013-02-25 20:48:08 -0700
Processing by JobsController#get as JSON
  Parameters: {"task_id"=>"4", "job"=>{}}
  [1m[36mJob Load (0.5ms)[0m  [1mSELECT "jobs".* FROM "jobs" WHERE (status =0 AND task_id = '4') LIMIT 1[0m
  [1m[35mCACHE (0.0ms)[0m  SELECT "jobs".* FROM "jobs" WHERE (status =0 AND task_id = '4') LIMIT 1
  [1m[36m (0.1ms)[0m  [1mbegin transaction[0m
  [1m[35m (0.5ms)[0m  UPDATE "jobs" SET "status" = 1, "updated_at" = '2013-02-26 03:48:08.304765' WHERE "jobs"."id" = 334
  [1m[36m (1.5ms)[0m  [1mcommit transaction[0m
Completed 200 OK in 15ms (Views: 1.7ms | ActiveRecord: 2.5ms)


Started PUT "/jobs/334" for 192.168.2.25 at 2013-02-25 20:50:35 -0700
Processing by JobsController#update as HTML
  Parameters: {"job"=>{"result"=>"8.885408373880006", "error"=>"0"}, "id"=>"334"}
  [1m[35mJob Load (0.1ms)[0m  SELECT "jobs".* FROM "jobs" WHERE "jobs"."id" = ? LIMIT 1  [["id", "334"]]
  [1m[36m (0.1ms)[0m  [1mbegin transaction[0m
  [1m[35m (0.3ms)[0m  UPDATE "jobs" SET "result" = '8.885408373880006', "error" = 0, "updated_at" = '2013-02-26 03:50:35.872008' WHERE "jobs"."id" = 334
  [1m[36m (2.3ms)[0m  [1mcommit transaction[0m
  [1m[35m (0.0ms)[0m  begin transaction
  [1m[36m (0.3ms)[0m  [1mUPDATE "jobs" SET "status" = 2, "success" = 't', "updated_at" = '2013-02-26 03:50:35.876008' WHERE "jobs"."id" = 334[0m
  [1m[35m (1.2ms)[0m  commit transaction
Completed 200 OK in 8ms (Views: 0.1ms | ActiveRecord: 4.3ms)


Started GET "/get/4.json" for 192.168.2.25 at 2013-02-25 20:50:35 -0700
Processing by JobsController#get as JSON
  Parameters: {"task_id"=>"4", "job"=>{}}
  [1m[36mJob Load (0.5ms)[0m  [1mSELECT "jobs".* FROM "jobs" WHERE (status =0 AND task_id = '4') LIMIT 1[0m
  [1m[35mCACHE (0.0ms)[0m  SELECT "jobs".* FROM "jobs" WHERE (status =0 AND task_id = '4') LIMIT 1
  [1m[36m (0.1ms)[0m  [1mbegin transaction[0m
  [1m[35m (0.5ms)[0m  UPDATE "jobs" SET "status" = 1, "updated_at" = '2013-02-26 03:50:35.954621' WHERE "jobs"."id" = 335
  [1m[36m (2.9ms)[0m  [1mcommit transaction[0m
Completed 200 OK in 19ms (Views: 1.3ms | ActiveRecord: 4.0ms)
