Connecting to database specified by database.yml


Started GET "/get/4.json" for 192.168.2.8 at 2013-02-25 22:05:26 -0700
Processing by JobsController#get as JSON
  Parameters: {"task_id"=>"4", "job"=>{}}
  [1m[36mJob Load (0.8ms)[0m  [1mSELECT "jobs".* FROM "jobs" WHERE (status =0 AND task_id = '4') LIMIT 1[0m
  [1m[35mCACHE (0.0ms)[0m  SELECT "jobs".* FROM "jobs" WHERE (status =0 AND task_id = '4') LIMIT 1
  [1m[36m (0.1ms)[0m  [1mbegin transaction[0m
  [1m[35m (0.4ms)[0m  UPDATE "jobs" SET "status" = 1, "updated_at" = '2013-02-26 05:05:26.231550' WHERE "jobs"."id" = 502
  [1m[36m (19.5ms)[0m  [1mcommit transaction[0m
Completed 200 OK in 113ms (Views: 2.1ms | ActiveRecord: 23.0ms)


Started GET "/get/4.json" for 192.168.2.3 at 2013-02-25 22:05:26 -0700
Processing by JobsController#get as JSON
  Parameters: {"task_id"=>"4", "job"=>{}}
  [1m[35mJob Load (0.3ms)[0m  SELECT "jobs".* FROM "jobs" WHERE (status =0 AND task_id = '4') LIMIT 1
  [1m[36mCACHE (0.0ms)[0m  [1mSELECT "jobs".* FROM "jobs" WHERE (status =0 AND task_id = '4') LIMIT 1[0m
  [1m[35m (0.1ms)[0m  begin transaction
  [1m[36m (0.3ms)[0m  [1mUPDATE "jobs" SET "status" = 1, "updated_at" = '2013-02-26 05:05:26.641478' WHERE "jobs"."id" = 503[0m
  [1m[35m (2.3ms)[0m  commit transaction
Completed 200 OK in 8ms (Views: 0.9ms | ActiveRecord: 2.9ms)


Started PUT "/jobs/502" for 192.168.2.8 at 2013-02-25 22:05:44 -0700
Processing by JobsController#update as HTML
  Parameters: {"job"=>{"result"=>"8.65235030919154", "error"=>"0"}, "id"=>"502"}
  [1m[36mJob Load (0.4ms)[0m  [1mSELECT "jobs".* FROM "jobs" WHERE "jobs"."id" = ? LIMIT 1[0m  [["id", "502"]]
  [1m[35m (0.1ms)[0m  begin transaction
  [1m[36m (0.4ms)[0m  [1mUPDATE "jobs" SET "result" = '8.65235030919154', "error" = 0, "updated_at" = '2013-02-26 05:05:44.992253' WHERE "jobs"."id" = 502[0m
  [1m[35m (2.2ms)[0m  commit transaction
  [1m[36m (0.1ms)[0m  [1mbegin transaction[0m
  [1m[35m (0.3ms)[0m  UPDATE "jobs" SET "status" = 2, "success" = 't', "updated_at" = '2013-02-26 05:05:44.996842' WHERE "jobs"."id" = 502
  [1m[36m (0.6ms)[0m  [1mcommit transaction[0m
Completed 200 OK in 10ms (Views: 0.2ms | ActiveRecord: 4.0ms)


Started GET "/get/4.json" for 192.168.2.8 at 2013-02-25 22:05:45 -0700
Processing by JobsController#get as JSON
  Parameters: {"task_id"=>"4", "job"=>{}}
  [1m[35mJob Load (0.3ms)[0m  SELECT "jobs".* FROM "jobs" WHERE (status =0 AND task_id = '4') LIMIT 1
  [1m[36mCACHE (0.0ms)[0m  [1mSELECT "jobs".* FROM "jobs" WHERE (status =0 AND task_id = '4') LIMIT 1[0m
  [1m[35m (0.1ms)[0m  begin transaction
  [1m[36m (0.5ms)[0m  [1mUPDATE "jobs" SET "status" = 1, "updated_at" = '2013-02-26 05:05:45.021410' WHERE "jobs"."id" = 504[0m
  [1m[35m (0.9ms)[0m  commit transaction
Completed 200 OK in 9ms (Views: 1.3ms | ActiveRecord: 1.8ms)


Started PUT "/jobs/503" for 192.168.2.3 at 2013-02-25 22:05:57 -0700
Processing by JobsController#update as HTML
  Parameters: {"job"=>{"result"=>"8.813771102248653", "error"=>"0"}, "id"=>"503"}
  [1m[36mJob Load (0.1ms)[0m  [1mSELECT "jobs".* FROM "jobs" WHERE "jobs"."id" = ? LIMIT 1[0m  [["id", "503"]]
  [1m[35m (0.1ms)[0m  begin transaction
  [1m[36m (0.3ms)[0m  [1mUPDATE "jobs" SET "result" = '8.813771102248653', "error" = 0, "updated_at" = '2013-02-26 05:05:57.337596' WHERE "jobs"."id" = 503[0m
  [1m[35m (2.4ms)[0m  commit transaction
  [1m[36m (0.1ms)[0m  [1mbegin transaction[0m
  [1m[35m (0.3ms)[0m  UPDATE "jobs" SET "status" = 2, "success" = 't', "updated_at" = '2013-02-26 05:05:57.341738' WHERE "jobs"."id" = 503
  [1m[36m (0.9ms)[0m  [1mcommit transaction[0m
Completed 200 OK in 8ms (Views: 0.1ms | ActiveRecord: 4.2ms)


Started GET "/get/4.json" for 192.168.2.3 at 2013-02-25 22:05:57 -0700
Processing by JobsController#get as JSON
  Parameters: {"task_id"=>"4", "job"=>{}}
  [1m[35mJob Load (0.3ms)[0m  SELECT "jobs".* FROM "jobs" WHERE (status =0 AND task_id = '4') LIMIT 1
  [1m[36mCACHE (0.0ms)[0m  [1mSELECT "jobs".* FROM "jobs" WHERE (status =0 AND task_id = '4') LIMIT 1[0m
  [1m[35m (0.1ms)[0m  begin transaction
  [1m[36m (0.3ms)[0m  [1mUPDATE "jobs" SET "status" = 1, "updated_at" = '2013-02-26 05:05:57.406198' WHERE "jobs"."id" = 505[0m
  [1m[35m (1.5ms)[0m  commit transaction
Completed 200 OK in 7ms (Views: 0.8ms | ActiveRecord: 2.2ms)


Started PUT "/jobs/504" for 192.168.2.8 at 2013-02-25 22:06:03 -0700
Processing by JobsController#update as HTML
  Parameters: {"job"=>{"result"=>"8.885408373880006", "error"=>"0"}, "id"=>"504"}
  [1m[36mJob Load (0.1ms)[0m  [1mSELECT "jobs".* FROM "jobs" WHERE "jobs"."id" = ? LIMIT 1[0m  [["id", "504"]]
  [1m[35m (0.1ms)[0m  begin transaction
  [1m[36m (0.3ms)[0m  [1mUPDATE "jobs" SET "result" = '8.885408373880006', "error" = 0, "updated_at" = '2013-02-26 05:06:03.571333' WHERE "jobs"."id" = 504[0m
  [1m[35m (2.1ms)[0m  commit transaction
  [1m[36m (0.1ms)[0m  [1mbegin transaction[0m
  [1m[35m (0.4ms)[0m  UPDATE "jobs" SET "status" = 2, "success" = 't', "updated_at" = '2013-02-26 05:06:03.575308' WHERE "jobs"."id" = 504
  [1m[36m (0.7ms)[0m  [1mcommit transaction[0m
Completed 200 OK in 8ms (Views: 0.1ms | ActiveRecord: 3.7ms)


Started GET "/get/4.json" for 192.168.2.8 at 2013-02-25 22:06:03 -0700
Processing by JobsController#get as JSON
  Parameters: {"task_id"=>"4", "job"=>{}}
  [1m[35mJob Load (0.4ms)[0m  SELECT "jobs".* FROM "jobs" WHERE (status =0 AND task_id = '4') LIMIT 1
  [1m[36mCACHE (0.0ms)[0m  [1mSELECT "jobs".* FROM "jobs" WHERE (status =0 AND task_id = '4') LIMIT 1[0m
  [1m[35m (0.1ms)[0m  begin transaction
  [1m[36m (0.3ms)[0m  [1mUPDATE "jobs" SET "status" = 1, "updated_at" = '2013-02-26 05:06:03.597424' WHERE "jobs"."id" = 506[0m
  [1m[35m (0.9ms)[0m  commit transaction
Completed 200 OK in 7ms (Views: 1.2ms | ActiveRecord: 1.7ms)


Started PUT "/jobs/506" for 192.168.2.8 at 2013-02-25 22:06:23 -0700
Processing by JobsController#update as HTML
  Parameters: {"job"=>{"result"=>"8.739000383770778", "error"=>"0"}, "id"=>"506"}
  [1m[36mJob Load (0.2ms)[0m  [1mSELECT "jobs".* FROM "jobs" WHERE "jobs"."id" = ? LIMIT 1[0m  [["id", "506"]]
  [1m[35m (0.1ms)[0m  begin transaction
  [1m[36m (0.3ms)[0m  [1mUPDATE "jobs" SET "result" = '8.739000383770778', "error" = 0, "updated_at" = '2013-02-26 05:06:23.096960' WHERE "jobs"."id" = 506[0m
  [1m[35m (1.0ms)[0m  commit transaction
  [1m[36m (0.1ms)[0m  [1mbegin transaction[0m
  [1m[35m (0.3ms)[0m  UPDATE "jobs" SET "status" = 2, "success" = 't', "updated_at" = '2013-02-26 05:06:23.099814' WHERE "jobs"."id" = 506
  [1m[36m (1.2ms)[0m  [1mcommit transaction[0m
Completed 200 OK in 7ms (Views: 0.1ms | ActiveRecord: 3.1ms)


Started GET "/get/4.json" for 192.168.2.8 at 2013-02-25 22:06:23 -0700
Processing by JobsController#get as JSON
  Parameters: {"task_id"=>"4", "job"=>{}}
  [1m[35mJob Load (0.3ms)[0m  SELECT "jobs".* FROM "jobs" WHERE (status =0 AND task_id = '4') LIMIT 1
  [1m[36mCACHE (0.0ms)[0m  [1mSELECT "jobs".* FROM "jobs" WHERE (status =0 AND task_id = '4') LIMIT 1[0m
  [1m[35m (0.0ms)[0m  begin transaction
  [1m[36m (0.3ms)[0m  [1mUPDATE "jobs" SET "status" = 1, "updated_at" = '2013-02-26 05:06:23.117929' WHERE "jobs"."id" = 507[0m
  [1m[35m (1.3ms)[0m  commit transaction
Completed 200 OK in 6ms (Views: 0.9ms | ActiveRecord: 1.9ms)


Started PUT "/jobs/505" for 192.168.2.3 at 2013-02-25 22:06:28 -0700
Processing by JobsController#update as HTML
  Parameters: {"job"=>{"result"=>"8.85844416900229", "error"=>"0"}, "id"=>"505"}
  [1m[36mJob Load (0.1ms)[0m  [1mSELECT "jobs".* FROM "jobs" WHERE "jobs"."id" = ? LIMIT 1[0m  [["id", "505"]]
  [1m[35m (0.1ms)[0m  begin transaction
  [1m[36m (0.3ms)[0m  [1mUPDATE "jobs" SET "result" = '8.85844416900229', "error" = 0, "updated_at" = '2013-02-26 05:06:28.269136' WHERE "jobs"."id" = 505[0m
  [1m[35m (0.9ms)[0m  commit transaction
  [1m[36m (0.1ms)[0m  [1mbegin transaction[0m
  [1m[35m (0.5ms)[0m  UPDATE "jobs" SET "status" = 2, "success" = 't', "updated_at" = '2013-02-26 05:06:28.272026' WHERE "jobs"."id" = 505
  [1m[36m (0.9ms)[0m  [1mcommit transaction[0m
Completed 200 OK in 7ms (Views: 0.1ms | ActiveRecord: 2.8ms)


Started GET "/get/4.json" for 192.168.2.3 at 2013-02-25 22:06:28 -0700
Processing by JobsController#get as JSON
  Parameters: {"task_id"=>"4", "job"=>{}}
  [1m[35mJob Load (0.3ms)[0m  SELECT "jobs".* FROM "jobs" WHERE (status =0 AND task_id = '4') LIMIT 1
  [1m[36mCACHE (0.0ms)[0m  [1mSELECT "jobs".* FROM "jobs" WHERE (status =0 AND task_id = '4') LIMIT 1[0m
  [1m[35m (0.0ms)[0m  begin transaction
  [1m[36m (0.3ms)[0m  [1mUPDATE "jobs" SET "status" = 1, "updated_at" = '2013-02-26 05:06:28.431207' WHERE "jobs"."id" = 508[0m
  [1m[35m (2.3ms)[0m  commit transaction
Completed 200 OK in 7ms (Views: 0.7ms | ActiveRecord: 2.9ms)


Started PUT "/jobs/507" for 192.168.2.8 at 2013-02-25 22:06:41 -0700
Processing by JobsController#update as HTML
  Parameters: {"job"=>{"result"=>"8.599194891448176", "error"=>"0"}, "id"=>"507"}
  [1m[36mJob Load (0.1ms)[0m  [1mSELECT "jobs".* FROM "jobs" WHERE "jobs"."id" = ? LIMIT 1[0m  [["id", "507"]]
  [1m[35m (0.1ms)[0m  begin transaction
  [1m[36m (0.5ms)[0m  [1mUPDATE "jobs" SET "result" = '8.599194891448176', "error" = 0, "updated_at" = '2013-02-26 05:06:41.633186' WHERE "jobs"."id" = 507[0m
  [1m[35m (1.4ms)[0m  commit transaction
  [1m[36m (0.1ms)[0m  [1mbegin transaction[0m
  [1m[35m (0.3ms)[0m  UPDATE "jobs" SET "status" = 2, "success" = 't', "updated_at" = '2013-02-26 05:06:41.636839' WHERE "jobs"."id" = 507
  [1m[36m (1.8ms)[0m  [1mcommit transaction[0m
Completed 200 OK in 9ms (Views: 0.1ms | ActiveRecord: 4.2ms)


Started GET "/get/4.json" for 192.168.2.8 at 2013-02-25 22:06:41 -0700
Processing by JobsController#get as JSON
  Parameters: {"task_id"=>"4", "job"=>{}}
  [1m[35mJob Load (0.3ms)[0m  SELECT "jobs".* FROM "jobs" WHERE (status =0 AND task_id = '4') LIMIT 1
  [1m[36mCACHE (0.0ms)[0m  [1mSELECT "jobs".* FROM "jobs" WHERE (status =0 AND task_id = '4') LIMIT 1[0m
  [1m[35m (0.0ms)[0m  begin transaction
  [1m[36m (0.3ms)[0m  [1mUPDATE "jobs" SET "status" = 1, "updated_at" = '2013-02-26 05:06:41.654867' WHERE "jobs"."id" = 509[0m
  [1m[35m (1.2ms)[0m  commit transaction
Completed 200 OK in 6ms (Views: 0.8ms | ActiveRecord: 1.8ms)


Started PUT "/jobs/508" for 192.168.2.3 at 2013-02-25 22:06:59 -0700
Processing by JobsController#update as HTML
  Parameters: {"job"=>{"result"=>"8.751136629362135", "error"=>"0"}, "id"=>"508"}
  [1m[36mJob Load (0.2ms)[0m  [1mSELECT "jobs".* FROM "jobs" WHERE "jobs"."id" = ? LIMIT 1[0m  [["id", "508"]]
  [1m[35m (0.1ms)[0m  begin transaction
  [1m[36m (4.1ms)[0m  [1mUPDATE "jobs" SET "result" = '8.751136629362135', "error" = 0, "updated_at" = '2013-02-26 05:06:59.153863' WHERE "jobs"."id" = 508[0m
  [1m[35m (5.9ms)[0m  commit transaction
  [1m[36m (0.1ms)[0m  [1mbegin transaction[0m
  [1m[35m (3.8ms)[0m  UPDATE "jobs" SET "status" = 2, "success" = 't', "updated_at" = '2013-02-26 05:06:59.168163' WHERE "jobs"."id" = 508
  [1m[36m (4.7ms)[0m  [1mcommit transaction[0m
Completed 200 OK in 29ms (Views: 0.2ms | ActiveRecord: 18.9ms)


Started GET "/get/4.json" for 192.168.2.3 at 2013-02-25 22:06:59 -0700
Processing by JobsController#get as JSON
  Parameters: {"task_id"=>"4", "job"=>{}}
  [1m[35mJob Load (0.4ms)[0m  SELECT "jobs".* FROM "jobs" WHERE (status =0 AND task_id = '4') LIMIT 1
  [1m[36mCACHE (0.0ms)[0m  [1mSELECT "jobs".* FROM "jobs" WHERE (status =0 AND task_id = '4') LIMIT 1[0m
  [1m[35m (0.1ms)[0m  begin transaction
  [1m[36m (3.8ms)[0m  [1mUPDATE "jobs" SET "status" = 1, "updated_at" = '2013-02-26 05:06:59.241471' WHERE "jobs"."id" = 510[0m
  [1m[35m (71.5ms)[0m  commit transaction
Completed 200 OK in 86ms (Views: 1.2ms | ActiveRecord: 75.9ms)


Started PUT "/jobs/509" for 192.168.2.8 at 2013-02-25 22:06:59 -0700
Processing by JobsController#update as HTML
  Parameters: {"job"=>{"result"=>"8.86401541672321", "error"=>"0"}, "id"=>"509"}
  [1m[36mJob Load (0.2ms)[0m  [1mSELECT "jobs".* FROM "jobs" WHERE "jobs"."id" = ? LIMIT 1[0m  [["id", "509"]]
  [1m[35m (0.1ms)[0m  begin transaction
  [1m[36m (3.0ms)[0m  [1mUPDATE "jobs" SET "result" = '8.86401541672321', "error" = 0, "updated_at" = '2013-02-26 05:06:59.864023' WHERE "jobs"."id" = 509[0m
  [1m[35m (120.6ms)[0m  commit transaction
  [1m[36m (0.1ms)[0m  [1mbegin transaction[0m
  [1m[35m (2.6ms)[0m  UPDATE "jobs" SET "status" = 2, "success" = 't', "updated_at" = '2013-02-26 05:06:59.991974' WHERE "jobs"."id" = 509
  [1m[36m (234.9ms)[0m  [1mcommit transaction[0m
Completed 200 OK in 372ms (Views: 0.2ms | ActiveRecord: 361.5ms)


Started GET "/get/4.json" for 192.168.2.8 at 2013-02-25 22:07:00 -0700
Processing by JobsController#get as JSON
  Parameters: {"task_id"=>"4", "job"=>{}}
  [1m[35mJob Load (0.4ms)[0m  SELECT "jobs".* FROM "jobs" WHERE (status =0 AND task_id = '4') LIMIT 1
  [1m[36mCACHE (0.0ms)[0m  [1mSELECT "jobs".* FROM "jobs" WHERE (status =0 AND task_id = '4') LIMIT 1[0m
  [1m[35m (0.1ms)[0m  begin transaction
  [1m[36m (2.7ms)[0m  [1mUPDATE "jobs" SET "status" = 1, "updated_at" = '2013-02-26 05:07:00.333130' WHERE "jobs"."id" = 511[0m
  [1m[35m (156.8ms)[0m  commit transaction
Completed 200 OK in 171ms (Views: 0.8ms | ActiveRecord: 160.0ms)


Started PUT "/jobs/511" for 192.168.2.8 at 2013-02-25 22:07:18 -0700
Processing by JobsController#update as HTML
  Parameters: {"job"=>{"result"=>"8.804537487374239", "error"=>"0"}, "id"=>"511"}
  [1m[36mJob Load (0.2ms)[0m  [1mSELECT "jobs".* FROM "jobs" WHERE "jobs"."id" = ? LIMIT 1[0m  [["id", "511"]]
  [1m[35m (0.1ms)[0m  begin transaction
  [1m[36m (0.3ms)[0m  [1mUPDATE "jobs" SET "result" = '8.804537487374239', "error" = 0, "updated_at" = '2013-02-26 05:07:18.925894' WHERE "jobs"."id" = 511[0m
  [1m[35m (2.6ms)[0m  commit transaction
  [1m[36m (0.1ms)[0m  [1mbegin transaction[0m
  [1m[35m (0.3ms)[0m  UPDATE "jobs" SET "status" = 2, "success" = 't', "updated_at" = '2013-02-26 05:07:18.930511' WHERE "jobs"."id" = 511
  [1m[36m (1.0ms)[0m  [1mcommit transaction[0m
Completed 200 OK in 9ms (Views: 0.1ms | ActiveRecord: 4.5ms)


Started GET "/get/4.json" for 192.168.2.8 at 2013-02-25 22:07:18 -0700
Processing by JobsController#get as JSON
  Parameters: {"task_id"=>"4", "job"=>{}}
  [1m[35mJob Load (0.5ms)[0m  SELECT "jobs".* FROM "jobs" WHERE (status =0 AND task_id = '4') LIMIT 1
  [1m[36mCACHE (0.0ms)[0m  [1mSELECT "jobs".* FROM "jobs" WHERE (status =0 AND task_id = '4') LIMIT 1[0m
  [1m[35m (0.1ms)[0m  begin transaction
  [1m[36m (0.3ms)[0m  [1mUPDATE "jobs" SET "status" = 1, "updated_at" = '2013-02-26 05:07:18.956548' WHERE "jobs"."id" = 512[0m
  [1m[35m (1.3ms)[0m  commit transaction
Completed 200 OK in 7ms (Views: 0.8ms | ActiveRecord: 2.1ms)


Started PUT "/jobs/510" for 192.168.2.3 at 2013-02-25 22:07:30 -0700
Processing by JobsController#update as HTML
  Parameters: {"job"=>{"result"=>"8.8833077558959", "error"=>"0"}, "id"=>"510"}
  [1m[36mJob Load (0.1ms)[0m  [1mSELECT "jobs".* FROM "jobs" WHERE "jobs"."id" = ? LIMIT 1[0m  [["id", "510"]]
  [1m[35m (0.1ms)[0m  begin transaction
  [1m[36m (0.3ms)[0m  [1mUPDATE "jobs" SET "result" = '8.8833077558959', "error" = 0, "updated_at" = '2013-02-26 05:07:30.313624' WHERE "jobs"."id" = 510[0m
  [1m[35m (1.2ms)[0m  commit transaction
  [1m[36m (0.1ms)[0m  [1mbegin transaction[0m
  [1m[35m (0.3ms)[0m  UPDATE "jobs" SET "status" = 2, "success" = 't', "updated_at" = '2013-02-26 05:07:30.316681' WHERE "jobs"."id" = 510
  [1m[36m (1.1ms)[0m  [1mcommit transaction[0m
Completed 200 OK in 7ms (Views: 0.1ms | ActiveRecord: 3.2ms)


Started GET "/get/4.json" for 192.168.2.3 at 2013-02-25 22:07:30 -0700
Processing by JobsController#get as JSON
  Parameters: {"task_id"=>"4", "job"=>{}}
  [1m[35mJob Load (0.4ms)[0m  SELECT "jobs".* FROM "jobs" WHERE (status =0 AND task_id = '4') LIMIT 1
  [1m[36mCACHE (0.0ms)[0m  [1mSELECT "jobs".* FROM "jobs" WHERE (status =0 AND task_id = '4') LIMIT 1[0m
  [1m[35m (0.1ms)[0m  begin transaction
  [1m[36m (0.3ms)[0m  [1mUPDATE "jobs" SET "status" = 1, "updated_at" = '2013-02-26 05:07:30.432783' WHERE "jobs"."id" = 513[0m
  [1m[35m (1.3ms)[0m  commit transaction
Completed 200 OK in 9ms (Views: 1.0ms | ActiveRecord: 2.2ms)


Started PUT "/jobs/512" for 192.168.2.8 at 2013-02-25 22:07:37 -0700
Processing by JobsController#update as HTML
  Parameters: {"job"=>{"result"=>"8.636244458660858", "error"=>"0"}, "id"=>"512"}
  [1m[36mJob Load (0.2ms)[0m  [1mSELECT "jobs".* FROM "jobs" WHERE "jobs"."id" = ? LIMIT 1[0m  [["id", "512"]]
  [1m[35m (0.1ms)[0m  begin transaction
  [1m[36m (0.3ms)[0m  [1mUPDATE "jobs" SET "result" = '8.636244458660858', "error" = 0, "updated_at" = '2013-02-26 05:07:37.140577' WHERE "jobs"."id" = 512[0m
  [1m[35m (1.7ms)[0m  commit transaction
  [1m[36m (0.1ms)[0m  [1mbegin transaction[0m
  [1m[35m (0.3ms)[0m  UPDATE "jobs" SET "status" = 2, "success" = 't', "updated_at" = '2013-02-26 05:07:37.144045' WHERE "jobs"."id" = 512
  [1m[36m (1.2ms)[0m  [1mcommit transaction[0m
Completed 200 OK in 8ms (Views: 0.2ms | ActiveRecord: 3.7ms)


Started GET "/get/4.json" for 192.168.2.8 at 2013-02-25 22:07:37 -0700
Processing by JobsController#get as JSON
  Parameters: {"task_id"=>"4", "job"=>{}}
  [1m[35mJob Load (0.3ms)[0m  SELECT "jobs".* FROM "jobs" WHERE (status =0 AND task_id = '4') LIMIT 1
  [1m[36mCACHE (0.0ms)[0m  [1mSELECT "jobs".* FROM "jobs" WHERE (status =0 AND task_id = '4') LIMIT 1[0m
  [1m[35m (0.1ms)[0m  begin transaction
  [1m[36m (0.3ms)[0m  [1mUPDATE "jobs" SET "status" = 1, "updated_at" = '2013-02-26 05:07:37.162472' WHERE "jobs"."id" = 514[0m
  [1m[35m (1.1ms)[0m  commit transaction
Completed 200 OK in 6ms (Views: 0.7ms | ActiveRecord: 1.8ms)


Started PUT "/jobs/514" for 192.168.2.8 at 2013-02-25 22:07:55 -0700
Processing by JobsController#update as HTML
  Parameters: {"job"=>{"result"=>"8.82250986193003", "error"=>"0"}, "id"=>"514"}
  [1m[36mJob Load (0.1ms)[0m  [1mSELECT "jobs".* FROM "jobs" WHERE "jobs"."id" = ? LIMIT 1[0m  [["id", "514"]]
  [1m[35m (0.1ms)[0m  begin transaction
  [1m[36m (0.3ms)[0m  [1mUPDATE "jobs" SET "result" = '8.82250986193003', "error" = 0, "updated_at" = '2013-02-26 05:07:55.710015' WHERE "jobs"."id" = 514[0m
  [1m[35m (1.1ms)[0m  commit transaction
  [1m[36m (0.1ms)[0m  [1mbegin transaction[0m
  [1m[35m (0.5ms)[0m  UPDATE "jobs" SET "status" = 2, "success" = 't', "updated_at" = '2013-02-26 05:07:55.713016' WHERE "jobs"."id" = 514
  [1m[36m (0.9ms)[0m  [1mcommit transaction[0m
Completed 200 OK in 7ms (Views: 0.1ms | ActiveRecord: 3.2ms)


Started GET "/get/4.json" for 192.168.2.8 at 2013-02-25 22:07:55 -0700
Processing by JobsController#get as JSON
  Parameters: {"task_id"=>"4", "job"=>{}}
  [1m[35mJob Load (0.4ms)[0m  SELECT "jobs".* FROM "jobs" WHERE (status =0 AND task_id = '4') LIMIT 1
  [1m[36mCACHE (0.0ms)[0m  [1mSELECT "jobs".* FROM "jobs" WHERE (status =0 AND task_id = '4') LIMIT 1[0m
  [1m[35m (0.1ms)[0m  begin transaction
  [1m[36m (0.3ms)[0m  [1mUPDATE "jobs" SET "status" = 1, "updated_at" = '2013-02-26 05:07:55.738604' WHERE "jobs"."id" = 515[0m
  [1m[35m (48.6ms)[0m  commit transaction
Completed 200 OK in 56ms (Views: 1.3ms | ActiveRecord: 49.4ms)


Started PUT "/jobs/513" for 192.168.2.3 at 2013-02-25 22:08:01 -0700
Processing by JobsController#update as HTML
  Parameters: {"job"=>{"result"=>"8.669386593028447", "error"=>"0"}, "id"=>"513"}
  [1m[36mJob Load (0.2ms)[0m  [1mSELECT "jobs".* FROM "jobs" WHERE "jobs"."id" = ? LIMIT 1[0m  [["id", "513"]]
  [1m[35m (0.1ms)[0m  begin transaction
  [1m[36m (0.3ms)[0m  [1mUPDATE "jobs" SET "result" = '8.669386593028447', "error" = 0, "updated_at" = '2013-02-26 05:08:01.451036' WHERE "jobs"."id" = 513[0m
  [1m[35m (107.4ms)[0m  commit transaction
  [1m[36m (0.1ms)[0m  [1mbegin transaction[0m
  [1m[35m (13.2ms)[0m  UPDATE "jobs" SET "status" = 2, "success" = 't', "updated_at" = '2013-02-26 05:08:01.560691' WHERE "jobs"."id" = 513
  [1m[36m (1.1ms)[0m  [1mcommit transaction[0m
Completed 200 OK in 127ms (Views: 0.1ms | ActiveRecord: 122.3ms)


Started GET "/get/4.json" for 192.168.2.3 at 2013-02-25 22:08:01 -0700
Processing by JobsController#get as JSON
  Parameters: {"task_id"=>"4", "job"=>{}}
  [1m[35mJob Load (0.4ms)[0m  SELECT "jobs".* FROM "jobs" WHERE (status =0 AND task_id = '4') LIMIT 1
  [1m[36mCACHE (0.0ms)[0m  [1mSELECT "jobs".* FROM "jobs" WHERE (status =0 AND task_id = '4') LIMIT 1[0m
  [1m[35m (0.1ms)[0m  begin transaction
  [1m[36m (0.3ms)[0m  [1mUPDATE "jobs" SET "status" = 1, "updated_at" = '2013-02-26 05:08:01.631810' WHERE "jobs"."id" = 516[0m
  [1m[35m (1.0ms)[0m  commit transaction
Completed 200 OK in 9ms (Views: 1.2ms | ActiveRecord: 1.8ms)


Started PUT "/jobs/515" for 192.168.2.8 at 2013-02-25 22:08:13 -0700
Processing by JobsController#update as HTML
  Parameters: {"job"=>{"result"=>"8.886911586839197", "error"=>"0"}, "id"=>"515"}
  [1m[36mJob Load (0.2ms)[0m  [1mSELECT "jobs".* FROM "jobs" WHERE "jobs"."id" = ? LIMIT 1[0m  [["id", "515"]]
  [1m[35m (0.1ms)[0m  begin transaction
  [1m[36m (0.3ms)[0m  [1mUPDATE "jobs" SET "result" = '8.886911586839197', "error" = 0, "updated_at" = '2013-02-26 05:08:13.850741' WHERE "jobs"."id" = 515[0m
  [1m[35m (12.6ms)[0m  commit transaction
  [1m[36m (0.1ms)[0m  [1mbegin transaction[0m
  [1m[35m (0.3ms)[0m  UPDATE "jobs" SET "status" = 2, "success" = 't', "updated_at" = '2013-02-26 05:08:13.865096' WHERE "jobs"."id" = 515
  [1m[36m (1.1ms)[0m  [1mcommit transaction[0m
Completed 200 OK in 18ms (Views: 0.1ms | ActiveRecord: 14.5ms)


Started GET "/get/4.json" for 192.168.2.8 at 2013-02-25 22:08:13 -0700
Processing by JobsController#get as JSON
  Parameters: {"task_id"=>"4", "job"=>{}}
  [1m[35mJob Load (0.3ms)[0m  SELECT "jobs".* FROM "jobs" WHERE (status =0 AND task_id = '4') LIMIT 1
  [1m[36mCACHE (0.0ms)[0m  [1mSELECT "jobs".* FROM "jobs" WHERE (status =0 AND task_id = '4') LIMIT 1[0m
  [1m[35m (0.1ms)[0m  begin transaction
  [1m[36m (0.3ms)[0m  [1mUPDATE "jobs" SET "status" = 1, "updated_at" = '2013-02-26 05:08:13.882397' WHERE "jobs"."id" = 517[0m
  [1m[35m (1.4ms)[0m  commit transaction
Completed 200 OK in 6ms (Views: 0.8ms | ActiveRecord: 2.0ms)


Started PUT "/jobs/517" for 192.168.2.8 at 2013-02-25 22:08:32 -0700
Processing by JobsController#update as HTML
  Parameters: {"job"=>{"result"=>"8.726349255142507", "error"=>"0"}, "id"=>"517"}
  [1m[36mJob Load (0.1ms)[0m  [1mSELECT "jobs".* FROM "jobs" WHERE "jobs"."id" = ? LIMIT 1[0m  [["id", "517"]]
  [1m[35m (0.1ms)[0m  begin transaction
  [1m[36m (0.3ms)[0m  [1mUPDATE "jobs" SET "result" = '8.726349255142507', "error" = 0, "updated_at" = '2013-02-26 05:08:32.366801' WHERE "jobs"."id" = 517[0m
  [1m[35m (31.7ms)[0m  commit transaction
  [1m[36m (0.1ms)[0m  [1mbegin transaction[0m
  [1m[35m (0.3ms)[0m  UPDATE "jobs" SET "status" = 2, "success" = 't', "updated_at" = '2013-02-26 05:08:32.400551' WHERE "jobs"."id" = 517
  [1m[36m (25.0ms)[0m  [1mcommit transaction[0m
Completed 200 OK in 62ms (Views: 0.1ms | ActiveRecord: 57.6ms)


Started GET "/get/4.json" for 192.168.2.8 at 2013-02-25 22:08:32 -0700
Processing by JobsController#get as JSON
  Parameters: {"task_id"=>"4", "job"=>{}}
  [1m[35mJob Load (0.4ms)[0m  SELECT "jobs".* FROM "jobs" WHERE (status =0 AND task_id = '4') LIMIT 1
  [1m[36mCACHE (0.0ms)[0m  [1mSELECT "jobs".* FROM "jobs" WHERE (status =0 AND task_id = '4') LIMIT 1[0m
  [1m[35m (0.1ms)[0m  begin transaction
  [1m[36m (0.4ms)[0m  [1mUPDATE "jobs" SET "status" = 1, "updated_at" = '2013-02-26 05:08:32.482945' WHERE "jobs"."id" = 518[0m
  [1m[35m (14.4ms)[0m  commit transaction
Completed 200 OK in 20ms (Views: 0.7ms | ActiveRecord: 15.2ms)


Started PUT "/jobs/516" for 192.168.2.3 at 2013-02-25 22:08:32 -0700
Processing by JobsController#update as HTML
  Parameters: {"job"=>{"result"=>"8.852320722931013", "error"=>"0"}, "id"=>"516"}
  [1m[36mJob Load (0.2ms)[0m  [1mSELECT "jobs".* FROM "jobs" WHERE "jobs"."id" = ? LIMIT 1[0m  [["id", "516"]]
  [1m[35m (0.1ms)[0m  begin transaction
  [1m[36m (0.4ms)[0m  [1mUPDATE "jobs" SET "result" = '8.852320722931013', "error" = 0, "updated_at" = '2013-02-26 05:08:32.606797' WHERE "jobs"."id" = 516[0m
  [1m[35m (1.4ms)[0m  commit transaction
  [1m[36m (0.3ms)[0m  [1mbegin transaction[0m
  [1m[35m (0.5ms)[0m  UPDATE "jobs" SET "status" = 2, "success" = 't', "updated_at" = '2013-02-26 05:08:32.611542' WHERE "jobs"."id" = 516
  [1m[36m (1.9ms)[0m  [1mcommit transaction[0m
Completed 200 OK in 11ms (Views: 0.2ms | ActiveRecord: 4.7ms)


Started GET "/get/4.json" for 192.168.2.3 at 2013-02-25 22:08:32 -0700
Processing by JobsController#get as JSON
  Parameters: {"task_id"=>"4", "job"=>{}}
  [1m[35mJob Load (0.5ms)[0m  SELECT "jobs".* FROM "jobs" WHERE (status =0 AND task_id = '4') LIMIT 1
  [1m[36mCACHE (0.0ms)[0m  [1mSELECT "jobs".* FROM "jobs" WHERE (status =0 AND task_id = '4') LIMIT 1[0m
  [1m[35m (0.1ms)[0m  begin transaction
  [1m[36m (0.5ms)[0m  [1mUPDATE "jobs" SET "status" = 1, "updated_at" = '2013-02-26 05:08:32.687074' WHERE "jobs"."id" = 519[0m
  [1m[35m (9.6ms)[0m  commit transaction
Completed 200 OK in 18ms (Views: 1.4ms | ActiveRecord: 10.6ms)


Started PUT "/jobs/518" for 192.168.2.8 at 2013-02-25 22:08:51 -0700
Processing by JobsController#update as HTML
  Parameters: {"job"=>{"result"=>"8.601595748279648", "error"=>"0"}, "id"=>"518"}
  [1m[36mJob Load (0.1ms)[0m  [1mSELECT "jobs".* FROM "jobs" WHERE "jobs"."id" = ? LIMIT 1[0m  [["id", "518"]]
  [1m[35m (0.1ms)[0m  begin transaction
  [1m[36m (24.4ms)[0m  [1mUPDATE "jobs" SET "result" = '8.601595748279648', "error" = 0, "updated_at" = '2013-02-26 05:08:51.135341' WHERE "jobs"."id" = 518[0m
  [1m[35m (19.2ms)[0m  commit transaction
  [1m[36m (0.1ms)[0m  [1mbegin transaction[0m
  [1m[35m (0.4ms)[0m  UPDATE "jobs" SET "status" = 2, "success" = 't', "updated_at" = '2013-02-26 05:08:51.181238' WHERE "jobs"."id" = 518
  [1m[36m (1.0ms)[0m  [1mcommit transaction[0m
Completed 200 OK in 50ms (Views: 0.2ms | ActiveRecord: 45.4ms)


Started GET "/get/4.json" for 192.168.2.8 at 2013-02-25 22:08:51 -0700
Processing by JobsController#get as JSON
  Parameters: {"task_id"=>"4", "job"=>{}}
  [1m[35mJob Load (0.3ms)[0m  SELECT "jobs".* FROM "jobs" WHERE (status =0 AND task_id = '4') LIMIT 1
  [1m[36mCACHE (0.0ms)[0m  [1mSELECT "jobs".* FROM "jobs" WHERE (status =0 AND task_id = '4') LIMIT 1[0m
  [1m[35m (0.1ms)[0m  begin transaction
  [1m[36m (0.5ms)[0m  [1mUPDATE "jobs" SET "status" = 1, "updated_at" = '2013-02-26 05:08:51.201256' WHERE "jobs"."id" = 520[0m
  [1m[35m (15.2ms)[0m  commit transaction
Completed 200 OK in 25ms (Views: 1.2ms | ActiveRecord: 16.1ms)


Started PUT "/jobs/519" for 192.168.2.3 at 2013-02-25 22:09:03 -0700
Processing by JobsController#update as HTML
  Parameters: {"job"=>{"result"=>"8.762780326615024", "error"=>"0"}, "id"=>"519"}
  [1m[36mJob Load (0.2ms)[0m  [1mSELECT "jobs".* FROM "jobs" WHERE "jobs"."id" = ? LIMIT 1[0m  [["id", "519"]]
  [1m[35m (0.1ms)[0m  begin transaction
  [1m[36m (0.4ms)[0m  [1mUPDATE "jobs" SET "result" = '8.762780326615024', "error" = 0, "updated_at" = '2013-02-26 05:09:03.500329' WHERE "jobs"."id" = 519[0m
  [1m[35m (3.7ms)[0m  commit transaction
  [1m[36m (0.1ms)[0m  [1mbegin transaction[0m
  [1m[35m (0.4ms)[0m  UPDATE "jobs" SET "status" = 2, "success" = 't', "updated_at" = '2013-02-26 05:09:03.506407' WHERE "jobs"."id" = 519
  [1m[36m (3.9ms)[0m  [1mcommit transaction[0m
Completed 200 OK in 14ms (Views: 0.2ms | ActiveRecord: 8.7ms)


Started GET "/get/4.json" for 192.168.2.3 at 2013-02-25 22:09:03 -0700
Processing by JobsController#get as JSON
  Parameters: {"task_id"=>"4", "job"=>{}}
  [1m[35mJob Load (0.5ms)[0m  SELECT "jobs".* FROM "jobs" WHERE (status =0 AND task_id = '4') LIMIT 1
  [1m[36mCACHE (0.0ms)[0m  [1mSELECT "jobs".* FROM "jobs" WHERE (status =0 AND task_id = '4') LIMIT 1[0m
  [1m[35m (0.1ms)[0m  begin transaction
  [1m[36m (0.3ms)[0m  [1mUPDATE "jobs" SET "status" = 1, "updated_at" = '2013-02-26 05:09:03.555878' WHERE "jobs"."id" = 521[0m
  [1m[35m (1.6ms)[0m  commit transaction
Completed 200 OK in 8ms (Views: 0.9ms | ActiveRecord: 2.4ms)


Started PUT "/jobs/520" for 192.168.2.8 at 2013-02-25 22:09:10 -0700
Processing by JobsController#update as HTML
  Parameters: {"job"=>{"result"=>"8.869026473149326", "error"=>"0"}, "id"=>"520"}
  [1m[36mJob Load (0.1ms)[0m  [1mSELECT "jobs".* FROM "jobs" WHERE "jobs"."id" = ? LIMIT 1[0m  [["id", "520"]]
  [1m[35m (0.1ms)[0m  begin transaction
  [1m[36m (0.3ms)[0m  [1mUPDATE "jobs" SET "result" = '8.869026473149326', "error" = 0, "updated_at" = '2013-02-26 05:09:10.140416' WHERE "jobs"."id" = 520[0m
  [1m[35m (1.4ms)[0m  commit transaction
  [1m[36m (0.0ms)[0m  [1mbegin transaction[0m
  [1m[35m (0.3ms)[0m  UPDATE "jobs" SET "status" = 2, "success" = 't', "updated_at" = '2013-02-26 05:09:10.143579' WHERE "jobs"."id" = 520
  [1m[36m (1.4ms)[0m  [1mcommit transaction[0m
Completed 200 OK in 7ms (Views: 0.2ms | ActiveRecord: 3.7ms)


Started GET "/get/4.json" for 192.168.2.8 at 2013-02-25 22:09:10 -0700
Processing by JobsController#get as JSON
  Parameters: {"task_id"=>"4", "job"=>{}}
  [1m[35mJob Load (0.3ms)[0m  SELECT "jobs".* FROM "jobs" WHERE (status =0 AND task_id = '4') LIMIT 1
  [1m[36mCACHE (0.0ms)[0m  [1mSELECT "jobs".* FROM "jobs" WHERE (status =0 AND task_id = '4') LIMIT 1[0m
  [1m[35m (0.1ms)[0m  begin transaction
  [1m[36m (0.3ms)[0m  [1mUPDATE "jobs" SET "status" = 1, "updated_at" = '2013-02-26 05:09:10.163138' WHERE "jobs"."id" = 522[0m
  [1m[35m (0.8ms)[0m  commit transaction
Completed 200 OK in 6ms (Views: 0.8ms | ActiveRecord: 1.5ms)


Started PUT "/jobs/522" for 192.168.2.8 at 2013-02-25 22:09:28 -0700
Processing by JobsController#update as HTML
  Parameters: {"job"=>{"result"=>"8.794815112233628", "error"=>"0"}, "id"=>"522"}
  [1m[36mJob Load (0.1ms)[0m  [1mSELECT "jobs".* FROM "jobs" WHERE "jobs"."id" = ? LIMIT 1[0m  [["id", "522"]]
  [1m[35m (0.1ms)[0m  begin transaction
  [1m[36m (0.4ms)[0m  [1mUPDATE "jobs" SET "result" = '8.794815112233628', "error" = 0, "updated_at" = '2013-02-26 05:09:28.711070' WHERE "jobs"."id" = 522[0m
  [1m[35m (2.3ms)[0m  commit transaction
  [1m[36m (0.1ms)[0m  [1mbegin transaction[0m
  [1m[35m (0.3ms)[0m  UPDATE "jobs" SET "status" = 2, "success" = 't', "updated_at" = '2013-02-26 05:09:28.715728' WHERE "jobs"."id" = 522
  [1m[36m (0.6ms)[0m  [1mcommit transaction[0m
Completed 200 OK in 8ms (Views: 0.1ms | ActiveRecord: 4.0ms)


Started GET "/get/4.json" for 192.168.2.8 at 2013-02-25 22:09:28 -0700
Processing by JobsController#get as JSON
  Parameters: {"task_id"=>"4", "job"=>{}}
  [1m[35mJob Load (0.3ms)[0m  SELECT "jobs".* FROM "jobs" WHERE (status =0 AND task_id = '4') LIMIT 1
  [1m[36mCACHE (0.0ms)[0m  [1mSELECT "jobs".* FROM "jobs" WHERE (status =0 AND task_id = '4') LIMIT 1[0m
  [1m[35m (0.0ms)[0m  begin transaction
  [1m[36m (0.3ms)[0m  [1mUPDATE "jobs" SET "status" = 1, "updated_at" = '2013-02-26 05:09:28.734170' WHERE "jobs"."id" = 523[0m
  [1m[35m (1.3ms)[0m  commit transaction
Completed 200 OK in 6ms (Views: 0.7ms | ActiveRecord: 1.9ms)


Started PUT "/jobs/521" for 192.168.2.3 at 2013-02-25 22:09:34 -0700
Processing by JobsController#update as HTML
  Parameters: {"job"=>{"result"=>"8.880613237059373", "error"=>"0"}, "id"=>"521"}
  [1m[36mJob Load (0.2ms)[0m  [1mSELECT "jobs".* FROM "jobs" WHERE "jobs"."id" = ? LIMIT 1[0m  [["id", "521"]]
  [1m[35m (0.1ms)[0m  begin transaction
  [1m[36m (0.4ms)[0m  [1mUPDATE "jobs" SET "result" = '8.880613237059373', "error" = 0, "updated_at" = '2013-02-26 05:09:34.376038' WHERE "jobs"."id" = 521[0m
  [1m[35m (2.2ms)[0m  commit transaction
  [1m[36m (0.1ms)[0m  [1mbegin transaction[0m
  [1m[35m (0.3ms)[0m  UPDATE "jobs" SET "status" = 2, "success" = 't', "updated_at" = '2013-02-26 05:09:34.380923' WHERE "jobs"."id" = 521
  [1m[36m (0.9ms)[0m  [1mcommit transaction[0m
Completed 200 OK in 61ms (Views: 0.2ms | ActiveRecord: 4.2ms)


Started GET "/get/4.json" for 192.168.2.3 at 2013-02-25 22:09:34 -0700
Processing by JobsController#get as JSON
  Parameters: {"task_id"=>"4", "job"=>{}}
  [1m[35mJob Load (0.4ms)[0m  SELECT "jobs".* FROM "jobs" WHERE (status =0 AND task_id = '4') LIMIT 1
  [1m[36mCACHE (0.0ms)[0m  [1mSELECT "jobs".* FROM "jobs" WHERE (status =0 AND task_id = '4') LIMIT 1[0m
  [1m[35m (0.1ms)[0m  begin transaction
  [1m[36m (0.4ms)[0m  [1mUPDATE "jobs" SET "status" = 1, "updated_at" = '2013-02-26 05:09:34.460020' WHERE "jobs"."id" = 524[0m
  [1m[35m (1.4ms)[0m  commit transaction
Completed 200 OK in 9ms (Views: 1.3ms | ActiveRecord: 2.4ms)


Started PUT "/jobs/523" for 192.168.2.8 at 2013-02-25 22:09:47 -0700
Processing by JobsController#update as HTML
  Parameters: {"job"=>{"result"=>"8.623585013296868", "error"=>"0"}, "id"=>"523"}
  [1m[36mJob Load (0.1ms)[0m  [1mSELECT "jobs".* FROM "jobs" WHERE "jobs"."id" = ? LIMIT 1[0m  [["id", "523"]]
  [1m[35m (0.1ms)[0m  begin transaction
  [1m[36m (0.3ms)[0m  [1mUPDATE "jobs" SET "result" = '8.623585013296868', "error" = 0, "updated_at" = '2013-02-26 05:09:47.031040' WHERE "jobs"."id" = 523[0m
  [1m[35m (2.4ms)[0m  commit transaction
  [1m[36m (0.0ms)[0m  [1mbegin transaction[0m
  [1m[35m (0.3ms)[0m  UPDATE "jobs" SET "status" = 2, "success" = 't', "updated_at" = '2013-02-26 05:09:47.035247' WHERE "jobs"."id" = 523
  [1m[36m (0.8ms)[0m  [1mcommit transaction[0m
Completed 200 OK in 8ms (Views: 0.1ms | ActiveRecord: 4.0ms)


Started GET "/get/4.json" for 192.168.2.8 at 2013-02-25 22:09:47 -0700
Processing by JobsController#get as JSON
  Parameters: {"task_id"=>"4", "job"=>{}}
  [1m[35mJob Load (0.5ms)[0m  SELECT "jobs".* FROM "jobs" WHERE (status =0 AND task_id = '4') LIMIT 1
  [1m[36mCACHE (0.0ms)[0m  [1mSELECT "jobs".* FROM "jobs" WHERE (status =0 AND task_id = '4') LIMIT 1[0m
  [1m[35m (0.1ms)[0m  begin transaction
  [1m[36m (0.3ms)[0m  [1mUPDATE "jobs" SET "status" = 1, "updated_at" = '2013-02-26 05:09:47.052513' WHERE "jobs"."id" = 525[0m
  [1m[35m (1.1ms)[0m  commit transaction
Completed 200 OK in 6ms (Views: 0.8ms | ActiveRecord: 1.9ms)


Started PUT "/jobs/524" for 192.168.2.3 at 2013-02-25 22:10:05 -0700
Processing by JobsController#update as HTML
  Parameters: {"job"=>{"result"=>"8.684834220477853", "error"=>"0"}, "id"=>"524"}
  [1m[36mJob Load (0.2ms)[0m  [1mSELECT "jobs".* FROM "jobs" WHERE "jobs"."id" = ? LIMIT 1[0m  [["id", "524"]]
  [1m[35m (0.1ms)[0m  begin transaction
  [1m[36m (0.5ms)[0m  [1mUPDATE "jobs" SET "result" = '8.684834220477853', "error" = 0, "updated_at" = '2013-02-26 05:10:05.551247' WHERE "jobs"."id" = 524[0m
  [1m[35m (1.1ms)[0m  commit transaction
  [1m[36m (0.1ms)[0m  [1mbegin transaction[0m
  [1m[35m (1.3ms)[0m  UPDATE "jobs" SET "status" = 2, "success" = 't', "updated_at" = '2013-02-26 05:10:05.555916' WHERE "jobs"."id" = 524
  [1m[36m (1.3ms)[0m  [1mcommit transaction[0m
Completed 200 OK in 12ms (Views: 0.3ms | ActiveRecord: 4.5ms)


Started GET "/get/4.json" for 192.168.2.3 at 2013-02-25 22:10:05 -0700
Processing by JobsController#get as JSON
  Parameters: {"task_id"=>"4", "job"=>{}}
  [1m[35mJob Load (0.3ms)[0m  SELECT "jobs".* FROM "jobs" WHERE (status =0 AND task_id = '4') LIMIT 1
  [1m[36mCACHE (0.0ms)[0m  [1mSELECT "jobs".* FROM "jobs" WHERE (status =0 AND task_id = '4') LIMIT 1[0m
  [1m[35m (0.1ms)[0m  begin transaction
  [1m[36m (0.4ms)[0m  [1mUPDATE "jobs" SET "status" = 1, "updated_at" = '2013-02-26 05:10:05.661931' WHERE "jobs"."id" = 526[0m
  [1m[35m (30.0ms)[0m  commit transaction
Completed 200 OK in 36ms (Views: 1.1ms | ActiveRecord: 30.8ms)


Started PUT "/jobs/525" for 192.168.2.8 at 2013-02-25 22:10:06 -0700
Processing by JobsController#update as HTML
  Parameters: {"job"=>{"result"=>"8.830744492127932", "error"=>"0"}, "id"=>"525"}
  [1m[36mJob Load (0.1ms)[0m  [1mSELECT "jobs".* FROM "jobs" WHERE "jobs"."id" = ? LIMIT 1[0m  [["id", "525"]]
  [1m[35m (0.1ms)[0m  begin transaction
  [1m[36m (0.3ms)[0m  [1mUPDATE "jobs" SET "result" = '8.830744492127932', "error" = 0, "updated_at" = '2013-02-26 05:10:06.093687' WHERE "jobs"."id" = 525[0m
  [1m[35m (1.4ms)[0m  commit transaction
  [1m[36m (0.1ms)[0m  [1mbegin transaction[0m
  [1m[35m (0.3ms)[0m  UPDATE "jobs" SET "status" = 2, "success" = 't', "updated_at" = '2013-02-26 05:10:06.096984' WHERE "jobs"."id" = 525
  [1m[36m (1.0ms)[0m  [1mcommit transaction[0m
Completed 200 OK in 7ms (Views: 0.1ms | ActiveRecord: 3.3ms)


Started GET "/get/4.json" for 192.168.2.8 at 2013-02-25 22:10:06 -0700
Processing by JobsController#get as JSON
  Parameters: {"task_id"=>"4", "job"=>{}}
  [1m[35mJob Load (0.5ms)[0m  SELECT "jobs".* FROM "jobs" WHERE (status =0 AND task_id = '4') LIMIT 1
  [1m[36mCACHE (0.0ms)[0m  [1mSELECT "jobs".* FROM "jobs" WHERE (status =0 AND task_id = '4') LIMIT 1[0m
  [1m[35m (0.1ms)[0m  begin transaction
  [1m[36m (0.5ms)[0m  [1mUPDATE "jobs" SET "status" = 1, "updated_at" = '2013-02-26 05:10:06.118772' WHERE "jobs"."id" = 527[0m
  [1m[35m (0.7ms)[0m  commit transaction
Completed 200 OK in 7ms (Views: 1.2ms | ActiveRecord: 1.7ms)


Started PUT "/jobs/527" for 192.168.2.8 at 2013-02-25 22:10:24 -0700
Processing by JobsController#update as HTML
  Parameters: {"job"=>{"result"=>"8.845654799617611", "error"=>"0"}, "id"=>"527"}
  [1m[36mJob Load (0.1ms)[0m  [1mSELECT "jobs".* FROM "jobs" WHERE "jobs"."id" = ? LIMIT 1[0m  [["id", "527"]]
  [1m[35m (0.1ms)[0m  begin transaction
  [1m[36m (0.3ms)[0m  [1mUPDATE "jobs" SET "result" = '8.845654799617611', "error" = 0, "updated_at" = '2013-02-26 05:10:24.300456' WHERE "jobs"."id" = 527[0m
  [1m[35m (2.5ms)[0m  commit transaction
  [1m[36m (0.1ms)[0m  [1mbegin transaction[0m
  [1m[35m (0.7ms)[0m  UPDATE "jobs" SET "status" = 2, "success" = 't', "updated_at" = '2013-02-26 05:10:24.305178' WHERE "jobs"."id" = 527
  [1m[36m (0.9ms)[0m  [1mcommit transaction[0m
Completed 200 OK in 10ms (Views: 0.2ms | ActiveRecord: 4.7ms)


Started GET "/get/4.json" for 192.168.2.8 at 2013-02-25 22:10:24 -0700
Processing by JobsController#get as JSON
  Parameters: {"task_id"=>"4", "job"=>{}}
  [1m[35mJob Load (0.4ms)[0m  SELECT "jobs".* FROM "jobs" WHERE (status =0 AND task_id = '4') LIMIT 1
  [1m[36mCACHE (0.0ms)[0m  [1mSELECT "jobs".* FROM "jobs" WHERE (status =0 AND task_id = '4') LIMIT 1[0m
  [1m[35m (0.1ms)[0m  begin transaction
  [1m[36m (0.3ms)[0m  [1mUPDATE "jobs" SET "status" = 1, "updated_at" = '2013-02-26 05:10:24.327086' WHERE "jobs"."id" = 528[0m
  [1m[35m (0.9ms)[0m  commit transaction
Completed 200 OK in 7ms (Views: 0.8ms | ActiveRecord: 1.8ms)


Started PUT "/jobs/526" for 192.168.2.3 at 2013-02-25 22:10:36 -0700
Processing by JobsController#update as HTML
  Parameters: {"job"=>{"result"=>"8.887814481661662", "error"=>"0"}, "id"=>"526"}
  [1m[36mJob Load (0.2ms)[0m  [1mSELECT "jobs".* FROM "jobs" WHERE "jobs"."id" = ? LIMIT 1[0m  [["id", "526"]]
  [1m[35m (0.1ms)[0m  begin transaction
  [1m[36m (0.4ms)[0m  [1mUPDATE "jobs" SET "result" = '8.887814481661662', "error" = 0, "updated_at" = '2013-02-26 05:10:36.484628' WHERE "jobs"."id" = 526[0m
  [1m[35m (2.2ms)[0m  commit transaction
  [1m[36m (0.1ms)[0m  [1mbegin transaction[0m
  [1m[35m (0.5ms)[0m  UPDATE "jobs" SET "status" = 2, "success" = 't', "updated_at" = '2013-02-26 05:10:36.489087' WHERE "jobs"."id" = 526
  [1m[36m (0.7ms)[0m  [1mcommit transaction[0m
Completed 200 OK in 10ms (Views: 0.8ms | ActiveRecord: 4.1ms)


Started GET "/get/4.json" for 192.168.2.3 at 2013-02-25 22:10:36 -0700
Processing by JobsController#get as JSON
  Parameters: {"task_id"=>"4", "job"=>{}}
  [1m[35mJob Load (0.3ms)[0m  SELECT "jobs".* FROM "jobs" WHERE (status =0 AND task_id = '4') LIMIT 1
  [1m[36mCACHE (0.0ms)[0m  [1mSELECT "jobs".* FROM "jobs" WHERE (status =0 AND task_id = '4') LIMIT 1[0m
  [1m[35m (0.1ms)[0m  begin transaction
  [1m[36m (0.3ms)[0m  [1mUPDATE "jobs" SET "status" = 1, "updated_at" = '2013-02-26 05:10:36.538772' WHERE "jobs"."id" = 529[0m
  [1m[35m (1.3ms)[0m  commit transaction
Completed 200 OK in 6ms (Views: 0.7ms | ActiveRecord: 2.0ms)


Started PUT "/jobs/528" for 192.168.2.8 at 2013-02-25 22:10:42 -0700
Processing by JobsController#update as HTML
  Parameters: {"job"=>{"result"=>"8.713148833125405", "error"=>"0"}, "id"=>"528"}
  [1m[36mJob Load (0.2ms)[0m  [1mSELECT "jobs".* FROM "jobs" WHERE "jobs"."id" = ? LIMIT 1[0m  [["id", "528"]]
  [1m[35m (0.1ms)[0m  begin transaction
  [1m[36m (0.5ms)[0m  [1mUPDATE "jobs" SET "result" = '8.713148833125405', "error" = 0, "updated_at" = '2013-02-26 05:10:43.004085' WHERE "jobs"."id" = 528[0m
  [1m[35m (2.1ms)[0m  commit transaction
  [1m[36m (0.1ms)[0m  [1mbegin transaction[0m
  [1m[35m (0.3ms)[0m  UPDATE "jobs" SET "status" = 2, "success" = 't', "updated_at" = '2013-02-26 05:10:43.009076' WHERE "jobs"."id" = 528
  [1m[36m (0.7ms)[0m  [1mcommit transaction[0m
Completed 200 OK in 10ms (Views: 0.1ms | ActiveRecord: 4.0ms)


Started GET "/get/4.json" for 192.168.2.8 at 2013-02-25 22:10:43 -0700
Processing by JobsController#get as JSON
  Parameters: {"task_id"=>"4", "job"=>{}}
  [1m[35mJob Load (0.4ms)[0m  SELECT "jobs".* FROM "jobs" WHERE (status =0 AND task_id = '4') LIMIT 1
  [1m[36mCACHE (0.0ms)[0m  [1mSELECT "jobs".* FROM "jobs" WHERE (status =0 AND task_id = '4') LIMIT 1[0m
  [1m[35m (0.1ms)[0m  begin transaction
  [1m[36m (0.4ms)[0m  [1mUPDATE "jobs" SET "status" = 1, "updated_at" = '2013-02-26 05:10:43.031384' WHERE "jobs"."id" = 530[0m
  [1m[35m (0.8ms)[0m  commit transaction
Completed 200 OK in 7ms (Views: 0.8ms | ActiveRecord: 1.8ms)


Started PUT "/jobs/530" for 192.168.2.8 at 2013-02-25 22:11:01 -0700
Processing by JobsController#update as HTML
  Parameters: {"job"=>{"result"=>"8.773941345339713", "error"=>"0"}, "id"=>"530"}
  [1m[36mJob Load (0.1ms)[0m  [1mSELECT "jobs".* FROM "jobs" WHERE "jobs"."id" = ? LIMIT 1[0m  [["id", "530"]]
  [1m[35m (0.1ms)[0m  begin transaction
  [1m[36m (0.3ms)[0m  [1mUPDATE "jobs" SET "result" = '8.773941345339713', "error" = 0, "updated_at" = '2013-02-26 05:11:01.751209' WHERE "jobs"."id" = 530[0m
  [1m[35m (2.2ms)[0m  commit transaction
  [1m[36m (0.1ms)[0m  [1mbegin transaction[0m
  [1m[35m (0.4ms)[0m  UPDATE "jobs" SET "status" = 2, "success" = 't', "updated_at" = '2013-02-26 05:11:01.755581' WHERE "jobs"."id" = 530
  [1m[36m (0.7ms)[0m  [1mcommit transaction[0m
Completed 200 OK in 8ms (Views: 0.2ms | ActiveRecord: 3.9ms)


Started GET "/get/4.json" for 192.168.2.8 at 2013-02-25 22:11:01 -0700
Processing by JobsController#get as JSON
  Parameters: {"task_id"=>"4", "job"=>{}}
  [1m[35mJob Load (0.4ms)[0m  SELECT "jobs".* FROM "jobs" WHERE (status =0 AND task_id = '4') LIMIT 1
  [1m[36mCACHE (0.0ms)[0m  [1mSELECT "jobs".* FROM "jobs" WHERE (status =0 AND task_id = '4') LIMIT 1[0m
  [1m[35m (0.1ms)[0m  begin transaction
  [1m[36m (0.4ms)[0m  [1mUPDATE "jobs" SET "status" = 1, "updated_at" = '2013-02-26 05:11:01.776942' WHERE "jobs"."id" = 531[0m
  [1m[35m (0.8ms)[0m  commit transaction
Completed 200 OK in 7ms (Views: 1.0ms | ActiveRecord: 1.7ms)


Started PUT "/jobs/529" for 192.168.2.3 at 2013-02-25 22:11:07 -0700
Processing by JobsController#update as HTML
  Parameters: {"job"=>{"result"=>"8.60642038860809", "error"=>"0"}, "id"=>"529"}
  [1m[36mJob Load (0.1ms)[0m  [1mSELECT "jobs".* FROM "jobs" WHERE "jobs"."id" = ? LIMIT 1[0m  [["id", "529"]]
  [1m[35m (0.1ms)[0m  begin transaction
  [1m[36m (0.3ms)[0m  [1mUPDATE "jobs" SET "result" = '8.60642038860809', "error" = 0, "updated_at" = '2013-02-26 05:11:07.404727' WHERE "jobs"."id" = 529[0m
  [1m[35m (2.6ms)[0m  commit transaction
  [1m[36m (0.0ms)[0m  [1mbegin transaction[0m
  [1m[35m (0.3ms)[0m  UPDATE "jobs" SET "status" = 2, "success" = 't', "updated_at" = '2013-02-26 05:11:07.409090' WHERE "jobs"."id" = 529
  [1m[36m (0.7ms)[0m  [1mcommit transaction[0m
Completed 200 OK in 8ms (Views: 0.1ms | ActiveRecord: 4.2ms)


Started GET "/get/4.json" for 192.168.2.3 at 2013-02-25 22:11:07 -0700
Processing by JobsController#get as JSON
  Parameters: {"task_id"=>"4", "job"=>{}}
  [1m[35mJob Load (0.3ms)[0m  SELECT "jobs".* FROM "jobs" WHERE (status =0 AND task_id = '4') LIMIT 1
  [1m[36mCACHE (0.0ms)[0m  [1mSELECT "jobs".* FROM "jobs" WHERE (status =0 AND task_id = '4') LIMIT 1[0m
  [1m[35m (0.1ms)[0m  begin transaction
  [1m[36m (0.4ms)[0m  [1mUPDATE "jobs" SET "status" = 1, "updated_at" = '2013-02-26 05:11:07.472458' WHERE "jobs"."id" = 532[0m
  [1m[35m (1.4ms)[0m  commit transaction
Completed 200 OK in 16ms (Views: 1.0ms | ActiveRecord: 2.2ms)


Started PUT "/jobs/531" for 192.168.2.8 at 2013-02-25 22:11:20 -0700
Processing by JobsController#update as HTML
  Parameters: {"job"=>{"result"=>"8.873468660703107", "error"=>"0"}, "id"=>"531"}
  [1m[36mJob Load (0.2ms)[0m  [1mSELECT "jobs".* FROM "jobs" WHERE "jobs"."id" = ? LIMIT 1[0m  [["id", "531"]]
  [1m[35m (0.1ms)[0m  begin transaction
  [1m[36m (0.4ms)[0m  [1mUPDATE "jobs" SET "result" = '8.873468660703107', "error" = 0, "updated_at" = '2013-02-26 05:11:20.072940' WHERE "jobs"."id" = 531[0m
  [1m[35m (2.3ms)[0m  commit transaction
  [1m[36m (0.1ms)[0m  [1mbegin transaction[0m
  [1m[35m (0.4ms)[0m  UPDATE "jobs" SET "status" = 2, "success" = 't', "updated_at" = '2013-02-26 05:11:20.077493' WHERE "jobs"."id" = 531
  [1m[36m (0.7ms)[0m  [1mcommit transaction[0m
Completed 200 OK in 9ms (Views: 0.1ms | ActiveRecord: 4.2ms)


Started GET "/get/4.json" for 192.168.2.8 at 2013-02-25 22:11:20 -0700
Processing by JobsController#get as JSON
  Parameters: {"task_id"=>"4", "job"=>{}}
  [1m[35mJob Load (0.5ms)[0m  SELECT "jobs".* FROM "jobs" WHERE (status =0 AND task_id = '4') LIMIT 1
  [1m[36mCACHE (0.0ms)[0m  [1mSELECT "jobs".* FROM "jobs" WHERE (status =0 AND task_id = '4') LIMIT 1[0m
  [1m[35m (0.1ms)[0m  begin transaction
  [1m[36m (0.4ms)[0m  [1mUPDATE "jobs" SET "status" = 1, "updated_at" = '2013-02-26 05:11:20.100177' WHERE "jobs"."id" = 533[0m
  [1m[35m (0.8ms)[0m  commit transaction
Completed 200 OK in 10ms (Views: 1.4ms | ActiveRecord: 1.8ms)


Started PUT "/jobs/532" for 192.168.2.3 at 2013-02-25 22:11:38 -0700
Processing by JobsController#update as HTML
  Parameters: {"job"=>{"result"=>"8.877329830713556", "error"=>"0"}, "id"=>"532"}
  [1m[36mJob Load (0.1ms)[0m  [1mSELECT "jobs".* FROM "jobs" WHERE "jobs"."id" = ? LIMIT 1[0m  [["id", "532"]]
  [1m[35m (0.1ms)[0m  begin transaction
  [1m[36m (0.8ms)[0m  [1mUPDATE "jobs" SET "result" = '8.877329830713556', "error" = 0, "updated_at" = '2013-02-26 05:11:38.346363' WHERE "jobs"."id" = 532[0m
  [1m[35m (1.5ms)[0m  commit transaction
  [1m[36m (0.1ms)[0m  [1mbegin transaction[0m
  [1m[35m (0.3ms)[0m  UPDATE "jobs" SET "status" = 2, "success" = 't', "updated_at" = '2013-02-26 05:11:38.351736' WHERE "jobs"."id" = 532
  [1m[36m (1.1ms)[0m  [1mcommit transaction[0m
Completed 200 OK in 10ms (Views: 0.1ms | ActiveRecord: 4.1ms)


Started GET "/get/4.json" for 192.168.2.3 at 2013-02-25 22:11:38 -0700
Processing by JobsController#get as JSON
  Parameters: {"task_id"=>"4", "job"=>{}}
  [1m[35mJob Load (0.3ms)[0m  SELECT "jobs".* FROM "jobs" WHERE (status =0 AND task_id = '4') LIMIT 1
  [1m[36mCACHE (0.0ms)[0m  [1mSELECT "jobs".* FROM "jobs" WHERE (status =0 AND task_id = '4') LIMIT 1[0m
  [1m[35m (0.0ms)[0m  begin transaction
  [1m[36m (0.3ms)[0m  [1mUPDATE "jobs" SET "status" = 1, "updated_at" = '2013-02-26 05:11:38.449355' WHERE "jobs"."id" = 534[0m
  [1m[35m (1.5ms)[0m  commit transaction
Completed 200 OK in 6ms (Views: 0.7ms | ActiveRecord: 2.1ms)


Started PUT "/jobs/533" for 192.168.2.8 at 2013-02-25 22:11:38 -0700
Processing by JobsController#update as HTML
  Parameters: {"job"=>{"result"=>"8.784610529476794", "error"=>"0"}, "id"=>"533"}
  [1m[36mJob Load (0.2ms)[0m  [1mSELECT "jobs".* FROM "jobs" WHERE "jobs"."id" = ? LIMIT 1[0m  [["id", "533"]]
  [1m[35m (0.1ms)[0m  begin transaction
  [1m[36m (0.4ms)[0m  [1mUPDATE "jobs" SET "result" = '8.784610529476794', "error" = 0, "updated_at" = '2013-02-26 05:11:38.518424' WHERE "jobs"."id" = 533[0m
  [1m[35m (1.3ms)[0m  commit transaction
  [1m[36m (0.1ms)[0m  [1mbegin transaction[0m
  [1m[35m (0.3ms)[0m  UPDATE "jobs" SET "status" = 2, "success" = 't', "updated_at" = '2013-02-26 05:11:38.522072' WHERE "jobs"."id" = 533
  [1m[36m (1.2ms)[0m  [1mcommit transaction[0m
Completed 200 OK in 8ms (Views: 0.1ms | ActiveRecord: 3.5ms)


Started GET "/get/4.json" for 192.168.2.8 at 2013-02-25 22:11:38 -0700
Processing by JobsController#get as JSON
  Parameters: {"task_id"=>"4", "job"=>{}}
  [1m[35mJob Load (0.3ms)[0m  SELECT "jobs".* FROM "jobs" WHERE (status =0 AND task_id = '4') LIMIT 1
  [1m[36mCACHE (0.0ms)[0m  [1mSELECT "jobs".* FROM "jobs" WHERE (status =0 AND task_id = '4') LIMIT 1[0m
  [1m[35m (0.1ms)[0m  begin transaction
  [1m[36m (0.3ms)[0m  [1mUPDATE "jobs" SET "status" = 1, "updated_at" = '2013-02-26 05:11:38.540333' WHERE "jobs"."id" = 535[0m
  [1m[35m (1.1ms)[0m  commit transaction
Completed 200 OK in 7ms (Views: 0.8ms | ActiveRecord: 1.7ms)


Started PUT "/jobs/535" for 192.168.2.8 at 2013-02-25 22:11:57 -0700
Processing by JobsController#update as HTML
  Parameters: {"job"=>{"result"=>"8.699357463592696", "error"=>"0"}, "id"=>"535"}
  [1m[36mJob Load (0.2ms)[0m  [1mSELECT "jobs".* FROM "jobs" WHERE "jobs"."id" = ? LIMIT 1[0m  [["id", "535"]]
  [1m[35m (0.1ms)[0m  begin transaction
  [1m[36m (0.5ms)[0m  [1mUPDATE "jobs" SET "result" = '8.699357463592696', "error" = 0, "updated_at" = '2013-02-26 05:11:57.315244' WHERE "jobs"."id" = 535[0m
  [1m[35m (2.2ms)[0m  commit transaction
  [1m[36m (0.1ms)[0m  [1mbegin transaction[0m
  [1m[35m (0.4ms)[0m  UPDATE "jobs" SET "status" = 2, "success" = 't', "updated_at" = '2013-02-26 05:11:57.320668' WHERE "jobs"."id" = 535
  [1m[36m (0.8ms)[0m  [1mcommit transaction[0m
Completed 200 OK in 11ms (Views: 0.2ms | ActiveRecord: 4.3ms)


Started GET "/get/4.json" for 192.168.2.8 at 2013-02-25 22:11:57 -0700
Processing by JobsController#get as JSON
  Parameters: {"task_id"=>"4", "job"=>{}}
  [1m[35mJob Load (0.4ms)[0m  SELECT "jobs".* FROM "jobs" WHERE (status =0 AND task_id = '4') LIMIT 1
  [1m[36mCACHE (0.0ms)[0m  [1mSELECT "jobs".* FROM "jobs" WHERE (status =0 AND task_id = '4') LIMIT 1[0m
  [1m[35m (0.1ms)[0m  begin transaction
  [1m[36m (0.6ms)[0m  [1mUPDATE "jobs" SET "status" = 1, "updated_at" = '2013-02-26 05:11:57.345051' WHERE "jobs"."id" = 536[0m
  [1m[35m (1.6ms)[0m  commit transaction
Completed 200 OK in 10ms (Views: 0.9ms | ActiveRecord: 2.7ms)


Started PUT "/jobs/534" for 192.168.2.3 at 2013-02-25 22:12:09 -0700
Processing by JobsController#update as HTML
  Parameters: {"job"=>{"result"=>"8.613710202033587", "error"=>"0"}, "id"=>"534"}
  [1m[36mJob Load (0.1ms)[0m  [1mSELECT "jobs".* FROM "jobs" WHERE "jobs"."id" = ? LIMIT 1[0m  [["id", "534"]]
  [1m[35m (0.1ms)[0m  begin transaction
  [1m[36m (0.3ms)[0m  [1mUPDATE "jobs" SET "result" = '8.613710202033587', "error" = 0, "updated_at" = '2013-02-26 05:12:09.256725' WHERE "jobs"."id" = 534[0m
  [1m[35m (7.8ms)[0m  commit transaction
  [1m[36m (0.1ms)[0m  [1mbegin transaction[0m
  [1m[35m (0.4ms)[0m  UPDATE "jobs" SET "status" = 2, "success" = 't', "updated_at" = '2013-02-26 05:12:09.266754' WHERE "jobs"."id" = 534
  [1m[36m (1.0ms)[0m  [1mcommit transaction[0m
Completed 200 OK in 15ms (Views: 0.2ms | ActiveRecord: 9.8ms)


Started GET "/get/4.json" for 192.168.2.3 at 2013-02-25 22:12:09 -0700
Processing by JobsController#get as JSON
  Parameters: {"task_id"=>"4", "job"=>{}}
  [1m[35mJob Load (0.4ms)[0m  SELECT "jobs".* FROM "jobs" WHERE (status =0 AND task_id = '4') LIMIT 1
  [1m[36mCACHE (0.0ms)[0m  [1mSELECT "jobs".* FROM "jobs" WHERE (status =0 AND task_id = '4') LIMIT 1[0m
  [1m[35m (0.1ms)[0m  begin transaction
  [1m[36m (0.3ms)[0m  [1mUPDATE "jobs" SET "status" = 1, "updated_at" = '2013-02-26 05:12:09.319322' WHERE "jobs"."id" = 537[0m
  [1m[35m (1.3ms)[0m  commit transaction
Completed 200 OK in 8ms (Views: 0.8ms | ActiveRecord: 2.1ms)


Started PUT "/jobs/536" for 192.168.2.8 at 2013-02-25 22:12:15 -0700
Processing by JobsController#update as HTML
  Parameters: {"job"=>{"result"=>"8.838465665622724", "error"=>"0"}, "id"=>"536"}
  [1m[36mJob Load (0.1ms)[0m  [1mSELECT "jobs".* FROM "jobs" WHERE "jobs"."id" = ? LIMIT 1[0m  [["id", "536"]]
  [1m[35m (0.1ms)[0m  begin transaction
  [1m[36m (0.4ms)[0m  [1mUPDATE "jobs" SET "result" = '8.838465665622724', "error" = 0, "updated_at" = '2013-02-26 05:12:15.481371' WHERE "jobs"."id" = 536[0m
  [1m[35m (2.3ms)[0m  commit transaction
  [1m[36m (0.1ms)[0m  [1mbegin transaction[0m
  [1m[35m (0.3ms)[0m  UPDATE "jobs" SET "status" = 2, "success" = 't', "updated_at" = '2013-02-26 05:12:15.485888' WHERE "jobs"."id" = 536
  [1m[36m (1.1ms)[0m  [1mcommit transaction[0m
Completed 200 OK in 8ms (Views: 0.1ms | ActiveRecord: 4.3ms)


Started GET "/get/4.json" for 192.168.2.8 at 2013-02-25 22:12:15 -0700
Processing by JobsController#get as JSON
  Parameters: {"task_id"=>"4", "job"=>{}}
  [1m[35mJob Load (0.3ms)[0m  SELECT "jobs".* FROM "jobs" WHERE (status =0 AND task_id = '4') LIMIT 1
  [1m[36mCACHE (0.0ms)[0m  [1mSELECT "jobs".* FROM "jobs" WHERE (status =0 AND task_id = '4') LIMIT 1[0m
  [1m[35m (0.1ms)[0m  begin transaction
  [1m[36m (0.4ms)[0m  [1mUPDATE "jobs" SET "status" = 1, "updated_at" = '2013-02-26 05:12:15.507655' WHERE "jobs"."id" = 538[0m
  [1m[35m (0.8ms)[0m  commit transaction
Completed 200 OK in 11ms (Views: 0.8ms | ActiveRecord: 1.6ms)


Started PUT "/jobs/538" for 192.168.2.8 at 2013-02-25 22:12:34 -0700
Processing by JobsController#update as HTML
  Parameters: {"job"=>{"result"=>"8.838456061558905", "error"=>"0"}, "id"=>"538"}
  [1m[36mJob Load (0.1ms)[0m  [1mSELECT "jobs".* FROM "jobs" WHERE "jobs"."id" = ? LIMIT 1[0m  [["id", "538"]]
  [1m[35m (0.1ms)[0m  begin transaction
  [1m[36m (0.3ms)[0m  [1mUPDATE "jobs" SET "result" = '8.838456061558905', "error" = 0, "updated_at" = '2013-02-26 05:12:34.112265' WHERE "jobs"."id" = 538[0m
  [1m[35m (2.2ms)[0m  commit transaction
  [1m[36m (0.1ms)[0m  [1mbegin transaction[0m
  [1m[35m (0.3ms)[0m  UPDATE "jobs" SET "status" = 2, "success" = 't', "updated_at" = '2013-02-26 05:12:34.116532' WHERE "jobs"."id" = 538
  [1m[36m (0.8ms)[0m  [1mcommit transaction[0m
Completed 200 OK in 8ms (Views: 0.2ms | ActiveRecord: 3.9ms)


Started GET "/get/4.json" for 192.168.2.8 at 2013-02-25 22:12:34 -0700
Processing by JobsController#get as JSON
  Parameters: {"task_id"=>"4", "job"=>{}}
  [1m[35mJob Load (0.4ms)[0m  SELECT "jobs".* FROM "jobs" WHERE (status =0 AND task_id = '4') LIMIT 1
  [1m[36mCACHE (0.0ms)[0m  [1mSELECT "jobs".* FROM "jobs" WHERE (status =0 AND task_id = '4') LIMIT 1[0m
  [1m[35m (0.1ms)[0m  begin transaction
  [1m[36m (0.7ms)[0m  [1mUPDATE "jobs" SET "status" = 1, "updated_at" = '2013-02-26 05:12:34.135865' WHERE "jobs"."id" = 539[0m
  [1m[35m (1.0ms)[0m  commit transaction
Completed 200 OK in 9ms (Views: 0.9ms | ActiveRecord: 2.2ms)


Started PUT "/jobs/537" for 192.168.2.3 at 2013-02-25 22:12:40 -0700
Processing by JobsController#update as HTML
  Parameters: {"job"=>{"result"=>"8.888115378153065", "error"=>"0"}, "id"=>"537"}
  [1m[36mJob Load (0.2ms)[0m  [1mSELECT "jobs".* FROM "jobs" WHERE "jobs"."id" = ? LIMIT 1[0m  [["id", "537"]]
  [1m[35m (0.1ms)[0m  begin transaction
  [1m[36m (0.4ms)[0m  [1mUPDATE "jobs" SET "result" = '8.888115378153065', "error" = 0, "updated_at" = '2013-02-26 05:12:40.184448' WHERE "jobs"."id" = 537[0m
  [1m[35m (2.1ms)[0m  commit transaction
  [1m[36m (0.1ms)[0m  [1mbegin transaction[0m
  [1m[35m (0.3ms)[0m  UPDATE "jobs" SET "status" = 2, "success" = 't', "updated_at" = '2013-02-26 05:12:40.188861' WHERE "jobs"."id" = 537
  [1m[36m (0.9ms)[0m  [1mcommit transaction[0m
Completed 200 OK in 9ms (Views: 0.1ms | ActiveRecord: 4.0ms)


Started GET "/get/4.json" for 192.168.2.3 at 2013-02-25 22:12:40 -0700
Processing by JobsController#get as JSON
  Parameters: {"task_id"=>"4", "job"=>{}}
  [1m[35mJob Load (0.3ms)[0m  SELECT "jobs".* FROM "jobs" WHERE (status =0 AND task_id = '4') LIMIT 1
  [1m[36mCACHE (0.0ms)[0m  [1mSELECT "jobs".* FROM "jobs" WHERE (status =0 AND task_id = '4') LIMIT 1[0m
  [1m[35m (0.1ms)[0m  begin transaction
  [1m[36m (0.3ms)[0m  [1mUPDATE "jobs" SET "status" = 1, "updated_at" = '2013-02-26 05:12:40.242273' WHERE "jobs"."id" = 540[0m
  [1m[35m (1.0ms)[0m  commit transaction
Completed 200 OK in 7ms (Views: 0.8ms | ActiveRecord: 1.7ms)


Started PUT "/jobs/539" for 192.168.2.8 at 2013-02-25 22:12:52 -0700
Processing by JobsController#update as HTML
  Parameters: {"job"=>{"result"=>"8.699339258831154", "error"=>"0"}, "id"=>"539"}
  [1m[36mJob Load (0.1ms)[0m  [1mSELECT "jobs".* FROM "jobs" WHERE "jobs"."id" = ? LIMIT 1[0m  [["id", "539"]]
  [1m[35m (0.1ms)[0m  begin transaction
  [1m[36m (0.3ms)[0m  [1mUPDATE "jobs" SET "result" = '8.699339258831154', "error" = 0, "updated_at" = '2013-02-26 05:12:52.521610' WHERE "jobs"."id" = 539[0m
  [1m[35m (37.9ms)[0m  commit transaction
  [1m[36m (0.1ms)[0m  [1mbegin transaction[0m
  [1m[35m (0.3ms)[0m  UPDATE "jobs" SET "status" = 2, "success" = 't', "updated_at" = '2013-02-26 05:12:52.561420' WHERE "jobs"."id" = 539
  [1m[36m (1.3ms)[0m  [1mcommit transaction[0m
Completed 200 OK in 44ms (Views: 0.1ms | ActiveRecord: 40.1ms)


Started GET "/get/4.json" for 192.168.2.8 at 2013-02-25 22:12:52 -0700
Processing by JobsController#get as JSON
  Parameters: {"task_id"=>"4", "job"=>{}}
  [1m[35mJob Load (0.3ms)[0m  SELECT "jobs".* FROM "jobs" WHERE (status =0 AND task_id = '4') LIMIT 1
  [1m[36mCACHE (0.0ms)[0m  [1mSELECT "jobs".* FROM "jobs" WHERE (status =0 AND task_id = '4') LIMIT 1[0m
  [1m[35m (0.1ms)[0m  begin transaction
  [1m[36m (0.4ms)[0m  [1mUPDATE "jobs" SET "status" = 1, "updated_at" = '2013-02-26 05:12:52.578973' WHERE "jobs"."id" = 541[0m
  [1m[35m (0.8ms)[0m  commit transaction
Completed 200 OK in 6ms (Views: 0.9ms | ActiveRecord: 1.6ms)


Started PUT "/jobs/540" for 192.168.2.3 at 2013-02-25 22:13:11 -0700
Processing by JobsController#update as HTML
  Parameters: {"job"=>{"result"=>"8.613721223156713", "error"=>"0"}, "id"=>"540"}
  [1m[36mJob Load (0.1ms)[0m  [1mSELECT "jobs".* FROM "jobs" WHERE "jobs"."id" = ? LIMIT 1[0m  [["id", "540"]]
  [1m[35m (0.1ms)[0m  begin transaction
  [1m[36m (0.3ms)[0m  [1mUPDATE "jobs" SET "result" = '8.613721223156713', "error" = 0, "updated_at" = '2013-02-26 05:13:11.282555' WHERE "jobs"."id" = 540[0m
  [1m[35m (2.5ms)[0m  commit transaction
  [1m[36m (0.1ms)[0m  [1mbegin transaction[0m
  [1m[35m (0.3ms)[0m  UPDATE "jobs" SET "status" = 2, "success" = 't', "updated_at" = '2013-02-26 05:13:11.286996' WHERE "jobs"."id" = 540
  [1m[36m (1.1ms)[0m  [1mcommit transaction[0m
Completed 200 OK in 9ms (Views: 0.1ms | ActiveRecord: 4.6ms)


Started PUT "/jobs/541" for 192.168.2.8 at 2013-02-25 22:13:11 -0700
Processing by JobsController#update as HTML
  Parameters: {"job"=>{"result"=>"8.784623974774586", "error"=>"0"}, "id"=>"541"}
  [1m[35mJob Load (0.1ms)[0m  SELECT "jobs".* FROM "jobs" WHERE "jobs"."id" = ? LIMIT 1  [["id", "541"]]
  [1m[36m (0.1ms)[0m  [1mbegin transaction[0m
  [1m[35m (0.4ms)[0m  UPDATE "jobs" SET "result" = '8.784623974774586', "error" = 0, "updated_at" = '2013-02-26 05:13:11.294587' WHERE "jobs"."id" = 541
  [1m[36m (1.0ms)[0m  [1mcommit transaction[0m
  [1m[35m (0.1ms)[0m  begin transaction
  [1m[36m (0.3ms)[0m  [1mUPDATE "jobs" SET "status" = 2, "success" = 't', "updated_at" = '2013-02-26 05:13:11.297420' WHERE "jobs"."id" = 541[0m
  [1m[35m (1.0ms)[0m  commit transaction
Completed 200 OK in 7ms (Views: 0.1ms | ActiveRecord: 2.9ms)


Started GET "/get/4.json" for 192.168.2.8 at 2013-02-25 22:13:11 -0700
Processing by JobsController#get as JSON
  Parameters: {"task_id"=>"4", "job"=>{}}
  [1m[36mJob Load (0.4ms)[0m  [1mSELECT "jobs".* FROM "jobs" WHERE (status =0 AND task_id = '4') LIMIT 1[0m
  [1m[35mCACHE (0.0ms)[0m  SELECT "jobs".* FROM "jobs" WHERE (status =0 AND task_id = '4') LIMIT 1
  [1m[36m (0.1ms)[0m  [1mbegin transaction[0m
  [1m[35m (0.3ms)[0m  UPDATE "jobs" SET "status" = 1, "updated_at" = '2013-02-26 05:13:11.336301' WHERE "jobs"."id" = 542
  [1m[36m (1.1ms)[0m  [1mcommit transaction[0m
Completed 200 OK in 8ms (Views: 1.1ms | ActiveRecord: 2.0ms)


Started GET "/get/4.json" for 192.168.2.3 at 2013-02-25 22:13:11 -0700
Processing by JobsController#get as JSON
  Parameters: {"task_id"=>"4", "job"=>{}}
  [1m[35mJob Load (0.3ms)[0m  SELECT "jobs".* FROM "jobs" WHERE (status =0 AND task_id = '4') LIMIT 1
  [1m[36mCACHE (0.0ms)[0m  [1mSELECT "jobs".* FROM "jobs" WHERE (status =0 AND task_id = '4') LIMIT 1[0m
  [1m[35m (0.1ms)[0m  begin transaction
  [1m[36m (0.3ms)[0m  [1mUPDATE "jobs" SET "status" = 1, "updated_at" = '2013-02-26 05:13:11.356991' WHERE "jobs"."id" = 543[0m
  [1m[35m (0.9ms)[0m  commit transaction
Completed 200 OK in 6ms (Views: 0.7ms | ActiveRecord: 1.6ms)


Started PUT "/jobs/542" for 192.168.2.8 at 2013-02-25 22:13:29 -0700
Processing by JobsController#update as HTML
  Parameters: {"job"=>{"result"=>"8.877334434742739", "error"=>"0"}, "id"=>"542"}
  [1m[36mJob Load (0.1ms)[0m  [1mSELECT "jobs".* FROM "jobs" WHERE "jobs"."id" = ? LIMIT 1[0m  [["id", "542"]]
  [1m[35m (0.1ms)[0m  begin transaction
  [1m[36m (0.4ms)[0m  [1mUPDATE "jobs" SET "result" = '8.877334434742739', "error" = 0, "updated_at" = '2013-02-26 05:13:29.402031' WHERE "jobs"."id" = 542[0m
  [1m[35m (2.1ms)[0m  commit transaction
  [1m[36m (0.1ms)[0m  [1mbegin transaction[0m
  [1m[35m (0.5ms)[0m  UPDATE "jobs" SET "status" = 2, "success" = 't', "updated_at" = '2013-02-26 05:13:29.406060' WHERE "jobs"."id" = 542
  [1m[36m (0.7ms)[0m  [1mcommit transaction[0m
Completed 200 OK in 8ms (Views: 0.2ms | ActiveRecord: 3.9ms)


Started GET "/get/4.json" for 192.168.2.8 at 2013-02-25 22:13:29 -0700
Processing by JobsController#get as JSON
  Parameters: {"task_id"=>"4", "job"=>{}}
  [1m[35mJob Load (0.4ms)[0m  SELECT "jobs".* FROM "jobs" WHERE (status =0 AND task_id = '4') LIMIT 1
  [1m[36mCACHE (0.0ms)[0m  [1mSELECT "jobs".* FROM "jobs" WHERE (status =0 AND task_id = '4') LIMIT 1[0m
  [1m[35m (0.5ms)[0m  begin transaction
  [1m[36m (1.0ms)[0m  [1mUPDATE "jobs" SET "status" = 1, "updated_at" = '2013-02-26 05:13:29.427261' WHERE "jobs"."id" = 544[0m
  [1m[35m (0.9ms)[0m  commit transaction
Completed 200 OK in 13ms (Views: 1.0ms | ActiveRecord: 2.8ms)


Started PUT "/jobs/543" for 192.168.2.3 at 2013-02-25 22:13:42 -0700
Processing by JobsController#update as HTML
  Parameters: {"job"=>{"result"=>"8.873463313638245", "error"=>"0"}, "id"=>"543"}
  [1m[36mJob Load (0.1ms)[0m  [1mSELECT "jobs".* FROM "jobs" WHERE "jobs"."id" = ? LIMIT 1[0m  [["id", "543"]]
  [1m[35m (0.1ms)[0m  begin transaction
  [1m[36m (0.5ms)[0m  [1mUPDATE "jobs" SET "result" = '8.873463313638245', "error" = 0, "updated_at" = '2013-02-26 05:13:42.032293' WHERE "jobs"."id" = 543[0m
  [1m[35m (2.5ms)[0m  commit transaction
  [1m[36m (0.1ms)[0m  [1mbegin transaction[0m
  [1m[35m (0.3ms)[0m  UPDATE "jobs" SET "status" = 2, "success" = 't', "updated_at" = '2013-02-26 05:13:42.037486' WHERE "jobs"."id" = 543
  [1m[36m (1.0ms)[0m  [1mcommit transaction[0m
Completed 200 OK in 10ms (Views: 0.2ms | ActiveRecord: 4.5ms)


Started GET "/get/4.json" for 192.168.2.3 at 2013-02-25 22:13:42 -0700
Processing by JobsController#get as JSON
  Parameters: {"task_id"=>"4", "job"=>{}}
  [1m[35mJob Load (0.4ms)[0m  SELECT "jobs".* FROM "jobs" WHERE (status =0 AND task_id = '4') LIMIT 1
  [1m[36mCACHE (0.0ms)[0m  [1mSELECT "jobs".* FROM "jobs" WHERE (status =0 AND task_id = '4') LIMIT 1[0m
  [1m[35m (0.1ms)[0m  begin transaction
  [1m[36m (0.4ms)[0m  [1mUPDATE "jobs" SET "status" = 1, "updated_at" = '2013-02-26 05:13:42.098841' WHERE "jobs"."id" = 545[0m
  [1m[35m (1.2ms)[0m  commit transaction
Completed 200 OK in 14ms (Views: 0.9ms | ActiveRecord: 2.1ms)


Started PUT "/jobs/544" for 192.168.2.8 at 2013-02-25 22:13:47 -0700
Processing by JobsController#update as HTML
  Parameters: {"job"=>{"result"=>"8.773927288993526", "error"=>"0"}, "id"=>"544"}
  [1m[36mJob Load (0.1ms)[0m  [1mSELECT "jobs".* FROM "jobs" WHERE "jobs"."id" = ? LIMIT 1[0m  [["id", "544"]]
  [1m[35m (0.1ms)[0m  begin transaction
  [1m[36m (0.4ms)[0m  [1mUPDATE "jobs" SET "result" = '8.773927288993526', "error" = 0, "updated_at" = '2013-02-26 05:13:47.934549' WHERE "jobs"."id" = 544[0m
  [1m[35m (24.2ms)[0m  commit transaction
  [1m[36m (0.1ms)[0m  [1mbegin transaction[0m
  [1m[35m (0.3ms)[0m  UPDATE "jobs" SET "status" = 2, "success" = 't', "updated_at" = '2013-02-26 05:13:47.961002' WHERE "jobs"."id" = 544
  [1m[36m (1.1ms)[0m  [1mcommit transaction[0m
Completed 200 OK in 31ms (Views: 0.2ms | ActiveRecord: 26.2ms)


Started GET "/get/4.json" for 192.168.2.8 at 2013-02-25 22:13:47 -0700
Processing by JobsController#get as JSON
  Parameters: {"task_id"=>"4", "job"=>{}}
  [1m[35mJob Load (0.5ms)[0m  SELECT "jobs".* FROM "jobs" WHERE (status =0 AND task_id = '4') LIMIT 1
  [1m[36mCACHE (0.0ms)[0m  [1mSELECT "jobs".* FROM "jobs" WHERE (status =0 AND task_id = '4') LIMIT 1[0m
  [1m[35m (0.1ms)[0m  begin transaction
  [1m[36m (0.4ms)[0m  [1mUPDATE "jobs" SET "status" = 1, "updated_at" = '2013-02-26 05:13:47.984768' WHERE "jobs"."id" = 546[0m
  [1m[35m (0.9ms)[0m  commit transaction
Completed 200 OK in 11ms (Views: 1.3ms | ActiveRecord: 1.8ms)


Started PUT "/jobs/546" for 192.168.2.8 at 2013-02-25 22:14:06 -0700
Processing by JobsController#update as HTML
  Parameters: {"job"=>{"result"=>"8.713166198244355", "error"=>"0"}, "id"=>"546"}
  [1m[36mJob Load (0.1ms)[0m  [1mSELECT "jobs".* FROM "jobs" WHERE "jobs"."id" = ? LIMIT 1[0m  [["id", "546"]]
  [1m[35m (0.1ms)[0m  begin transaction
  [1m[36m (0.4ms)[0m  [1mUPDATE "jobs" SET "result" = '8.713166198244355', "error" = 0, "updated_at" = '2013-02-26 05:14:06.122889' WHERE "jobs"."id" = 546[0m
  [1m[35m (15.7ms)[0m  commit transaction
  [1m[36m (0.1ms)[0m  [1mbegin transaction[0m
  [1m[35m (0.3ms)[0m  UPDATE "jobs" SET "status" = 2, "success" = 't', "updated_at" = '2013-02-26 05:14:06.140566' WHERE "jobs"."id" = 546
  [1m[36m (1.1ms)[0m  [1mcommit transaction[0m
Completed 200 OK in 22ms (Views: 0.1ms | ActiveRecord: 17.7ms)


Started GET "/get/4.json" for 192.168.2.8 at 2013-02-25 22:14:06 -0700
Processing by JobsController#get as JSON
  Parameters: {"task_id"=>"4", "job"=>{}}
  [1m[35mJob Load (0.4ms)[0m  SELECT "jobs".* FROM "jobs" WHERE (status =0 AND task_id = '4') LIMIT 1
  [1m[36mCACHE (0.0ms)[0m  [1mSELECT "jobs".* FROM "jobs" WHERE (status =0 AND task_id = '4') LIMIT 1[0m
  [1m[35m (0.0ms)[0m  begin transaction
  [1m[36m (0.3ms)[0m  [1mUPDATE "jobs" SET "status" = 1, "updated_at" = '2013-02-26 05:14:06.157506' WHERE "jobs"."id" = 547[0m
  [1m[35m (1.4ms)[0m  commit transaction
Completed 200 OK in 6ms (Views: 0.7ms | ActiveRecord: 2.2ms)


Started PUT "/jobs/545" for 192.168.2.3 at 2013-02-25 22:14:13 -0700
Processing by JobsController#update as HTML
  Parameters: {"job"=>{"result"=>"8.606412603562486", "error"=>"0"}, "id"=>"545"}
  [1m[36mJob Load (0.1ms)[0m  [1mSELECT "jobs".* FROM "jobs" WHERE "jobs"."id" = ? LIMIT 1[0m  [["id", "545"]]
  [1m[35m (0.1ms)[0m  begin transaction
  [1m[36m (0.3ms)[0m  [1mUPDATE "jobs" SET "result" = '8.606412603562486', "error" = 0, "updated_at" = '2013-02-26 05:14:13.058683' WHERE "jobs"."id" = 545[0m
  [1m[35m (2.6ms)[0m  commit transaction
  [1m[36m (0.2ms)[0m  [1mbegin transaction[0m
  [1m[35m (0.4ms)[0m  UPDATE "jobs" SET "status" = 2, "success" = 't', "updated_at" = '2013-02-26 05:14:13.063875' WHERE "jobs"."id" = 545
  [1m[36m (0.7ms)[0m  [1mcommit transaction[0m
Completed 200 OK in 9ms (Views: 0.2ms | ActiveRecord: 4.5ms)


Started GET "/get/4.json" for 192.168.2.3 at 2013-02-25 22:14:13 -0700
Processing by JobsController#get as JSON
  Parameters: {"task_id"=>"4", "job"=>{}}
  [1m[35mJob Load (0.4ms)[0m  SELECT "jobs".* FROM "jobs" WHERE (status =0 AND task_id = '4') LIMIT 1
  [1m[36mCACHE (0.0ms)[0m  [1mSELECT "jobs".* FROM "jobs" WHERE (status =0 AND task_id = '4') LIMIT 1[0m
  [1m[35m (0.1ms)[0m  begin transaction
  [1m[36m (0.4ms)[0m  [1mUPDATE "jobs" SET "status" = 1, "updated_at" = '2013-02-26 05:14:13.110698' WHERE "jobs"."id" = 548[0m
  [1m[35m (0.9ms)[0m  commit transaction
Completed 200 OK in 9ms (Views: 1.2ms | ActiveRecord: 1.8ms)


Started PUT "/jobs/547" for 192.168.2.8 at 2013-02-25 22:14:24 -0700
Processing by JobsController#update as HTML
  Parameters: {"job"=>{"result"=>"8.845663730206535", "error"=>"0"}, "id"=>"547"}
  [1m[36mJob Load (0.2ms)[0m  [1mSELECT "jobs".* FROM "jobs" WHERE "jobs"."id" = ? LIMIT 1[0m  [["id", "547"]]
  [1m[35m (0.1ms)[0m  begin transaction
  [1m[36m (0.4ms)[0m  [1mUPDATE "jobs" SET "result" = '8.845663730206535', "error" = 0, "updated_at" = '2013-02-26 05:14:24.757685' WHERE "jobs"."id" = 547[0m
  [1m[35m (2.1ms)[0m  commit transaction
  [1m[36m (0.1ms)[0m  [1mbegin transaction[0m
  [1m[35m (0.4ms)[0m  UPDATE "jobs" SET "status" = 2, "success" = 't', "updated_at" = '2013-02-26 05:14:24.762378' WHERE "jobs"."id" = 547
  [1m[36m (0.6ms)[0m  [1mcommit transaction[0m
Completed 200 OK in 9ms (Views: 0.1ms | ActiveRecord: 3.9ms)


Started GET "/get/4.json" for 192.168.2.8 at 2013-02-25 22:14:24 -0700
Processing by JobsController#get as JSON
  Parameters: {"task_id"=>"4", "job"=>{}}
  [1m[35mJob Load (0.4ms)[0m  SELECT "jobs".* FROM "jobs" WHERE (status =0 AND task_id = '4') LIMIT 1
  [1m[36mCACHE (0.0ms)[0m  [1mSELECT "jobs".* FROM "jobs" WHERE (status =0 AND task_id = '4') LIMIT 1[0m
  [1m[35m (0.1ms)[0m  begin transaction
  [1m[36m (0.4ms)[0m  [1mUPDATE "jobs" SET "status" = 1, "updated_at" = '2013-02-26 05:14:24.782690' WHERE "jobs"."id" = 549[0m
  [1m[35m (0.9ms)[0m  commit transaction
Completed 200 OK in 6ms (Views: 0.9ms | ActiveRecord: 1.8ms)


Started PUT "/jobs/549" for 192.168.2.8 at 2013-02-25 22:14:43 -0700
Processing by JobsController#update as HTML
  Parameters: {"job"=>{"result"=>"8.830734224330405", "error"=>"0"}, "id"=>"549"}
  [1m[36mJob Load (0.1ms)[0m  [1mSELECT "jobs".* FROM "jobs" WHERE "jobs"."id" = ? LIMIT 1[0m  [["id", "549"]]
  [1m[35m (0.1ms)[0m  begin transaction
  [1m[36m (0.3ms)[0m  [1mUPDATE "jobs" SET "result" = '8.830734224330405', "error" = 0, "updated_at" = '2013-02-26 05:14:43.191939' WHERE "jobs"."id" = 549[0m
  [1m[35m (2.5ms)[0m  commit transaction
  [1m[36m (0.0ms)[0m  [1mbegin transaction[0m
  [1m[35m (0.3ms)[0m  UPDATE "jobs" SET "status" = 2, "success" = 't', "updated_at" = '2013-02-26 05:14:43.196163' WHERE "jobs"."id" = 549
  [1m[36m (0.8ms)[0m  [1mcommit transaction[0m
Completed 200 OK in 8ms (Views: 0.1ms | ActiveRecord: 4.1ms)


Started GET "/get/4.json" for 192.168.2.8 at 2013-02-25 22:14:43 -0700
Processing by JobsController#get as JSON
  Parameters: {"task_id"=>"4", "job"=>{}}
  [1m[35mJob Load (0.3ms)[0m  SELECT "jobs".* FROM "jobs" WHERE (status =0 AND task_id = '4') LIMIT 1
  [1m[36mCACHE (0.0ms)[0m  [1mSELECT "jobs".* FROM "jobs" WHERE (status =0 AND task_id = '4') LIMIT 1[0m
  [1m[35m (0.1ms)[0m  begin transaction
  [1m[36m (0.4ms)[0m  [1mUPDATE "jobs" SET "status" = 1, "updated_at" = '2013-02-26 05:14:43.217630' WHERE "jobs"."id" = 550[0m
  [1m[35m (0.9ms)[0m  commit transaction
Completed 200 OK in 7ms (Views: 0.9ms | ActiveRecord: 1.7ms)


Started PUT "/jobs/548" for 192.168.2.3 at 2013-02-25 22:14:43 -0700
Processing by JobsController#update as HTML
  Parameters: {"job"=>{"result"=>"8.887813709793633", "error"=>"0"}, "id"=>"548"}
  [1m[36mJob Load (0.1ms)[0m  [1mSELECT "jobs".* FROM "jobs" WHERE "jobs"."id" = ? LIMIT 1[0m  [["id", "548"]]
  [1m[35m (0.1ms)[0m  begin transaction
  [1m[36m (0.4ms)[0m  [1mUPDATE "jobs" SET "result" = '8.887813709793633', "error" = 0, "updated_at" = '2013-02-26 05:14:43.905692' WHERE "jobs"."id" = 548[0m
  [1m[35m (2.4ms)[0m  commit transaction
  [1m[36m (0.1ms)[0m  [1mbegin transaction[0m
  [1m[35m (0.3ms)[0m  UPDATE "jobs" SET "status" = 2, "success" = 't', "updated_at" = '2013-02-26 05:14:43.910220' WHERE "jobs"."id" = 548
  [1m[36m (0.8ms)[0m  [1mcommit transaction[0m
Completed 200 OK in 8ms (Views: 0.1ms | ActiveRecord: 4.1ms)


Started GET "/get/4.json" for 192.168.2.3 at 2013-02-25 22:14:43 -0700
Processing by JobsController#get as JSON
  Parameters: {"task_id"=>"4", "job"=>{}}
  [1m[35mJob Load (0.5ms)[0m  SELECT "jobs".* FROM "jobs" WHERE (status =0 AND task_id = '4') LIMIT 1
  [1m[36mCACHE (0.0ms)[0m  [1mSELECT "jobs".* FROM "jobs" WHERE (status =0 AND task_id = '4') LIMIT 1[0m
  [1m[35m (0.1ms)[0m  begin transaction
  [1m[36m (0.4ms)[0m  [1mUPDATE "jobs" SET "status" = 1, "updated_at" = '2013-02-26 05:14:43.950044' WHERE "jobs"."id" = 551[0m
  [1m[35m (0.8ms)[0m  commit transaction
Completed 200 OK in 8ms (Views: 1.1ms | ActiveRecord: 1.8ms)


Started PUT "/jobs/550" for 192.168.2.8 at 2013-02-25 22:15:01 -0700
Processing by JobsController#update as HTML
  Parameters: {"job"=>{"result"=>"8.684814998480062", "error"=>"0"}, "id"=>"550"}
  [1m[36mJob Load (0.1ms)[0m  [1mSELECT "jobs".* FROM "jobs" WHERE "jobs"."id" = ? LIMIT 1[0m  [["id", "550"]]
  [1m[35m (0.1ms)[0m  begin transaction
  [1m[36m (0.3ms)[0m  [1mUPDATE "jobs" SET "result" = '8.684814998480062', "error" = 0, "updated_at" = '2013-02-26 05:15:01.403174' WHERE "jobs"."id" = 550[0m
  [1m[35m (2.1ms)[0m  commit transaction
  [1m[36m (0.1ms)[0m  [1mbegin transaction[0m
  [1m[35m (0.5ms)[0m  UPDATE "jobs" SET "status" = 2, "success" = 't', "updated_at" = '2013-02-26 05:15:01.407374' WHERE "jobs"."id" = 550
  [1m[36m (1.0ms)[0m  [1mcommit transaction[0m
Completed 200 OK in 9ms (Views: 0.2ms | ActiveRecord: 4.1ms)


Started GET "/get/4.json" for 192.168.2.8 at 2013-02-25 22:15:01 -0700
Processing by JobsController#get as JSON
  Parameters: {"task_id"=>"4", "job"=>{}}
  [1m[35mJob Load (0.3ms)[0m  SELECT "jobs".* FROM "jobs" WHERE (status =0 AND task_id = '4') LIMIT 1
Completed 200 OK in 5ms (Views: 0.1ms | ActiveRecord: 0.3ms)


Started PUT "/jobs/551" for 192.168.2.3 at 2013-02-25 22:15:14 -0700
Processing by JobsController#update as HTML
  Parameters: {"job"=>{"result"=>"8.623599452196803", "error"=>"0"}, "id"=>"551"}
  [1m[36mJob Load (0.2ms)[0m  [1mSELECT "jobs".* FROM "jobs" WHERE "jobs"."id" = ? LIMIT 1[0m  [["id", "551"]]
  [1m[35m (0.1ms)[0m  begin transaction
  [1m[36m (0.3ms)[0m  [1mUPDATE "jobs" SET "result" = '8.623599452196803', "error" = 0, "updated_at" = '2013-02-26 05:15:14.815195' WHERE "jobs"."id" = 551[0m
  [1m[35m (2.2ms)[0m  commit transaction
  [1m[36m (0.1ms)[0m  [1mbegin transaction[0m
  [1m[35m (0.5ms)[0m  UPDATE "jobs" SET "status" = 2, "success" = 't', "updated_at" = '2013-02-26 05:15:14.819773' WHERE "jobs"."id" = 551
  [1m[36m (0.8ms)[0m  [1mcommit transaction[0m
Completed 200 OK in 10ms (Views: 0.2ms | ActiveRecord: 4.1ms)


Started GET "/get/4.json" for 192.168.2.3 at 2013-02-25 22:15:14 -0700
Processing by JobsController#get as JSON
  Parameters: {"task_id"=>"4", "job"=>{}}
  [1m[35mJob Load (0.4ms)[0m  SELECT "jobs".* FROM "jobs" WHERE (status =0 AND task_id = '4') LIMIT 1
Completed 200 OK in 2ms (Views: 0.1ms | ActiveRecord: 0.4ms)
